Building DAG of jobs...
Using shell: /usr/bin/bash
Provided cluster nodes: 50
Job counts:
	count	jobs
	1	SplitVCF
	1	SubAsterisk
	1	all
	3
Select jobs to execute...

[Mon May 24 19:03:08 2021]
rule SubAsterisk:
    input: resources/remerged_datasets/KB100/KB100_Chr01.vcf.gz
    output: results/SubAsterisk_KB100_Chr01.vcf.gz
    log: reports/SubAsterisk_KB100_Chr01.log
    jobid: 1
    wildcards: sample=KB100, chr=Chr01

Submitted job 1 with external jobid 'Submitted batch job 22843728'.
[Mon May 24 19:09:18 2021]
Finished job 1.
1 of 3 steps (33%) done
Select jobs to execute...

[Mon May 24 19:09:18 2021]
rule SplitVCF:
    input: results/SubAsterisk_KB100_Chr01.vcf.gz
    output: ../../results/KB100_Chr01.1.vcf.gz
    log: reports/KB100_Chr01.log
    jobid: 2
    wildcards: sample=KB100, chr=Chr01

Submitted job 2 with external jobid 'Submitted batch job 22843729'.
[Mon May 24 19:15:18 2021]
Finished job 2.
2 of 3 steps (67%) done
Select jobs to execute...

[Mon May 24 19:15:18 2021]
localrule all:
    input: results/SubAsterisk_KB100_Chr01.vcf.gz, ../../results/KB100_Chr01.1.vcf.gz
    jobid: 0

[Mon May 24 19:15:18 2021]
Finished job 0.
3 of 3 steps (100%) done
Complete log: /storage/hpc/group/bilyeu/nad7wf/allele_atlas_pipeline/.snakemake/log/2021-05-24T190308.270675.snakemake.log
