Building DAG of jobs...
Using shell: /usr/bin/bash
Provided cluster nodes: 100
Job counts:
	count	jobs
	1	AlleleAtlas
	1	all
	2
Select jobs to execute...

[Mon Jul 19 13:40:20 2021]
rule AlleleAtlas:
    input: results/MergeVCFs_RP_NRP_Chr06.vcf.gz, results/SNPEff_Ann_RP_NRP_Chr06.txt.gz, resources/gff/Chr06.gff.gz, rules/custom/scripts/generate_allele_atlas.py
    output: results/AlleleAtlas_RP_NRP_Chr06.txt.gz, results/Bottleneck_genes_RP_NRP_Chr06.txt.gz, results/Housekeeping_genes_RP_NRP_Chr06.txt.gz
    jobid: 9
    wildcards: RP_id=RP, NRP_id=NRP, chr=06

Submitted job 9 with external jobid 'Submitted batch job 23072782'.
[Mon Jul 19 14:15:58 2021]
Finished job 9.
1 of 2 steps (50%) done
Select jobs to execute...

[Mon Jul 19 14:16:00 2021]
localrule all:
    input: results/RenameSamples_RP_Chr06.vcf.gz, results/RenameSamples_NRP_Chr06.vcf.gz, results/Preformat_RP_Chr06.vcf.gz, results/Preformat_NRP_Chr06.vcf.gz, results/ImputeRP_RP_Chr06.vcf.gz, results/ImputeNRP_NRP_Chr06.vcf.gz, results/MergeVCFs_RP_NRP_Chr06.vcf.gz, results/SNPEff_Ann_RP_NRP_Chr06.txt.gz, results/AlleleAtlas_RP_NRP_Chr06.txt.gz, results/Bottleneck_genes_RP_NRP_Chr06.txt.gz, results/Housekeeping_genes_RP_NRP_Chr06.txt.gz
    jobid: 0

[Mon Jul 19 14:16:00 2021]
Finished job 0.
2 of 2 steps (100%) done
Complete log: /storage/hpc/group/bilyeu/nad7wf/allele_atlas_pipeline/.snakemake/log/2021-07-19T134004.831985.snakemake.log
