Building DAG of jobs...
Using shell: /usr/bin/bash
Provided cluster nodes: 100
Job counts:
	count	jobs
	20	SubsetUS
	1	all
	21
Select jobs to execute...

[Thu Nov  4 11:58:03 2021]
rule SubsetUS:
    input: results/AlleleAtlas_RP_NRP_Chr13.txt.gz
    output: results/SubsetUS_RP_NRP_Chr13.txt.gz
    jobid: 193
    wildcards: RP_id=RP, NRP_id=NRP, chr=13

Submitted job 193 with external jobid 'Submitted batch job 23453526'.

[Thu Nov  4 11:58:03 2021]
rule SubsetUS:
    input: results/AlleleAtlas_RP_NRP_Chr15.txt.gz
    output: results/SubsetUS_RP_NRP_Chr15.txt.gz
    jobid: 195
    wildcards: RP_id=RP, NRP_id=NRP, chr=15

Submitted job 195 with external jobid 'Submitted batch job 23453527'.

[Thu Nov  4 11:58:03 2021]
rule SubsetUS:
    input: results/AlleleAtlas_RP_NRP_Chr02.txt.gz
    output: results/SubsetUS_RP_NRP_Chr02.txt.gz
    jobid: 182
    wildcards: RP_id=RP, NRP_id=NRP, chr=02

Submitted job 182 with external jobid 'Submitted batch job 23453528'.

[Thu Nov  4 11:58:03 2021]
rule SubsetUS:
    input: results/AlleleAtlas_RP_NRP_Chr17.txt.gz
    output: results/SubsetUS_RP_NRP_Chr17.txt.gz
    jobid: 197
    wildcards: RP_id=RP, NRP_id=NRP, chr=17

Submitted job 197 with external jobid 'Submitted batch job 23453529'.

[Thu Nov  4 11:58:03 2021]
rule SubsetUS:
    input: results/AlleleAtlas_RP_NRP_Chr06.txt.gz
    output: results/SubsetUS_RP_NRP_Chr06.txt.gz
    jobid: 186
    wildcards: RP_id=RP, NRP_id=NRP, chr=06

Submitted job 186 with external jobid 'Submitted batch job 23453530'.

[Thu Nov  4 11:58:03 2021]
rule SubsetUS:
    input: results/AlleleAtlas_RP_NRP_Chr08.txt.gz
    output: results/SubsetUS_RP_NRP_Chr08.txt.gz
    jobid: 188
    wildcards: RP_id=RP, NRP_id=NRP, chr=08

Submitted job 188 with external jobid 'Submitted batch job 23453531'.

[Thu Nov  4 11:58:03 2021]
rule SubsetUS:
    input: results/AlleleAtlas_RP_NRP_Chr10.txt.gz
    output: results/SubsetUS_RP_NRP_Chr10.txt.gz
    jobid: 190
    wildcards: RP_id=RP, NRP_id=NRP, chr=10

Submitted job 190 with external jobid 'Submitted batch job 23453532'.

[Thu Nov  4 11:58:03 2021]
rule SubsetUS:
    input: results/AlleleAtlas_RP_NRP_Chr04.txt.gz
    output: results/SubsetUS_RP_NRP_Chr04.txt.gz
    jobid: 184
    wildcards: RP_id=RP, NRP_id=NRP, chr=04

Submitted job 184 with external jobid 'Submitted batch job 23453533'.

[Thu Nov  4 11:58:03 2021]
rule SubsetUS:
    input: results/AlleleAtlas_RP_NRP_Chr19.txt.gz
    output: results/SubsetUS_RP_NRP_Chr19.txt.gz
    jobid: 199
    wildcards: RP_id=RP, NRP_id=NRP, chr=19

Submitted job 199 with external jobid 'Submitted batch job 23453534'.

[Thu Nov  4 11:58:03 2021]
rule SubsetUS:
    input: results/AlleleAtlas_RP_NRP_Chr12.txt.gz
    output: results/SubsetUS_RP_NRP_Chr12.txt.gz
    jobid: 192
    wildcards: RP_id=RP, NRP_id=NRP, chr=12

Submitted job 192 with external jobid 'Submitted batch job 23453535'.

[Thu Nov  4 11:58:03 2021]
rule SubsetUS:
    input: results/AlleleAtlas_RP_NRP_Chr09.txt.gz
    output: results/SubsetUS_RP_NRP_Chr09.txt.gz
    jobid: 189
    wildcards: RP_id=RP, NRP_id=NRP, chr=09

Submitted job 189 with external jobid 'Submitted batch job 23453536'.

[Thu Nov  4 11:58:03 2021]
rule SubsetUS:
    input: results/AlleleAtlas_RP_NRP_Chr20.txt.gz
    output: results/SubsetUS_RP_NRP_Chr20.txt.gz
    jobid: 200
    wildcards: RP_id=RP, NRP_id=NRP, chr=20

Submitted job 200 with external jobid 'Submitted batch job 23453537'.

[Thu Nov  4 11:58:03 2021]
rule SubsetUS:
    input: results/AlleleAtlas_RP_NRP_Chr14.txt.gz
    output: results/SubsetUS_RP_NRP_Chr14.txt.gz
    jobid: 194
    wildcards: RP_id=RP, NRP_id=NRP, chr=14

Submitted job 194 with external jobid 'Submitted batch job 23453538'.

[Thu Nov  4 11:58:03 2021]
rule SubsetUS:
    input: results/AlleleAtlas_RP_NRP_Chr01.txt.gz
    output: results/SubsetUS_RP_NRP_Chr01.txt.gz
    jobid: 181
    wildcards: RP_id=RP, NRP_id=NRP, chr=01

Submitted job 181 with external jobid 'Submitted batch job 23453539'.

[Thu Nov  4 11:58:03 2021]
rule SubsetUS:
    input: results/AlleleAtlas_RP_NRP_Chr18.txt.gz
    output: results/SubsetUS_RP_NRP_Chr18.txt.gz
    jobid: 198
    wildcards: RP_id=RP, NRP_id=NRP, chr=18

Submitted job 198 with external jobid 'Submitted batch job 23453540'.

[Thu Nov  4 11:58:04 2021]
rule SubsetUS:
    input: results/AlleleAtlas_RP_NRP_Chr05.txt.gz
    output: results/SubsetUS_RP_NRP_Chr05.txt.gz
    jobid: 185
    wildcards: RP_id=RP, NRP_id=NRP, chr=05

Submitted job 185 with external jobid 'Submitted batch job 23453541'.

[Thu Nov  4 11:58:04 2021]
rule SubsetUS:
    input: results/AlleleAtlas_RP_NRP_Chr07.txt.gz
    output: results/SubsetUS_RP_NRP_Chr07.txt.gz
    jobid: 187
    wildcards: RP_id=RP, NRP_id=NRP, chr=07

Submitted job 187 with external jobid 'Submitted batch job 23453542'.

[Thu Nov  4 11:58:04 2021]
rule SubsetUS:
    input: results/AlleleAtlas_RP_NRP_Chr16.txt.gz
    output: results/SubsetUS_RP_NRP_Chr16.txt.gz
    jobid: 196
    wildcards: RP_id=RP, NRP_id=NRP, chr=16

Submitted job 196 with external jobid 'Submitted batch job 23453543'.

[Thu Nov  4 11:58:04 2021]
rule SubsetUS:
    input: results/AlleleAtlas_RP_NRP_Chr11.txt.gz
    output: results/SubsetUS_RP_NRP_Chr11.txt.gz
    jobid: 191
    wildcards: RP_id=RP, NRP_id=NRP, chr=11

Submitted job 191 with external jobid 'Submitted batch job 23453544'.

[Thu Nov  4 11:58:04 2021]
rule SubsetUS:
    input: results/AlleleAtlas_RP_NRP_Chr03.txt.gz
    output: results/SubsetUS_RP_NRP_Chr03.txt.gz
    jobid: 183
    wildcards: RP_id=RP, NRP_id=NRP, chr=03

Submitted job 183 with external jobid 'Submitted batch job 23453545'.
[Thu Nov  4 11:58:25 2021]
Error in rule SubsetUS:
    jobid: 193
    output: results/SubsetUS_RP_NRP_Chr13.txt.gz
    conda-env: /storage/hpc/group/bilyeu/nad7wf/allele_atlas_pipeline/.snakemake/conda/b21b0d43
    shell:
        
		zgrep -E (HN013_S05-11482|HN027_S10-11227|HN028_Holladay|HN030_Maverick|HN070_PI548511|HN071_PI548657|HN087_PI591539|HN088_PI593258|HN092_PI597387|HN099_PI639740|HN100_PI647086|HN102_S07-5049|HN103_V71-370|USB-018_PI518668|USB-032_PI548520|USB-038_PI559932|USB-058_PI548658|USB-161_PI417581|USB-206_PI438496B|USB-207_PI438496C|USB-208_PI438500|USB-248_PI542972|USB-265_PI548521|USB-270_PI548582|USB-272_PI548633|USB-274_PI548696|USB-276_PI548978|USB-282_PI556511|USB-364_PI598358|USB-411_PI567788|FC_33243|PI_438498|PI_508083|PI_508266|PI_513382|PI_515961|PI_533602|PI_533655|PI_536635|PI_548298|PI_548311|PI_548348|PI_548362|PI_548379|PI_548382|PI_548391|PI_548406|PI_548445|PI_548456|PI_548477|PI_548485|PI_548488|PI_548512|PI_548540|PI_548603|PI_548604|PI_548631|PI_548634|PI_548985|PI_553047|PI_591495|PI_591511|PI_591541|PI_634883|Ai_Ka_No_166|Amcor89|Avery|Bedford|Bell|Bossier|Bragg|CN210|Delsoy_4210|Delsoy_4500|Delsoy_4900|Fayette|Forrest|Franklin|GR8836|HP202|Hack|Hartwig|Hobbit|Hodgson78|IL1|Kato|Kenwood|Kim|Lamar|Mustang|Nile|PI_509044|PI_533657|PI_539864|PI_540556|PI_548387|PI_548392|PI_548507|PI_548509|PI_548543|PI_548599|PI_548612|PI_548632|PI_548690|PI_553052|PI_561405|PI_564849|PI_578058|PI_583365|PI_583837|PI_591541-1|PI_591547-1|PI_591547-2|PI_597382|PI_597656|Pixie|Proto|SS201|SS202|Sprite_No_87|Vinton|WL82|Wilkin|Clark|D88-5320|E07158T|E11128T|E12076T|E14077|E15079T|E15165T|E15339|E15351|E16030|E16380|E17040|E17069|KB13-5F3_14-224|LD02-4485|LD07-3395bf|LD11-2170|LD15-1477|LD15-1628|LD15-5599|LD15-5776793|LD15-6268|LD15-6762|LD15-8459|LD16-10289|LD16-5724a|LD16-6280|M06R-614008|M08-362045L|M08-365100|M10-207102|M11-245026|M11-314101|M9-285149|MN_0095|MN_1410|MN_1613CN|MN_1701CN|MN_1806CN|SA12-1455|SA13-1385|SA14-9653|SA16-11227|SA16-11831|SA16-12014|SA17-15682|SA17-17782|SA17-19056|SA17-19304|SA17-19715|SA17-20063|SA17-30465|G100501|G100502|G100503|G100504|G100505|G100506|G100507|G100508|G100509|G100510|G100511|G100512|G100513|G100514|G100515|G100516|G100517|G100518|G100519|G100520|G100521|G100522|G100523|G100524|G100525|G100526|G100527|G100528|G100529|G100530|G100531|G100532|G100533|G100534|G100535|G100536|G100537|G100538|G100539|G100540|G100541|G100542|G100543|G100544|G100545|G100546|G100547|G100548|G100549|G100550|G100551|G100552|G100553|G100554|G100555|G100556|G100557|G100558|G100559|G100560|G100561|G100562|G100563|G100564|G100565|G100566|G100567|G100568|G100569|G100570|G100571|G100572|G100573|G100574|G100575|G100576|G100577|G100578|G100579|G100580|G100581|G100582|G100583|G100584|G100585|G100586|G100587|G100588|G100589|G100590|G100591|G100592|G100593|G100594|G100595|G100596|G100597|G100598|G100599|G100600|G100601|G100602|G100603|G100604|G100605|G100606|G100607|G100608|G100609|G100610|G100611|G100612|G100613|G100614|PI_542403|HN073_PI552538|HN014_PI548667|PI_548565|USB-033_PI548561|PI_540552|HN001_PI518664|HN029_IA3023|HN065_PI542044|USB-001_PI548656|USB-271_PI548619|USB-266_PI548524|PI_548314|Hark|IL2) results/AlleleAtlas_RP_NRP_Chr13.txt.gz | gzip -9 -f > results/SubsetUS_RP_NRP_Chr13.txt.gz
		
        (one of the commands exited with non-zero exit code; note that snakemake uses bash strict mode!)
    cluster_jobid: Submitted batch job 23453526

Error executing rule SubsetUS on cluster (jobid: 193, external: Submitted batch job 23453526, jobscript: /storage/hpc/group/bilyeu/nad7wf/allele_atlas_pipeline/.snakemake/tmp.3uhlmyx2/snakejob.SubsetUS.193.sh). For error details see the cluster log and the log files of the involved rule(s).
[Thu Nov  4 11:58:25 2021]
Error in rule SubsetUS:
    jobid: 195
    output: results/SubsetUS_RP_NRP_Chr15.txt.gz
    conda-env: /storage/hpc/group/bilyeu/nad7wf/allele_atlas_pipeline/.snakemake/conda/b21b0d43
    shell:
        
		zgrep -E (HN013_S05-11482|HN027_S10-11227|HN028_Holladay|HN030_Maverick|HN070_PI548511|HN071_PI548657|HN087_PI591539|HN088_PI593258|HN092_PI597387|HN099_PI639740|HN100_PI647086|HN102_S07-5049|HN103_V71-370|USB-018_PI518668|USB-032_PI548520|USB-038_PI559932|USB-058_PI548658|USB-161_PI417581|USB-206_PI438496B|USB-207_PI438496C|USB-208_PI438500|USB-248_PI542972|USB-265_PI548521|USB-270_PI548582|USB-272_PI548633|USB-274_PI548696|USB-276_PI548978|USB-282_PI556511|USB-364_PI598358|USB-411_PI567788|FC_33243|PI_438498|PI_508083|PI_508266|PI_513382|PI_515961|PI_533602|PI_533655|PI_536635|PI_548298|PI_548311|PI_548348|PI_548362|PI_548379|PI_548382|PI_548391|PI_548406|PI_548445|PI_548456|PI_548477|PI_548485|PI_548488|PI_548512|PI_548540|PI_548603|PI_548604|PI_548631|PI_548634|PI_548985|PI_553047|PI_591495|PI_591511|PI_591541|PI_634883|Ai_Ka_No_166|Amcor89|Avery|Bedford|Bell|Bossier|Bragg|CN210|Delsoy_4210|Delsoy_4500|Delsoy_4900|Fayette|Forrest|Franklin|GR8836|HP202|Hack|Hartwig|Hobbit|Hodgson78|IL1|Kato|Kenwood|Kim|Lamar|Mustang|Nile|PI_509044|PI_533657|PI_539864|PI_540556|PI_548387|PI_548392|PI_548507|PI_548509|PI_548543|PI_548599|PI_548612|PI_548632|PI_548690|PI_553052|PI_561405|PI_564849|PI_578058|PI_583365|PI_583837|PI_591541-1|PI_591547-1|PI_591547-2|PI_597382|PI_597656|Pixie|Proto|SS201|SS202|Sprite_No_87|Vinton|WL82|Wilkin|Clark|D88-5320|E07158T|E11128T|E12076T|E14077|E15079T|E15165T|E15339|E15351|E16030|E16380|E17040|E17069|KB13-5F3_14-224|LD02-4485|LD07-3395bf|LD11-2170|LD15-1477|LD15-1628|LD15-5599|LD15-5776793|LD15-6268|LD15-6762|LD15-8459|LD16-10289|LD16-5724a|LD16-6280|M06R-614008|M08-362045L|M08-365100|M10-207102|M11-245026|M11-314101|M9-285149|MN_0095|MN_1410|MN_1613CN|MN_1701CN|MN_1806CN|SA12-1455|SA13-1385|SA14-9653|SA16-11227|SA16-11831|SA16-12014|SA17-15682|SA17-17782|SA17-19056|SA17-19304|SA17-19715|SA17-20063|SA17-30465|G100501|G100502|G100503|G100504|G100505|G100506|G100507|G100508|G100509|G100510|G100511|G100512|G100513|G100514|G100515|G100516|G100517|G100518|G100519|G100520|G100521|G100522|G100523|G100524|G100525|G100526|G100527|G100528|G100529|G100530|G100531|G100532|G100533|G100534|G100535|G100536|G100537|G100538|G100539|G100540|G100541|G100542|G100543|G100544|G100545|G100546|G100547|G100548|G100549|G100550|G100551|G100552|G100553|G100554|G100555|G100556|G100557|G100558|G100559|G100560|G100561|G100562|G100563|G100564|G100565|G100566|G100567|G100568|G100569|G100570|G100571|G100572|G100573|G100574|G100575|G100576|G100577|G100578|G100579|G100580|G100581|G100582|G100583|G100584|G100585|G100586|G100587|G100588|G100589|G100590|G100591|G100592|G100593|G100594|G100595|G100596|G100597|G100598|G100599|G100600|G100601|G100602|G100603|G100604|G100605|G100606|G100607|G100608|G100609|G100610|G100611|G100612|G100613|G100614|PI_542403|HN073_PI552538|HN014_PI548667|PI_548565|USB-033_PI548561|PI_540552|HN001_PI518664|HN029_IA3023|HN065_PI542044|USB-001_PI548656|USB-271_PI548619|USB-266_PI548524|PI_548314|Hark|IL2) results/AlleleAtlas_RP_NRP_Chr15.txt.gz | gzip -9 -f > results/SubsetUS_RP_NRP_Chr15.txt.gz
		
        (one of the commands exited with non-zero exit code; note that snakemake uses bash strict mode!)
    cluster_jobid: Submitted batch job 23453527

Error executing rule SubsetUS on cluster (jobid: 195, external: Submitted batch job 23453527, jobscript: /storage/hpc/group/bilyeu/nad7wf/allele_atlas_pipeline/.snakemake/tmp.3uhlmyx2/snakejob.SubsetUS.195.sh). For error details see the cluster log and the log files of the involved rule(s).
[Thu Nov  4 11:58:25 2021]
Error in rule SubsetUS:
    jobid: 182
    output: results/SubsetUS_RP_NRP_Chr02.txt.gz
    conda-env: /storage/hpc/group/bilyeu/nad7wf/allele_atlas_pipeline/.snakemake/conda/b21b0d43
    shell:
        
		zgrep -E (HN013_S05-11482|HN027_S10-11227|HN028_Holladay|HN030_Maverick|HN070_PI548511|HN071_PI548657|HN087_PI591539|HN088_PI593258|HN092_PI597387|HN099_PI639740|HN100_PI647086|HN102_S07-5049|HN103_V71-370|USB-018_PI518668|USB-032_PI548520|USB-038_PI559932|USB-058_PI548658|USB-161_PI417581|USB-206_PI438496B|USB-207_PI438496C|USB-208_PI438500|USB-248_PI542972|USB-265_PI548521|USB-270_PI548582|USB-272_PI548633|USB-274_PI548696|USB-276_PI548978|USB-282_PI556511|USB-364_PI598358|USB-411_PI567788|FC_33243|PI_438498|PI_508083|PI_508266|PI_513382|PI_515961|PI_533602|PI_533655|PI_536635|PI_548298|PI_548311|PI_548348|PI_548362|PI_548379|PI_548382|PI_548391|PI_548406|PI_548445|PI_548456|PI_548477|PI_548485|PI_548488|PI_548512|PI_548540|PI_548603|PI_548604|PI_548631|PI_548634|PI_548985|PI_553047|PI_591495|PI_591511|PI_591541|PI_634883|Ai_Ka_No_166|Amcor89|Avery|Bedford|Bell|Bossier|Bragg|CN210|Delsoy_4210|Delsoy_4500|Delsoy_4900|Fayette|Forrest|Franklin|GR8836|HP202|Hack|Hartwig|Hobbit|Hodgson78|IL1|Kato|Kenwood|Kim|Lamar|Mustang|Nile|PI_509044|PI_533657|PI_539864|PI_540556|PI_548387|PI_548392|PI_548507|PI_548509|PI_548543|PI_548599|PI_548612|PI_548632|PI_548690|PI_553052|PI_561405|PI_564849|PI_578058|PI_583365|PI_583837|PI_591541-1|PI_591547-1|PI_591547-2|PI_597382|PI_597656|Pixie|Proto|SS201|SS202|Sprite_No_87|Vinton|WL82|Wilkin|Clark|D88-5320|E07158T|E11128T|E12076T|E14077|E15079T|E15165T|E15339|E15351|E16030|E16380|E17040|E17069|KB13-5F3_14-224|LD02-4485|LD07-3395bf|LD11-2170|LD15-1477|LD15-1628|LD15-5599|LD15-5776793|LD15-6268|LD15-6762|LD15-8459|LD16-10289|LD16-5724a|LD16-6280|M06R-614008|M08-362045L|M08-365100|M10-207102|M11-245026|M11-314101|M9-285149|MN_0095|MN_1410|MN_1613CN|MN_1701CN|MN_1806CN|SA12-1455|SA13-1385|SA14-9653|SA16-11227|SA16-11831|SA16-12014|SA17-15682|SA17-17782|SA17-19056|SA17-19304|SA17-19715|SA17-20063|SA17-30465|G100501|G100502|G100503|G100504|G100505|G100506|G100507|G100508|G100509|G100510|G100511|G100512|G100513|G100514|G100515|G100516|G100517|G100518|G100519|G100520|G100521|G100522|G100523|G100524|G100525|G100526|G100527|G100528|G100529|G100530|G100531|G100532|G100533|G100534|G100535|G100536|G100537|G100538|G100539|G100540|G100541|G100542|G100543|G100544|G100545|G100546|G100547|G100548|G100549|G100550|G100551|G100552|G100553|G100554|G100555|G100556|G100557|G100558|G100559|G100560|G100561|G100562|G100563|G100564|G100565|G100566|G100567|G100568|G100569|G100570|G100571|G100572|G100573|G100574|G100575|G100576|G100577|G100578|G100579|G100580|G100581|G100582|G100583|G100584|G100585|G100586|G100587|G100588|G100589|G100590|G100591|G100592|G100593|G100594|G100595|G100596|G100597|G100598|G100599|G100600|G100601|G100602|G100603|G100604|G100605|G100606|G100607|G100608|G100609|G100610|G100611|G100612|G100613|G100614|PI_542403|HN073_PI552538|HN014_PI548667|PI_548565|USB-033_PI548561|PI_540552|HN001_PI518664|HN029_IA3023|HN065_PI542044|USB-001_PI548656|USB-271_PI548619|USB-266_PI548524|PI_548314|Hark|IL2) results/AlleleAtlas_RP_NRP_Chr02.txt.gz | gzip -9 -f > results/SubsetUS_RP_NRP_Chr02.txt.gz
		
        (one of the commands exited with non-zero exit code; note that snakemake uses bash strict mode!)
    cluster_jobid: Submitted batch job 23453528

Error executing rule SubsetUS on cluster (jobid: 182, external: Submitted batch job 23453528, jobscript: /storage/hpc/group/bilyeu/nad7wf/allele_atlas_pipeline/.snakemake/tmp.3uhlmyx2/snakejob.SubsetUS.182.sh). For error details see the cluster log and the log files of the involved rule(s).
[Thu Nov  4 11:58:25 2021]
Error in rule SubsetUS:
    jobid: 186
    output: results/SubsetUS_RP_NRP_Chr06.txt.gz
    conda-env: /storage/hpc/group/bilyeu/nad7wf/allele_atlas_pipeline/.snakemake/conda/b21b0d43
    shell:
        
		zgrep -E (HN013_S05-11482|HN027_S10-11227|HN028_Holladay|HN030_Maverick|HN070_PI548511|HN071_PI548657|HN087_PI591539|HN088_PI593258|HN092_PI597387|HN099_PI639740|HN100_PI647086|HN102_S07-5049|HN103_V71-370|USB-018_PI518668|USB-032_PI548520|USB-038_PI559932|USB-058_PI548658|USB-161_PI417581|USB-206_PI438496B|USB-207_PI438496C|USB-208_PI438500|USB-248_PI542972|USB-265_PI548521|USB-270_PI548582|USB-272_PI548633|USB-274_PI548696|USB-276_PI548978|USB-282_PI556511|USB-364_PI598358|USB-411_PI567788|FC_33243|PI_438498|PI_508083|PI_508266|PI_513382|PI_515961|PI_533602|PI_533655|PI_536635|PI_548298|PI_548311|PI_548348|PI_548362|PI_548379|PI_548382|PI_548391|PI_548406|PI_548445|PI_548456|PI_548477|PI_548485|PI_548488|PI_548512|PI_548540|PI_548603|PI_548604|PI_548631|PI_548634|PI_548985|PI_553047|PI_591495|PI_591511|PI_591541|PI_634883|Ai_Ka_No_166|Amcor89|Avery|Bedford|Bell|Bossier|Bragg|CN210|Delsoy_4210|Delsoy_4500|Delsoy_4900|Fayette|Forrest|Franklin|GR8836|HP202|Hack|Hartwig|Hobbit|Hodgson78|IL1|Kato|Kenwood|Kim|Lamar|Mustang|Nile|PI_509044|PI_533657|PI_539864|PI_540556|PI_548387|PI_548392|PI_548507|PI_548509|PI_548543|PI_548599|PI_548612|PI_548632|PI_548690|PI_553052|PI_561405|PI_564849|PI_578058|PI_583365|PI_583837|PI_591541-1|PI_591547-1|PI_591547-2|PI_597382|PI_597656|Pixie|Proto|SS201|SS202|Sprite_No_87|Vinton|WL82|Wilkin|Clark|D88-5320|E07158T|E11128T|E12076T|E14077|E15079T|E15165T|E15339|E15351|E16030|E16380|E17040|E17069|KB13-5F3_14-224|LD02-4485|LD07-3395bf|LD11-2170|LD15-1477|LD15-1628|LD15-5599|LD15-5776793|LD15-6268|LD15-6762|LD15-8459|LD16-10289|LD16-5724a|LD16-6280|M06R-614008|M08-362045L|M08-365100|M10-207102|M11-245026|M11-314101|M9-285149|MN_0095|MN_1410|MN_1613CN|MN_1701CN|MN_1806CN|SA12-1455|SA13-1385|SA14-9653|SA16-11227|SA16-11831|SA16-12014|SA17-15682|SA17-17782|SA17-19056|SA17-19304|SA17-19715|SA17-20063|SA17-30465|G100501|G100502|G100503|G100504|G100505|G100506|G100507|G100508|G100509|G100510|G100511|G100512|G100513|G100514|G100515|G100516|G100517|G100518|G100519|G100520|G100521|G100522|G100523|G100524|G100525|G100526|G100527|G100528|G100529|G100530|G100531|G100532|G100533|G100534|G100535|G100536|G100537|G100538|G100539|G100540|G100541|G100542|G100543|G100544|G100545|G100546|G100547|G100548|G100549|G100550|G100551|G100552|G100553|G100554|G100555|G100556|G100557|G100558|G100559|G100560|G100561|G100562|G100563|G100564|G100565|G100566|G100567|G100568|G100569|G100570|G100571|G100572|G100573|G100574|G100575|G100576|G100577|G100578|G100579|G100580|G100581|G100582|G100583|G100584|G100585|G100586|G100587|G100588|G100589|G100590|G100591|G100592|G100593|G100594|G100595|G100596|G100597|G100598|G100599|G100600|G100601|G100602|G100603|G100604|G100605|G100606|G100607|G100608|G100609|G100610|G100611|G100612|G100613|G100614|PI_542403|HN073_PI552538|HN014_PI548667|PI_548565|USB-033_PI548561|PI_540552|HN001_PI518664|HN029_IA3023|HN065_PI542044|USB-001_PI548656|USB-271_PI548619|USB-266_PI548524|PI_548314|Hark|IL2) results/AlleleAtlas_RP_NRP_Chr06.txt.gz | gzip -9 -f > results/SubsetUS_RP_NRP_Chr06.txt.gz
		
        (one of the commands exited with non-zero exit code; note that snakemake uses bash strict mode!)
    cluster_jobid: Submitted batch job 23453530

Error executing rule SubsetUS on cluster (jobid: 186, external: Submitted batch job 23453530, jobscript: /storage/hpc/group/bilyeu/nad7wf/allele_atlas_pipeline/.snakemake/tmp.3uhlmyx2/snakejob.SubsetUS.186.sh). For error details see the cluster log and the log files of the involved rule(s).
[Thu Nov  4 11:58:25 2021]
Error in rule SubsetUS:
    jobid: 188
    output: results/SubsetUS_RP_NRP_Chr08.txt.gz
    conda-env: /storage/hpc/group/bilyeu/nad7wf/allele_atlas_pipeline/.snakemake/conda/b21b0d43
    shell:
        
		zgrep -E (HN013_S05-11482|HN027_S10-11227|HN028_Holladay|HN030_Maverick|HN070_PI548511|HN071_PI548657|HN087_PI591539|HN088_PI593258|HN092_PI597387|HN099_PI639740|HN100_PI647086|HN102_S07-5049|HN103_V71-370|USB-018_PI518668|USB-032_PI548520|USB-038_PI559932|USB-058_PI548658|USB-161_PI417581|USB-206_PI438496B|USB-207_PI438496C|USB-208_PI438500|USB-248_PI542972|USB-265_PI548521|USB-270_PI548582|USB-272_PI548633|USB-274_PI548696|USB-276_PI548978|USB-282_PI556511|USB-364_PI598358|USB-411_PI567788|FC_33243|PI_438498|PI_508083|PI_508266|PI_513382|PI_515961|PI_533602|PI_533655|PI_536635|PI_548298|PI_548311|PI_548348|PI_548362|PI_548379|PI_548382|PI_548391|PI_548406|PI_548445|PI_548456|PI_548477|PI_548485|PI_548488|PI_548512|PI_548540|PI_548603|PI_548604|PI_548631|PI_548634|PI_548985|PI_553047|PI_591495|PI_591511|PI_591541|PI_634883|Ai_Ka_No_166|Amcor89|Avery|Bedford|Bell|Bossier|Bragg|CN210|Delsoy_4210|Delsoy_4500|Delsoy_4900|Fayette|Forrest|Franklin|GR8836|HP202|Hack|Hartwig|Hobbit|Hodgson78|IL1|Kato|Kenwood|Kim|Lamar|Mustang|Nile|PI_509044|PI_533657|PI_539864|PI_540556|PI_548387|PI_548392|PI_548507|PI_548509|PI_548543|PI_548599|PI_548612|PI_548632|PI_548690|PI_553052|PI_561405|PI_564849|PI_578058|PI_583365|PI_583837|PI_591541-1|PI_591547-1|PI_591547-2|PI_597382|PI_597656|Pixie|Proto|SS201|SS202|Sprite_No_87|Vinton|WL82|Wilkin|Clark|D88-5320|E07158T|E11128T|E12076T|E14077|E15079T|E15165T|E15339|E15351|E16030|E16380|E17040|E17069|KB13-5F3_14-224|LD02-4485|LD07-3395bf|LD11-2170|LD15-1477|LD15-1628|LD15-5599|LD15-5776793|LD15-6268|LD15-6762|LD15-8459|LD16-10289|LD16-5724a|LD16-6280|M06R-614008|M08-362045L|M08-365100|M10-207102|M11-245026|M11-314101|M9-285149|MN_0095|MN_1410|MN_1613CN|MN_1701CN|MN_1806CN|SA12-1455|SA13-1385|SA14-9653|SA16-11227|SA16-11831|SA16-12014|SA17-15682|SA17-17782|SA17-19056|SA17-19304|SA17-19715|SA17-20063|SA17-30465|G100501|G100502|G100503|G100504|G100505|G100506|G100507|G100508|G100509|G100510|G100511|G100512|G100513|G100514|G100515|G100516|G100517|G100518|G100519|G100520|G100521|G100522|G100523|G100524|G100525|G100526|G100527|G100528|G100529|G100530|G100531|G100532|G100533|G100534|G100535|G100536|G100537|G100538|G100539|G100540|G100541|G100542|G100543|G100544|G100545|G100546|G100547|G100548|G100549|G100550|G100551|G100552|G100553|G100554|G100555|G100556|G100557|G100558|G100559|G100560|G100561|G100562|G100563|G100564|G100565|G100566|G100567|G100568|G100569|G100570|G100571|G100572|G100573|G100574|G100575|G100576|G100577|G100578|G100579|G100580|G100581|G100582|G100583|G100584|G100585|G100586|G100587|G100588|G100589|G100590|G100591|G100592|G100593|G100594|G100595|G100596|G100597|G100598|G100599|G100600|G100601|G100602|G100603|G100604|G100605|G100606|G100607|G100608|G100609|G100610|G100611|G100612|G100613|G100614|PI_542403|HN073_PI552538|HN014_PI548667|PI_548565|USB-033_PI548561|PI_540552|HN001_PI518664|HN029_IA3023|HN065_PI542044|USB-001_PI548656|USB-271_PI548619|USB-266_PI548524|PI_548314|Hark|IL2) results/AlleleAtlas_RP_NRP_Chr08.txt.gz | gzip -9 -f > results/SubsetUS_RP_NRP_Chr08.txt.gz
		
        (one of the commands exited with non-zero exit code; note that snakemake uses bash strict mode!)
    cluster_jobid: Submitted batch job 23453531

Error executing rule SubsetUS on cluster (jobid: 188, external: Submitted batch job 23453531, jobscript: /storage/hpc/group/bilyeu/nad7wf/allele_atlas_pipeline/.snakemake/tmp.3uhlmyx2/snakejob.SubsetUS.188.sh). For error details see the cluster log and the log files of the involved rule(s).
[Thu Nov  4 11:58:25 2021]
Error in rule SubsetUS:
    jobid: 190
    output: results/SubsetUS_RP_NRP_Chr10.txt.gz
    conda-env: /storage/hpc/group/bilyeu/nad7wf/allele_atlas_pipeline/.snakemake/conda/b21b0d43
    shell:
        
		zgrep -E (HN013_S05-11482|HN027_S10-11227|HN028_Holladay|HN030_Maverick|HN070_PI548511|HN071_PI548657|HN087_PI591539|HN088_PI593258|HN092_PI597387|HN099_PI639740|HN100_PI647086|HN102_S07-5049|HN103_V71-370|USB-018_PI518668|USB-032_PI548520|USB-038_PI559932|USB-058_PI548658|USB-161_PI417581|USB-206_PI438496B|USB-207_PI438496C|USB-208_PI438500|USB-248_PI542972|USB-265_PI548521|USB-270_PI548582|USB-272_PI548633|USB-274_PI548696|USB-276_PI548978|USB-282_PI556511|USB-364_PI598358|USB-411_PI567788|FC_33243|PI_438498|PI_508083|PI_508266|PI_513382|PI_515961|PI_533602|PI_533655|PI_536635|PI_548298|PI_548311|PI_548348|PI_548362|PI_548379|PI_548382|PI_548391|PI_548406|PI_548445|PI_548456|PI_548477|PI_548485|PI_548488|PI_548512|PI_548540|PI_548603|PI_548604|PI_548631|PI_548634|PI_548985|PI_553047|PI_591495|PI_591511|PI_591541|PI_634883|Ai_Ka_No_166|Amcor89|Avery|Bedford|Bell|Bossier|Bragg|CN210|Delsoy_4210|Delsoy_4500|Delsoy_4900|Fayette|Forrest|Franklin|GR8836|HP202|Hack|Hartwig|Hobbit|Hodgson78|IL1|Kato|Kenwood|Kim|Lamar|Mustang|Nile|PI_509044|PI_533657|PI_539864|PI_540556|PI_548387|PI_548392|PI_548507|PI_548509|PI_548543|PI_548599|PI_548612|PI_548632|PI_548690|PI_553052|PI_561405|PI_564849|PI_578058|PI_583365|PI_583837|PI_591541-1|PI_591547-1|PI_591547-2|PI_597382|PI_597656|Pixie|Proto|SS201|SS202|Sprite_No_87|Vinton|WL82|Wilkin|Clark|D88-5320|E07158T|E11128T|E12076T|E14077|E15079T|E15165T|E15339|E15351|E16030|E16380|E17040|E17069|KB13-5F3_14-224|LD02-4485|LD07-3395bf|LD11-2170|LD15-1477|LD15-1628|LD15-5599|LD15-5776793|LD15-6268|LD15-6762|LD15-8459|LD16-10289|LD16-5724a|LD16-6280|M06R-614008|M08-362045L|M08-365100|M10-207102|M11-245026|M11-314101|M9-285149|MN_0095|MN_1410|MN_1613CN|MN_1701CN|MN_1806CN|SA12-1455|SA13-1385|SA14-9653|SA16-11227|SA16-11831|SA16-12014|SA17-15682|SA17-17782|SA17-19056|SA17-19304|SA17-19715|SA17-20063|SA17-30465|G100501|G100502|G100503|G100504|G100505|G100506|G100507|G100508|G100509|G100510|G100511|G100512|G100513|G100514|G100515|G100516|G100517|G100518|G100519|G100520|G100521|G100522|G100523|G100524|G100525|G100526|G100527|G100528|G100529|G100530|G100531|G100532|G100533|G100534|G100535|G100536|G100537|G100538|G100539|G100540|G100541|G100542|G100543|G100544|G100545|G100546|G100547|G100548|G100549|G100550|G100551|G100552|G100553|G100554|G100555|G100556|G100557|G100558|G100559|G100560|G100561|G100562|G100563|G100564|G100565|G100566|G100567|G100568|G100569|G100570|G100571|G100572|G100573|G100574|G100575|G100576|G100577|G100578|G100579|G100580|G100581|G100582|G100583|G100584|G100585|G100586|G100587|G100588|G100589|G100590|G100591|G100592|G100593|G100594|G100595|G100596|G100597|G100598|G100599|G100600|G100601|G100602|G100603|G100604|G100605|G100606|G100607|G100608|G100609|G100610|G100611|G100612|G100613|G100614|PI_542403|HN073_PI552538|HN014_PI548667|PI_548565|USB-033_PI548561|PI_540552|HN001_PI518664|HN029_IA3023|HN065_PI542044|USB-001_PI548656|USB-271_PI548619|USB-266_PI548524|PI_548314|Hark|IL2) results/AlleleAtlas_RP_NRP_Chr10.txt.gz | gzip -9 -f > results/SubsetUS_RP_NRP_Chr10.txt.gz
		
        (one of the commands exited with non-zero exit code; note that snakemake uses bash strict mode!)
    cluster_jobid: Submitted batch job 23453532

Error executing rule SubsetUS on cluster (jobid: 190, external: Submitted batch job 23453532, jobscript: /storage/hpc/group/bilyeu/nad7wf/allele_atlas_pipeline/.snakemake/tmp.3uhlmyx2/snakejob.SubsetUS.190.sh). For error details see the cluster log and the log files of the involved rule(s).
[Thu Nov  4 11:58:25 2021]
Error in rule SubsetUS:
    jobid: 184
    output: results/SubsetUS_RP_NRP_Chr04.txt.gz
    conda-env: /storage/hpc/group/bilyeu/nad7wf/allele_atlas_pipeline/.snakemake/conda/b21b0d43
    shell:
        
		zgrep -E (HN013_S05-11482|HN027_S10-11227|HN028_Holladay|HN030_Maverick|HN070_PI548511|HN071_PI548657|HN087_PI591539|HN088_PI593258|HN092_PI597387|HN099_PI639740|HN100_PI647086|HN102_S07-5049|HN103_V71-370|USB-018_PI518668|USB-032_PI548520|USB-038_PI559932|USB-058_PI548658|USB-161_PI417581|USB-206_PI438496B|USB-207_PI438496C|USB-208_PI438500|USB-248_PI542972|USB-265_PI548521|USB-270_PI548582|USB-272_PI548633|USB-274_PI548696|USB-276_PI548978|USB-282_PI556511|USB-364_PI598358|USB-411_PI567788|FC_33243|PI_438498|PI_508083|PI_508266|PI_513382|PI_515961|PI_533602|PI_533655|PI_536635|PI_548298|PI_548311|PI_548348|PI_548362|PI_548379|PI_548382|PI_548391|PI_548406|PI_548445|PI_548456|PI_548477|PI_548485|PI_548488|PI_548512|PI_548540|PI_548603|PI_548604|PI_548631|PI_548634|PI_548985|PI_553047|PI_591495|PI_591511|PI_591541|PI_634883|Ai_Ka_No_166|Amcor89|Avery|Bedford|Bell|Bossier|Bragg|CN210|Delsoy_4210|Delsoy_4500|Delsoy_4900|Fayette|Forrest|Franklin|GR8836|HP202|Hack|Hartwig|Hobbit|Hodgson78|IL1|Kato|Kenwood|Kim|Lamar|Mustang|Nile|PI_509044|PI_533657|PI_539864|PI_540556|PI_548387|PI_548392|PI_548507|PI_548509|PI_548543|PI_548599|PI_548612|PI_548632|PI_548690|PI_553052|PI_561405|PI_564849|PI_578058|PI_583365|PI_583837|PI_591541-1|PI_591547-1|PI_591547-2|PI_597382|PI_597656|Pixie|Proto|SS201|SS202|Sprite_No_87|Vinton|WL82|Wilkin|Clark|D88-5320|E07158T|E11128T|E12076T|E14077|E15079T|E15165T|E15339|E15351|E16030|E16380|E17040|E17069|KB13-5F3_14-224|LD02-4485|LD07-3395bf|LD11-2170|LD15-1477|LD15-1628|LD15-5599|LD15-5776793|LD15-6268|LD15-6762|LD15-8459|LD16-10289|LD16-5724a|LD16-6280|M06R-614008|M08-362045L|M08-365100|M10-207102|M11-245026|M11-314101|M9-285149|MN_0095|MN_1410|MN_1613CN|MN_1701CN|MN_1806CN|SA12-1455|SA13-1385|SA14-9653|SA16-11227|SA16-11831|SA16-12014|SA17-15682|SA17-17782|SA17-19056|SA17-19304|SA17-19715|SA17-20063|SA17-30465|G100501|G100502|G100503|G100504|G100505|G100506|G100507|G100508|G100509|G100510|G100511|G100512|G100513|G100514|G100515|G100516|G100517|G100518|G100519|G100520|G100521|G100522|G100523|G100524|G100525|G100526|G100527|G100528|G100529|G100530|G100531|G100532|G100533|G100534|G100535|G100536|G100537|G100538|G100539|G100540|G100541|G100542|G100543|G100544|G100545|G100546|G100547|G100548|G100549|G100550|G100551|G100552|G100553|G100554|G100555|G100556|G100557|G100558|G100559|G100560|G100561|G100562|G100563|G100564|G100565|G100566|G100567|G100568|G100569|G100570|G100571|G100572|G100573|G100574|G100575|G100576|G100577|G100578|G100579|G100580|G100581|G100582|G100583|G100584|G100585|G100586|G100587|G100588|G100589|G100590|G100591|G100592|G100593|G100594|G100595|G100596|G100597|G100598|G100599|G100600|G100601|G100602|G100603|G100604|G100605|G100606|G100607|G100608|G100609|G100610|G100611|G100612|G100613|G100614|PI_542403|HN073_PI552538|HN014_PI548667|PI_548565|USB-033_PI548561|PI_540552|HN001_PI518664|HN029_IA3023|HN065_PI542044|USB-001_PI548656|USB-271_PI548619|USB-266_PI548524|PI_548314|Hark|IL2) results/AlleleAtlas_RP_NRP_Chr04.txt.gz | gzip -9 -f > results/SubsetUS_RP_NRP_Chr04.txt.gz
		
        (one of the commands exited with non-zero exit code; note that snakemake uses bash strict mode!)
    cluster_jobid: Submitted batch job 23453533

Error executing rule SubsetUS on cluster (jobid: 184, external: Submitted batch job 23453533, jobscript: /storage/hpc/group/bilyeu/nad7wf/allele_atlas_pipeline/.snakemake/tmp.3uhlmyx2/snakejob.SubsetUS.184.sh). For error details see the cluster log and the log files of the involved rule(s).
[Thu Nov  4 11:58:25 2021]
Error in rule SubsetUS:
    jobid: 199
    output: results/SubsetUS_RP_NRP_Chr19.txt.gz
    conda-env: /storage/hpc/group/bilyeu/nad7wf/allele_atlas_pipeline/.snakemake/conda/b21b0d43
    shell:
        
		zgrep -E (HN013_S05-11482|HN027_S10-11227|HN028_Holladay|HN030_Maverick|HN070_PI548511|HN071_PI548657|HN087_PI591539|HN088_PI593258|HN092_PI597387|HN099_PI639740|HN100_PI647086|HN102_S07-5049|HN103_V71-370|USB-018_PI518668|USB-032_PI548520|USB-038_PI559932|USB-058_PI548658|USB-161_PI417581|USB-206_PI438496B|USB-207_PI438496C|USB-208_PI438500|USB-248_PI542972|USB-265_PI548521|USB-270_PI548582|USB-272_PI548633|USB-274_PI548696|USB-276_PI548978|USB-282_PI556511|USB-364_PI598358|USB-411_PI567788|FC_33243|PI_438498|PI_508083|PI_508266|PI_513382|PI_515961|PI_533602|PI_533655|PI_536635|PI_548298|PI_548311|PI_548348|PI_548362|PI_548379|PI_548382|PI_548391|PI_548406|PI_548445|PI_548456|PI_548477|PI_548485|PI_548488|PI_548512|PI_548540|PI_548603|PI_548604|PI_548631|PI_548634|PI_548985|PI_553047|PI_591495|PI_591511|PI_591541|PI_634883|Ai_Ka_No_166|Amcor89|Avery|Bedford|Bell|Bossier|Bragg|CN210|Delsoy_4210|Delsoy_4500|Delsoy_4900|Fayette|Forrest|Franklin|GR8836|HP202|Hack|Hartwig|Hobbit|Hodgson78|IL1|Kato|Kenwood|Kim|Lamar|Mustang|Nile|PI_509044|PI_533657|PI_539864|PI_540556|PI_548387|PI_548392|PI_548507|PI_548509|PI_548543|PI_548599|PI_548612|PI_548632|PI_548690|PI_553052|PI_561405|PI_564849|PI_578058|PI_583365|PI_583837|PI_591541-1|PI_591547-1|PI_591547-2|PI_597382|PI_597656|Pixie|Proto|SS201|SS202|Sprite_No_87|Vinton|WL82|Wilkin|Clark|D88-5320|E07158T|E11128T|E12076T|E14077|E15079T|E15165T|E15339|E15351|E16030|E16380|E17040|E17069|KB13-5F3_14-224|LD02-4485|LD07-3395bf|LD11-2170|LD15-1477|LD15-1628|LD15-5599|LD15-5776793|LD15-6268|LD15-6762|LD15-8459|LD16-10289|LD16-5724a|LD16-6280|M06R-614008|M08-362045L|M08-365100|M10-207102|M11-245026|M11-314101|M9-285149|MN_0095|MN_1410|MN_1613CN|MN_1701CN|MN_1806CN|SA12-1455|SA13-1385|SA14-9653|SA16-11227|SA16-11831|SA16-12014|SA17-15682|SA17-17782|SA17-19056|SA17-19304|SA17-19715|SA17-20063|SA17-30465|G100501|G100502|G100503|G100504|G100505|G100506|G100507|G100508|G100509|G100510|G100511|G100512|G100513|G100514|G100515|G100516|G100517|G100518|G100519|G100520|G100521|G100522|G100523|G100524|G100525|G100526|G100527|G100528|G100529|G100530|G100531|G100532|G100533|G100534|G100535|G100536|G100537|G100538|G100539|G100540|G100541|G100542|G100543|G100544|G100545|G100546|G100547|G100548|G100549|G100550|G100551|G100552|G100553|G100554|G100555|G100556|G100557|G100558|G100559|G100560|G100561|G100562|G100563|G100564|G100565|G100566|G100567|G100568|G100569|G100570|G100571|G100572|G100573|G100574|G100575|G100576|G100577|G100578|G100579|G100580|G100581|G100582|G100583|G100584|G100585|G100586|G100587|G100588|G100589|G100590|G100591|G100592|G100593|G100594|G100595|G100596|G100597|G100598|G100599|G100600|G100601|G100602|G100603|G100604|G100605|G100606|G100607|G100608|G100609|G100610|G100611|G100612|G100613|G100614|PI_542403|HN073_PI552538|HN014_PI548667|PI_548565|USB-033_PI548561|PI_540552|HN001_PI518664|HN029_IA3023|HN065_PI542044|USB-001_PI548656|USB-271_PI548619|USB-266_PI548524|PI_548314|Hark|IL2) results/AlleleAtlas_RP_NRP_Chr19.txt.gz | gzip -9 -f > results/SubsetUS_RP_NRP_Chr19.txt.gz
		
        (one of the commands exited with non-zero exit code; note that snakemake uses bash strict mode!)
    cluster_jobid: Submitted batch job 23453534

Error executing rule SubsetUS on cluster (jobid: 199, external: Submitted batch job 23453534, jobscript: /storage/hpc/group/bilyeu/nad7wf/allele_atlas_pipeline/.snakemake/tmp.3uhlmyx2/snakejob.SubsetUS.199.sh). For error details see the cluster log and the log files of the involved rule(s).
[Thu Nov  4 11:58:26 2021]
Error in rule SubsetUS:
    jobid: 200
    output: results/SubsetUS_RP_NRP_Chr20.txt.gz
    conda-env: /storage/hpc/group/bilyeu/nad7wf/allele_atlas_pipeline/.snakemake/conda/b21b0d43
    shell:
        
		zgrep -E (HN013_S05-11482|HN027_S10-11227|HN028_Holladay|HN030_Maverick|HN070_PI548511|HN071_PI548657|HN087_PI591539|HN088_PI593258|HN092_PI597387|HN099_PI639740|HN100_PI647086|HN102_S07-5049|HN103_V71-370|USB-018_PI518668|USB-032_PI548520|USB-038_PI559932|USB-058_PI548658|USB-161_PI417581|USB-206_PI438496B|USB-207_PI438496C|USB-208_PI438500|USB-248_PI542972|USB-265_PI548521|USB-270_PI548582|USB-272_PI548633|USB-274_PI548696|USB-276_PI548978|USB-282_PI556511|USB-364_PI598358|USB-411_PI567788|FC_33243|PI_438498|PI_508083|PI_508266|PI_513382|PI_515961|PI_533602|PI_533655|PI_536635|PI_548298|PI_548311|PI_548348|PI_548362|PI_548379|PI_548382|PI_548391|PI_548406|PI_548445|PI_548456|PI_548477|PI_548485|PI_548488|PI_548512|PI_548540|PI_548603|PI_548604|PI_548631|PI_548634|PI_548985|PI_553047|PI_591495|PI_591511|PI_591541|PI_634883|Ai_Ka_No_166|Amcor89|Avery|Bedford|Bell|Bossier|Bragg|CN210|Delsoy_4210|Delsoy_4500|Delsoy_4900|Fayette|Forrest|Franklin|GR8836|HP202|Hack|Hartwig|Hobbit|Hodgson78|IL1|Kato|Kenwood|Kim|Lamar|Mustang|Nile|PI_509044|PI_533657|PI_539864|PI_540556|PI_548387|PI_548392|PI_548507|PI_548509|PI_548543|PI_548599|PI_548612|PI_548632|PI_548690|PI_553052|PI_561405|PI_564849|PI_578058|PI_583365|PI_583837|PI_591541-1|PI_591547-1|PI_591547-2|PI_597382|PI_597656|Pixie|Proto|SS201|SS202|Sprite_No_87|Vinton|WL82|Wilkin|Clark|D88-5320|E07158T|E11128T|E12076T|E14077|E15079T|E15165T|E15339|E15351|E16030|E16380|E17040|E17069|KB13-5F3_14-224|LD02-4485|LD07-3395bf|LD11-2170|LD15-1477|LD15-1628|LD15-5599|LD15-5776793|LD15-6268|LD15-6762|LD15-8459|LD16-10289|LD16-5724a|LD16-6280|M06R-614008|M08-362045L|M08-365100|M10-207102|M11-245026|M11-314101|M9-285149|MN_0095|MN_1410|MN_1613CN|MN_1701CN|MN_1806CN|SA12-1455|SA13-1385|SA14-9653|SA16-11227|SA16-11831|SA16-12014|SA17-15682|SA17-17782|SA17-19056|SA17-19304|SA17-19715|SA17-20063|SA17-30465|G100501|G100502|G100503|G100504|G100505|G100506|G100507|G100508|G100509|G100510|G100511|G100512|G100513|G100514|G100515|G100516|G100517|G100518|G100519|G100520|G100521|G100522|G100523|G100524|G100525|G100526|G100527|G100528|G100529|G100530|G100531|G100532|G100533|G100534|G100535|G100536|G100537|G100538|G100539|G100540|G100541|G100542|G100543|G100544|G100545|G100546|G100547|G100548|G100549|G100550|G100551|G100552|G100553|G100554|G100555|G100556|G100557|G100558|G100559|G100560|G100561|G100562|G100563|G100564|G100565|G100566|G100567|G100568|G100569|G100570|G100571|G100572|G100573|G100574|G100575|G100576|G100577|G100578|G100579|G100580|G100581|G100582|G100583|G100584|G100585|G100586|G100587|G100588|G100589|G100590|G100591|G100592|G100593|G100594|G100595|G100596|G100597|G100598|G100599|G100600|G100601|G100602|G100603|G100604|G100605|G100606|G100607|G100608|G100609|G100610|G100611|G100612|G100613|G100614|PI_542403|HN073_PI552538|HN014_PI548667|PI_548565|USB-033_PI548561|PI_540552|HN001_PI518664|HN029_IA3023|HN065_PI542044|USB-001_PI548656|USB-271_PI548619|USB-266_PI548524|PI_548314|Hark|IL2) results/AlleleAtlas_RP_NRP_Chr20.txt.gz | gzip -9 -f > results/SubsetUS_RP_NRP_Chr20.txt.gz
		
        (one of the commands exited with non-zero exit code; note that snakemake uses bash strict mode!)
    cluster_jobid: Submitted batch job 23453537

Error executing rule SubsetUS on cluster (jobid: 200, external: Submitted batch job 23453537, jobscript: /storage/hpc/group/bilyeu/nad7wf/allele_atlas_pipeline/.snakemake/tmp.3uhlmyx2/snakejob.SubsetUS.200.sh). For error details see the cluster log and the log files of the involved rule(s).
[Thu Nov  4 11:58:26 2021]
Error in rule SubsetUS:
    jobid: 194
    output: results/SubsetUS_RP_NRP_Chr14.txt.gz
    conda-env: /storage/hpc/group/bilyeu/nad7wf/allele_atlas_pipeline/.snakemake/conda/b21b0d43
    shell:
        
		zgrep -E (HN013_S05-11482|HN027_S10-11227|HN028_Holladay|HN030_Maverick|HN070_PI548511|HN071_PI548657|HN087_PI591539|HN088_PI593258|HN092_PI597387|HN099_PI639740|HN100_PI647086|HN102_S07-5049|HN103_V71-370|USB-018_PI518668|USB-032_PI548520|USB-038_PI559932|USB-058_PI548658|USB-161_PI417581|USB-206_PI438496B|USB-207_PI438496C|USB-208_PI438500|USB-248_PI542972|USB-265_PI548521|USB-270_PI548582|USB-272_PI548633|USB-274_PI548696|USB-276_PI548978|USB-282_PI556511|USB-364_PI598358|USB-411_PI567788|FC_33243|PI_438498|PI_508083|PI_508266|PI_513382|PI_515961|PI_533602|PI_533655|PI_536635|PI_548298|PI_548311|PI_548348|PI_548362|PI_548379|PI_548382|PI_548391|PI_548406|PI_548445|PI_548456|PI_548477|PI_548485|PI_548488|PI_548512|PI_548540|PI_548603|PI_548604|PI_548631|PI_548634|PI_548985|PI_553047|PI_591495|PI_591511|PI_591541|PI_634883|Ai_Ka_No_166|Amcor89|Avery|Bedford|Bell|Bossier|Bragg|CN210|Delsoy_4210|Delsoy_4500|Delsoy_4900|Fayette|Forrest|Franklin|GR8836|HP202|Hack|Hartwig|Hobbit|Hodgson78|IL1|Kato|Kenwood|Kim|Lamar|Mustang|Nile|PI_509044|PI_533657|PI_539864|PI_540556|PI_548387|PI_548392|PI_548507|PI_548509|PI_548543|PI_548599|PI_548612|PI_548632|PI_548690|PI_553052|PI_561405|PI_564849|PI_578058|PI_583365|PI_583837|PI_591541-1|PI_591547-1|PI_591547-2|PI_597382|PI_597656|Pixie|Proto|SS201|SS202|Sprite_No_87|Vinton|WL82|Wilkin|Clark|D88-5320|E07158T|E11128T|E12076T|E14077|E15079T|E15165T|E15339|E15351|E16030|E16380|E17040|E17069|KB13-5F3_14-224|LD02-4485|LD07-3395bf|LD11-2170|LD15-1477|LD15-1628|LD15-5599|LD15-5776793|LD15-6268|LD15-6762|LD15-8459|LD16-10289|LD16-5724a|LD16-6280|M06R-614008|M08-362045L|M08-365100|M10-207102|M11-245026|M11-314101|M9-285149|MN_0095|MN_1410|MN_1613CN|MN_1701CN|MN_1806CN|SA12-1455|SA13-1385|SA14-9653|SA16-11227|SA16-11831|SA16-12014|SA17-15682|SA17-17782|SA17-19056|SA17-19304|SA17-19715|SA17-20063|SA17-30465|G100501|G100502|G100503|G100504|G100505|G100506|G100507|G100508|G100509|G100510|G100511|G100512|G100513|G100514|G100515|G100516|G100517|G100518|G100519|G100520|G100521|G100522|G100523|G100524|G100525|G100526|G100527|G100528|G100529|G100530|G100531|G100532|G100533|G100534|G100535|G100536|G100537|G100538|G100539|G100540|G100541|G100542|G100543|G100544|G100545|G100546|G100547|G100548|G100549|G100550|G100551|G100552|G100553|G100554|G100555|G100556|G100557|G100558|G100559|G100560|G100561|G100562|G100563|G100564|G100565|G100566|G100567|G100568|G100569|G100570|G100571|G100572|G100573|G100574|G100575|G100576|G100577|G100578|G100579|G100580|G100581|G100582|G100583|G100584|G100585|G100586|G100587|G100588|G100589|G100590|G100591|G100592|G100593|G100594|G100595|G100596|G100597|G100598|G100599|G100600|G100601|G100602|G100603|G100604|G100605|G100606|G100607|G100608|G100609|G100610|G100611|G100612|G100613|G100614|PI_542403|HN073_PI552538|HN014_PI548667|PI_548565|USB-033_PI548561|PI_540552|HN001_PI518664|HN029_IA3023|HN065_PI542044|USB-001_PI548656|USB-271_PI548619|USB-266_PI548524|PI_548314|Hark|IL2) results/AlleleAtlas_RP_NRP_Chr14.txt.gz | gzip -9 -f > results/SubsetUS_RP_NRP_Chr14.txt.gz
		
        (one of the commands exited with non-zero exit code; note that snakemake uses bash strict mode!)
    cluster_jobid: Submitted batch job 23453538

Error executing rule SubsetUS on cluster (jobid: 194, external: Submitted batch job 23453538, jobscript: /storage/hpc/group/bilyeu/nad7wf/allele_atlas_pipeline/.snakemake/tmp.3uhlmyx2/snakejob.SubsetUS.194.sh). For error details see the cluster log and the log files of the involved rule(s).
[Thu Nov  4 11:58:26 2021]
Error in rule SubsetUS:
    jobid: 181
    output: results/SubsetUS_RP_NRP_Chr01.txt.gz
    conda-env: /storage/hpc/group/bilyeu/nad7wf/allele_atlas_pipeline/.snakemake/conda/b21b0d43
    shell:
        
		zgrep -E (HN013_S05-11482|HN027_S10-11227|HN028_Holladay|HN030_Maverick|HN070_PI548511|HN071_PI548657|HN087_PI591539|HN088_PI593258|HN092_PI597387|HN099_PI639740|HN100_PI647086|HN102_S07-5049|HN103_V71-370|USB-018_PI518668|USB-032_PI548520|USB-038_PI559932|USB-058_PI548658|USB-161_PI417581|USB-206_PI438496B|USB-207_PI438496C|USB-208_PI438500|USB-248_PI542972|USB-265_PI548521|USB-270_PI548582|USB-272_PI548633|USB-274_PI548696|USB-276_PI548978|USB-282_PI556511|USB-364_PI598358|USB-411_PI567788|FC_33243|PI_438498|PI_508083|PI_508266|PI_513382|PI_515961|PI_533602|PI_533655|PI_536635|PI_548298|PI_548311|PI_548348|PI_548362|PI_548379|PI_548382|PI_548391|PI_548406|PI_548445|PI_548456|PI_548477|PI_548485|PI_548488|PI_548512|PI_548540|PI_548603|PI_548604|PI_548631|PI_548634|PI_548985|PI_553047|PI_591495|PI_591511|PI_591541|PI_634883|Ai_Ka_No_166|Amcor89|Avery|Bedford|Bell|Bossier|Bragg|CN210|Delsoy_4210|Delsoy_4500|Delsoy_4900|Fayette|Forrest|Franklin|GR8836|HP202|Hack|Hartwig|Hobbit|Hodgson78|IL1|Kato|Kenwood|Kim|Lamar|Mustang|Nile|PI_509044|PI_533657|PI_539864|PI_540556|PI_548387|PI_548392|PI_548507|PI_548509|PI_548543|PI_548599|PI_548612|PI_548632|PI_548690|PI_553052|PI_561405|PI_564849|PI_578058|PI_583365|PI_583837|PI_591541-1|PI_591547-1|PI_591547-2|PI_597382|PI_597656|Pixie|Proto|SS201|SS202|Sprite_No_87|Vinton|WL82|Wilkin|Clark|D88-5320|E07158T|E11128T|E12076T|E14077|E15079T|E15165T|E15339|E15351|E16030|E16380|E17040|E17069|KB13-5F3_14-224|LD02-4485|LD07-3395bf|LD11-2170|LD15-1477|LD15-1628|LD15-5599|LD15-5776793|LD15-6268|LD15-6762|LD15-8459|LD16-10289|LD16-5724a|LD16-6280|M06R-614008|M08-362045L|M08-365100|M10-207102|M11-245026|M11-314101|M9-285149|MN_0095|MN_1410|MN_1613CN|MN_1701CN|MN_1806CN|SA12-1455|SA13-1385|SA14-9653|SA16-11227|SA16-11831|SA16-12014|SA17-15682|SA17-17782|SA17-19056|SA17-19304|SA17-19715|SA17-20063|SA17-30465|G100501|G100502|G100503|G100504|G100505|G100506|G100507|G100508|G100509|G100510|G100511|G100512|G100513|G100514|G100515|G100516|G100517|G100518|G100519|G100520|G100521|G100522|G100523|G100524|G100525|G100526|G100527|G100528|G100529|G100530|G100531|G100532|G100533|G100534|G100535|G100536|G100537|G100538|G100539|G100540|G100541|G100542|G100543|G100544|G100545|G100546|G100547|G100548|G100549|G100550|G100551|G100552|G100553|G100554|G100555|G100556|G100557|G100558|G100559|G100560|G100561|G100562|G100563|G100564|G100565|G100566|G100567|G100568|G100569|G100570|G100571|G100572|G100573|G100574|G100575|G100576|G100577|G100578|G100579|G100580|G100581|G100582|G100583|G100584|G100585|G100586|G100587|G100588|G100589|G100590|G100591|G100592|G100593|G100594|G100595|G100596|G100597|G100598|G100599|G100600|G100601|G100602|G100603|G100604|G100605|G100606|G100607|G100608|G100609|G100610|G100611|G100612|G100613|G100614|PI_542403|HN073_PI552538|HN014_PI548667|PI_548565|USB-033_PI548561|PI_540552|HN001_PI518664|HN029_IA3023|HN065_PI542044|USB-001_PI548656|USB-271_PI548619|USB-266_PI548524|PI_548314|Hark|IL2) results/AlleleAtlas_RP_NRP_Chr01.txt.gz | gzip -9 -f > results/SubsetUS_RP_NRP_Chr01.txt.gz
		
        (one of the commands exited with non-zero exit code; note that snakemake uses bash strict mode!)
    cluster_jobid: Submitted batch job 23453539

Error executing rule SubsetUS on cluster (jobid: 181, external: Submitted batch job 23453539, jobscript: /storage/hpc/group/bilyeu/nad7wf/allele_atlas_pipeline/.snakemake/tmp.3uhlmyx2/snakejob.SubsetUS.181.sh). For error details see the cluster log and the log files of the involved rule(s).
[Thu Nov  4 11:58:26 2021]
Error in rule SubsetUS:
    jobid: 198
    output: results/SubsetUS_RP_NRP_Chr18.txt.gz
    conda-env: /storage/hpc/group/bilyeu/nad7wf/allele_atlas_pipeline/.snakemake/conda/b21b0d43
    shell:
        
		zgrep -E (HN013_S05-11482|HN027_S10-11227|HN028_Holladay|HN030_Maverick|HN070_PI548511|HN071_PI548657|HN087_PI591539|HN088_PI593258|HN092_PI597387|HN099_PI639740|HN100_PI647086|HN102_S07-5049|HN103_V71-370|USB-018_PI518668|USB-032_PI548520|USB-038_PI559932|USB-058_PI548658|USB-161_PI417581|USB-206_PI438496B|USB-207_PI438496C|USB-208_PI438500|USB-248_PI542972|USB-265_PI548521|USB-270_PI548582|USB-272_PI548633|USB-274_PI548696|USB-276_PI548978|USB-282_PI556511|USB-364_PI598358|USB-411_PI567788|FC_33243|PI_438498|PI_508083|PI_508266|PI_513382|PI_515961|PI_533602|PI_533655|PI_536635|PI_548298|PI_548311|PI_548348|PI_548362|PI_548379|PI_548382|PI_548391|PI_548406|PI_548445|PI_548456|PI_548477|PI_548485|PI_548488|PI_548512|PI_548540|PI_548603|PI_548604|PI_548631|PI_548634|PI_548985|PI_553047|PI_591495|PI_591511|PI_591541|PI_634883|Ai_Ka_No_166|Amcor89|Avery|Bedford|Bell|Bossier|Bragg|CN210|Delsoy_4210|Delsoy_4500|Delsoy_4900|Fayette|Forrest|Franklin|GR8836|HP202|Hack|Hartwig|Hobbit|Hodgson78|IL1|Kato|Kenwood|Kim|Lamar|Mustang|Nile|PI_509044|PI_533657|PI_539864|PI_540556|PI_548387|PI_548392|PI_548507|PI_548509|PI_548543|PI_548599|PI_548612|PI_548632|PI_548690|PI_553052|PI_561405|PI_564849|PI_578058|PI_583365|PI_583837|PI_591541-1|PI_591547-1|PI_591547-2|PI_597382|PI_597656|Pixie|Proto|SS201|SS202|Sprite_No_87|Vinton|WL82|Wilkin|Clark|D88-5320|E07158T|E11128T|E12076T|E14077|E15079T|E15165T|E15339|E15351|E16030|E16380|E17040|E17069|KB13-5F3_14-224|LD02-4485|LD07-3395bf|LD11-2170|LD15-1477|LD15-1628|LD15-5599|LD15-5776793|LD15-6268|LD15-6762|LD15-8459|LD16-10289|LD16-5724a|LD16-6280|M06R-614008|M08-362045L|M08-365100|M10-207102|M11-245026|M11-314101|M9-285149|MN_0095|MN_1410|MN_1613CN|MN_1701CN|MN_1806CN|SA12-1455|SA13-1385|SA14-9653|SA16-11227|SA16-11831|SA16-12014|SA17-15682|SA17-17782|SA17-19056|SA17-19304|SA17-19715|SA17-20063|SA17-30465|G100501|G100502|G100503|G100504|G100505|G100506|G100507|G100508|G100509|G100510|G100511|G100512|G100513|G100514|G100515|G100516|G100517|G100518|G100519|G100520|G100521|G100522|G100523|G100524|G100525|G100526|G100527|G100528|G100529|G100530|G100531|G100532|G100533|G100534|G100535|G100536|G100537|G100538|G100539|G100540|G100541|G100542|G100543|G100544|G100545|G100546|G100547|G100548|G100549|G100550|G100551|G100552|G100553|G100554|G100555|G100556|G100557|G100558|G100559|G100560|G100561|G100562|G100563|G100564|G100565|G100566|G100567|G100568|G100569|G100570|G100571|G100572|G100573|G100574|G100575|G100576|G100577|G100578|G100579|G100580|G100581|G100582|G100583|G100584|G100585|G100586|G100587|G100588|G100589|G100590|G100591|G100592|G100593|G100594|G100595|G100596|G100597|G100598|G100599|G100600|G100601|G100602|G100603|G100604|G100605|G100606|G100607|G100608|G100609|G100610|G100611|G100612|G100613|G100614|PI_542403|HN073_PI552538|HN014_PI548667|PI_548565|USB-033_PI548561|PI_540552|HN001_PI518664|HN029_IA3023|HN065_PI542044|USB-001_PI548656|USB-271_PI548619|USB-266_PI548524|PI_548314|Hark|IL2) results/AlleleAtlas_RP_NRP_Chr18.txt.gz | gzip -9 -f > results/SubsetUS_RP_NRP_Chr18.txt.gz
		
        (one of the commands exited with non-zero exit code; note that snakemake uses bash strict mode!)
    cluster_jobid: Submitted batch job 23453540

Error executing rule SubsetUS on cluster (jobid: 198, external: Submitted batch job 23453540, jobscript: /storage/hpc/group/bilyeu/nad7wf/allele_atlas_pipeline/.snakemake/tmp.3uhlmyx2/snakejob.SubsetUS.198.sh). For error details see the cluster log and the log files of the involved rule(s).
[Thu Nov  4 11:58:26 2021]
Error in rule SubsetUS:
    jobid: 185
    output: results/SubsetUS_RP_NRP_Chr05.txt.gz
    conda-env: /storage/hpc/group/bilyeu/nad7wf/allele_atlas_pipeline/.snakemake/conda/b21b0d43
    shell:
        
		zgrep -E (HN013_S05-11482|HN027_S10-11227|HN028_Holladay|HN030_Maverick|HN070_PI548511|HN071_PI548657|HN087_PI591539|HN088_PI593258|HN092_PI597387|HN099_PI639740|HN100_PI647086|HN102_S07-5049|HN103_V71-370|USB-018_PI518668|USB-032_PI548520|USB-038_PI559932|USB-058_PI548658|USB-161_PI417581|USB-206_PI438496B|USB-207_PI438496C|USB-208_PI438500|USB-248_PI542972|USB-265_PI548521|USB-270_PI548582|USB-272_PI548633|USB-274_PI548696|USB-276_PI548978|USB-282_PI556511|USB-364_PI598358|USB-411_PI567788|FC_33243|PI_438498|PI_508083|PI_508266|PI_513382|PI_515961|PI_533602|PI_533655|PI_536635|PI_548298|PI_548311|PI_548348|PI_548362|PI_548379|PI_548382|PI_548391|PI_548406|PI_548445|PI_548456|PI_548477|PI_548485|PI_548488|PI_548512|PI_548540|PI_548603|PI_548604|PI_548631|PI_548634|PI_548985|PI_553047|PI_591495|PI_591511|PI_591541|PI_634883|Ai_Ka_No_166|Amcor89|Avery|Bedford|Bell|Bossier|Bragg|CN210|Delsoy_4210|Delsoy_4500|Delsoy_4900|Fayette|Forrest|Franklin|GR8836|HP202|Hack|Hartwig|Hobbit|Hodgson78|IL1|Kato|Kenwood|Kim|Lamar|Mustang|Nile|PI_509044|PI_533657|PI_539864|PI_540556|PI_548387|PI_548392|PI_548507|PI_548509|PI_548543|PI_548599|PI_548612|PI_548632|PI_548690|PI_553052|PI_561405|PI_564849|PI_578058|PI_583365|PI_583837|PI_591541-1|PI_591547-1|PI_591547-2|PI_597382|PI_597656|Pixie|Proto|SS201|SS202|Sprite_No_87|Vinton|WL82|Wilkin|Clark|D88-5320|E07158T|E11128T|E12076T|E14077|E15079T|E15165T|E15339|E15351|E16030|E16380|E17040|E17069|KB13-5F3_14-224|LD02-4485|LD07-3395bf|LD11-2170|LD15-1477|LD15-1628|LD15-5599|LD15-5776793|LD15-6268|LD15-6762|LD15-8459|LD16-10289|LD16-5724a|LD16-6280|M06R-614008|M08-362045L|M08-365100|M10-207102|M11-245026|M11-314101|M9-285149|MN_0095|MN_1410|MN_1613CN|MN_1701CN|MN_1806CN|SA12-1455|SA13-1385|SA14-9653|SA16-11227|SA16-11831|SA16-12014|SA17-15682|SA17-17782|SA17-19056|SA17-19304|SA17-19715|SA17-20063|SA17-30465|G100501|G100502|G100503|G100504|G100505|G100506|G100507|G100508|G100509|G100510|G100511|G100512|G100513|G100514|G100515|G100516|G100517|G100518|G100519|G100520|G100521|G100522|G100523|G100524|G100525|G100526|G100527|G100528|G100529|G100530|G100531|G100532|G100533|G100534|G100535|G100536|G100537|G100538|G100539|G100540|G100541|G100542|G100543|G100544|G100545|G100546|G100547|G100548|G100549|G100550|G100551|G100552|G100553|G100554|G100555|G100556|G100557|G100558|G100559|G100560|G100561|G100562|G100563|G100564|G100565|G100566|G100567|G100568|G100569|G100570|G100571|G100572|G100573|G100574|G100575|G100576|G100577|G100578|G100579|G100580|G100581|G100582|G100583|G100584|G100585|G100586|G100587|G100588|G100589|G100590|G100591|G100592|G100593|G100594|G100595|G100596|G100597|G100598|G100599|G100600|G100601|G100602|G100603|G100604|G100605|G100606|G100607|G100608|G100609|G100610|G100611|G100612|G100613|G100614|PI_542403|HN073_PI552538|HN014_PI548667|PI_548565|USB-033_PI548561|PI_540552|HN001_PI518664|HN029_IA3023|HN065_PI542044|USB-001_PI548656|USB-271_PI548619|USB-266_PI548524|PI_548314|Hark|IL2) results/AlleleAtlas_RP_NRP_Chr05.txt.gz | gzip -9 -f > results/SubsetUS_RP_NRP_Chr05.txt.gz
		
        (one of the commands exited with non-zero exit code; note that snakemake uses bash strict mode!)
    cluster_jobid: Submitted batch job 23453541

Error executing rule SubsetUS on cluster (jobid: 185, external: Submitted batch job 23453541, jobscript: /storage/hpc/group/bilyeu/nad7wf/allele_atlas_pipeline/.snakemake/tmp.3uhlmyx2/snakejob.SubsetUS.185.sh). For error details see the cluster log and the log files of the involved rule(s).
[Thu Nov  4 11:58:26 2021]
Error in rule SubsetUS:
    jobid: 187
    output: results/SubsetUS_RP_NRP_Chr07.txt.gz
    conda-env: /storage/hpc/group/bilyeu/nad7wf/allele_atlas_pipeline/.snakemake/conda/b21b0d43
    shell:
        
		zgrep -E (HN013_S05-11482|HN027_S10-11227|HN028_Holladay|HN030_Maverick|HN070_PI548511|HN071_PI548657|HN087_PI591539|HN088_PI593258|HN092_PI597387|HN099_PI639740|HN100_PI647086|HN102_S07-5049|HN103_V71-370|USB-018_PI518668|USB-032_PI548520|USB-038_PI559932|USB-058_PI548658|USB-161_PI417581|USB-206_PI438496B|USB-207_PI438496C|USB-208_PI438500|USB-248_PI542972|USB-265_PI548521|USB-270_PI548582|USB-272_PI548633|USB-274_PI548696|USB-276_PI548978|USB-282_PI556511|USB-364_PI598358|USB-411_PI567788|FC_33243|PI_438498|PI_508083|PI_508266|PI_513382|PI_515961|PI_533602|PI_533655|PI_536635|PI_548298|PI_548311|PI_548348|PI_548362|PI_548379|PI_548382|PI_548391|PI_548406|PI_548445|PI_548456|PI_548477|PI_548485|PI_548488|PI_548512|PI_548540|PI_548603|PI_548604|PI_548631|PI_548634|PI_548985|PI_553047|PI_591495|PI_591511|PI_591541|PI_634883|Ai_Ka_No_166|Amcor89|Avery|Bedford|Bell|Bossier|Bragg|CN210|Delsoy_4210|Delsoy_4500|Delsoy_4900|Fayette|Forrest|Franklin|GR8836|HP202|Hack|Hartwig|Hobbit|Hodgson78|IL1|Kato|Kenwood|Kim|Lamar|Mustang|Nile|PI_509044|PI_533657|PI_539864|PI_540556|PI_548387|PI_548392|PI_548507|PI_548509|PI_548543|PI_548599|PI_548612|PI_548632|PI_548690|PI_553052|PI_561405|PI_564849|PI_578058|PI_583365|PI_583837|PI_591541-1|PI_591547-1|PI_591547-2|PI_597382|PI_597656|Pixie|Proto|SS201|SS202|Sprite_No_87|Vinton|WL82|Wilkin|Clark|D88-5320|E07158T|E11128T|E12076T|E14077|E15079T|E15165T|E15339|E15351|E16030|E16380|E17040|E17069|KB13-5F3_14-224|LD02-4485|LD07-3395bf|LD11-2170|LD15-1477|LD15-1628|LD15-5599|LD15-5776793|LD15-6268|LD15-6762|LD15-8459|LD16-10289|LD16-5724a|LD16-6280|M06R-614008|M08-362045L|M08-365100|M10-207102|M11-245026|M11-314101|M9-285149|MN_0095|MN_1410|MN_1613CN|MN_1701CN|MN_1806CN|SA12-1455|SA13-1385|SA14-9653|SA16-11227|SA16-11831|SA16-12014|SA17-15682|SA17-17782|SA17-19056|SA17-19304|SA17-19715|SA17-20063|SA17-30465|G100501|G100502|G100503|G100504|G100505|G100506|G100507|G100508|G100509|G100510|G100511|G100512|G100513|G100514|G100515|G100516|G100517|G100518|G100519|G100520|G100521|G100522|G100523|G100524|G100525|G100526|G100527|G100528|G100529|G100530|G100531|G100532|G100533|G100534|G100535|G100536|G100537|G100538|G100539|G100540|G100541|G100542|G100543|G100544|G100545|G100546|G100547|G100548|G100549|G100550|G100551|G100552|G100553|G100554|G100555|G100556|G100557|G100558|G100559|G100560|G100561|G100562|G100563|G100564|G100565|G100566|G100567|G100568|G100569|G100570|G100571|G100572|G100573|G100574|G100575|G100576|G100577|G100578|G100579|G100580|G100581|G100582|G100583|G100584|G100585|G100586|G100587|G100588|G100589|G100590|G100591|G100592|G100593|G100594|G100595|G100596|G100597|G100598|G100599|G100600|G100601|G100602|G100603|G100604|G100605|G100606|G100607|G100608|G100609|G100610|G100611|G100612|G100613|G100614|PI_542403|HN073_PI552538|HN014_PI548667|PI_548565|USB-033_PI548561|PI_540552|HN001_PI518664|HN029_IA3023|HN065_PI542044|USB-001_PI548656|USB-271_PI548619|USB-266_PI548524|PI_548314|Hark|IL2) results/AlleleAtlas_RP_NRP_Chr07.txt.gz | gzip -9 -f > results/SubsetUS_RP_NRP_Chr07.txt.gz
		
        (one of the commands exited with non-zero exit code; note that snakemake uses bash strict mode!)
    cluster_jobid: Submitted batch job 23453542

Error executing rule SubsetUS on cluster (jobid: 187, external: Submitted batch job 23453542, jobscript: /storage/hpc/group/bilyeu/nad7wf/allele_atlas_pipeline/.snakemake/tmp.3uhlmyx2/snakejob.SubsetUS.187.sh). For error details see the cluster log and the log files of the involved rule(s).
[Thu Nov  4 11:58:26 2021]
Error in rule SubsetUS:
    jobid: 196
    output: results/SubsetUS_RP_NRP_Chr16.txt.gz
    conda-env: /storage/hpc/group/bilyeu/nad7wf/allele_atlas_pipeline/.snakemake/conda/b21b0d43
    shell:
        
		zgrep -E (HN013_S05-11482|HN027_S10-11227|HN028_Holladay|HN030_Maverick|HN070_PI548511|HN071_PI548657|HN087_PI591539|HN088_PI593258|HN092_PI597387|HN099_PI639740|HN100_PI647086|HN102_S07-5049|HN103_V71-370|USB-018_PI518668|USB-032_PI548520|USB-038_PI559932|USB-058_PI548658|USB-161_PI417581|USB-206_PI438496B|USB-207_PI438496C|USB-208_PI438500|USB-248_PI542972|USB-265_PI548521|USB-270_PI548582|USB-272_PI548633|USB-274_PI548696|USB-276_PI548978|USB-282_PI556511|USB-364_PI598358|USB-411_PI567788|FC_33243|PI_438498|PI_508083|PI_508266|PI_513382|PI_515961|PI_533602|PI_533655|PI_536635|PI_548298|PI_548311|PI_548348|PI_548362|PI_548379|PI_548382|PI_548391|PI_548406|PI_548445|PI_548456|PI_548477|PI_548485|PI_548488|PI_548512|PI_548540|PI_548603|PI_548604|PI_548631|PI_548634|PI_548985|PI_553047|PI_591495|PI_591511|PI_591541|PI_634883|Ai_Ka_No_166|Amcor89|Avery|Bedford|Bell|Bossier|Bragg|CN210|Delsoy_4210|Delsoy_4500|Delsoy_4900|Fayette|Forrest|Franklin|GR8836|HP202|Hack|Hartwig|Hobbit|Hodgson78|IL1|Kato|Kenwood|Kim|Lamar|Mustang|Nile|PI_509044|PI_533657|PI_539864|PI_540556|PI_548387|PI_548392|PI_548507|PI_548509|PI_548543|PI_548599|PI_548612|PI_548632|PI_548690|PI_553052|PI_561405|PI_564849|PI_578058|PI_583365|PI_583837|PI_591541-1|PI_591547-1|PI_591547-2|PI_597382|PI_597656|Pixie|Proto|SS201|SS202|Sprite_No_87|Vinton|WL82|Wilkin|Clark|D88-5320|E07158T|E11128T|E12076T|E14077|E15079T|E15165T|E15339|E15351|E16030|E16380|E17040|E17069|KB13-5F3_14-224|LD02-4485|LD07-3395bf|LD11-2170|LD15-1477|LD15-1628|LD15-5599|LD15-5776793|LD15-6268|LD15-6762|LD15-8459|LD16-10289|LD16-5724a|LD16-6280|M06R-614008|M08-362045L|M08-365100|M10-207102|M11-245026|M11-314101|M9-285149|MN_0095|MN_1410|MN_1613CN|MN_1701CN|MN_1806CN|SA12-1455|SA13-1385|SA14-9653|SA16-11227|SA16-11831|SA16-12014|SA17-15682|SA17-17782|SA17-19056|SA17-19304|SA17-19715|SA17-20063|SA17-30465|G100501|G100502|G100503|G100504|G100505|G100506|G100507|G100508|G100509|G100510|G100511|G100512|G100513|G100514|G100515|G100516|G100517|G100518|G100519|G100520|G100521|G100522|G100523|G100524|G100525|G100526|G100527|G100528|G100529|G100530|G100531|G100532|G100533|G100534|G100535|G100536|G100537|G100538|G100539|G100540|G100541|G100542|G100543|G100544|G100545|G100546|G100547|G100548|G100549|G100550|G100551|G100552|G100553|G100554|G100555|G100556|G100557|G100558|G100559|G100560|G100561|G100562|G100563|G100564|G100565|G100566|G100567|G100568|G100569|G100570|G100571|G100572|G100573|G100574|G100575|G100576|G100577|G100578|G100579|G100580|G100581|G100582|G100583|G100584|G100585|G100586|G100587|G100588|G100589|G100590|G100591|G100592|G100593|G100594|G100595|G100596|G100597|G100598|G100599|G100600|G100601|G100602|G100603|G100604|G100605|G100606|G100607|G100608|G100609|G100610|G100611|G100612|G100613|G100614|PI_542403|HN073_PI552538|HN014_PI548667|PI_548565|USB-033_PI548561|PI_540552|HN001_PI518664|HN029_IA3023|HN065_PI542044|USB-001_PI548656|USB-271_PI548619|USB-266_PI548524|PI_548314|Hark|IL2) results/AlleleAtlas_RP_NRP_Chr16.txt.gz | gzip -9 -f > results/SubsetUS_RP_NRP_Chr16.txt.gz
		
        (one of the commands exited with non-zero exit code; note that snakemake uses bash strict mode!)
    cluster_jobid: Submitted batch job 23453543

Error executing rule SubsetUS on cluster (jobid: 196, external: Submitted batch job 23453543, jobscript: /storage/hpc/group/bilyeu/nad7wf/allele_atlas_pipeline/.snakemake/tmp.3uhlmyx2/snakejob.SubsetUS.196.sh). For error details see the cluster log and the log files of the involved rule(s).
[Thu Nov  4 11:58:26 2021]
Error in rule SubsetUS:
    jobid: 191
    output: results/SubsetUS_RP_NRP_Chr11.txt.gz
    conda-env: /storage/hpc/group/bilyeu/nad7wf/allele_atlas_pipeline/.snakemake/conda/b21b0d43
    shell:
        
		zgrep -E (HN013_S05-11482|HN027_S10-11227|HN028_Holladay|HN030_Maverick|HN070_PI548511|HN071_PI548657|HN087_PI591539|HN088_PI593258|HN092_PI597387|HN099_PI639740|HN100_PI647086|HN102_S07-5049|HN103_V71-370|USB-018_PI518668|USB-032_PI548520|USB-038_PI559932|USB-058_PI548658|USB-161_PI417581|USB-206_PI438496B|USB-207_PI438496C|USB-208_PI438500|USB-248_PI542972|USB-265_PI548521|USB-270_PI548582|USB-272_PI548633|USB-274_PI548696|USB-276_PI548978|USB-282_PI556511|USB-364_PI598358|USB-411_PI567788|FC_33243|PI_438498|PI_508083|PI_508266|PI_513382|PI_515961|PI_533602|PI_533655|PI_536635|PI_548298|PI_548311|PI_548348|PI_548362|PI_548379|PI_548382|PI_548391|PI_548406|PI_548445|PI_548456|PI_548477|PI_548485|PI_548488|PI_548512|PI_548540|PI_548603|PI_548604|PI_548631|PI_548634|PI_548985|PI_553047|PI_591495|PI_591511|PI_591541|PI_634883|Ai_Ka_No_166|Amcor89|Avery|Bedford|Bell|Bossier|Bragg|CN210|Delsoy_4210|Delsoy_4500|Delsoy_4900|Fayette|Forrest|Franklin|GR8836|HP202|Hack|Hartwig|Hobbit|Hodgson78|IL1|Kato|Kenwood|Kim|Lamar|Mustang|Nile|PI_509044|PI_533657|PI_539864|PI_540556|PI_548387|PI_548392|PI_548507|PI_548509|PI_548543|PI_548599|PI_548612|PI_548632|PI_548690|PI_553052|PI_561405|PI_564849|PI_578058|PI_583365|PI_583837|PI_591541-1|PI_591547-1|PI_591547-2|PI_597382|PI_597656|Pixie|Proto|SS201|SS202|Sprite_No_87|Vinton|WL82|Wilkin|Clark|D88-5320|E07158T|E11128T|E12076T|E14077|E15079T|E15165T|E15339|E15351|E16030|E16380|E17040|E17069|KB13-5F3_14-224|LD02-4485|LD07-3395bf|LD11-2170|LD15-1477|LD15-1628|LD15-5599|LD15-5776793|LD15-6268|LD15-6762|LD15-8459|LD16-10289|LD16-5724a|LD16-6280|M06R-614008|M08-362045L|M08-365100|M10-207102|M11-245026|M11-314101|M9-285149|MN_0095|MN_1410|MN_1613CN|MN_1701CN|MN_1806CN|SA12-1455|SA13-1385|SA14-9653|SA16-11227|SA16-11831|SA16-12014|SA17-15682|SA17-17782|SA17-19056|SA17-19304|SA17-19715|SA17-20063|SA17-30465|G100501|G100502|G100503|G100504|G100505|G100506|G100507|G100508|G100509|G100510|G100511|G100512|G100513|G100514|G100515|G100516|G100517|G100518|G100519|G100520|G100521|G100522|G100523|G100524|G100525|G100526|G100527|G100528|G100529|G100530|G100531|G100532|G100533|G100534|G100535|G100536|G100537|G100538|G100539|G100540|G100541|G100542|G100543|G100544|G100545|G100546|G100547|G100548|G100549|G100550|G100551|G100552|G100553|G100554|G100555|G100556|G100557|G100558|G100559|G100560|G100561|G100562|G100563|G100564|G100565|G100566|G100567|G100568|G100569|G100570|G100571|G100572|G100573|G100574|G100575|G100576|G100577|G100578|G100579|G100580|G100581|G100582|G100583|G100584|G100585|G100586|G100587|G100588|G100589|G100590|G100591|G100592|G100593|G100594|G100595|G100596|G100597|G100598|G100599|G100600|G100601|G100602|G100603|G100604|G100605|G100606|G100607|G100608|G100609|G100610|G100611|G100612|G100613|G100614|PI_542403|HN073_PI552538|HN014_PI548667|PI_548565|USB-033_PI548561|PI_540552|HN001_PI518664|HN029_IA3023|HN065_PI542044|USB-001_PI548656|USB-271_PI548619|USB-266_PI548524|PI_548314|Hark|IL2) results/AlleleAtlas_RP_NRP_Chr11.txt.gz | gzip -9 -f > results/SubsetUS_RP_NRP_Chr11.txt.gz
		
        (one of the commands exited with non-zero exit code; note that snakemake uses bash strict mode!)
    cluster_jobid: Submitted batch job 23453544

Error executing rule SubsetUS on cluster (jobid: 191, external: Submitted batch job 23453544, jobscript: /storage/hpc/group/bilyeu/nad7wf/allele_atlas_pipeline/.snakemake/tmp.3uhlmyx2/snakejob.SubsetUS.191.sh). For error details see the cluster log and the log files of the involved rule(s).
[Thu Nov  4 11:58:26 2021]
Error in rule SubsetUS:
    jobid: 183
    output: results/SubsetUS_RP_NRP_Chr03.txt.gz
    conda-env: /storage/hpc/group/bilyeu/nad7wf/allele_atlas_pipeline/.snakemake/conda/b21b0d43
    shell:
        
		zgrep -E (HN013_S05-11482|HN027_S10-11227|HN028_Holladay|HN030_Maverick|HN070_PI548511|HN071_PI548657|HN087_PI591539|HN088_PI593258|HN092_PI597387|HN099_PI639740|HN100_PI647086|HN102_S07-5049|HN103_V71-370|USB-018_PI518668|USB-032_PI548520|USB-038_PI559932|USB-058_PI548658|USB-161_PI417581|USB-206_PI438496B|USB-207_PI438496C|USB-208_PI438500|USB-248_PI542972|USB-265_PI548521|USB-270_PI548582|USB-272_PI548633|USB-274_PI548696|USB-276_PI548978|USB-282_PI556511|USB-364_PI598358|USB-411_PI567788|FC_33243|PI_438498|PI_508083|PI_508266|PI_513382|PI_515961|PI_533602|PI_533655|PI_536635|PI_548298|PI_548311|PI_548348|PI_548362|PI_548379|PI_548382|PI_548391|PI_548406|PI_548445|PI_548456|PI_548477|PI_548485|PI_548488|PI_548512|PI_548540|PI_548603|PI_548604|PI_548631|PI_548634|PI_548985|PI_553047|PI_591495|PI_591511|PI_591541|PI_634883|Ai_Ka_No_166|Amcor89|Avery|Bedford|Bell|Bossier|Bragg|CN210|Delsoy_4210|Delsoy_4500|Delsoy_4900|Fayette|Forrest|Franklin|GR8836|HP202|Hack|Hartwig|Hobbit|Hodgson78|IL1|Kato|Kenwood|Kim|Lamar|Mustang|Nile|PI_509044|PI_533657|PI_539864|PI_540556|PI_548387|PI_548392|PI_548507|PI_548509|PI_548543|PI_548599|PI_548612|PI_548632|PI_548690|PI_553052|PI_561405|PI_564849|PI_578058|PI_583365|PI_583837|PI_591541-1|PI_591547-1|PI_591547-2|PI_597382|PI_597656|Pixie|Proto|SS201|SS202|Sprite_No_87|Vinton|WL82|Wilkin|Clark|D88-5320|E07158T|E11128T|E12076T|E14077|E15079T|E15165T|E15339|E15351|E16030|E16380|E17040|E17069|KB13-5F3_14-224|LD02-4485|LD07-3395bf|LD11-2170|LD15-1477|LD15-1628|LD15-5599|LD15-5776793|LD15-6268|LD15-6762|LD15-8459|LD16-10289|LD16-5724a|LD16-6280|M06R-614008|M08-362045L|M08-365100|M10-207102|M11-245026|M11-314101|M9-285149|MN_0095|MN_1410|MN_1613CN|MN_1701CN|MN_1806CN|SA12-1455|SA13-1385|SA14-9653|SA16-11227|SA16-11831|SA16-12014|SA17-15682|SA17-17782|SA17-19056|SA17-19304|SA17-19715|SA17-20063|SA17-30465|G100501|G100502|G100503|G100504|G100505|G100506|G100507|G100508|G100509|G100510|G100511|G100512|G100513|G100514|G100515|G100516|G100517|G100518|G100519|G100520|G100521|G100522|G100523|G100524|G100525|G100526|G100527|G100528|G100529|G100530|G100531|G100532|G100533|G100534|G100535|G100536|G100537|G100538|G100539|G100540|G100541|G100542|G100543|G100544|G100545|G100546|G100547|G100548|G100549|G100550|G100551|G100552|G100553|G100554|G100555|G100556|G100557|G100558|G100559|G100560|G100561|G100562|G100563|G100564|G100565|G100566|G100567|G100568|G100569|G100570|G100571|G100572|G100573|G100574|G100575|G100576|G100577|G100578|G100579|G100580|G100581|G100582|G100583|G100584|G100585|G100586|G100587|G100588|G100589|G100590|G100591|G100592|G100593|G100594|G100595|G100596|G100597|G100598|G100599|G100600|G100601|G100602|G100603|G100604|G100605|G100606|G100607|G100608|G100609|G100610|G100611|G100612|G100613|G100614|PI_542403|HN073_PI552538|HN014_PI548667|PI_548565|USB-033_PI548561|PI_540552|HN001_PI518664|HN029_IA3023|HN065_PI542044|USB-001_PI548656|USB-271_PI548619|USB-266_PI548524|PI_548314|Hark|IL2) results/AlleleAtlas_RP_NRP_Chr03.txt.gz | gzip -9 -f > results/SubsetUS_RP_NRP_Chr03.txt.gz
		
        (one of the commands exited with non-zero exit code; note that snakemake uses bash strict mode!)
    cluster_jobid: Submitted batch job 23453545

Error executing rule SubsetUS on cluster (jobid: 183, external: Submitted batch job 23453545, jobscript: /storage/hpc/group/bilyeu/nad7wf/allele_atlas_pipeline/.snakemake/tmp.3uhlmyx2/snakejob.SubsetUS.183.sh). For error details see the cluster log and the log files of the involved rule(s).
[Thu Nov  4 11:58:47 2021]
Error in rule SubsetUS:
    jobid: 192
    output: results/SubsetUS_RP_NRP_Chr12.txt.gz
    conda-env: /storage/hpc/group/bilyeu/nad7wf/allele_atlas_pipeline/.snakemake/conda/b21b0d43
    shell:
        
		zgrep -E (HN013_S05-11482|HN027_S10-11227|HN028_Holladay|HN030_Maverick|HN070_PI548511|HN071_PI548657|HN087_PI591539|HN088_PI593258|HN092_PI597387|HN099_PI639740|HN100_PI647086|HN102_S07-5049|HN103_V71-370|USB-018_PI518668|USB-032_PI548520|USB-038_PI559932|USB-058_PI548658|USB-161_PI417581|USB-206_PI438496B|USB-207_PI438496C|USB-208_PI438500|USB-248_PI542972|USB-265_PI548521|USB-270_PI548582|USB-272_PI548633|USB-274_PI548696|USB-276_PI548978|USB-282_PI556511|USB-364_PI598358|USB-411_PI567788|FC_33243|PI_438498|PI_508083|PI_508266|PI_513382|PI_515961|PI_533602|PI_533655|PI_536635|PI_548298|PI_548311|PI_548348|PI_548362|PI_548379|PI_548382|PI_548391|PI_548406|PI_548445|PI_548456|PI_548477|PI_548485|PI_548488|PI_548512|PI_548540|PI_548603|PI_548604|PI_548631|PI_548634|PI_548985|PI_553047|PI_591495|PI_591511|PI_591541|PI_634883|Ai_Ka_No_166|Amcor89|Avery|Bedford|Bell|Bossier|Bragg|CN210|Delsoy_4210|Delsoy_4500|Delsoy_4900|Fayette|Forrest|Franklin|GR8836|HP202|Hack|Hartwig|Hobbit|Hodgson78|IL1|Kato|Kenwood|Kim|Lamar|Mustang|Nile|PI_509044|PI_533657|PI_539864|PI_540556|PI_548387|PI_548392|PI_548507|PI_548509|PI_548543|PI_548599|PI_548612|PI_548632|PI_548690|PI_553052|PI_561405|PI_564849|PI_578058|PI_583365|PI_583837|PI_591541-1|PI_591547-1|PI_591547-2|PI_597382|PI_597656|Pixie|Proto|SS201|SS202|Sprite_No_87|Vinton|WL82|Wilkin|Clark|D88-5320|E07158T|E11128T|E12076T|E14077|E15079T|E15165T|E15339|E15351|E16030|E16380|E17040|E17069|KB13-5F3_14-224|LD02-4485|LD07-3395bf|LD11-2170|LD15-1477|LD15-1628|LD15-5599|LD15-5776793|LD15-6268|LD15-6762|LD15-8459|LD16-10289|LD16-5724a|LD16-6280|M06R-614008|M08-362045L|M08-365100|M10-207102|M11-245026|M11-314101|M9-285149|MN_0095|MN_1410|MN_1613CN|MN_1701CN|MN_1806CN|SA12-1455|SA13-1385|SA14-9653|SA16-11227|SA16-11831|SA16-12014|SA17-15682|SA17-17782|SA17-19056|SA17-19304|SA17-19715|SA17-20063|SA17-30465|G100501|G100502|G100503|G100504|G100505|G100506|G100507|G100508|G100509|G100510|G100511|G100512|G100513|G100514|G100515|G100516|G100517|G100518|G100519|G100520|G100521|G100522|G100523|G100524|G100525|G100526|G100527|G100528|G100529|G100530|G100531|G100532|G100533|G100534|G100535|G100536|G100537|G100538|G100539|G100540|G100541|G100542|G100543|G100544|G100545|G100546|G100547|G100548|G100549|G100550|G100551|G100552|G100553|G100554|G100555|G100556|G100557|G100558|G100559|G100560|G100561|G100562|G100563|G100564|G100565|G100566|G100567|G100568|G100569|G100570|G100571|G100572|G100573|G100574|G100575|G100576|G100577|G100578|G100579|G100580|G100581|G100582|G100583|G100584|G100585|G100586|G100587|G100588|G100589|G100590|G100591|G100592|G100593|G100594|G100595|G100596|G100597|G100598|G100599|G100600|G100601|G100602|G100603|G100604|G100605|G100606|G100607|G100608|G100609|G100610|G100611|G100612|G100613|G100614|PI_542403|HN073_PI552538|HN014_PI548667|PI_548565|USB-033_PI548561|PI_540552|HN001_PI518664|HN029_IA3023|HN065_PI542044|USB-001_PI548656|USB-271_PI548619|USB-266_PI548524|PI_548314|Hark|IL2) results/AlleleAtlas_RP_NRP_Chr12.txt.gz | gzip -9 -f > results/SubsetUS_RP_NRP_Chr12.txt.gz
		
        (one of the commands exited with non-zero exit code; note that snakemake uses bash strict mode!)
    cluster_jobid: Submitted batch job 23453535

Error executing rule SubsetUS on cluster (jobid: 192, external: Submitted batch job 23453535, jobscript: /storage/hpc/group/bilyeu/nad7wf/allele_atlas_pipeline/.snakemake/tmp.3uhlmyx2/snakejob.SubsetUS.192.sh). For error details see the cluster log and the log files of the involved rule(s).
[Thu Nov  4 11:58:47 2021]
Error in rule SubsetUS:
    jobid: 189
    output: results/SubsetUS_RP_NRP_Chr09.txt.gz
    conda-env: /storage/hpc/group/bilyeu/nad7wf/allele_atlas_pipeline/.snakemake/conda/b21b0d43
    shell:
        
		zgrep -E (HN013_S05-11482|HN027_S10-11227|HN028_Holladay|HN030_Maverick|HN070_PI548511|HN071_PI548657|HN087_PI591539|HN088_PI593258|HN092_PI597387|HN099_PI639740|HN100_PI647086|HN102_S07-5049|HN103_V71-370|USB-018_PI518668|USB-032_PI548520|USB-038_PI559932|USB-058_PI548658|USB-161_PI417581|USB-206_PI438496B|USB-207_PI438496C|USB-208_PI438500|USB-248_PI542972|USB-265_PI548521|USB-270_PI548582|USB-272_PI548633|USB-274_PI548696|USB-276_PI548978|USB-282_PI556511|USB-364_PI598358|USB-411_PI567788|FC_33243|PI_438498|PI_508083|PI_508266|PI_513382|PI_515961|PI_533602|PI_533655|PI_536635|PI_548298|PI_548311|PI_548348|PI_548362|PI_548379|PI_548382|PI_548391|PI_548406|PI_548445|PI_548456|PI_548477|PI_548485|PI_548488|PI_548512|PI_548540|PI_548603|PI_548604|PI_548631|PI_548634|PI_548985|PI_553047|PI_591495|PI_591511|PI_591541|PI_634883|Ai_Ka_No_166|Amcor89|Avery|Bedford|Bell|Bossier|Bragg|CN210|Delsoy_4210|Delsoy_4500|Delsoy_4900|Fayette|Forrest|Franklin|GR8836|HP202|Hack|Hartwig|Hobbit|Hodgson78|IL1|Kato|Kenwood|Kim|Lamar|Mustang|Nile|PI_509044|PI_533657|PI_539864|PI_540556|PI_548387|PI_548392|PI_548507|PI_548509|PI_548543|PI_548599|PI_548612|PI_548632|PI_548690|PI_553052|PI_561405|PI_564849|PI_578058|PI_583365|PI_583837|PI_591541-1|PI_591547-1|PI_591547-2|PI_597382|PI_597656|Pixie|Proto|SS201|SS202|Sprite_No_87|Vinton|WL82|Wilkin|Clark|D88-5320|E07158T|E11128T|E12076T|E14077|E15079T|E15165T|E15339|E15351|E16030|E16380|E17040|E17069|KB13-5F3_14-224|LD02-4485|LD07-3395bf|LD11-2170|LD15-1477|LD15-1628|LD15-5599|LD15-5776793|LD15-6268|LD15-6762|LD15-8459|LD16-10289|LD16-5724a|LD16-6280|M06R-614008|M08-362045L|M08-365100|M10-207102|M11-245026|M11-314101|M9-285149|MN_0095|MN_1410|MN_1613CN|MN_1701CN|MN_1806CN|SA12-1455|SA13-1385|SA14-9653|SA16-11227|SA16-11831|SA16-12014|SA17-15682|SA17-17782|SA17-19056|SA17-19304|SA17-19715|SA17-20063|SA17-30465|G100501|G100502|G100503|G100504|G100505|G100506|G100507|G100508|G100509|G100510|G100511|G100512|G100513|G100514|G100515|G100516|G100517|G100518|G100519|G100520|G100521|G100522|G100523|G100524|G100525|G100526|G100527|G100528|G100529|G100530|G100531|G100532|G100533|G100534|G100535|G100536|G100537|G100538|G100539|G100540|G100541|G100542|G100543|G100544|G100545|G100546|G100547|G100548|G100549|G100550|G100551|G100552|G100553|G100554|G100555|G100556|G100557|G100558|G100559|G100560|G100561|G100562|G100563|G100564|G100565|G100566|G100567|G100568|G100569|G100570|G100571|G100572|G100573|G100574|G100575|G100576|G100577|G100578|G100579|G100580|G100581|G100582|G100583|G100584|G100585|G100586|G100587|G100588|G100589|G100590|G100591|G100592|G100593|G100594|G100595|G100596|G100597|G100598|G100599|G100600|G100601|G100602|G100603|G100604|G100605|G100606|G100607|G100608|G100609|G100610|G100611|G100612|G100613|G100614|PI_542403|HN073_PI552538|HN014_PI548667|PI_548565|USB-033_PI548561|PI_540552|HN001_PI518664|HN029_IA3023|HN065_PI542044|USB-001_PI548656|USB-271_PI548619|USB-266_PI548524|PI_548314|Hark|IL2) results/AlleleAtlas_RP_NRP_Chr09.txt.gz | gzip -9 -f > results/SubsetUS_RP_NRP_Chr09.txt.gz
		
        (one of the commands exited with non-zero exit code; note that snakemake uses bash strict mode!)
    cluster_jobid: Submitted batch job 23453536

Error executing rule SubsetUS on cluster (jobid: 189, external: Submitted batch job 23453536, jobscript: /storage/hpc/group/bilyeu/nad7wf/allele_atlas_pipeline/.snakemake/tmp.3uhlmyx2/snakejob.SubsetUS.189.sh). For error details see the cluster log and the log files of the involved rule(s).
[Thu Nov  4 11:58:57 2021]
Error in rule SubsetUS:
    jobid: 197
    output: results/SubsetUS_RP_NRP_Chr17.txt.gz
    conda-env: /storage/hpc/group/bilyeu/nad7wf/allele_atlas_pipeline/.snakemake/conda/b21b0d43
    shell:
        
		zgrep -E (HN013_S05-11482|HN027_S10-11227|HN028_Holladay|HN030_Maverick|HN070_PI548511|HN071_PI548657|HN087_PI591539|HN088_PI593258|HN092_PI597387|HN099_PI639740|HN100_PI647086|HN102_S07-5049|HN103_V71-370|USB-018_PI518668|USB-032_PI548520|USB-038_PI559932|USB-058_PI548658|USB-161_PI417581|USB-206_PI438496B|USB-207_PI438496C|USB-208_PI438500|USB-248_PI542972|USB-265_PI548521|USB-270_PI548582|USB-272_PI548633|USB-274_PI548696|USB-276_PI548978|USB-282_PI556511|USB-364_PI598358|USB-411_PI567788|FC_33243|PI_438498|PI_508083|PI_508266|PI_513382|PI_515961|PI_533602|PI_533655|PI_536635|PI_548298|PI_548311|PI_548348|PI_548362|PI_548379|PI_548382|PI_548391|PI_548406|PI_548445|PI_548456|PI_548477|PI_548485|PI_548488|PI_548512|PI_548540|PI_548603|PI_548604|PI_548631|PI_548634|PI_548985|PI_553047|PI_591495|PI_591511|PI_591541|PI_634883|Ai_Ka_No_166|Amcor89|Avery|Bedford|Bell|Bossier|Bragg|CN210|Delsoy_4210|Delsoy_4500|Delsoy_4900|Fayette|Forrest|Franklin|GR8836|HP202|Hack|Hartwig|Hobbit|Hodgson78|IL1|Kato|Kenwood|Kim|Lamar|Mustang|Nile|PI_509044|PI_533657|PI_539864|PI_540556|PI_548387|PI_548392|PI_548507|PI_548509|PI_548543|PI_548599|PI_548612|PI_548632|PI_548690|PI_553052|PI_561405|PI_564849|PI_578058|PI_583365|PI_583837|PI_591541-1|PI_591547-1|PI_591547-2|PI_597382|PI_597656|Pixie|Proto|SS201|SS202|Sprite_No_87|Vinton|WL82|Wilkin|Clark|D88-5320|E07158T|E11128T|E12076T|E14077|E15079T|E15165T|E15339|E15351|E16030|E16380|E17040|E17069|KB13-5F3_14-224|LD02-4485|LD07-3395bf|LD11-2170|LD15-1477|LD15-1628|LD15-5599|LD15-5776793|LD15-6268|LD15-6762|LD15-8459|LD16-10289|LD16-5724a|LD16-6280|M06R-614008|M08-362045L|M08-365100|M10-207102|M11-245026|M11-314101|M9-285149|MN_0095|MN_1410|MN_1613CN|MN_1701CN|MN_1806CN|SA12-1455|SA13-1385|SA14-9653|SA16-11227|SA16-11831|SA16-12014|SA17-15682|SA17-17782|SA17-19056|SA17-19304|SA17-19715|SA17-20063|SA17-30465|G100501|G100502|G100503|G100504|G100505|G100506|G100507|G100508|G100509|G100510|G100511|G100512|G100513|G100514|G100515|G100516|G100517|G100518|G100519|G100520|G100521|G100522|G100523|G100524|G100525|G100526|G100527|G100528|G100529|G100530|G100531|G100532|G100533|G100534|G100535|G100536|G100537|G100538|G100539|G100540|G100541|G100542|G100543|G100544|G100545|G100546|G100547|G100548|G100549|G100550|G100551|G100552|G100553|G100554|G100555|G100556|G100557|G100558|G100559|G100560|G100561|G100562|G100563|G100564|G100565|G100566|G100567|G100568|G100569|G100570|G100571|G100572|G100573|G100574|G100575|G100576|G100577|G100578|G100579|G100580|G100581|G100582|G100583|G100584|G100585|G100586|G100587|G100588|G100589|G100590|G100591|G100592|G100593|G100594|G100595|G100596|G100597|G100598|G100599|G100600|G100601|G100602|G100603|G100604|G100605|G100606|G100607|G100608|G100609|G100610|G100611|G100612|G100613|G100614|PI_542403|HN073_PI552538|HN014_PI548667|PI_548565|USB-033_PI548561|PI_540552|HN001_PI518664|HN029_IA3023|HN065_PI542044|USB-001_PI548656|USB-271_PI548619|USB-266_PI548524|PI_548314|Hark|IL2) results/AlleleAtlas_RP_NRP_Chr17.txt.gz | gzip -9 -f > results/SubsetUS_RP_NRP_Chr17.txt.gz
		
        (one of the commands exited with non-zero exit code; note that snakemake uses bash strict mode!)
    cluster_jobid: Submitted batch job 23453529

Error executing rule SubsetUS on cluster (jobid: 197, external: Submitted batch job 23453529, jobscript: /storage/hpc/group/bilyeu/nad7wf/allele_atlas_pipeline/.snakemake/tmp.3uhlmyx2/snakejob.SubsetUS.197.sh). For error details see the cluster log and the log files of the involved rule(s).
Shutting down, this might take some time.
Exiting because a job execution failed. Look above for error message
Complete log: /storage/hpc/group/bilyeu/nad7wf/allele_atlas_pipeline/.snakemake/log/2021-11-04T115802.696399.snakemake.log
