Building DAG of jobs...
Using shell: /usr/bin/bash
Provided cluster nodes: 100
Job counts:
	count	jobs
	18	AlleleAtlas
	5	ImputeNRP
	9	MergeVCFs
	11	SNPEff
	1	all
	44
Select jobs to execute...

[Wed Jul 21 00:54:01 2021]
rule ImputeNRP:
    input: results/Preformat_NRP_Chr03.vcf.gz, results/ImputeRP_RP_Chr03.vcf.gz
    output: results/ImputeNRP_NRP_Chr03.vcf.gz, results/beagle/ImputeNRP_NRP_Chr03
    jobid: 103
    wildcards: chr=03
    resources: memory=75, threads=15

Submitted job 103 with external jobid 'Submitted batch job 23091493'.

[Wed Jul 21 00:54:01 2021]
rule ImputeNRP:
    input: results/Preformat_NRP_Chr18.vcf.gz, results/ImputeRP_RP_Chr18.vcf.gz
    output: results/ImputeNRP_NRP_Chr18.vcf.gz, results/beagle/ImputeNRP_NRP_Chr18
    jobid: 118
    wildcards: chr=18
    resources: memory=75, threads=15

Submitted job 118 with external jobid 'Submitted batch job 23091494'.

[Wed Jul 21 00:54:01 2021]
rule AlleleAtlas:
    input: results/MergeVCFs_RP_NRP_Chr05.vcf.gz, results/SNPEff_Ann_RP_NRP_Chr05.txt.gz, resources/gff/Chr05.gff.gz, rules/custom/scripts/generate_allele_atlas.py
    output: results/AlleleAtlas_RP_NRP_Chr05.txt.gz, results/Bottleneck_genes_RP_NRP_Chr05.txt.gz, results/Housekeeping_genes_RP_NRP_Chr05.txt.gz
    jobid: 165
    wildcards: RP_id=RP, NRP_id=NRP, chr=05

Submitted job 165 with external jobid 'Submitted batch job 23091495'.

[Wed Jul 21 00:54:01 2021]
rule AlleleAtlas:
    input: results/MergeVCFs_RP_NRP_Chr07.vcf.gz, results/SNPEff_Ann_RP_NRP_Chr07.txt.gz, resources/gff/Chr07.gff.gz, rules/custom/scripts/generate_allele_atlas.py
    output: results/AlleleAtlas_RP_NRP_Chr07.txt.gz, results/Bottleneck_genes_RP_NRP_Chr07.txt.gz, results/Housekeeping_genes_RP_NRP_Chr07.txt.gz
    jobid: 167
    wildcards: RP_id=RP, NRP_id=NRP, chr=07

Submitted job 167 with external jobid 'Submitted batch job 23091496'.

[Wed Jul 21 00:54:01 2021]
rule MergeVCFs:
    input: results/ImputeRP_RP_Chr13.vcf.gz, results/ImputeNRP_NRP_Chr13.vcf.gz
    output: results/MergeVCFs_RP_NRP_Chr13.vcf.gz
    jobid: 133
    wildcards: chr=13

Submitted job 133 with external jobid 'Submitted batch job 23091497'.

[Wed Jul 21 00:54:01 2021]
rule AlleleAtlas:
    input: results/MergeVCFs_RP_NRP_Chr09.vcf.gz, results/SNPEff_Ann_RP_NRP_Chr09.txt.gz, resources/gff/Chr09.gff.gz, rules/custom/scripts/generate_allele_atlas.py
    output: results/AlleleAtlas_RP_NRP_Chr09.txt.gz, results/Bottleneck_genes_RP_NRP_Chr09.txt.gz, results/Housekeeping_genes_RP_NRP_Chr09.txt.gz
    jobid: 169
    wildcards: RP_id=RP, NRP_id=NRP, chr=09

Submitted job 169 with external jobid 'Submitted batch job 23091498'.

[Wed Jul 21 00:54:01 2021]
rule ImputeNRP:
    input: results/Preformat_NRP_Chr15.vcf.gz, results/ImputeRP_RP_Chr15.vcf.gz
    output: results/ImputeNRP_NRP_Chr15.vcf.gz, results/beagle/ImputeNRP_NRP_Chr15
    jobid: 115
    wildcards: chr=15
    resources: memory=75, threads=15

Submitted job 115 with external jobid 'Submitted batch job 23091499'.

[Wed Jul 21 00:54:02 2021]
rule MergeVCFs:
    input: results/ImputeRP_RP_Chr10.vcf.gz, results/ImputeNRP_NRP_Chr10.vcf.gz
    output: results/MergeVCFs_RP_NRP_Chr10.vcf.gz
    jobid: 130
    wildcards: chr=10

Submitted job 130 with external jobid 'Submitted batch job 23091500'.

[Wed Jul 21 00:54:02 2021]
rule AlleleAtlas:
    input: results/MergeVCFs_RP_NRP_Chr02.vcf.gz, results/SNPEff_Ann_RP_NRP_Chr02.txt.gz, resources/gff/Chr02.gff.gz, rules/custom/scripts/generate_allele_atlas.py
    output: results/AlleleAtlas_RP_NRP_Chr02.txt.gz, results/Bottleneck_genes_RP_NRP_Chr02.txt.gz, results/Housekeeping_genes_RP_NRP_Chr02.txt.gz
    jobid: 162
    wildcards: RP_id=RP, NRP_id=NRP, chr=02

Submitted job 162 with external jobid 'Submitted batch job 23091501'.

[Wed Jul 21 00:54:02 2021]
rule AlleleAtlas:
    input: results/MergeVCFs_RP_NRP_Chr17.vcf.gz, results/SNPEff_Ann_RP_NRP_Chr17.txt.gz, resources/gff/Chr17.gff.gz, rules/custom/scripts/generate_allele_atlas.py
    output: results/AlleleAtlas_RP_NRP_Chr17.txt.gz, results/Bottleneck_genes_RP_NRP_Chr17.txt.gz, results/Housekeeping_genes_RP_NRP_Chr17.txt.gz
    jobid: 177
    wildcards: RP_id=RP, NRP_id=NRP, chr=17

Submitted job 177 with external jobid 'Submitted batch job 23091502'.

[Wed Jul 21 00:54:02 2021]
rule SNPEff:
    input: results/MergeVCFs_RP_NRP_Chr04.vcf.gz, /scratch/nad7wf/miniconda/pkgs/snpeff-4.3.1t-0/share/snpeff-4.3.1t-0/snpEff.jar, /scratch/nad7wf/miniconda/pkgs/snpeff-4.3.1t-0/share/snpeff-4.3.1t-0/snpEff.config, /scratch/nad7wf/miniconda/pkgs/snpsift-4.3.1t-hdfd78af_3/share/snpsift-4.3.1t-3/SnpSift.jar, /scratch/nad7wf/miniconda/pkgs/snpeff-4.3.1t-0/share/snpeff-4.3.1t-0/scripts/vcfEffOnePerLine.pl
    output: results/SNPEff_Ann_RP_NRP_Chr04.txt.gz
    jobid: 144
    wildcards: chr=04
    resources: memory=30G

Submitted job 144 with external jobid 'Submitted batch job 23091503'.

[Wed Jul 21 00:54:02 2021]
rule ImputeNRP:
    input: results/Preformat_NRP_Chr19.vcf.gz, results/ImputeRP_RP_Chr19.vcf.gz
    output: results/ImputeNRP_NRP_Chr19.vcf.gz, results/beagle/ImputeNRP_NRP_Chr19
    jobid: 119
    wildcards: chr=19
    resources: memory=75, threads=15

Submitted job 119 with external jobid 'Submitted batch job 23091504'.

[Wed Jul 21 00:54:02 2021]
rule MergeVCFs:
    input: results/ImputeRP_RP_Chr01.vcf.gz, results/ImputeNRP_NRP_Chr01.vcf.gz
    output: results/MergeVCFs_RP_NRP_Chr01.vcf.gz
    jobid: 121
    wildcards: chr=01

Submitted job 121 with external jobid 'Submitted batch job 23091505'.

[Wed Jul 21 00:54:02 2021]
rule SNPEff:
    input: results/MergeVCFs_RP_NRP_Chr11.vcf.gz, /scratch/nad7wf/miniconda/pkgs/snpeff-4.3.1t-0/share/snpeff-4.3.1t-0/snpEff.jar, /scratch/nad7wf/miniconda/pkgs/snpeff-4.3.1t-0/share/snpeff-4.3.1t-0/snpEff.config, /scratch/nad7wf/miniconda/pkgs/snpsift-4.3.1t-hdfd78af_3/share/snpsift-4.3.1t-3/SnpSift.jar, /scratch/nad7wf/miniconda/pkgs/snpeff-4.3.1t-0/share/snpeff-4.3.1t-0/scripts/vcfEffOnePerLine.pl
    output: results/SNPEff_Ann_RP_NRP_Chr11.txt.gz
    jobid: 151
    wildcards: chr=11
    resources: memory=30G

Submitted job 151 with external jobid 'Submitted batch job 23091506'.

[Wed Jul 21 00:54:02 2021]
rule MergeVCFs:
    input: results/ImputeRP_RP_Chr20.vcf.gz, results/ImputeNRP_NRP_Chr20.vcf.gz
    output: results/MergeVCFs_RP_NRP_Chr20.vcf.gz
    jobid: 140
    wildcards: chr=20

Submitted job 140 with external jobid 'Submitted batch job 23091507'.

[Wed Jul 21 00:54:02 2021]
rule AlleleAtlas:
    input: results/MergeVCFs_RP_NRP_Chr12.vcf.gz, results/SNPEff_Ann_RP_NRP_Chr12.txt.gz, resources/gff/Chr12.gff.gz, rules/custom/scripts/generate_allele_atlas.py
    output: results/AlleleAtlas_RP_NRP_Chr12.txt.gz, results/Bottleneck_genes_RP_NRP_Chr12.txt.gz, results/Housekeeping_genes_RP_NRP_Chr12.txt.gz
    jobid: 172
    wildcards: RP_id=RP, NRP_id=NRP, chr=12

Submitted job 172 with external jobid 'Submitted batch job 23091508'.

[Wed Jul 21 00:54:02 2021]
rule AlleleAtlas:
    input: results/MergeVCFs_RP_NRP_Chr08.vcf.gz, results/SNPEff_Ann_RP_NRP_Chr08.txt.gz, resources/gff/Chr08.gff.gz, rules/custom/scripts/generate_allele_atlas.py
    output: results/AlleleAtlas_RP_NRP_Chr08.txt.gz, results/Bottleneck_genes_RP_NRP_Chr08.txt.gz, results/Housekeeping_genes_RP_NRP_Chr08.txt.gz
    jobid: 168
    wildcards: RP_id=RP, NRP_id=NRP, chr=08

Submitted job 168 with external jobid 'Submitted batch job 23091509'.

[Wed Jul 21 00:54:02 2021]
rule ImputeNRP:
    input: results/Preformat_NRP_Chr16.vcf.gz, results/ImputeRP_RP_Chr16.vcf.gz
    output: results/ImputeNRP_NRP_Chr16.vcf.gz, results/beagle/ImputeNRP_NRP_Chr16
    jobid: 116
    wildcards: chr=16
    resources: memory=75, threads=15

Submitted job 116 with external jobid 'Submitted batch job 23091510'.
[Wed Jul 21 01:04:07 2021]
Finished job 140.
1 of 44 steps (2%) done
Select jobs to execute...

[Wed Jul 21 01:04:07 2021]
rule SNPEff:
    input: results/MergeVCFs_RP_NRP_Chr20.vcf.gz, /scratch/nad7wf/miniconda/pkgs/snpeff-4.3.1t-0/share/snpeff-4.3.1t-0/snpEff.jar, /scratch/nad7wf/miniconda/pkgs/snpeff-4.3.1t-0/share/snpeff-4.3.1t-0/snpEff.config, /scratch/nad7wf/miniconda/pkgs/snpsift-4.3.1t-hdfd78af_3/share/snpsift-4.3.1t-3/SnpSift.jar, /scratch/nad7wf/miniconda/pkgs/snpeff-4.3.1t-0/share/snpeff-4.3.1t-0/scripts/vcfEffOnePerLine.pl
    output: results/SNPEff_Ann_RP_NRP_Chr20.txt.gz
    jobid: 160
    wildcards: chr=20
    resources: memory=30G

Submitted job 160 with external jobid 'Submitted batch job 23091515'.
[Wed Jul 21 01:04:50 2021]
Error in rule ImputeNRP:
    jobid: 118
    output: results/ImputeNRP_NRP_Chr18.vcf.gz, results/beagle/ImputeNRP_NRP_Chr18
    shell:
        
		module load bcftools
		mkdir -p results/beagle/ImputeNRP_NRP_Chr18

		java -Xmx75G 			-Djava.io.tmpdir=results/beagle/ImputeNRP_NRP_Chr18 			-jar resources/beagle/beagle.28Jun21.220.jar 			nthreads=15 			impute=true 			ref=results/ImputeRP_RP_Chr18.vcf.gz 			gt=results/Preformat_NRP_Chr18.vcf.gz 			out=results/ImputeNRP_NRP_Chr18

                bcftools index --tbi results/ImputeNRP_NRP_Chr18.vcf.gz

		rm "results/ImputeNRP_NRP_Chr18.log"
		
        (one of the commands exited with non-zero exit code; note that snakemake uses bash strict mode!)
    cluster_jobid: Submitted batch job 23091494

Error executing rule ImputeNRP on cluster (jobid: 118, external: Submitted batch job 23091494, jobscript: /storage/hpc/group/bilyeu/nad7wf/allele_atlas_pipeline/.snakemake/tmp.2aqj4o0e/snakejob.ImputeNRP.118.sh). For error details see the cluster log and the log files of the involved rule(s).
[Wed Jul 21 01:05:01 2021]
Error in rule ImputeNRP:
    jobid: 103
    output: results/ImputeNRP_NRP_Chr03.vcf.gz, results/beagle/ImputeNRP_NRP_Chr03
    shell:
        
		module load bcftools
		mkdir -p results/beagle/ImputeNRP_NRP_Chr03

		java -Xmx75G 			-Djava.io.tmpdir=results/beagle/ImputeNRP_NRP_Chr03 			-jar resources/beagle/beagle.28Jun21.220.jar 			nthreads=15 			impute=true 			ref=results/ImputeRP_RP_Chr03.vcf.gz 			gt=results/Preformat_NRP_Chr03.vcf.gz 			out=results/ImputeNRP_NRP_Chr03

                bcftools index --tbi results/ImputeNRP_NRP_Chr03.vcf.gz

		rm "results/ImputeNRP_NRP_Chr03.log"
		
        (one of the commands exited with non-zero exit code; note that snakemake uses bash strict mode!)
    cluster_jobid: Submitted batch job 23091493

Error executing rule ImputeNRP on cluster (jobid: 103, external: Submitted batch job 23091493, jobscript: /storage/hpc/group/bilyeu/nad7wf/allele_atlas_pipeline/.snakemake/tmp.2aqj4o0e/snakejob.ImputeNRP.103.sh). For error details see the cluster log and the log files of the involved rule(s).
[Wed Jul 21 01:05:12 2021]
Finished job 133.
2 of 44 steps (5%) done
[Wed Jul 21 01:05:45 2021]
Finished job 130.
3 of 44 steps (7%) done
[Wed Jul 21 01:07:35 2021]
Finished job 121.
4 of 44 steps (9%) done
[Wed Jul 21 01:09:59 2021]
Finished job 165.
5 of 44 steps (11%) done
[Wed Jul 21 01:12:22 2021]
Finished job 151.
6 of 44 steps (14%) done
[Wed Jul 21 01:13:06 2021]
Finished job 167.
7 of 44 steps (16%) done
[Wed Jul 21 01:25:46 2021]
Finished job 144.
8 of 44 steps (18%) done
[Wed Jul 21 01:28:17 2021]
Finished job 169.
9 of 44 steps (20%) done
[Wed Jul 21 01:30:17 2021]
Finished job 160.
10 of 44 steps (23%) done
[Wed Jul 21 01:31:58 2021]
Finished job 162.
11 of 44 steps (25%) done
[Wed Jul 21 01:38:08 2021]
Error in rule ImputeNRP:
    jobid: 116
    output: results/ImputeNRP_NRP_Chr16.vcf.gz, results/beagle/ImputeNRP_NRP_Chr16
    shell:
        
		module load bcftools
		mkdir -p results/beagle/ImputeNRP_NRP_Chr16

		java -Xmx75G 			-Djava.io.tmpdir=results/beagle/ImputeNRP_NRP_Chr16 			-jar resources/beagle/beagle.28Jun21.220.jar 			nthreads=15 			impute=true 			ref=results/ImputeRP_RP_Chr16.vcf.gz 			gt=results/Preformat_NRP_Chr16.vcf.gz 			out=results/ImputeNRP_NRP_Chr16

                bcftools index --tbi results/ImputeNRP_NRP_Chr16.vcf.gz

		rm "results/ImputeNRP_NRP_Chr16.log"
		
        (one of the commands exited with non-zero exit code; note that snakemake uses bash strict mode!)
    cluster_jobid: Submitted batch job 23091510

Error executing rule ImputeNRP on cluster (jobid: 116, external: Submitted batch job 23091510, jobscript: /storage/hpc/group/bilyeu/nad7wf/allele_atlas_pipeline/.snakemake/tmp.2aqj4o0e/snakejob.ImputeNRP.116.sh). For error details see the cluster log and the log files of the involved rule(s).
[Wed Jul 21 01:43:49 2021]
Finished job 177.
12 of 44 steps (27%) done
[Wed Jul 21 01:46:09 2021]
Finished job 172.
13 of 44 steps (30%) done
Removing temporary output file results/beagle/ImputeNRP_NRP_Chr19.
[Wed Jul 21 01:50:40 2021]
Finished job 119.
14 of 44 steps (32%) done
Removing temporary output file results/beagle/ImputeNRP_NRP_Chr15.
[Wed Jul 21 01:59:21 2021]
Finished job 115.
15 of 44 steps (34%) done
[Wed Jul 21 01:59:21 2021]
Finished job 168.
16 of 44 steps (36%) done
Shutting down, this might take some time.
Exiting because a job execution failed. Look above for error message
Complete log: /storage/hpc/group/bilyeu/nad7wf/allele_atlas_pipeline/.snakemake/log/2021-07-21T005400.620359.snakemake.log
