Building DAG of jobs...
Using shell: /usr/bin/bash
Provided cluster nodes: 100
Job counts:
	count	jobs
	20	AlleleAtlas
	19	SNPEff
	1	all
	40
Select jobs to execute...

[Thu Aug 19 10:54:46 2021]
rule SNPEff:
    input: results/MergeVCFs_RP_NRP_Chr08.vcf.gz, /scratch/nad7wf/miniconda/pkgs/snpeff-4.3.1t-0/share/snpeff-4.3.1t-0/snpEff.jar, /scratch/nad7wf/miniconda/pkgs/snpeff-4.3.1t-0/share/snpeff-4.3.1t-0/snpEff.config, /scratch/nad7wf/miniconda/pkgs/snpsift-4.3.1t-hdfd78af_3/share/snpsift-4.3.1t-3/SnpSift.jar, /scratch/nad7wf/miniconda/pkgs/snpeff-4.3.1t-0/share/snpeff-4.3.1t-0/scripts/vcfEffOnePerLine.pl
    output: results/SNPEff_Ann_RP_NRP_Chr08.txt.gz
    jobid: 148
    wildcards: chr=08
    resources: memory=30G

Submitted job 148 with external jobid 'Submitted batch job 23206970'.

[Thu Aug 19 10:54:46 2021]
rule SNPEff:
    input: results/MergeVCFs_RP_NRP_Chr10.vcf.gz, /scratch/nad7wf/miniconda/pkgs/snpeff-4.3.1t-0/share/snpeff-4.3.1t-0/snpEff.jar, /scratch/nad7wf/miniconda/pkgs/snpeff-4.3.1t-0/share/snpeff-4.3.1t-0/snpEff.config, /scratch/nad7wf/miniconda/pkgs/snpsift-4.3.1t-hdfd78af_3/share/snpsift-4.3.1t-3/SnpSift.jar, /scratch/nad7wf/miniconda/pkgs/snpeff-4.3.1t-0/share/snpeff-4.3.1t-0/scripts/vcfEffOnePerLine.pl
    output: results/SNPEff_Ann_RP_NRP_Chr10.txt.gz
    jobid: 150
    wildcards: chr=10
    resources: memory=30G

Submitted job 150 with external jobid 'Submitted batch job 23206971'.

[Thu Aug 19 10:54:46 2021]
rule SNPEff:
    input: results/MergeVCFs_RP_NRP_Chr12.vcf.gz, /scratch/nad7wf/miniconda/pkgs/snpeff-4.3.1t-0/share/snpeff-4.3.1t-0/snpEff.jar, /scratch/nad7wf/miniconda/pkgs/snpeff-4.3.1t-0/share/snpeff-4.3.1t-0/snpEff.config, /scratch/nad7wf/miniconda/pkgs/snpsift-4.3.1t-hdfd78af_3/share/snpsift-4.3.1t-3/SnpSift.jar, /scratch/nad7wf/miniconda/pkgs/snpeff-4.3.1t-0/share/snpeff-4.3.1t-0/scripts/vcfEffOnePerLine.pl
    output: results/SNPEff_Ann_RP_NRP_Chr12.txt.gz
    jobid: 152
    wildcards: chr=12
    resources: memory=30G

Submitted job 152 with external jobid 'Submitted batch job 23206972'.

[Thu Aug 19 10:54:47 2021]
rule SNPEff:
    input: results/MergeVCFs_RP_NRP_Chr14.vcf.gz, /scratch/nad7wf/miniconda/pkgs/snpeff-4.3.1t-0/share/snpeff-4.3.1t-0/snpEff.jar, /scratch/nad7wf/miniconda/pkgs/snpeff-4.3.1t-0/share/snpeff-4.3.1t-0/snpEff.config, /scratch/nad7wf/miniconda/pkgs/snpsift-4.3.1t-hdfd78af_3/share/snpsift-4.3.1t-3/SnpSift.jar, /scratch/nad7wf/miniconda/pkgs/snpeff-4.3.1t-0/share/snpeff-4.3.1t-0/scripts/vcfEffOnePerLine.pl
    output: results/SNPEff_Ann_RP_NRP_Chr14.txt.gz
    jobid: 154
    wildcards: chr=14
    resources: memory=30G

Submitted job 154 with external jobid 'Submitted batch job 23206973'.

[Thu Aug 19 10:54:47 2021]
rule SNPEff:
    input: results/MergeVCFs_RP_NRP_Chr01.vcf.gz, /scratch/nad7wf/miniconda/pkgs/snpeff-4.3.1t-0/share/snpeff-4.3.1t-0/snpEff.jar, /scratch/nad7wf/miniconda/pkgs/snpeff-4.3.1t-0/share/snpeff-4.3.1t-0/snpEff.config, /scratch/nad7wf/miniconda/pkgs/snpsift-4.3.1t-hdfd78af_3/share/snpsift-4.3.1t-3/SnpSift.jar, /scratch/nad7wf/miniconda/pkgs/snpeff-4.3.1t-0/share/snpeff-4.3.1t-0/scripts/vcfEffOnePerLine.pl
    output: results/SNPEff_Ann_RP_NRP_Chr01.txt.gz
    jobid: 141
    wildcards: chr=01
    resources: memory=30G

Submitted job 141 with external jobid 'Submitted batch job 23206974'.

[Thu Aug 19 10:54:47 2021]
rule SNPEff:
    input: results/MergeVCFs_RP_NRP_Chr16.vcf.gz, /scratch/nad7wf/miniconda/pkgs/snpeff-4.3.1t-0/share/snpeff-4.3.1t-0/snpEff.jar, /scratch/nad7wf/miniconda/pkgs/snpeff-4.3.1t-0/share/snpeff-4.3.1t-0/snpEff.config, /scratch/nad7wf/miniconda/pkgs/snpsift-4.3.1t-hdfd78af_3/share/snpsift-4.3.1t-3/SnpSift.jar, /scratch/nad7wf/miniconda/pkgs/snpeff-4.3.1t-0/share/snpeff-4.3.1t-0/scripts/vcfEffOnePerLine.pl
    output: results/SNPEff_Ann_RP_NRP_Chr16.txt.gz
    jobid: 156
    wildcards: chr=16
    resources: memory=30G

Submitted job 156 with external jobid 'Submitted batch job 23206975'.

[Thu Aug 19 10:54:47 2021]
rule SNPEff:
    input: results/MergeVCFs_RP_NRP_Chr03.vcf.gz, /scratch/nad7wf/miniconda/pkgs/snpeff-4.3.1t-0/share/snpeff-4.3.1t-0/snpEff.jar, /scratch/nad7wf/miniconda/pkgs/snpeff-4.3.1t-0/share/snpeff-4.3.1t-0/snpEff.config, /scratch/nad7wf/miniconda/pkgs/snpsift-4.3.1t-hdfd78af_3/share/snpsift-4.3.1t-3/SnpSift.jar, /scratch/nad7wf/miniconda/pkgs/snpeff-4.3.1t-0/share/snpeff-4.3.1t-0/scripts/vcfEffOnePerLine.pl
    output: results/SNPEff_Ann_RP_NRP_Chr03.txt.gz
    jobid: 143
    wildcards: chr=03
    resources: memory=30G

Submitted job 143 with external jobid 'Submitted batch job 23206976'.

[Thu Aug 19 10:54:47 2021]
rule SNPEff:
    input: results/MergeVCFs_RP_NRP_Chr18.vcf.gz, /scratch/nad7wf/miniconda/pkgs/snpeff-4.3.1t-0/share/snpeff-4.3.1t-0/snpEff.jar, /scratch/nad7wf/miniconda/pkgs/snpeff-4.3.1t-0/share/snpeff-4.3.1t-0/snpEff.config, /scratch/nad7wf/miniconda/pkgs/snpsift-4.3.1t-hdfd78af_3/share/snpsift-4.3.1t-3/SnpSift.jar, /scratch/nad7wf/miniconda/pkgs/snpeff-4.3.1t-0/share/snpeff-4.3.1t-0/scripts/vcfEffOnePerLine.pl
    output: results/SNPEff_Ann_RP_NRP_Chr18.txt.gz
    jobid: 158
    wildcards: chr=18
    resources: memory=30G

Submitted job 158 with external jobid 'Submitted batch job 23206977'.

[Thu Aug 19 10:54:47 2021]
rule SNPEff:
    input: results/MergeVCFs_RP_NRP_Chr05.vcf.gz, /scratch/nad7wf/miniconda/pkgs/snpeff-4.3.1t-0/share/snpeff-4.3.1t-0/snpEff.jar, /scratch/nad7wf/miniconda/pkgs/snpeff-4.3.1t-0/share/snpeff-4.3.1t-0/snpEff.config, /scratch/nad7wf/miniconda/pkgs/snpsift-4.3.1t-hdfd78af_3/share/snpsift-4.3.1t-3/SnpSift.jar, /scratch/nad7wf/miniconda/pkgs/snpeff-4.3.1t-0/share/snpeff-4.3.1t-0/scripts/vcfEffOnePerLine.pl
    output: results/SNPEff_Ann_RP_NRP_Chr05.txt.gz
    jobid: 145
    wildcards: chr=05
    resources: memory=30G

Submitted job 145 with external jobid 'Submitted batch job 23206978'.

[Thu Aug 19 10:54:47 2021]
rule SNPEff:
    input: results/MergeVCFs_RP_NRP_Chr20.vcf.gz, /scratch/nad7wf/miniconda/pkgs/snpeff-4.3.1t-0/share/snpeff-4.3.1t-0/snpEff.jar, /scratch/nad7wf/miniconda/pkgs/snpeff-4.3.1t-0/share/snpeff-4.3.1t-0/snpEff.config, /scratch/nad7wf/miniconda/pkgs/snpsift-4.3.1t-hdfd78af_3/share/snpsift-4.3.1t-3/SnpSift.jar, /scratch/nad7wf/miniconda/pkgs/snpeff-4.3.1t-0/share/snpeff-4.3.1t-0/scripts/vcfEffOnePerLine.pl
    output: results/SNPEff_Ann_RP_NRP_Chr20.txt.gz
    jobid: 160
    wildcards: chr=20
    resources: memory=30G

Submitted job 160 with external jobid 'Submitted batch job 23206979'.

[Thu Aug 19 10:54:47 2021]
rule SNPEff:
    input: results/MergeVCFs_RP_NRP_Chr07.vcf.gz, /scratch/nad7wf/miniconda/pkgs/snpeff-4.3.1t-0/share/snpeff-4.3.1t-0/snpEff.jar, /scratch/nad7wf/miniconda/pkgs/snpeff-4.3.1t-0/share/snpeff-4.3.1t-0/snpEff.config, /scratch/nad7wf/miniconda/pkgs/snpsift-4.3.1t-hdfd78af_3/share/snpsift-4.3.1t-3/SnpSift.jar, /scratch/nad7wf/miniconda/pkgs/snpeff-4.3.1t-0/share/snpeff-4.3.1t-0/scripts/vcfEffOnePerLine.pl
    output: results/SNPEff_Ann_RP_NRP_Chr07.txt.gz
    jobid: 147
    wildcards: chr=07
    resources: memory=30G

Submitted job 147 with external jobid 'Submitted batch job 23206980'.

[Thu Aug 19 10:54:47 2021]
rule SNPEff:
    input: results/MergeVCFs_RP_NRP_Chr02.vcf.gz, /scratch/nad7wf/miniconda/pkgs/snpeff-4.3.1t-0/share/snpeff-4.3.1t-0/snpEff.jar, /scratch/nad7wf/miniconda/pkgs/snpeff-4.3.1t-0/share/snpeff-4.3.1t-0/snpEff.config, /scratch/nad7wf/miniconda/pkgs/snpsift-4.3.1t-hdfd78af_3/share/snpsift-4.3.1t-3/SnpSift.jar, /scratch/nad7wf/miniconda/pkgs/snpeff-4.3.1t-0/share/snpeff-4.3.1t-0/scripts/vcfEffOnePerLine.pl
    output: results/SNPEff_Ann_RP_NRP_Chr02.txt.gz
    jobid: 142
    wildcards: chr=02
    resources: memory=30G

Submitted job 142 with external jobid 'Submitted batch job 23206981'.

[Thu Aug 19 10:54:47 2021]
rule SNPEff:
    input: results/MergeVCFs_RP_NRP_Chr19.vcf.gz, /scratch/nad7wf/miniconda/pkgs/snpeff-4.3.1t-0/share/snpeff-4.3.1t-0/snpEff.jar, /scratch/nad7wf/miniconda/pkgs/snpeff-4.3.1t-0/share/snpeff-4.3.1t-0/snpEff.config, /scratch/nad7wf/miniconda/pkgs/snpsift-4.3.1t-hdfd78af_3/share/snpsift-4.3.1t-3/SnpSift.jar, /scratch/nad7wf/miniconda/pkgs/snpeff-4.3.1t-0/share/snpeff-4.3.1t-0/scripts/vcfEffOnePerLine.pl
    output: results/SNPEff_Ann_RP_NRP_Chr19.txt.gz
    jobid: 159
    wildcards: chr=19
    resources: memory=30G

Submitted job 159 with external jobid 'Submitted batch job 23206982'.

[Thu Aug 19 10:54:47 2021]
rule SNPEff:
    input: results/MergeVCFs_RP_NRP_Chr09.vcf.gz, /scratch/nad7wf/miniconda/pkgs/snpeff-4.3.1t-0/share/snpeff-4.3.1t-0/snpEff.jar, /scratch/nad7wf/miniconda/pkgs/snpeff-4.3.1t-0/share/snpeff-4.3.1t-0/snpEff.config, /scratch/nad7wf/miniconda/pkgs/snpsift-4.3.1t-hdfd78af_3/share/snpsift-4.3.1t-3/SnpSift.jar, /scratch/nad7wf/miniconda/pkgs/snpeff-4.3.1t-0/share/snpeff-4.3.1t-0/scripts/vcfEffOnePerLine.pl
    output: results/SNPEff_Ann_RP_NRP_Chr09.txt.gz
    jobid: 149
    wildcards: chr=09
    resources: memory=30G

Submitted job 149 with external jobid 'Submitted batch job 23206983'.

[Thu Aug 19 10:54:47 2021]
rule AlleleAtlas:
    input: results/MergeVCFs_RP_NRP_Chr04.vcf.gz, results/SNPEff_Ann_RP_NRP_Chr04.txt.gz, resources/gff/Chr04.gff.gz, rules/custom/scripts/generate_allele_atlas.py
    output: results/AlleleAtlas_RP_NRP_Chr04.txt.gz, results/Bottleneck_genes_RP_NRP_Chr04.txt.gz, results/Housekeeping_genes_RP_NRP_Chr04.txt.gz
    jobid: 164
    wildcards: RP_id=RP, NRP_id=NRP, chr=04

Submitted job 164 with external jobid 'Submitted batch job 23206984'.

[Thu Aug 19 10:54:47 2021]
rule SNPEff:
    input: results/MergeVCFs_RP_NRP_Chr13.vcf.gz, /scratch/nad7wf/miniconda/pkgs/snpeff-4.3.1t-0/share/snpeff-4.3.1t-0/snpEff.jar, /scratch/nad7wf/miniconda/pkgs/snpeff-4.3.1t-0/share/snpeff-4.3.1t-0/snpEff.config, /scratch/nad7wf/miniconda/pkgs/snpsift-4.3.1t-hdfd78af_3/share/snpsift-4.3.1t-3/SnpSift.jar, /scratch/nad7wf/miniconda/pkgs/snpeff-4.3.1t-0/share/snpeff-4.3.1t-0/scripts/vcfEffOnePerLine.pl
    output: results/SNPEff_Ann_RP_NRP_Chr13.txt.gz
    jobid: 153
    wildcards: chr=13
    resources: memory=30G

Submitted job 153 with external jobid 'Submitted batch job 23206985'.

[Thu Aug 19 10:54:47 2021]
rule SNPEff:
    input: results/MergeVCFs_RP_NRP_Chr15.vcf.gz, /scratch/nad7wf/miniconda/pkgs/snpeff-4.3.1t-0/share/snpeff-4.3.1t-0/snpEff.jar, /scratch/nad7wf/miniconda/pkgs/snpeff-4.3.1t-0/share/snpeff-4.3.1t-0/snpEff.config, /scratch/nad7wf/miniconda/pkgs/snpsift-4.3.1t-hdfd78af_3/share/snpsift-4.3.1t-3/SnpSift.jar, /scratch/nad7wf/miniconda/pkgs/snpeff-4.3.1t-0/share/snpeff-4.3.1t-0/scripts/vcfEffOnePerLine.pl
    output: results/SNPEff_Ann_RP_NRP_Chr15.txt.gz
    jobid: 155
    wildcards: chr=15
    resources: memory=30G

Submitted job 155 with external jobid 'Submitted batch job 23206986'.

[Thu Aug 19 10:54:47 2021]
rule SNPEff:
    input: results/MergeVCFs_RP_NRP_Chr17.vcf.gz, /scratch/nad7wf/miniconda/pkgs/snpeff-4.3.1t-0/share/snpeff-4.3.1t-0/snpEff.jar, /scratch/nad7wf/miniconda/pkgs/snpeff-4.3.1t-0/share/snpeff-4.3.1t-0/snpEff.config, /scratch/nad7wf/miniconda/pkgs/snpsift-4.3.1t-hdfd78af_3/share/snpsift-4.3.1t-3/SnpSift.jar, /scratch/nad7wf/miniconda/pkgs/snpeff-4.3.1t-0/share/snpeff-4.3.1t-0/scripts/vcfEffOnePerLine.pl
    output: results/SNPEff_Ann_RP_NRP_Chr17.txt.gz
    jobid: 157
    wildcards: chr=17
    resources: memory=30G

Submitted job 157 with external jobid 'Submitted batch job 23206987'.

[Thu Aug 19 10:54:47 2021]
rule SNPEff:
    input: results/MergeVCFs_RP_NRP_Chr11.vcf.gz, /scratch/nad7wf/miniconda/pkgs/snpeff-4.3.1t-0/share/snpeff-4.3.1t-0/snpEff.jar, /scratch/nad7wf/miniconda/pkgs/snpeff-4.3.1t-0/share/snpeff-4.3.1t-0/snpEff.config, /scratch/nad7wf/miniconda/pkgs/snpsift-4.3.1t-hdfd78af_3/share/snpsift-4.3.1t-3/SnpSift.jar, /scratch/nad7wf/miniconda/pkgs/snpeff-4.3.1t-0/share/snpeff-4.3.1t-0/scripts/vcfEffOnePerLine.pl
    output: results/SNPEff_Ann_RP_NRP_Chr11.txt.gz
    jobid: 151
    wildcards: chr=11
    resources: memory=30G

Submitted job 151 with external jobid 'Submitted batch job 23206988'.

[Thu Aug 19 10:54:47 2021]
rule SNPEff:
    input: results/MergeVCFs_RP_NRP_Chr06.vcf.gz, /scratch/nad7wf/miniconda/pkgs/snpeff-4.3.1t-0/share/snpeff-4.3.1t-0/snpEff.jar, /scratch/nad7wf/miniconda/pkgs/snpeff-4.3.1t-0/share/snpeff-4.3.1t-0/snpEff.config, /scratch/nad7wf/miniconda/pkgs/snpsift-4.3.1t-hdfd78af_3/share/snpsift-4.3.1t-3/SnpSift.jar, /scratch/nad7wf/miniconda/pkgs/snpeff-4.3.1t-0/share/snpeff-4.3.1t-0/scripts/vcfEffOnePerLine.pl
    output: results/SNPEff_Ann_RP_NRP_Chr06.txt.gz
    jobid: 146
    wildcards: chr=06
    resources: memory=30G

Submitted job 146 with external jobid 'Submitted batch job 23206989'.
[Thu Aug 19 11:11:47 2021]
Finished job 151.
1 of 40 steps (2%) done
Select jobs to execute...

[Thu Aug 19 11:11:47 2021]
rule AlleleAtlas:
    input: results/MergeVCFs_RP_NRP_Chr11.vcf.gz, results/SNPEff_Ann_RP_NRP_Chr11.txt.gz, resources/gff/Chr11.gff.gz, rules/custom/scripts/generate_allele_atlas.py
    output: results/AlleleAtlas_RP_NRP_Chr11.txt.gz, results/Bottleneck_genes_RP_NRP_Chr11.txt.gz, results/Housekeeping_genes_RP_NRP_Chr11.txt.gz
    jobid: 171
    wildcards: RP_id=RP, NRP_id=NRP, chr=11

Submitted job 171 with external jobid 'Submitted batch job 23207010'.
[Thu Aug 19 11:15:35 2021]
Finished job 157.
2 of 40 steps (5%) done
Select jobs to execute...

[Thu Aug 19 11:15:35 2021]
rule AlleleAtlas:
    input: results/MergeVCFs_RP_NRP_Chr17.vcf.gz, results/SNPEff_Ann_RP_NRP_Chr17.txt.gz, resources/gff/Chr17.gff.gz, rules/custom/scripts/generate_allele_atlas.py
    output: results/AlleleAtlas_RP_NRP_Chr17.txt.gz, results/Bottleneck_genes_RP_NRP_Chr17.txt.gz, results/Housekeeping_genes_RP_NRP_Chr17.txt.gz
    jobid: 177
    wildcards: RP_id=RP, NRP_id=NRP, chr=17

Submitted job 177 with external jobid 'Submitted batch job 23207013'.
[Thu Aug 19 11:18:59 2021]
Finished job 153.
3 of 40 steps (8%) done
Select jobs to execute...

[Thu Aug 19 11:18:59 2021]
rule AlleleAtlas:
    input: results/MergeVCFs_RP_NRP_Chr13.vcf.gz, results/SNPEff_Ann_RP_NRP_Chr13.txt.gz, resources/gff/Chr13.gff.gz, rules/custom/scripts/generate_allele_atlas.py
    output: results/AlleleAtlas_RP_NRP_Chr13.txt.gz, results/Bottleneck_genes_RP_NRP_Chr13.txt.gz, results/Housekeeping_genes_RP_NRP_Chr13.txt.gz
    jobid: 173
    wildcards: RP_id=RP, NRP_id=NRP, chr=13

Submitted job 173 with external jobid 'Submitted batch job 23207014'.
[Thu Aug 19 11:19:23 2021]
Finished job 164.
4 of 40 steps (10%) done
[Thu Aug 19 11:20:30 2021]
Finished job 149.
5 of 40 steps (12%) done
Select jobs to execute...

[Thu Aug 19 11:20:30 2021]
rule AlleleAtlas:
    input: results/MergeVCFs_RP_NRP_Chr09.vcf.gz, results/SNPEff_Ann_RP_NRP_Chr09.txt.gz, resources/gff/Chr09.gff.gz, rules/custom/scripts/generate_allele_atlas.py
    output: results/AlleleAtlas_RP_NRP_Chr09.txt.gz, results/Bottleneck_genes_RP_NRP_Chr09.txt.gz, results/Housekeeping_genes_RP_NRP_Chr09.txt.gz
    jobid: 169
    wildcards: RP_id=RP, NRP_id=NRP, chr=09

Submitted job 169 with external jobid 'Submitted batch job 23207017'.
[Thu Aug 19 11:21:03 2021]
Finished job 156.
6 of 40 steps (15%) done
Select jobs to execute...

[Thu Aug 19 11:21:03 2021]
rule AlleleAtlas:
    input: results/MergeVCFs_RP_NRP_Chr16.vcf.gz, results/SNPEff_Ann_RP_NRP_Chr16.txt.gz, resources/gff/Chr16.gff.gz, rules/custom/scripts/generate_allele_atlas.py
    output: results/AlleleAtlas_RP_NRP_Chr16.txt.gz, results/Bottleneck_genes_RP_NRP_Chr16.txt.gz, results/Housekeeping_genes_RP_NRP_Chr16.txt.gz
    jobid: 176
    wildcards: RP_id=RP, NRP_id=NRP, chr=16

Submitted job 176 with external jobid 'Submitted batch job 23207018'.
[Thu Aug 19 11:24:11 2021]
Finished job 155.
7 of 40 steps (18%) done
Select jobs to execute...

[Thu Aug 19 11:24:11 2021]
rule AlleleAtlas:
    input: results/MergeVCFs_RP_NRP_Chr15.vcf.gz, results/SNPEff_Ann_RP_NRP_Chr15.txt.gz, resources/gff/Chr15.gff.gz, rules/custom/scripts/generate_allele_atlas.py
    output: results/AlleleAtlas_RP_NRP_Chr15.txt.gz, results/Bottleneck_genes_RP_NRP_Chr15.txt.gz, results/Housekeeping_genes_RP_NRP_Chr15.txt.gz
    jobid: 175
    wildcards: RP_id=RP, NRP_id=NRP, chr=15

Submitted job 175 with external jobid 'Submitted batch job 23207029'.
[Thu Aug 19 11:25:05 2021]
Finished job 152.
8 of 40 steps (20%) done
Select jobs to execute...

[Thu Aug 19 11:25:05 2021]
rule AlleleAtlas:
    input: results/MergeVCFs_RP_NRP_Chr12.vcf.gz, results/SNPEff_Ann_RP_NRP_Chr12.txt.gz, resources/gff/Chr12.gff.gz, rules/custom/scripts/generate_allele_atlas.py
    output: results/AlleleAtlas_RP_NRP_Chr12.txt.gz, results/Bottleneck_genes_RP_NRP_Chr12.txt.gz, results/Housekeeping_genes_RP_NRP_Chr12.txt.gz
    jobid: 172
    wildcards: RP_id=RP, NRP_id=NRP, chr=12

Submitted job 172 with external jobid 'Submitted batch job 23207032'.
[Thu Aug 19 11:25:38 2021]
Finished job 145.
9 of 40 steps (22%) done
Select jobs to execute...

[Thu Aug 19 11:25:38 2021]
rule AlleleAtlas:
    input: results/MergeVCFs_RP_NRP_Chr05.vcf.gz, results/SNPEff_Ann_RP_NRP_Chr05.txt.gz, resources/gff/Chr05.gff.gz, rules/custom/scripts/generate_allele_atlas.py
    output: results/AlleleAtlas_RP_NRP_Chr05.txt.gz, results/Bottleneck_genes_RP_NRP_Chr05.txt.gz, results/Housekeeping_genes_RP_NRP_Chr05.txt.gz
    jobid: 165
    wildcards: RP_id=RP, NRP_id=NRP, chr=05

Submitted job 165 with external jobid 'Submitted batch job 23207034'.
[Thu Aug 19 11:26:44 2021]
Finished job 141.
10 of 40 steps (25%) done
Select jobs to execute...

[Thu Aug 19 11:26:44 2021]
rule AlleleAtlas:
    input: results/MergeVCFs_RP_NRP_Chr01.vcf.gz, results/SNPEff_Ann_RP_NRP_Chr01.txt.gz, resources/gff/Chr01.gff.gz, rules/custom/scripts/generate_allele_atlas.py
    output: results/AlleleAtlas_RP_NRP_Chr01.txt.gz, results/Bottleneck_genes_RP_NRP_Chr01.txt.gz, results/Housekeeping_genes_RP_NRP_Chr01.txt.gz
    jobid: 161
    wildcards: RP_id=RP, NRP_id=NRP, chr=01

Submitted job 161 with external jobid 'Submitted batch job 23207044'.
[Thu Aug 19 11:27:07 2021]
Finished job 142.
11 of 40 steps (28%) done
Select jobs to execute...

[Thu Aug 19 11:27:07 2021]
rule AlleleAtlas:
    input: results/MergeVCFs_RP_NRP_Chr02.vcf.gz, results/SNPEff_Ann_RP_NRP_Chr02.txt.gz, resources/gff/Chr02.gff.gz, rules/custom/scripts/generate_allele_atlas.py
    output: results/AlleleAtlas_RP_NRP_Chr02.txt.gz, results/Bottleneck_genes_RP_NRP_Chr02.txt.gz, results/Housekeeping_genes_RP_NRP_Chr02.txt.gz
    jobid: 162
    wildcards: RP_id=RP, NRP_id=NRP, chr=02

Submitted job 162 with external jobid 'Submitted batch job 23207045'.
[Thu Aug 19 11:27:18 2021]
Finished job 147.
12 of 40 steps (30%) done
Select jobs to execute...

[Thu Aug 19 11:27:19 2021]
rule AlleleAtlas:
    input: results/MergeVCFs_RP_NRP_Chr07.vcf.gz, results/SNPEff_Ann_RP_NRP_Chr07.txt.gz, resources/gff/Chr07.gff.gz, rules/custom/scripts/generate_allele_atlas.py
    output: results/AlleleAtlas_RP_NRP_Chr07.txt.gz, results/Bottleneck_genes_RP_NRP_Chr07.txt.gz, results/Housekeeping_genes_RP_NRP_Chr07.txt.gz
    jobid: 167
    wildcards: RP_id=RP, NRP_id=NRP, chr=07

Submitted job 167 with external jobid 'Submitted batch job 23207046'.
[Thu Aug 19 11:30:36 2021]
Finished job 160.
13 of 40 steps (32%) done
Select jobs to execute...

[Thu Aug 19 11:30:36 2021]
rule AlleleAtlas:
    input: results/MergeVCFs_RP_NRP_Chr20.vcf.gz, results/SNPEff_Ann_RP_NRP_Chr20.txt.gz, resources/gff/Chr20.gff.gz, rules/custom/scripts/generate_allele_atlas.py
    output: results/AlleleAtlas_RP_NRP_Chr20.txt.gz, results/Bottleneck_genes_RP_NRP_Chr20.txt.gz, results/Housekeeping_genes_RP_NRP_Chr20.txt.gz
    jobid: 180
    wildcards: RP_id=RP, NRP_id=NRP, chr=20

Submitted job 180 with external jobid 'Submitted batch job 23207060'.
[Thu Aug 19 11:30:37 2021]
Finished job 159.
14 of 40 steps (35%) done
Select jobs to execute...

[Thu Aug 19 11:30:37 2021]
rule AlleleAtlas:
    input: results/MergeVCFs_RP_NRP_Chr19.vcf.gz, results/SNPEff_Ann_RP_NRP_Chr19.txt.gz, resources/gff/Chr19.gff.gz, rules/custom/scripts/generate_allele_atlas.py
    output: results/AlleleAtlas_RP_NRP_Chr19.txt.gz, results/Bottleneck_genes_RP_NRP_Chr19.txt.gz, results/Housekeeping_genes_RP_NRP_Chr19.txt.gz
    jobid: 179
    wildcards: RP_id=RP, NRP_id=NRP, chr=19

Submitted job 179 with external jobid 'Submitted batch job 23207061'.
[Thu Aug 19 11:30:58 2021]
Finished job 148.
15 of 40 steps (38%) done
Select jobs to execute...

[Thu Aug 19 11:30:58 2021]
rule AlleleAtlas:
    input: results/MergeVCFs_RP_NRP_Chr08.vcf.gz, results/SNPEff_Ann_RP_NRP_Chr08.txt.gz, resources/gff/Chr08.gff.gz, rules/custom/scripts/generate_allele_atlas.py
    output: results/AlleleAtlas_RP_NRP_Chr08.txt.gz, results/Bottleneck_genes_RP_NRP_Chr08.txt.gz, results/Housekeeping_genes_RP_NRP_Chr08.txt.gz
    jobid: 168
    wildcards: RP_id=RP, NRP_id=NRP, chr=08

Submitted job 168 with external jobid 'Submitted batch job 23207062'.
[Thu Aug 19 11:32:04 2021]
Finished job 150.
16 of 40 steps (40%) done
Select jobs to execute...

[Thu Aug 19 11:32:04 2021]
rule AlleleAtlas:
    input: results/MergeVCFs_RP_NRP_Chr10.vcf.gz, results/SNPEff_Ann_RP_NRP_Chr10.txt.gz, resources/gff/Chr10.gff.gz, rules/custom/scripts/generate_allele_atlas.py
    output: results/AlleleAtlas_RP_NRP_Chr10.txt.gz, results/Bottleneck_genes_RP_NRP_Chr10.txt.gz, results/Housekeeping_genes_RP_NRP_Chr10.txt.gz
    jobid: 170
    wildcards: RP_id=RP, NRP_id=NRP, chr=10

Submitted job 170 with external jobid 'Submitted batch job 23207071'.
[Thu Aug 19 11:33:21 2021]
Finished job 154.
17 of 40 steps (42%) done
Select jobs to execute...

[Thu Aug 19 11:33:21 2021]
rule AlleleAtlas:
    input: results/MergeVCFs_RP_NRP_Chr14.vcf.gz, results/SNPEff_Ann_RP_NRP_Chr14.txt.gz, resources/gff/Chr14.gff.gz, rules/custom/scripts/generate_allele_atlas.py
    output: results/AlleleAtlas_RP_NRP_Chr14.txt.gz, results/Bottleneck_genes_RP_NRP_Chr14.txt.gz, results/Housekeeping_genes_RP_NRP_Chr14.txt.gz
    jobid: 174
    wildcards: RP_id=RP, NRP_id=NRP, chr=14

Submitted job 174 with external jobid 'Submitted batch job 23207072'.
[Thu Aug 19 11:34:39 2021]
Finished job 143.
18 of 40 steps (45%) done
Select jobs to execute...

[Thu Aug 19 11:34:39 2021]
rule AlleleAtlas:
    input: results/MergeVCFs_RP_NRP_Chr03.vcf.gz, results/SNPEff_Ann_RP_NRP_Chr03.txt.gz, resources/gff/Chr03.gff.gz, rules/custom/scripts/generate_allele_atlas.py
    output: results/AlleleAtlas_RP_NRP_Chr03.txt.gz, results/Bottleneck_genes_RP_NRP_Chr03.txt.gz, results/Housekeeping_genes_RP_NRP_Chr03.txt.gz
    jobid: 163
    wildcards: RP_id=RP, NRP_id=NRP, chr=03

Submitted job 163 with external jobid 'Submitted batch job 23207075'.
[Thu Aug 19 11:35:35 2021]
Finished job 146.
19 of 40 steps (48%) done
Select jobs to execute...

[Thu Aug 19 11:35:35 2021]
rule AlleleAtlas:
    input: results/MergeVCFs_RP_NRP_Chr06.vcf.gz, results/SNPEff_Ann_RP_NRP_Chr06.txt.gz, resources/gff/Chr06.gff.gz, rules/custom/scripts/generate_allele_atlas.py
    output: results/AlleleAtlas_RP_NRP_Chr06.txt.gz, results/Bottleneck_genes_RP_NRP_Chr06.txt.gz, results/Housekeeping_genes_RP_NRP_Chr06.txt.gz
    jobid: 166
    wildcards: RP_id=RP, NRP_id=NRP, chr=06

Submitted job 166 with external jobid 'Submitted batch job 23207077'.
[Thu Aug 19 11:36:19 2021]
Finished job 171.
20 of 40 steps (50%) done
[Thu Aug 19 11:36:19 2021]
Finished job 177.
21 of 40 steps (52%) done
[Thu Aug 19 11:44:01 2021]
Finished job 165.
22 of 40 steps (55%) done
[Thu Aug 19 11:44:35 2021]
Finished job 169.
23 of 40 steps (57%) done
[Thu Aug 19 11:46:13 2021]
Finished job 158.
24 of 40 steps (60%) done
Select jobs to execute...

[Thu Aug 19 11:46:13 2021]
rule AlleleAtlas:
    input: results/MergeVCFs_RP_NRP_Chr18.vcf.gz, results/SNPEff_Ann_RP_NRP_Chr18.txt.gz, resources/gff/Chr18.gff.gz, rules/custom/scripts/generate_allele_atlas.py
    output: results/AlleleAtlas_RP_NRP_Chr18.txt.gz, results/Bottleneck_genes_RP_NRP_Chr18.txt.gz, results/Housekeeping_genes_RP_NRP_Chr18.txt.gz
    jobid: 178
    wildcards: RP_id=RP, NRP_id=NRP, chr=18

Submitted job 178 with external jobid 'Submitted batch job 23207128'.
[Thu Aug 19 11:48:25 2021]
Finished job 161.
25 of 40 steps (62%) done
[Thu Aug 19 11:48:26 2021]
Finished job 162.
26 of 40 steps (65%) done
[Thu Aug 19 11:49:33 2021]
Finished job 167.
27 of 40 steps (68%) done
[Thu Aug 19 11:51:44 2021]
Finished job 172.
28 of 40 steps (70%) done
[Thu Aug 19 11:53:12 2021]
Finished job 174.
29 of 40 steps (72%) done
[Thu Aug 19 11:59:52 2021]
Finished job 173.
30 of 40 steps (75%) done
[Thu Aug 19 12:01:52 2021]
Finished job 176.
31 of 40 steps (78%) done
[Thu Aug 19 12:02:02 2021]
Finished job 166.
32 of 40 steps (80%) done
[Thu Aug 19 12:03:02 2021]
Finished job 180.
33 of 40 steps (82%) done
[Thu Aug 19 12:03:42 2021]
Finished job 179.
34 of 40 steps (85%) done
[Thu Aug 19 12:05:22 2021]
Finished job 170.
35 of 40 steps (88%) done
[Thu Aug 19 12:08:43 2021]
Finished job 175.
36 of 40 steps (90%) done
[Thu Aug 19 12:09:23 2021]
Finished job 168.
37 of 40 steps (92%) done
[Thu Aug 19 12:16:04 2021]
Finished job 163.
38 of 40 steps (95%) done
[Thu Aug 19 12:21:24 2021]
Finished job 178.
39 of 40 steps (98%) done
Select jobs to execute...

[Thu Aug 19 12:21:24 2021]
localrule all:
    input: results/RenameSamples_RP_Chr01.vcf.gz, results/RenameSamples_RP_Chr02.vcf.gz, results/RenameSamples_RP_Chr03.vcf.gz, results/RenameSamples_RP_Chr04.vcf.gz, results/RenameSamples_RP_Chr05.vcf.gz, results/RenameSamples_RP_Chr06.vcf.gz, results/RenameSamples_RP_Chr07.vcf.gz, results/RenameSamples_RP_Chr08.vcf.gz, results/RenameSamples_RP_Chr09.vcf.gz, results/RenameSamples_RP_Chr10.vcf.gz, results/RenameSamples_RP_Chr11.vcf.gz, results/RenameSamples_RP_Chr12.vcf.gz, results/RenameSamples_RP_Chr13.vcf.gz, results/RenameSamples_RP_Chr14.vcf.gz, results/RenameSamples_RP_Chr15.vcf.gz, results/RenameSamples_RP_Chr16.vcf.gz, results/RenameSamples_RP_Chr17.vcf.gz, results/RenameSamples_RP_Chr18.vcf.gz, results/RenameSamples_RP_Chr19.vcf.gz, results/RenameSamples_RP_Chr20.vcf.gz, results/RenameSamples_NRP_Chr01.vcf.gz, results/RenameSamples_NRP_Chr02.vcf.gz, results/RenameSamples_NRP_Chr03.vcf.gz, results/RenameSamples_NRP_Chr04.vcf.gz, results/RenameSamples_NRP_Chr05.vcf.gz, results/RenameSamples_NRP_Chr06.vcf.gz, results/RenameSamples_NRP_Chr07.vcf.gz, results/RenameSamples_NRP_Chr08.vcf.gz, results/RenameSamples_NRP_Chr09.vcf.gz, results/RenameSamples_NRP_Chr10.vcf.gz, results/RenameSamples_NRP_Chr11.vcf.gz, results/RenameSamples_NRP_Chr12.vcf.gz, results/RenameSamples_NRP_Chr13.vcf.gz, results/RenameSamples_NRP_Chr14.vcf.gz, results/RenameSamples_NRP_Chr15.vcf.gz, results/RenameSamples_NRP_Chr16.vcf.gz, results/RenameSamples_NRP_Chr17.vcf.gz, results/RenameSamples_NRP_Chr18.vcf.gz, results/RenameSamples_NRP_Chr19.vcf.gz, results/RenameSamples_NRP_Chr20.vcf.gz, results/Preformat_RP_Chr01.vcf.gz, results/Preformat_RP_Chr02.vcf.gz, results/Preformat_RP_Chr03.vcf.gz, results/Preformat_RP_Chr04.vcf.gz, results/Preformat_RP_Chr05.vcf.gz, results/Preformat_RP_Chr06.vcf.gz, results/Preformat_RP_Chr07.vcf.gz, results/Preformat_RP_Chr08.vcf.gz, results/Preformat_RP_Chr09.vcf.gz, results/Preformat_RP_Chr10.vcf.gz, results/Preformat_RP_Chr11.vcf.gz, results/Preformat_RP_Chr12.vcf.gz, results/Preformat_RP_Chr13.vcf.gz, results/Preformat_RP_Chr14.vcf.gz, results/Preformat_RP_Chr15.vcf.gz, results/Preformat_RP_Chr16.vcf.gz, results/Preformat_RP_Chr17.vcf.gz, results/Preformat_RP_Chr18.vcf.gz, results/Preformat_RP_Chr19.vcf.gz, results/Preformat_RP_Chr20.vcf.gz, results/Preformat_NRP_Chr01.vcf.gz, results/Preformat_NRP_Chr02.vcf.gz, results/Preformat_NRP_Chr03.vcf.gz, results/Preformat_NRP_Chr04.vcf.gz, results/Preformat_NRP_Chr05.vcf.gz, results/Preformat_NRP_Chr06.vcf.gz, results/Preformat_NRP_Chr07.vcf.gz, results/Preformat_NRP_Chr08.vcf.gz, results/Preformat_NRP_Chr09.vcf.gz, results/Preformat_NRP_Chr10.vcf.gz, results/Preformat_NRP_Chr11.vcf.gz, results/Preformat_NRP_Chr12.vcf.gz, results/Preformat_NRP_Chr13.vcf.gz, results/Preformat_NRP_Chr14.vcf.gz, results/Preformat_NRP_Chr15.vcf.gz, results/Preformat_NRP_Chr16.vcf.gz, results/Preformat_NRP_Chr17.vcf.gz, results/Preformat_NRP_Chr18.vcf.gz, results/Preformat_NRP_Chr19.vcf.gz, results/Preformat_NRP_Chr20.vcf.gz, results/ImputeRP_RP_Chr01.vcf.gz, results/ImputeRP_RP_Chr02.vcf.gz, results/ImputeRP_RP_Chr03.vcf.gz, results/ImputeRP_RP_Chr04.vcf.gz, results/ImputeRP_RP_Chr05.vcf.gz, results/ImputeRP_RP_Chr06.vcf.gz, results/ImputeRP_RP_Chr07.vcf.gz, results/ImputeRP_RP_Chr08.vcf.gz, results/ImputeRP_RP_Chr09.vcf.gz, results/ImputeRP_RP_Chr10.vcf.gz, results/ImputeRP_RP_Chr11.vcf.gz, results/ImputeRP_RP_Chr12.vcf.gz, results/ImputeRP_RP_Chr13.vcf.gz, results/ImputeRP_RP_Chr14.vcf.gz, results/ImputeRP_RP_Chr15.vcf.gz, results/ImputeRP_RP_Chr16.vcf.gz, results/ImputeRP_RP_Chr17.vcf.gz, results/ImputeRP_RP_Chr18.vcf.gz, results/ImputeRP_RP_Chr19.vcf.gz, results/ImputeRP_RP_Chr20.vcf.gz, results/ImputeNRP_NRP_Chr01.vcf.gz, results/ImputeNRP_NRP_Chr02.vcf.gz, results/ImputeNRP_NRP_Chr03.vcf.gz, results/ImputeNRP_NRP_Chr04.vcf.gz, results/ImputeNRP_NRP_Chr05.vcf.gz, results/ImputeNRP_NRP_Chr06.vcf.gz, results/ImputeNRP_NRP_Chr07.vcf.gz, results/ImputeNRP_NRP_Chr08.vcf.gz, results/ImputeNRP_NRP_Chr09.vcf.gz, results/ImputeNRP_NRP_Chr10.vcf.gz, results/ImputeNRP_NRP_Chr11.vcf.gz, results/ImputeNRP_NRP_Chr12.vcf.gz, results/ImputeNRP_NRP_Chr13.vcf.gz, results/ImputeNRP_NRP_Chr14.vcf.gz, results/ImputeNRP_NRP_Chr15.vcf.gz, results/ImputeNRP_NRP_Chr16.vcf.gz, results/ImputeNRP_NRP_Chr17.vcf.gz, results/ImputeNRP_NRP_Chr18.vcf.gz, results/ImputeNRP_NRP_Chr19.vcf.gz, results/ImputeNRP_NRP_Chr20.vcf.gz, results/MergeVCFs_RP_NRP_Chr01.vcf.gz, results/MergeVCFs_RP_NRP_Chr02.vcf.gz, results/MergeVCFs_RP_NRP_Chr03.vcf.gz, results/MergeVCFs_RP_NRP_Chr04.vcf.gz, results/MergeVCFs_RP_NRP_Chr05.vcf.gz, results/MergeVCFs_RP_NRP_Chr06.vcf.gz, results/MergeVCFs_RP_NRP_Chr07.vcf.gz, results/MergeVCFs_RP_NRP_Chr08.vcf.gz, results/MergeVCFs_RP_NRP_Chr09.vcf.gz, results/MergeVCFs_RP_NRP_Chr10.vcf.gz, results/MergeVCFs_RP_NRP_Chr11.vcf.gz, results/MergeVCFs_RP_NRP_Chr12.vcf.gz, results/MergeVCFs_RP_NRP_Chr13.vcf.gz, results/MergeVCFs_RP_NRP_Chr14.vcf.gz, results/MergeVCFs_RP_NRP_Chr15.vcf.gz, results/MergeVCFs_RP_NRP_Chr16.vcf.gz, results/MergeVCFs_RP_NRP_Chr17.vcf.gz, results/MergeVCFs_RP_NRP_Chr18.vcf.gz, results/MergeVCFs_RP_NRP_Chr19.vcf.gz, results/MergeVCFs_RP_NRP_Chr20.vcf.gz, results/SNPEff_Ann_RP_NRP_Chr01.txt.gz, results/SNPEff_Ann_RP_NRP_Chr02.txt.gz, results/SNPEff_Ann_RP_NRP_Chr03.txt.gz, results/SNPEff_Ann_RP_NRP_Chr04.txt.gz, results/SNPEff_Ann_RP_NRP_Chr05.txt.gz, results/SNPEff_Ann_RP_NRP_Chr06.txt.gz, results/SNPEff_Ann_RP_NRP_Chr07.txt.gz, results/SNPEff_Ann_RP_NRP_Chr08.txt.gz, results/SNPEff_Ann_RP_NRP_Chr09.txt.gz, results/SNPEff_Ann_RP_NRP_Chr10.txt.gz, results/SNPEff_Ann_RP_NRP_Chr11.txt.gz, results/SNPEff_Ann_RP_NRP_Chr12.txt.gz, results/SNPEff_Ann_RP_NRP_Chr13.txt.gz, results/SNPEff_Ann_RP_NRP_Chr14.txt.gz, results/SNPEff_Ann_RP_NRP_Chr15.txt.gz, results/SNPEff_Ann_RP_NRP_Chr16.txt.gz, results/SNPEff_Ann_RP_NRP_Chr17.txt.gz, results/SNPEff_Ann_RP_NRP_Chr18.txt.gz, results/SNPEff_Ann_RP_NRP_Chr19.txt.gz, results/SNPEff_Ann_RP_NRP_Chr20.txt.gz, results/AlleleAtlas_RP_NRP_Chr01.txt.gz, results/AlleleAtlas_RP_NRP_Chr02.txt.gz, results/AlleleAtlas_RP_NRP_Chr03.txt.gz, results/AlleleAtlas_RP_NRP_Chr04.txt.gz, results/AlleleAtlas_RP_NRP_Chr05.txt.gz, results/AlleleAtlas_RP_NRP_Chr06.txt.gz, results/AlleleAtlas_RP_NRP_Chr07.txt.gz, results/AlleleAtlas_RP_NRP_Chr08.txt.gz, results/AlleleAtlas_RP_NRP_Chr09.txt.gz, results/AlleleAtlas_RP_NRP_Chr10.txt.gz, results/AlleleAtlas_RP_NRP_Chr11.txt.gz, results/AlleleAtlas_RP_NRP_Chr12.txt.gz, results/AlleleAtlas_RP_NRP_Chr13.txt.gz, results/AlleleAtlas_RP_NRP_Chr14.txt.gz, results/AlleleAtlas_RP_NRP_Chr15.txt.gz, results/AlleleAtlas_RP_NRP_Chr16.txt.gz, results/AlleleAtlas_RP_NRP_Chr17.txt.gz, results/AlleleAtlas_RP_NRP_Chr18.txt.gz, results/AlleleAtlas_RP_NRP_Chr19.txt.gz, results/AlleleAtlas_RP_NRP_Chr20.txt.gz, results/Bottleneck_genes_RP_NRP_Chr01.txt.gz, results/Bottleneck_genes_RP_NRP_Chr02.txt.gz, results/Bottleneck_genes_RP_NRP_Chr03.txt.gz, results/Bottleneck_genes_RP_NRP_Chr04.txt.gz, results/Bottleneck_genes_RP_NRP_Chr05.txt.gz, results/Bottleneck_genes_RP_NRP_Chr06.txt.gz, results/Bottleneck_genes_RP_NRP_Chr07.txt.gz, results/Bottleneck_genes_RP_NRP_Chr08.txt.gz, results/Bottleneck_genes_RP_NRP_Chr09.txt.gz, results/Bottleneck_genes_RP_NRP_Chr10.txt.gz, results/Bottleneck_genes_RP_NRP_Chr11.txt.gz, results/Bottleneck_genes_RP_NRP_Chr12.txt.gz, results/Bottleneck_genes_RP_NRP_Chr13.txt.gz, results/Bottleneck_genes_RP_NRP_Chr14.txt.gz, results/Bottleneck_genes_RP_NRP_Chr15.txt.gz, results/Bottleneck_genes_RP_NRP_Chr16.txt.gz, results/Bottleneck_genes_RP_NRP_Chr17.txt.gz, results/Bottleneck_genes_RP_NRP_Chr18.txt.gz, results/Bottleneck_genes_RP_NRP_Chr19.txt.gz, results/Bottleneck_genes_RP_NRP_Chr20.txt.gz, results/Housekeeping_genes_RP_NRP_Chr01.txt.gz, results/Housekeeping_genes_RP_NRP_Chr02.txt.gz, results/Housekeeping_genes_RP_NRP_Chr03.txt.gz, results/Housekeeping_genes_RP_NRP_Chr04.txt.gz, results/Housekeeping_genes_RP_NRP_Chr05.txt.gz, results/Housekeeping_genes_RP_NRP_Chr06.txt.gz, results/Housekeeping_genes_RP_NRP_Chr07.txt.gz, results/Housekeeping_genes_RP_NRP_Chr08.txt.gz, results/Housekeeping_genes_RP_NRP_Chr09.txt.gz, results/Housekeeping_genes_RP_NRP_Chr10.txt.gz, results/Housekeeping_genes_RP_NRP_Chr11.txt.gz, results/Housekeeping_genes_RP_NRP_Chr12.txt.gz, results/Housekeeping_genes_RP_NRP_Chr13.txt.gz, results/Housekeeping_genes_RP_NRP_Chr14.txt.gz, results/Housekeeping_genes_RP_NRP_Chr15.txt.gz, results/Housekeeping_genes_RP_NRP_Chr16.txt.gz, results/Housekeeping_genes_RP_NRP_Chr17.txt.gz, results/Housekeeping_genes_RP_NRP_Chr18.txt.gz, results/Housekeeping_genes_RP_NRP_Chr19.txt.gz, results/Housekeeping_genes_RP_NRP_Chr20.txt.gz
    jobid: 0

[Thu Aug 19 12:21:24 2021]
Finished job 0.
40 of 40 steps (100%) done
Complete log: /storage/hpc/group/bilyeu/nad7wf/allele_atlas_pipeline/.snakemake/log/2021-08-19T105446.186739.snakemake.log
