Building DAG of jobs...
Using shell: /usr/bin/bash
Provided cluster nodes: 50
Job counts:
	count	jobs
	1	AlleleAtlas
	2	ImputeNRP
	2	ImputeRP
	1	MergeVCFs
	1	PreformatNRP
	1	PreformatRP
	2	RenameSamples
	1	SNPEff
	2	SplitVCF
	1	all
	14
Select jobs to execute...

[Tue Jun 29 18:55:43 2021]
rule RenameSamples:
    input: resources/RP/RP_Chr01.vcf.gz, resources/RP/RP_sample_name_correspondence_file.txt
    output: results/RenameSamples_RP_Chr01.vcf.gz
    jobid: 1
    wildcards: id=RP, chr=01

Submitted job 1 with external jobid 'Submitted batch job 22957528'.

[Tue Jun 29 18:55:43 2021]
rule RenameSamples:
    input: resources/NRP/NRP_Chr01.vcf.gz, resources/NRP/NRP_sample_name_correspondence_file.txt
    output: results/RenameSamples_NRP_Chr01.vcf.gz
    jobid: 2
    wildcards: id=NRP, chr=01

Submitted job 2 with external jobid 'Submitted batch job 22957529'.
[Tue Jun 29 19:01:53 2021]
Finished job 2.
1 of 14 steps (7%) done
[Tue Jun 29 19:09:04 2021]
Finished job 1.
2 of 14 steps (14%) done
Select jobs to execute...

[Tue Jun 29 19:09:04 2021]
rule PreformatRP:
    input: results/RenameSamples_RP_Chr01.vcf.gz
    output: results/Preformat_RP_Chr01.vcf.gz
    jobid: 3
    wildcards: chr=01

Submitted job 3 with external jobid 'Submitted batch job 22957541'.
[Tue Jun 29 19:22:14 2021]
Finished job 3.
3 of 14 steps (21%) done
Select jobs to execute...

[Tue Jun 29 19:22:14 2021]
rule SplitVCF:
    input: results/Preformat_RP_Chr01.vcf.gz, resources/beagle/splitvcf.jar
    output: results/SplitVCF_RP_Chr01.1.vcf.gz, results/SplitVCF_RP_Chr01.2.vcf.gz
    jobid: 5
    wildcards: id=RP, chr=01

Submitted job 5 with external jobid 'Submitted batch job 22957555'.

[Tue Jun 29 19:22:14 2021]
rule PreformatNRP:
    input: results/RenameSamples_NRP_Chr01.vcf.gz, results/Preformat_RP_Chr01.vcf.gz
    output: results/Preformat_NRP_Chr01.vcf.gz
    jobid: 4
    wildcards: chr=01

Submitted job 4 with external jobid 'Submitted batch job 22957556'.
[Tue Jun 29 19:30:25 2021]
Finished job 4.
4 of 14 steps (29%) done
Select jobs to execute...

[Tue Jun 29 19:30:25 2021]
rule SplitVCF:
    input: results/Preformat_NRP_Chr01.vcf.gz, resources/beagle/splitvcf.jar
    output: results/SplitVCF_NRP_Chr01.1.vcf.gz, results/SplitVCF_NRP_Chr01.2.vcf.gz
    jobid: 6
    wildcards: id=NRP, chr=01

Submitted job 6 with external jobid 'Submitted batch job 22957562'.
[Tue Jun 29 19:39:55 2021]
Finished job 5.
5 of 14 steps (36%) done
Select jobs to execute...

[Tue Jun 29 19:39:55 2021]
rule ImputeRP:
    input: results/SplitVCF_RP_Chr01.1.vcf.gz
    output: results/ImputeRP_RP_Chr01.1.vcf.gz
    jobid: 7
    wildcards: chr=01, subset=1
    resources: memory=200G, threads=15

Submitted job 7 with external jobid 'Submitted batch job 22957563'.

[Tue Jun 29 19:39:56 2021]
rule ImputeRP:
    input: results/SplitVCF_RP_Chr01.2.vcf.gz
    output: results/ImputeRP_RP_Chr01.2.vcf.gz
    jobid: 8
    wildcards: chr=01, subset=2
    resources: memory=200G, threads=15

Submitted job 8 with external jobid 'Submitted batch job 22957564'.
[Tue Jun 29 19:41:56 2021]
Finished job 6.
6 of 14 steps (43%) done
[Wed Jun 30 00:11:29 2021]
Finished job 7.
7 of 14 steps (50%) done
Select jobs to execute...

[Wed Jun 30 00:11:29 2021]
rule ImputeNRP:
    input: results/SplitVCF_NRP_Chr01.1.vcf.gz, results/ImputeRP_RP_Chr01.1.vcf.gz
    output: results/ImputeNRP_NRP_Chr01.1.vcf.gz
    jobid: 9
    wildcards: chr=01, subset=1
    resources: memory=200G, threads=1

Submitted job 9 with external jobid 'Submitted batch job 22958458'.
[Wed Jun 30 00:11:59 2021]
Finished job 8.
8 of 14 steps (57%) done
Select jobs to execute...

[Wed Jun 30 00:11:59 2021]
rule ImputeNRP:
    input: results/SplitVCF_NRP_Chr01.2.vcf.gz, results/ImputeRP_RP_Chr01.2.vcf.gz
    output: results/ImputeNRP_NRP_Chr01.2.vcf.gz
    jobid: 10
    wildcards: chr=01, subset=2
    resources: memory=200G, threads=1

Submitted job 10 with external jobid 'Submitted batch job 22958459'.
[Wed Jun 30 00:21:10 2021]
Finished job 9.
9 of 14 steps (64%) done
[Wed Jun 30 00:22:00 2021]
Finished job 10.
10 of 14 steps (71%) done
Select jobs to execute...

[Wed Jun 30 00:22:00 2021]
rule MergeVCFs:
    input: results/ImputeRP_RP_Chr01.1.vcf.gz, results/ImputeRP_RP_Chr01.2.vcf.gz, results/ImputeNRP_NRP_Chr01.1.vcf.gz, results/ImputeNRP_NRP_Chr01.2.vcf.gz, resources/beagle/mergevcf.jar
    output: results/MergeVCFs_RP_Chr01.vcf.gz, results/MergeVCFs_NRP_Chr01.vcf.gz, results/MergeVCFs_RP_NRP_Chr01.vcf.gz
    jobid: 11
    wildcards: chr=01

Submitted job 11 with external jobid 'Submitted batch job 22958465'.
[Wed Jun 30 00:24:20 2021]
Finished job 11.
11 of 14 steps (79%) done
Select jobs to execute...

[Wed Jun 30 00:24:20 2021]
rule SNPEff:
    input: results/MergeVCFs_RP_NRP_Chr01.vcf.gz, /scratch/nad7wf/miniconda/pkgs/snpeff-5.0-hdfd78af_1/share/snpeff-5.0-1/snpEff.jar, /scratch/nad7wf/miniconda/pkgs/snpeff-5.0-hdfd78af_1/share/snpeff-5.0-1/snpEff.config, /scratch/nad7wf/miniconda/pkgs/snpsift-4.3.1t-hdfd78af_3/share/snpsift-4.3.1t-3/SnpSift.jar, /scratch/nad7wf/miniconda/pkgs/snpeff-5.0-hdfd78af_1/share/snpeff-5.0-1/scripts/vcfEffOnePerLine.pl
    output: results/SNPEff_Ann_RP_NRP_Chr01.txt.gz
    jobid: 12
    wildcards: chr=01
    resources: memory=30G

Submitted job 12 with external jobid 'Submitted batch job 22958466'.
[Wed Jun 30 00:28:50 2021]
Finished job 12.
12 of 14 steps (86%) done
Select jobs to execute...

[Wed Jun 30 00:28:50 2021]
rule AlleleAtlas:
    input: results/MergeVCFs_RP_NRP_Chr01.vcf.gz, results/SNPEff_Ann_RP_NRP_Chr01.txt.gz, resources/Gmax_v2.gff.gz, rules/custom/scripts/generate_allele_atlas.py
    output: results/AlleleAtlas_RP_NRP_Chr01.txt.gz, results/Bottleneck_genes_RP_NRP_Chr01.txt.gz, results/Housekeeping_genes_RP_NRP_Chr01.txt.gz
    jobid: 13
    wildcards: RP_id=RP, NRP_id=NRP, chr=01

Submitted job 13 with external jobid 'Submitted batch job 22958467'.
[Wed Jun 30 00:39:21 2021]
Finished job 13.
13 of 14 steps (93%) done
Select jobs to execute...

[Wed Jun 30 00:39:21 2021]
localrule all:
    input: results/RenameSamples_RP_Chr01.vcf.gz, results/RenameSamples_NRP_Chr01.vcf.gz, results/Preformat_RP_Chr01.vcf.gz, results/Preformat_NRP_Chr01.vcf.gz, results/SplitVCF_RP_Chr01.1.vcf.gz, results/SplitVCF_RP_Chr01.2.vcf.gz, results/SplitVCF_NRP_Chr01.1.vcf.gz, results/SplitVCF_NRP_Chr01.2.vcf.gz, results/ImputeRP_RP_Chr01.1.vcf.gz, results/ImputeRP_RP_Chr01.2.vcf.gz, results/ImputeNRP_NRP_Chr01.1.vcf.gz, results/ImputeNRP_NRP_Chr01.2.vcf.gz, results/MergeVCFs_RP_NRP_Chr01.vcf.gz, results/SNPEff_Ann_RP_NRP_Chr01.txt.gz, results/AlleleAtlas_RP_NRP_Chr01.txt.gz, results/Bottleneck_genes_RP_NRP_Chr01.txt.gz, results/Housekeeping_genes_RP_NRP_Chr01.txt.gz
    jobid: 0

[Wed Jun 30 00:39:21 2021]
Finished job 0.
14 of 14 steps (100%) done
Complete log: /storage/hpc/group/bilyeu/nad7wf/allele_atlas_pipeline/.snakemake/log/2021-06-29T185542.818210.snakemake.log
