Building DAG of jobs...
Using shell: /usr/bin/bash
Provided cluster nodes: 100
Job counts:
	count	jobs
	18	AlleleAtlas
	18	ImputeNRP
	8	ImputeRP
	18	MergeVCFs
	18	SNPEff
	1	all
	81
Select jobs to execute...

[Tue Jul 20 15:48:51 2021]
rule ImputeRP:
    input: results/Preformat_RP_Chr10.vcf.gz
    output: results/ImputeRP_RP_Chr10.vcf.gz, results/beagle/ImputeRP_RP_Chr10
    jobid: 90
    wildcards: chr=10
    resources: memory=65, threads=15

Submitted job 90 with external jobid 'Submitted batch job 23088945'.

[Tue Jul 20 15:48:53 2021]
rule ImputeNRP:
    input: results/Preformat_NRP_Chr05.vcf.gz, results/ImputeRP_RP_Chr05.vcf.gz
    output: results/ImputeNRP_NRP_Chr05.vcf.gz, results/beagle/ImputeNRP_NRP_Chr05
    jobid: 105
    wildcards: chr=05
    resources: memory=65, threads=15

Submitted job 105 with external jobid 'Submitted batch job 23088946'.

[Tue Jul 20 15:48:54 2021]
rule ImputeNRP:
    input: results/Preformat_NRP_Chr07.vcf.gz, results/ImputeRP_RP_Chr07.vcf.gz
    output: results/ImputeNRP_NRP_Chr07.vcf.gz, results/beagle/ImputeNRP_NRP_Chr07
    jobid: 107
    wildcards: chr=07
    resources: memory=65, threads=15

Submitted job 107 with external jobid 'Submitted batch job 23088947'.

[Tue Jul 20 15:48:54 2021]
rule ImputeRP:
    input: results/Preformat_RP_Chr16.vcf.gz
    output: results/ImputeRP_RP_Chr16.vcf.gz, results/beagle/ImputeRP_RP_Chr16
    jobid: 96
    wildcards: chr=16
    resources: memory=65, threads=15

Submitted job 96 with external jobid 'Submitted batch job 23088948'.

[Tue Jul 20 15:48:54 2021]
rule ImputeNRP:
    input: results/Preformat_NRP_Chr11.vcf.gz, results/ImputeRP_RP_Chr11.vcf.gz
    output: results/ImputeNRP_NRP_Chr11.vcf.gz, results/beagle/ImputeNRP_NRP_Chr11
    jobid: 111
    wildcards: chr=11
    resources: memory=65, threads=15

Submitted job 111 with external jobid 'Submitted batch job 23088949'.

[Tue Jul 20 15:48:56 2021]
rule ImputeRP:
    input: results/Preformat_RP_Chr03.vcf.gz
    output: results/ImputeRP_RP_Chr03.vcf.gz, results/beagle/ImputeRP_RP_Chr03
    jobid: 83
    wildcards: chr=03
    resources: memory=65, threads=15

Submitted job 83 with external jobid 'Submitted batch job 23088950'.

[Tue Jul 20 15:48:56 2021]
rule ImputeRP:
    input: results/Preformat_RP_Chr18.vcf.gz
    output: results/ImputeRP_RP_Chr18.vcf.gz, results/beagle/ImputeRP_RP_Chr18
    jobid: 98
    wildcards: chr=18
    resources: memory=65, threads=15

Submitted job 98 with external jobid 'Submitted batch job 23088951'.

[Tue Jul 20 15:48:56 2021]
rule ImputeRP:
    input: results/Preformat_RP_Chr20.vcf.gz
    output: results/ImputeRP_RP_Chr20.vcf.gz, results/beagle/ImputeRP_RP_Chr20
    jobid: 100
    wildcards: chr=20
    resources: memory=65, threads=15

Submitted job 100 with external jobid 'Submitted batch job 23088952'.

[Tue Jul 20 15:48:56 2021]
rule ImputeNRP:
    input: results/Preformat_NRP_Chr09.vcf.gz, results/ImputeRP_RP_Chr09.vcf.gz
    output: results/ImputeNRP_NRP_Chr09.vcf.gz, results/beagle/ImputeNRP_NRP_Chr09
    jobid: 109
    wildcards: chr=09
    resources: memory=65, threads=15

Submitted job 109 with external jobid 'Submitted batch job 23088953'.

[Tue Jul 20 15:48:56 2021]
rule ImputeNRP:
    input: results/Preformat_NRP_Chr02.vcf.gz, results/ImputeRP_RP_Chr02.vcf.gz
    output: results/ImputeNRP_NRP_Chr02.vcf.gz, results/beagle/ImputeNRP_NRP_Chr02
    jobid: 102
    wildcards: chr=02
    resources: memory=65, threads=15

Submitted job 102 with external jobid 'Submitted batch job 23088954'.

[Tue Jul 20 15:48:56 2021]
rule ImputeNRP:
    input: results/Preformat_NRP_Chr17.vcf.gz, results/ImputeRP_RP_Chr17.vcf.gz
    output: results/ImputeNRP_NRP_Chr17.vcf.gz, results/beagle/ImputeNRP_NRP_Chr17
    jobid: 117
    wildcards: chr=17
    resources: memory=65, threads=15

Submitted job 117 with external jobid 'Submitted batch job 23088955'.

[Tue Jul 20 15:48:56 2021]
rule ImputeRP:
    input: results/Preformat_RP_Chr13.vcf.gz
    output: results/ImputeRP_RP_Chr13.vcf.gz, results/beagle/ImputeRP_RP_Chr13
    jobid: 93
    wildcards: chr=13
    resources: memory=65, threads=15

Submitted job 93 with external jobid 'Submitted batch job 23088956'.

[Tue Jul 20 15:48:58 2021]
rule ImputeNRP:
    input: results/Preformat_NRP_Chr04.vcf.gz, results/ImputeRP_RP_Chr04.vcf.gz
    output: results/ImputeNRP_NRP_Chr04.vcf.gz, results/beagle/ImputeNRP_NRP_Chr04
    jobid: 104
    wildcards: chr=04
    resources: memory=65, threads=15

Submitted job 104 with external jobid 'Submitted batch job 23088957'.

[Tue Jul 20 15:48:58 2021]
rule ImputeNRP:
    input: results/Preformat_NRP_Chr08.vcf.gz, results/ImputeRP_RP_Chr08.vcf.gz
    output: results/ImputeNRP_NRP_Chr08.vcf.gz, results/beagle/ImputeNRP_NRP_Chr08
    jobid: 108
    wildcards: chr=08
    resources: memory=65, threads=15

Submitted job 108 with external jobid 'Submitted batch job 23088958'.

[Tue Jul 20 15:48:58 2021]
rule ImputeRP:
    input: results/Preformat_RP_Chr15.vcf.gz
    output: results/ImputeRP_RP_Chr15.vcf.gz, results/beagle/ImputeRP_RP_Chr15
    jobid: 95
    wildcards: chr=15
    resources: memory=65, threads=15

Submitted job 95 with external jobid 'Submitted batch job 23088959'.

[Tue Jul 20 15:48:58 2021]
rule ImputeNRP:
    input: results/Preformat_NRP_Chr12.vcf.gz, results/ImputeRP_RP_Chr12.vcf.gz
    output: results/ImputeNRP_NRP_Chr12.vcf.gz, results/beagle/ImputeNRP_NRP_Chr12
    jobid: 112
    wildcards: chr=12
    resources: memory=65, threads=15

Submitted job 112 with external jobid 'Submitted batch job 23088960'.

[Tue Jul 20 15:48:58 2021]
rule ImputeRP:
    input: results/Preformat_RP_Chr19.vcf.gz
    output: results/ImputeRP_RP_Chr19.vcf.gz, results/beagle/ImputeRP_RP_Chr19
    jobid: 99
    wildcards: chr=19
    resources: memory=65, threads=15

Submitted job 99 with external jobid 'Submitted batch job 23088961'.

[Tue Jul 20 15:48:59 2021]
rule ImputeNRP:
    input: results/Preformat_NRP_Chr01.vcf.gz, results/ImputeRP_RP_Chr01.vcf.gz
    output: results/ImputeNRP_NRP_Chr01.vcf.gz, results/beagle/ImputeNRP_NRP_Chr01
    jobid: 101
    wildcards: chr=01
    resources: memory=65, threads=15

Submitted job 101 with external jobid 'Submitted batch job 23088962'.
Removing temporary output file results/beagle/ImputeRP_RP_Chr20.
[Tue Jul 20 16:23:50 2021]
Finished job 100.
1 of 81 steps (1%) done
Select jobs to execute...

[Tue Jul 20 16:23:50 2021]
rule ImputeNRP:
    input: results/Preformat_NRP_Chr20.vcf.gz, results/ImputeRP_RP_Chr20.vcf.gz
    output: results/ImputeNRP_NRP_Chr20.vcf.gz, results/beagle/ImputeNRP_NRP_Chr20
    jobid: 120
    wildcards: chr=20
    resources: memory=65, threads=15

Submitted job 120 with external jobid 'Submitted batch job 23089034'.
Removing temporary output file results/beagle/ImputeNRP_NRP_Chr02.
[Tue Jul 20 16:29:10 2021]
Finished job 102.
2 of 81 steps (2%) done
Select jobs to execute...

[Tue Jul 20 16:29:10 2021]
rule MergeVCFs:
    input: results/ImputeRP_RP_Chr02.vcf.gz, results/ImputeNRP_NRP_Chr02.vcf.gz
    output: results/MergeVCFs_RP_NRP_Chr02.vcf.gz
    jobid: 122
    wildcards: chr=02

Submitted job 122 with external jobid 'Submitted batch job 23089042'.
Removing temporary output file results/beagle/ImputeNRP_NRP_Chr05.
[Tue Jul 20 16:30:05 2021]
Finished job 105.
3 of 81 steps (4%) done
Select jobs to execute...

[Tue Jul 20 16:30:05 2021]
rule MergeVCFs:
    input: results/ImputeRP_RP_Chr05.vcf.gz, results/ImputeNRP_NRP_Chr05.vcf.gz
    output: results/MergeVCFs_RP_NRP_Chr05.vcf.gz
    jobid: 125
    wildcards: chr=05

Submitted job 125 with external jobid 'Submitted batch job 23089043'.
Removing temporary output file results/beagle/ImputeNRP_NRP_Chr09.
[Tue Jul 20 16:30:16 2021]
Finished job 109.
4 of 81 steps (5%) done
Select jobs to execute...

[Tue Jul 20 16:30:16 2021]
rule MergeVCFs:
    input: results/ImputeRP_RP_Chr09.vcf.gz, results/ImputeNRP_NRP_Chr09.vcf.gz
    output: results/MergeVCFs_RP_NRP_Chr09.vcf.gz
    jobid: 129
    wildcards: chr=09

Submitted job 129 with external jobid 'Submitted batch job 23089046'.
Removing temporary output file results/beagle/ImputeRP_RP_Chr10.
[Tue Jul 20 16:31:00 2021]
Finished job 90.
5 of 81 steps (6%) done
Select jobs to execute...

[Tue Jul 20 16:31:00 2021]
rule ImputeNRP:
    input: results/Preformat_NRP_Chr10.vcf.gz, results/ImputeRP_RP_Chr10.vcf.gz
    output: results/ImputeNRP_NRP_Chr10.vcf.gz, results/beagle/ImputeNRP_NRP_Chr10
    jobid: 110
    wildcards: chr=10
    resources: memory=65, threads=15

Submitted job 110 with external jobid 'Submitted batch job 23089047'.
Removing temporary output file results/beagle/ImputeNRP_NRP_Chr12.
[Tue Jul 20 16:33:46 2021]
Finished job 112.
6 of 81 steps (7%) done
Select jobs to execute...

[Tue Jul 20 16:33:46 2021]
rule MergeVCFs:
    input: results/ImputeRP_RP_Chr12.vcf.gz, results/ImputeNRP_NRP_Chr12.vcf.gz
    output: results/MergeVCFs_RP_NRP_Chr12.vcf.gz
    jobid: 132
    wildcards: chr=12

Submitted job 132 with external jobid 'Submitted batch job 23089055'.
Removing temporary output file results/beagle/ImputeNRP_NRP_Chr07.
[Tue Jul 20 16:34:07 2021]
Finished job 107.
7 of 81 steps (9%) done
Select jobs to execute...

[Tue Jul 20 16:34:07 2021]
rule MergeVCFs:
    input: results/ImputeRP_RP_Chr07.vcf.gz, results/ImputeNRP_NRP_Chr07.vcf.gz
    output: results/MergeVCFs_RP_NRP_Chr07.vcf.gz
    jobid: 127
    wildcards: chr=07

Submitted job 127 with external jobid 'Submitted batch job 23089056'.
Removing temporary output file results/beagle/ImputeNRP_NRP_Chr17.
[Tue Jul 20 16:35:02 2021]
Finished job 117.
8 of 81 steps (10%) done
Select jobs to execute...

[Tue Jul 20 16:35:02 2021]
rule MergeVCFs:
    input: results/ImputeRP_RP_Chr17.vcf.gz, results/ImputeNRP_NRP_Chr17.vcf.gz
    output: results/MergeVCFs_RP_NRP_Chr17.vcf.gz
    jobid: 137
    wildcards: chr=17

Submitted job 137 with external jobid 'Submitted batch job 23089057'.
Removing temporary output file results/beagle/ImputeRP_RP_Chr13.
[Tue Jul 20 16:37:05 2021]
Finished job 93.
9 of 81 steps (11%) done
Select jobs to execute...

[Tue Jul 20 16:37:05 2021]
rule ImputeNRP:
    input: results/Preformat_NRP_Chr13.vcf.gz, results/ImputeRP_RP_Chr13.vcf.gz
    output: results/ImputeNRP_NRP_Chr13.vcf.gz, results/beagle/ImputeNRP_NRP_Chr13
    jobid: 113
    wildcards: chr=13
    resources: memory=65, threads=15

Submitted job 113 with external jobid 'Submitted batch job 23089058'.
Removing temporary output file results/beagle/ImputeRP_RP_Chr16.
[Tue Jul 20 16:37:37 2021]
Finished job 96.
10 of 81 steps (12%) done
Select jobs to execute...

[Tue Jul 20 16:37:37 2021]
rule ImputeNRP:
    input: results/Preformat_NRP_Chr16.vcf.gz, results/ImputeRP_RP_Chr16.vcf.gz
    output: results/ImputeNRP_NRP_Chr16.vcf.gz, results/beagle/ImputeNRP_NRP_Chr16
    jobid: 116
    wildcards: chr=16
    resources: memory=65, threads=15

Submitted job 116 with external jobid 'Submitted batch job 23089063'.
Removing temporary output file results/beagle/ImputeNRP_NRP_Chr08.
[Tue Jul 20 16:37:38 2021]
Finished job 108.
11 of 81 steps (14%) done
Select jobs to execute...

[Tue Jul 20 16:37:38 2021]
rule MergeVCFs:
    input: results/ImputeRP_RP_Chr08.vcf.gz, results/ImputeNRP_NRP_Chr08.vcf.gz
    output: results/MergeVCFs_RP_NRP_Chr08.vcf.gz
    jobid: 128
    wildcards: chr=08

Submitted job 128 with external jobid 'Submitted batch job 23089065'.
[Tue Jul 20 16:38:21 2021]
Finished job 125.
12 of 81 steps (15%) done
Select jobs to execute...
[Tue Jul 20 16:38:21 2021]
Finished job 122.
13 of 81 steps (16%) done

[Tue Jul 20 16:38:21 2021]
rule SNPEff:
    input: results/MergeVCFs_RP_NRP_Chr05.vcf.gz, /scratch/nad7wf/miniconda/pkgs/snpeff-4.3.1t-0/share/snpeff-4.3.1t-0/snpEff.jar, /scratch/nad7wf/miniconda/pkgs/snpeff-4.3.1t-0/share/snpeff-4.3.1t-0/snpEff.config, /scratch/nad7wf/miniconda/pkgs/snpsift-4.3.1t-hdfd78af_3/share/snpsift-4.3.1t-3/SnpSift.jar, /scratch/nad7wf/miniconda/pkgs/snpeff-4.3.1t-0/share/snpeff-4.3.1t-0/scripts/vcfEffOnePerLine.pl
    output: results/SNPEff_Ann_RP_NRP_Chr05.txt.gz
    jobid: 145
    wildcards: chr=05
    resources: memory=30G

Submitted job 145 with external jobid 'Submitted batch job 23089067'.
Select jobs to execute...

[Tue Jul 20 16:38:21 2021]
rule SNPEff:
    input: results/MergeVCFs_RP_NRP_Chr02.vcf.gz, /scratch/nad7wf/miniconda/pkgs/snpeff-4.3.1t-0/share/snpeff-4.3.1t-0/snpEff.jar, /scratch/nad7wf/miniconda/pkgs/snpeff-4.3.1t-0/share/snpeff-4.3.1t-0/snpEff.config, /scratch/nad7wf/miniconda/pkgs/snpsift-4.3.1t-hdfd78af_3/share/snpsift-4.3.1t-3/SnpSift.jar, /scratch/nad7wf/miniconda/pkgs/snpeff-4.3.1t-0/share/snpeff-4.3.1t-0/scripts/vcfEffOnePerLine.pl
    output: results/SNPEff_Ann_RP_NRP_Chr02.txt.gz
    jobid: 142
    wildcards: chr=02
    resources: memory=30G

Submitted job 142 with external jobid 'Submitted batch job 23089068'.
Removing temporary output file results/beagle/ImputeRP_RP_Chr03.
[Tue Jul 20 16:39:05 2021]
Finished job 83.
14 of 81 steps (17%) done
Select jobs to execute...

[Tue Jul 20 16:39:05 2021]
rule ImputeNRP:
    input: results/Preformat_NRP_Chr03.vcf.gz, results/ImputeRP_RP_Chr03.vcf.gz
    output: results/ImputeNRP_NRP_Chr03.vcf.gz, results/beagle/ImputeNRP_NRP_Chr03
    jobid: 103
    wildcards: chr=03
    resources: memory=65, threads=15

Submitted job 103 with external jobid 'Submitted batch job 23089069'.
[Tue Jul 20 16:39:38 2021]
Finished job 129.
15 of 81 steps (19%) done
Select jobs to execute...

[Tue Jul 20 16:39:38 2021]
rule SNPEff:
    input: results/MergeVCFs_RP_NRP_Chr09.vcf.gz, /scratch/nad7wf/miniconda/pkgs/snpeff-4.3.1t-0/share/snpeff-4.3.1t-0/snpEff.jar, /scratch/nad7wf/miniconda/pkgs/snpeff-4.3.1t-0/share/snpeff-4.3.1t-0/snpEff.config, /scratch/nad7wf/miniconda/pkgs/snpsift-4.3.1t-hdfd78af_3/share/snpsift-4.3.1t-3/SnpSift.jar, /scratch/nad7wf/miniconda/pkgs/snpeff-4.3.1t-0/share/snpeff-4.3.1t-0/scripts/vcfEffOnePerLine.pl
    output: results/SNPEff_Ann_RP_NRP_Chr09.txt.gz
    jobid: 149
    wildcards: chr=09
    resources: memory=30G

Submitted job 149 with external jobid 'Submitted batch job 23089070'.
[Tue Jul 20 16:41:18 2021]
Finished job 132.
16 of 81 steps (20%) done
Select jobs to execute...

[Tue Jul 20 16:41:18 2021]
rule SNPEff:
    input: results/MergeVCFs_RP_NRP_Chr12.vcf.gz, /scratch/nad7wf/miniconda/pkgs/snpeff-4.3.1t-0/share/snpeff-4.3.1t-0/snpEff.jar, /scratch/nad7wf/miniconda/pkgs/snpeff-4.3.1t-0/share/snpeff-4.3.1t-0/snpEff.config, /scratch/nad7wf/miniconda/pkgs/snpsift-4.3.1t-hdfd78af_3/share/snpsift-4.3.1t-3/SnpSift.jar, /scratch/nad7wf/miniconda/pkgs/snpeff-4.3.1t-0/share/snpeff-4.3.1t-0/scripts/vcfEffOnePerLine.pl
    output: results/SNPEff_Ann_RP_NRP_Chr12.txt.gz
    jobid: 152
    wildcards: chr=12
    resources: memory=30G

Submitted job 152 with external jobid 'Submitted batch job 23089073'.
[Tue Jul 20 16:42:35 2021]
Finished job 127.
17 of 81 steps (21%) done
Select jobs to execute...

[Tue Jul 20 16:42:35 2021]
rule SNPEff:
    input: results/MergeVCFs_RP_NRP_Chr07.vcf.gz, /scratch/nad7wf/miniconda/pkgs/snpeff-4.3.1t-0/share/snpeff-4.3.1t-0/snpEff.jar, /scratch/nad7wf/miniconda/pkgs/snpeff-4.3.1t-0/share/snpeff-4.3.1t-0/snpEff.config, /scratch/nad7wf/miniconda/pkgs/snpsift-4.3.1t-hdfd78af_3/share/snpsift-4.3.1t-3/SnpSift.jar, /scratch/nad7wf/miniconda/pkgs/snpeff-4.3.1t-0/share/snpeff-4.3.1t-0/scripts/vcfEffOnePerLine.pl
    output: results/SNPEff_Ann_RP_NRP_Chr07.txt.gz
    jobid: 147
    wildcards: chr=07
    resources: memory=30G

Submitted job 147 with external jobid 'Submitted batch job 23089077'.
[Tue Jul 20 16:43:07 2021]
Finished job 137.
18 of 81 steps (22%) done
Select jobs to execute...

[Tue Jul 20 16:43:07 2021]
rule SNPEff:
    input: results/MergeVCFs_RP_NRP_Chr17.vcf.gz, /scratch/nad7wf/miniconda/pkgs/snpeff-4.3.1t-0/share/snpeff-4.3.1t-0/snpEff.jar, /scratch/nad7wf/miniconda/pkgs/snpeff-4.3.1t-0/share/snpeff-4.3.1t-0/snpEff.config, /scratch/nad7wf/miniconda/pkgs/snpsift-4.3.1t-hdfd78af_3/share/snpsift-4.3.1t-3/SnpSift.jar, /scratch/nad7wf/miniconda/pkgs/snpeff-4.3.1t-0/share/snpeff-4.3.1t-0/scripts/vcfEffOnePerLine.pl
    output: results/SNPEff_Ann_RP_NRP_Chr17.txt.gz
    jobid: 157
    wildcards: chr=17
    resources: memory=30G

Submitted job 157 with external jobid 'Submitted batch job 23089078'.
Removing temporary output file results/beagle/ImputeNRP_NRP_Chr11.
[Tue Jul 20 16:44:36 2021]
Finished job 111.
19 of 81 steps (23%) done
Select jobs to execute...

[Tue Jul 20 16:44:36 2021]
rule MergeVCFs:
    input: results/ImputeRP_RP_Chr11.vcf.gz, results/ImputeNRP_NRP_Chr11.vcf.gz
    output: results/MergeVCFs_RP_NRP_Chr11.vcf.gz
    jobid: 131
    wildcards: chr=11

Submitted job 131 with external jobid 'Submitted batch job 23089079'.
Removing temporary output file results/beagle/ImputeNRP_NRP_Chr04.
[Tue Jul 20 16:45:09 2021]
Finished job 104.
20 of 81 steps (25%) done
Select jobs to execute...

[Tue Jul 20 16:45:09 2021]
rule MergeVCFs:
    input: results/ImputeRP_RP_Chr04.vcf.gz, results/ImputeNRP_NRP_Chr04.vcf.gz
    output: results/MergeVCFs_RP_NRP_Chr04.vcf.gz
    jobid: 124
    wildcards: chr=04

Submitted job 124 with external jobid 'Submitted batch job 23089087'.
[Tue Jul 20 16:46:38 2021]
Finished job 128.
21 of 81 steps (26%) done
Select jobs to execute...

[Tue Jul 20 16:46:38 2021]
rule SNPEff:
    input: results/MergeVCFs_RP_NRP_Chr08.vcf.gz, /scratch/nad7wf/miniconda/pkgs/snpeff-4.3.1t-0/share/snpeff-4.3.1t-0/snpEff.jar, /scratch/nad7wf/miniconda/pkgs/snpeff-4.3.1t-0/share/snpeff-4.3.1t-0/snpEff.config, /scratch/nad7wf/miniconda/pkgs/snpsift-4.3.1t-hdfd78af_3/share/snpsift-4.3.1t-3/SnpSift.jar, /scratch/nad7wf/miniconda/pkgs/snpeff-4.3.1t-0/share/snpeff-4.3.1t-0/scripts/vcfEffOnePerLine.pl
    output: results/SNPEff_Ann_RP_NRP_Chr08.txt.gz
    jobid: 148
    wildcards: chr=08
    resources: memory=30G

Submitted job 148 with external jobid 'Submitted batch job 23089089'.
[Tue Jul 20 16:47:21 2021]
Error in rule ImputeNRP:
    jobid: 116
    output: results/ImputeNRP_NRP_Chr16.vcf.gz, results/beagle/ImputeNRP_NRP_Chr16
    shell:
        
		module load bcftools
		mkdir -p results/beagle/ImputeNRP_NRP_Chr16

		java -Xmx65G 			-Djava.io.tmpdir=results/beagle/ImputeNRP_NRP_Chr16 			-jar resources/beagle/beagle.28Jun21.220.jar 			nthreads=15 			impute=true 			ref=results/ImputeRP_RP_Chr16.vcf.gz 			gt=results/Preformat_NRP_Chr16.vcf.gz 			out=results/ImputeNRP_NRP_Chr16

                bcftools index --tbi results/ImputeNRP_NRP_Chr16.vcf.gz

		rm "results/ImputeNRP_NRP_Chr16.log"
		
        (one of the commands exited with non-zero exit code; note that snakemake uses bash strict mode!)
    cluster_jobid: Submitted batch job 23089063

Error executing rule ImputeNRP on cluster (jobid: 116, external: Submitted batch job 23089063, jobscript: /storage/hpc/group/bilyeu/nad7wf/allele_atlas_pipeline/.snakemake/tmp.kamvu_rf/snakejob.ImputeNRP.116.sh). For error details see the cluster log and the log files of the involved rule(s).
[Tue Jul 20 16:50:39 2021]
Error in rule ImputeNRP:
    jobid: 103
    output: results/ImputeNRP_NRP_Chr03.vcf.gz, results/beagle/ImputeNRP_NRP_Chr03
    shell:
        
		module load bcftools
		mkdir -p results/beagle/ImputeNRP_NRP_Chr03

		java -Xmx65G 			-Djava.io.tmpdir=results/beagle/ImputeNRP_NRP_Chr03 			-jar resources/beagle/beagle.28Jun21.220.jar 			nthreads=15 			impute=true 			ref=results/ImputeRP_RP_Chr03.vcf.gz 			gt=results/Preformat_NRP_Chr03.vcf.gz 			out=results/ImputeNRP_NRP_Chr03

                bcftools index --tbi results/ImputeNRP_NRP_Chr03.vcf.gz

		rm "results/ImputeNRP_NRP_Chr03.log"
		
        (one of the commands exited with non-zero exit code; note that snakemake uses bash strict mode!)
    cluster_jobid: Submitted batch job 23089069

Error executing rule ImputeNRP on cluster (jobid: 103, external: Submitted batch job 23089069, jobscript: /storage/hpc/group/bilyeu/nad7wf/allele_atlas_pipeline/.snakemake/tmp.kamvu_rf/snakejob.ImputeNRP.103.sh). For error details see the cluster log and the log files of the involved rule(s).
[Tue Jul 20 16:51:01 2021]
Finished job 131.
22 of 81 steps (27%) done
[Tue Jul 20 16:55:26 2021]
Finished job 124.
23 of 81 steps (28%) done
Removing temporary output file results/beagle/ImputeRP_RP_Chr15.
[Tue Jul 20 16:56:32 2021]
Finished job 95.
24 of 81 steps (30%) done
[Tue Jul 20 17:01:07 2021]
Finished job 145.
25 of 81 steps (31%) done
Removing temporary output file results/beagle/ImputeRP_RP_Chr18.
[Tue Jul 20 17:01:07 2021]
Finished job 98.
26 of 81 steps (32%) done
[Tue Jul 20 17:02:35 2021]
Finished job 142.
27 of 81 steps (33%) done
[Tue Jul 20 17:03:08 2021]
Finished job 152.
28 of 81 steps (35%) done
[Tue Jul 20 17:04:19 2021]
Finished job 157.
29 of 81 steps (36%) done
[Tue Jul 20 17:05:10 2021]
Finished job 149.
30 of 81 steps (37%) done
Removing temporary output file results/beagle/ImputeRP_RP_Chr19.
[Tue Jul 20 17:06:20 2021]
Finished job 99.
31 of 81 steps (38%) done
[Tue Jul 20 17:06:30 2021]
Finished job 147.
32 of 81 steps (40%) done
Removing temporary output file results/beagle/ImputeNRP_NRP_Chr10.
[Tue Jul 20 17:09:50 2021]
Finished job 110.
33 of 81 steps (41%) done
[Tue Jul 20 17:13:00 2021]
Finished job 148.
34 of 81 steps (42%) done
Removing temporary output file results/beagle/ImputeNRP_NRP_Chr20.
[Tue Jul 20 17:13:30 2021]
Finished job 120.
35 of 81 steps (43%) done
Removing temporary output file results/beagle/ImputeNRP_NRP_Chr13.
[Tue Jul 20 17:19:21 2021]
Finished job 113.
36 of 81 steps (44%) done
Removing temporary output file results/beagle/ImputeNRP_NRP_Chr01.
[Tue Jul 20 17:55:13 2021]
Finished job 101.
37 of 81 steps (46%) done
Shutting down, this might take some time.
Exiting because a job execution failed. Look above for error message
Complete log: /storage/hpc/group/bilyeu/nad7wf/allele_atlas_pipeline/.snakemake/log/2021-07-20T154834.267998.snakemake.log
