Building DAG of jobs...
Using shell: /usr/bin/bash
Provided cluster nodes: 100
Job counts:
	count	jobs
	1	AlleleAtlas
	1	ImputeNRP
	1	ImputeRP
	1	MergeVCFs
	1	SNPEff
	1	all
	6
Select jobs to execute...

[Tue Jul 20 09:13:09 2021]
rule ImputeRP:
    input: results/Preformat_RP_Chr14.vcf.gz
    output: results/ImputeRP_RP_Chr14.vcf.gz, results/beagle/ImputeRP_RP_Chr14
    jobid: 5
    wildcards: chr=14
    resources: memory=65, threads=15

Submitted job 5 with external jobid 'Submitted batch job 23085197'.
Removing temporary output file results/beagle/ImputeRP_RP_Chr14.
[Tue Jul 20 09:55:12 2021]
Finished job 5.
1 of 6 steps (17%) done
Select jobs to execute...

[Tue Jul 20 09:55:12 2021]
rule ImputeNRP:
    input: results/Preformat_NRP_Chr14.vcf.gz, results/ImputeRP_RP_Chr14.vcf.gz
    output: results/ImputeNRP_NRP_Chr14.vcf.gz, results/beagle/ImputeNRP_NRP_Chr14
    jobid: 6
    wildcards: chr=14
    resources: memory=65, threads=15

Submitted job 6 with external jobid 'Submitted batch job 23085355'.
Removing temporary output file results/beagle/ImputeNRP_NRP_Chr14.
[Tue Jul 20 10:48:46 2021]
Finished job 6.
2 of 6 steps (33%) done
Select jobs to execute...

[Tue Jul 20 10:48:46 2021]
rule MergeVCFs:
    input: results/ImputeRP_RP_Chr14.vcf.gz, results/ImputeNRP_NRP_Chr14.vcf.gz
    output: results/MergeVCFs_RP_NRP_Chr14.vcf.gz
    jobid: 7
    wildcards: chr=14

Submitted job 7 with external jobid 'Submitted batch job 23085401'.
[Tue Jul 20 10:59:06 2021]
Finished job 7.
3 of 6 steps (50%) done
Select jobs to execute...

[Tue Jul 20 10:59:06 2021]
rule SNPEff:
    input: results/MergeVCFs_RP_NRP_Chr14.vcf.gz, /scratch/nad7wf/miniconda/pkgs/snpeff-4.3.1t-0/share/snpeff-4.3.1t-0/snpEff.jar, /scratch/nad7wf/miniconda/pkgs/snpeff-4.3.1t-0/share/snpeff-4.3.1t-0/snpEff.config, /scratch/nad7wf/miniconda/pkgs/snpsift-4.3.1t-hdfd78af_3/share/snpsift-4.3.1t-3/SnpSift.jar, /scratch/nad7wf/miniconda/pkgs/snpeff-4.3.1t-0/share/snpeff-4.3.1t-0/scripts/vcfEffOnePerLine.pl
    output: results/SNPEff_Ann_RP_NRP_Chr14.txt.gz
    jobid: 8
    wildcards: chr=14
    resources: memory=30G

Submitted job 8 with external jobid 'Submitted batch job 23085415'.
[Tue Jul 20 11:36:18 2021]
Finished job 8.
4 of 6 steps (67%) done
Select jobs to execute...

[Tue Jul 20 11:36:18 2021]
rule AlleleAtlas:
    input: results/MergeVCFs_RP_NRP_Chr14.vcf.gz, results/SNPEff_Ann_RP_NRP_Chr14.txt.gz, resources/gff/Chr14.gff.gz, rules/custom/scripts/generate_allele_atlas.py
    output: results/AlleleAtlas_RP_NRP_Chr14.txt.gz, results/Bottleneck_genes_RP_NRP_Chr14.txt.gz, results/Housekeeping_genes_RP_NRP_Chr14.txt.gz
    jobid: 9
    wildcards: RP_id=RP, NRP_id=NRP, chr=14

Submitted job 9 with external jobid 'Submitted batch job 23085724'.
[Tue Jul 20 11:46:09 2021]
Error in rule AlleleAtlas:
    jobid: 9
    output: results/AlleleAtlas_RP_NRP_Chr14.txt.gz, results/Bottleneck_genes_RP_NRP_Chr14.txt.gz, results/Housekeeping_genes_RP_NRP_Chr14.txt.gz
    conda-env: /storage/hpc/group/bilyeu/nad7wf/allele_atlas_pipeline/.snakemake/conda/b21b0d43
    shell:
        
		zgrep -v "^##" results/MergeVCFs_RP_NRP_Chr14.vcf.gz | 			python3 rules/custom/scripts/generate_allele_atlas.py 			--vcf - 			--ann results/SNPEff_Ann_RP_NRP_Chr14.txt.gz 			--gff resources/gff/Chr14.gff.gz 			--bottleneck results/Bottleneck_genes_RP_NRP_Chr14.txt.gz 			--housekeeping results/Housekeeping_genes_RP_NRP_Chr14.txt.gz 			--out results/AlleleAtlas_RP_NRP_Chr14.txt.gz
		
        (one of the commands exited with non-zero exit code; note that snakemake uses bash strict mode!)
    cluster_jobid: Submitted batch job 23085724

Error executing rule AlleleAtlas on cluster (jobid: 9, external: Submitted batch job 23085724, jobscript: /storage/hpc/group/bilyeu/nad7wf/allele_atlas_pipeline/.snakemake/tmp.fkyc3woa/snakejob.AlleleAtlas.9.sh). For error details see the cluster log and the log files of the involved rule(s).
Shutting down, this might take some time.
Exiting because a job execution failed. Look above for error message
Complete log: /storage/hpc/group/bilyeu/nad7wf/allele_atlas_pipeline/.snakemake/log/2021-07-20T091309.226895.snakemake.log
