Building DAG of jobs...
Using shell: /usr/bin/bash
Provided cluster nodes: 50
Job counts:
	count	jobs
	2	SplitVCF
	1	all
	3
Select jobs to execute...

[Wed May 26 17:40:55 2021]
rule SplitVCF:
    input: results/SubAsterisk_Soy775_Chr01.vcf.gz
    output: results/SplitVCF_Soy775_Chr01.1.vcf.gz
    log: reports/SplitVCF_Soy775_Chr01.log
    jobid: 3
    wildcards: id=Soy775, chr=01

Submitted job 3 with external jobid 'Submitted batch job 22846551'.

[Wed May 26 17:40:55 2021]
rule SplitVCF:
    input: results/SubAsterisk_NRP_Chr01.vcf.gz
    output: results/SplitVCF_NRP_Chr01.1.vcf.gz
    log: reports/SplitVCF_NRP_Chr01.log
    jobid: 4
    wildcards: id=NRP, chr=01

Submitted job 4 with external jobid 'Submitted batch job 22846552'.
[Wed May 26 18:02:46 2021]
Error in rule SplitVCF:
    jobid: 3
    output: results/SplitVCF_Soy775_Chr01.1.vcf.gz
    log: reports/SplitVCF_Soy775_Chr01.log (check log file(s) for error message)
    conda-env: /storage/hpc/group/bilyeu/nad7wf/allele_atlas_pipeline/.snakemake/conda/e283fd6b
    shell:
        
		overlap=$(($(bcftools index -n results/SubAsterisk_Soy775_Chr01.vcf.gz) / 20 + 5000))

		zcat results/SubAsterisk_Soy775_Chr01.vcf.gz | java -jar resources/beagle/splitvcf.jar "Chr01" "$overlap" 5000 results/SplitVCF_Soy775_01 2> reports/SplitVCF_Soy775_Chr01.log
		
        (one of the commands exited with non-zero exit code; note that snakemake uses bash strict mode!)
    cluster_jobid: Submitted batch job 22846551

Error executing rule SplitVCF on cluster (jobid: 3, external: Submitted batch job 22846551, jobscript: /storage/hpc/group/bilyeu/nad7wf/allele_atlas_pipeline/.snakemake/tmp.4k9lmt_a/snakejob.SplitVCF.3.sh). For error details see the cluster log and the log files of the involved rule(s).
[Wed May 26 18:29:47 2021]
Error in rule SplitVCF:
    jobid: 4
    output: results/SplitVCF_NRP_Chr01.1.vcf.gz
    log: reports/SplitVCF_NRP_Chr01.log (check log file(s) for error message)
    conda-env: /storage/hpc/group/bilyeu/nad7wf/allele_atlas_pipeline/.snakemake/conda/e283fd6b
    shell:
        
		overlap=$(($(bcftools index -n results/SubAsterisk_NRP_Chr01.vcf.gz) / 20 + 5000))

		zcat results/SubAsterisk_NRP_Chr01.vcf.gz | java -jar resources/beagle/splitvcf.jar "Chr01" "$overlap" 5000 results/SplitVCF_NRP_01 2> reports/SplitVCF_NRP_Chr01.log
		
        (one of the commands exited with non-zero exit code; note that snakemake uses bash strict mode!)
    cluster_jobid: Submitted batch job 22846552

Error executing rule SplitVCF on cluster (jobid: 4, external: Submitted batch job 22846552, jobscript: /storage/hpc/group/bilyeu/nad7wf/allele_atlas_pipeline/.snakemake/tmp.4k9lmt_a/snakejob.SplitVCF.4.sh). For error details see the cluster log and the log files of the involved rule(s).
Shutting down, this might take some time.
Exiting because a job execution failed. Look above for error message
Complete log: /storage/hpc/group/bilyeu/nad7wf/allele_atlas_pipeline/.snakemake/log/2021-05-26T174054.999062.snakemake.log
