Building DAG of jobs...
Using shell: /usr/bin/bash
Provided cluster nodes: 50
Job counts:
	count	jobs
	1	SNPEff
	1	all
	2
Select jobs to execute...

[Wed Jun 16 18:26:09 2021]
rule SNPEff:
    input: results/MergeVCFs_Soy775_NRP_Chr01.vcf.gz, /scratch/nad7wf/miniconda/pkgs/snpeff-5.0-hdfd78af_1/share/snpeff-5.0-1/snpEff.jar, /scratch/nad7wf/miniconda/pkgs/snpeff-5.0-hdfd78af_1/share/snpeff-5.0-1/snpEff.config, /scratch/nad7wf/miniconda/pkgs/snpsift-4.3.1t-hdfd78af_3/share/snpsift-4.3.1t-3/SnpSift.jar, /scratch/nad7wf/miniconda/pkgs/snpeff-5.0-hdfd78af_1/share/snpeff-5.0-1/scripts/vcfEffOnePerLine.pl
    output: results/SNPEff_Soy775_NRP_Chr01.vcf, results/SNPEff_Ann_Soy775_NRP_Chr01.txt.gz
    jobid: 10
    wildcards: chr=01
    resources: memory=30G

Submitted job 10 with external jobid 'Submitted batch job 22889771'.
[Wed Jun 16 18:29:29 2021]
Finished job 10.
1 of 2 steps (50%) done
Select jobs to execute...

[Wed Jun 16 18:29:29 2021]
localrule all:
    input: results/Preformat_Soy775_Chr01.vcf.gz, results/Preformat_NRP_Chr01.vcf.gz, results/SplitVCF_Soy775_Chr01.1.vcf.gz, results/SplitVCF_Soy775_Chr01.2.vcf.gz, results/SplitVCF_NRP_Chr01.1.vcf.gz, results/SplitVCF_NRP_Chr01.2.vcf.gz, results/MergeVCFs_Soy775_NRP_Chr01.vcf.gz, results/SNPEff_Ann_Soy775_NRP_Chr01.txt.gz
    jobid: 0

[Wed Jun 16 18:29:29 2021]
Finished job 0.
2 of 2 steps (100%) done
Complete log: /storage/hpc/group/bilyeu/nad7wf/allele_atlas_pipeline/.snakemake/log/2021-06-16T182609.085015.snakemake.log
