Building DAG of jobs...
Using shell: /usr/bin/bash
Provided cluster nodes: 50
Job counts:
	count	jobs
	1	SNPEff
	1	all
	2
Select jobs to execute...

[Tue Jun 15 17:14:16 2021]
rule SNPEff:
    input: results/MergeVCFs_Soy775_NRP_Chr01.vcf.gz, /scratch/nad7wf/miniconda/pkgs/snpeff-5.0-hdfd78af_1/share/snpeff-5.0-1/snpEff.jar, /scratch/nad7wf/miniconda/pkgs/snpeff-5.0-hdfd78af_1/share/snpeff-5.0-1/snpEff.config
    output: results/SNPEff_Soy775_NRP_Chr01.vcf.gz
    jobid: 10
    wildcards: chr=01
    resources: memory=30G

Submitted job 10 with external jobid 'Submitted batch job 22888098'.
[Tue Jun 15 17:14:56 2021]
Error in rule SNPEff:
    jobid: 10
    output: results/SNPEff_Soy775_NRP_Chr01.vcf.gz
    conda-env: /storage/hpc/group/bilyeu/nad7wf/allele_atlas_pipeline/.snakemake/conda/dd7e7fe6
    shell:
        
		java -Xmx30G 			-jar /scratch/nad7wf/miniconda/pkgs/snpeff-5.0-hdfd78af_1/share/snpeff-5.0-1/snpEff.jar 			-c /scratch/nad7wf/miniconda/pkgs/snpeff-5.0-hdfd78af_1/share/snpeff-5.0-1/snpEff.config 			-ud 2000 			-v Gmax.2.0 			results/MergeVCFs_Soy775_NRP_Chr01.vcf.gz | 			bgzip -l 9 > results/SNPEff_Soy775_NRP_Chr01.vcf.gz

		bcftools index --tbi results/SNPEff_Soy775_NRP_Chr01.vcf.gz
		
        (one of the commands exited with non-zero exit code; note that snakemake uses bash strict mode!)
    cluster_jobid: Submitted batch job 22888098

Error executing rule SNPEff on cluster (jobid: 10, external: Submitted batch job 22888098, jobscript: /storage/hpc/group/bilyeu/nad7wf/allele_atlas_pipeline/.snakemake/tmp.9v0egbt3/snakejob.SNPEff.10.sh). For error details see the cluster log and the log files of the involved rule(s).
Shutting down, this might take some time.
Exiting because a job execution failed. Look above for error message
Complete log: /storage/hpc/group/bilyeu/nad7wf/allele_atlas_pipeline/.snakemake/log/2021-06-15T171416.538173.snakemake.log
