Building DAG of jobs...
Creating conda environment envs/custom.yml...
Downloading and installing remote packages.
Environment for envs/custom.yml created (location: .snakemake/conda/6e3b2aa0)
Using shell: /usr/bin/bash
Provided cluster nodes: 50
Job counts:
	count	jobs
	2	RenameSamples
	1	all
	3
Select jobs to execute...

[Fri Jun 18 20:10:47 2021]
rule RenameSamples:
    input: resources/Soy775/Soy775_Chr01.vcf.gz, resources/Soy775/Soy775_sample_name_correspondence_file.txt
    output: results/RenameSamples_Soy775_Chr01.vcf.gz
    jobid: 1
    wildcards: id=Soy775, chr=01

Submitted job 1 with external jobid 'Submitted batch job 22900120'.

[Fri Jun 18 20:10:47 2021]
rule RenameSamples:
    input: resources/NRP/NRP_Chr01.vcf.gz, resources/NRP/NRP_sample_name_correspondence_file.txt
    output: results/RenameSamples_NRP_Chr01.vcf.gz
    jobid: 2
    wildcards: id=NRP, chr=01

Submitted job 2 with external jobid 'Submitted batch job 22900121'.
[Fri Jun 18 20:11:27 2021]
Error in rule RenameSamples:
    jobid: 2
    output: results/RenameSamples_NRP_Chr01.vcf.gz
    conda-env: /storage/hpc/group/bilyeu/nad7wf/allele_atlas_pipeline/.snakemake/conda/6e3b2aa0
    shell:
        
		bcftools reheader  			-s resources/NRP/NRP_sample_name_correspondence_file.txt 			resources/NRP/NRP_Chr01.vcf.gz 			bgzip -l 9 > results/RenameSamples_NRP_Chr01.vcf.gz

		bcftools index --tbi results/RenameSamples_NRP_Chr01.vcf.gz
		
        (one of the commands exited with non-zero exit code; note that snakemake uses bash strict mode!)
    cluster_jobid: Submitted batch job 22900121

Error executing rule RenameSamples on cluster (jobid: 2, external: Submitted batch job 22900121, jobscript: /storage/hpc/group/bilyeu/nad7wf/allele_atlas_pipeline/.snakemake/tmp.0axwfv5e/snakejob.RenameSamples.2.sh). For error details see the cluster log and the log files of the involved rule(s).
[Fri Jun 18 20:11:37 2021]
Error in rule RenameSamples:
    jobid: 1
    output: results/RenameSamples_Soy775_Chr01.vcf.gz
    conda-env: /storage/hpc/group/bilyeu/nad7wf/allele_atlas_pipeline/.snakemake/conda/6e3b2aa0
    shell:
        
		bcftools reheader  			-s resources/Soy775/Soy775_sample_name_correspondence_file.txt 			resources/Soy775/Soy775_Chr01.vcf.gz 			bgzip -l 9 > results/RenameSamples_Soy775_Chr01.vcf.gz

		bcftools index --tbi results/RenameSamples_Soy775_Chr01.vcf.gz
		
        (one of the commands exited with non-zero exit code; note that snakemake uses bash strict mode!)
    cluster_jobid: Submitted batch job 22900120

Error executing rule RenameSamples on cluster (jobid: 1, external: Submitted batch job 22900120, jobscript: /storage/hpc/group/bilyeu/nad7wf/allele_atlas_pipeline/.snakemake/tmp.0axwfv5e/snakejob.RenameSamples.1.sh). For error details see the cluster log and the log files of the involved rule(s).
Shutting down, this might take some time.
Exiting because a job execution failed. Look above for error message
Complete log: /storage/hpc/group/bilyeu/nad7wf/allele_atlas_pipeline/.snakemake/log/2021-06-18T193800.894552.snakemake.log
