Building DAG of jobs...
Using shell: /usr/bin/bash
Provided cluster nodes: 50
Job counts:
	count	jobs
	2	ImputeNRP
	2	ImputeRP
	1	MergeVCFs
	1	all
	6
Select jobs to execute...

[Wed Jun  9 22:44:33 2021]
rule ImputeRP:
    input: results/SplitVCF_Soy775_Chr01.2.vcf.gz
    output: results/ImputeRP_Soy775_Chr01.2.vcf.gz
    jobid: 6
    wildcards: chr=01, subset=2
    resources: memory=200G, threads=15

Submitted job 6 with external jobid 'Submitted batch job 22873622'.

[Wed Jun  9 22:44:33 2021]
rule ImputeRP:
    input: results/SplitVCF_Soy775_Chr01.1.vcf.gz
    output: results/ImputeRP_Soy775_Chr01.1.vcf.gz
    jobid: 5
    wildcards: chr=01, subset=1
    resources: memory=200G, threads=15

Submitted job 5 with external jobid 'Submitted batch job 22873623'.
[Wed Jun  9 22:54:24 2021]
Error in rule ImputeRP:
    jobid: 6
    output: results/ImputeRP_Soy775_Chr01.2.vcf.gz
    conda-env: /storage/hpc/group/bilyeu/nad7wf/allele_atlas_pipeline/.snakemake/conda/6862ade5
    shell:
        
		java -Xmx200G 			-jar /scratch/nad7wf/miniconda/pkgs/beagle-5.1_24Aug19.3e8-hdfd78af_1/share/beagle-5.1_24Aug19.3e8-1/beagle.jar 			nthreads=15 			gt=results/SplitVCF_Soy775_Chr01.2.vcf.gz 			out=results/ImputeRP_Soy775_Chr01.2

		rm "results/ImputeRP_Soy775_Chr01.2.log"
		
        (one of the commands exited with non-zero exit code; note that snakemake uses bash strict mode!)
    cluster_jobid: Submitted batch job 22873622

Error executing rule ImputeRP on cluster (jobid: 6, external: Submitted batch job 22873622, jobscript: /storage/hpc/group/bilyeu/nad7wf/allele_atlas_pipeline/.snakemake/tmp.dcwyuojk/snakejob.ImputeRP.6.sh). For error details see the cluster log and the log files of the involved rule(s).
[Wed Jun  9 23:21:56 2021]
Error in rule ImputeRP:
    jobid: 5
    output: results/ImputeRP_Soy775_Chr01.1.vcf.gz
    conda-env: /storage/hpc/group/bilyeu/nad7wf/allele_atlas_pipeline/.snakemake/conda/6862ade5
    shell:
        
		java -Xmx200G 			-jar /scratch/nad7wf/miniconda/pkgs/beagle-5.1_24Aug19.3e8-hdfd78af_1/share/beagle-5.1_24Aug19.3e8-1/beagle.jar 			nthreads=15 			gt=results/SplitVCF_Soy775_Chr01.1.vcf.gz 			out=results/ImputeRP_Soy775_Chr01.1

		rm "results/ImputeRP_Soy775_Chr01.1.log"
		
        (one of the commands exited with non-zero exit code; note that snakemake uses bash strict mode!)
    cluster_jobid: Submitted batch job 22873623

Error executing rule ImputeRP on cluster (jobid: 5, external: Submitted batch job 22873623, jobscript: /storage/hpc/group/bilyeu/nad7wf/allele_atlas_pipeline/.snakemake/tmp.dcwyuojk/snakejob.ImputeRP.5.sh). For error details see the cluster log and the log files of the involved rule(s).
Shutting down, this might take some time.
Exiting because a job execution failed. Look above for error message
Complete log: /storage/hpc/group/bilyeu/nad7wf/allele_atlas_pipeline/.snakemake/log/2021-06-09T224433.430257.snakemake.log
