Building DAG of jobs...
Creating conda environment envs/custom.yml...
Downloading and installing remote packages.
Environment for envs/custom.yml created (location: .snakemake/conda/a5fb873b)
Using shell: /usr/bin/bash
Provided cluster nodes: 50
Job counts:
	count	jobs
	1	ImputeNRP
	1	ImputeRP
	2	SplitVCF
	2	SubAsterisk
	1	all
	7
Select jobs to execute...

[Wed May 26 12:51:49 2021]
rule SubAsterisk:
    input: resources/Soy775/Soy775_Chr01.vcf.gz
    output: results/SubAsterisk_Soy775_Chr01.vcf.gz
    log: reports/SubAsterisk_Soy775_Chr01.log
    jobid: 1
    wildcards: id=Soy775, chr=01

Submitted job 1 with external jobid 'Submitted batch job 22845856'.

[Wed May 26 12:51:49 2021]
rule SubAsterisk:
    input: resources/NRP/NRP_Chr01.vcf.gz
    output: results/SubAsterisk_NRP_Chr01.vcf.gz
    log: reports/SubAsterisk_NRP_Chr01.log
    jobid: 2
    wildcards: id=NRP, chr=01

Submitted job 2 with external jobid 'Submitted batch job 22845857'.
[Wed May 26 12:51:59 2021]
Error in rule SubAsterisk:
    jobid: 1
    output: results/SubAsterisk_Soy775_Chr01.vcf.gz
    log: reports/SubAsterisk_Soy775_Chr01.log (check log file(s) for error message)
    conda-env: /storage/hpc/group/bilyeu/nad7wf/allele_atlas_pipeline/.snakemake/conda/a5fb873b
    shell:
        
		bcftools annotate -x QUAL resources/Soy775/Soy775_Chr01.vcf.gz | 		awk 'BEGIN{OFS=FS="	"} {gsub("*", "<DEL>", $5); print}' | 		bgzip -l 9 > results/SubAsterisk_Soy775_Chr01.vcf.gz 2> reports/SubAsterisk_Soy775_Chr01.log 
		bcftools index --tbi results/SubAsterisk_Soy775_Chr01.vcf.gz
		
        (one of the commands exited with non-zero exit code; note that snakemake uses bash strict mode!)
    cluster_jobid: Submitted batch job 22845856

Error executing rule SubAsterisk on cluster (jobid: 1, external: Submitted batch job 22845856, jobscript: /storage/hpc/group/bilyeu/nad7wf/allele_atlas_pipeline/.snakemake/tmp.d25ikskq/snakejob.SubAsterisk.1.sh). For error details see the cluster log and the log files of the involved rule(s).
[Wed May 26 12:51:59 2021]
Error in rule SubAsterisk:
    jobid: 2
    output: results/SubAsterisk_NRP_Chr01.vcf.gz
    log: reports/SubAsterisk_NRP_Chr01.log (check log file(s) for error message)
    conda-env: /storage/hpc/group/bilyeu/nad7wf/allele_atlas_pipeline/.snakemake/conda/a5fb873b
    shell:
        
		bcftools annotate -x QUAL resources/NRP/NRP_Chr01.vcf.gz | 		awk 'BEGIN{OFS=FS="	"} {gsub("*", "<DEL>", $5); print}' | 		bgzip -l 9 > results/SubAsterisk_NRP_Chr01.vcf.gz 2> reports/SubAsterisk_NRP_Chr01.log 
		bcftools index --tbi results/SubAsterisk_NRP_Chr01.vcf.gz
		
        (one of the commands exited with non-zero exit code; note that snakemake uses bash strict mode!)
    cluster_jobid: Submitted batch job 22845857

Error executing rule SubAsterisk on cluster (jobid: 2, external: Submitted batch job 22845857, jobscript: /storage/hpc/group/bilyeu/nad7wf/allele_atlas_pipeline/.snakemake/tmp.d25ikskq/snakejob.SubAsterisk.2.sh). For error details see the cluster log and the log files of the involved rule(s).
Shutting down, this might take some time.
Exiting because a job execution failed. Look above for error message
Complete log: /storage/hpc/group/bilyeu/nad7wf/allele_atlas_pipeline/.snakemake/log/2021-05-26T125019.938519.snakemake.log
