Building DAG of jobs...
Using shell: /usr/bin/bash
Provided cluster nodes: 50
Job counts:
	count	jobs
	1	ImputeNRP
	1	ImputeRP
	1	MergeVCFs
	1	SplitVCF
	1	all
	5
Select jobs to execute...

[Thu May 27 08:43:31 2021]
rule SplitVCF:
    input: results/SubAsterisk_Soy775_Chr01.vcf.gz, resources/beagle/splitvcf.jar
    output: results/SplitVCF_Soy775_Chr01.1.vcf.gz
    log: reports/SplitVCF_Soy775_Chr01.log
    jobid: 3
    wildcards: id=Soy775, chr=01

Submitted job 3 with external jobid 'Submitted batch job 22847167'.
[Thu May 27 09:01:12 2021]
Finished job 3.
1 of 5 steps (20%) done
Select jobs to execute...

[Thu May 27 09:01:12 2021]
rule ImputeRP:
    input: results/SplitVCF_Soy775_Chr01.1.vcf.gz
    output: results/ImputeRP_Soy775_Chr01.1.vcf.gz
    log: reports/ImputeRP_Soy775_Chr01.1.log
    jobid: 5
    wildcards: chr=01, subset=1
    resources: memory=20G

Submitted job 5 with external jobid 'Submitted batch job 22847303'.
[Thu May 27 09:28:23 2021]
Error in rule ImputeRP:
    jobid: 5
    output: results/ImputeRP_Soy775_Chr01.1.vcf.gz
    log: reports/ImputeRP_Soy775_Chr01.1.log (check log file(s) for error message)
    conda-env: /storage/hpc/group/bilyeu/nad7wf/allele_atlas_pipeline/.snakemake/conda/e283fd6b
    shell:
        
		java -Xmx20G 			-jar /scratch/nad7wf/miniconda/pkgs/beagle-5.2_21Apr21.304-hdfd78af_0/share/beagle-5.2_21Apr21.304-0/beagle.jar 			gt=results/SplitVCF_Soy775_Chr01.1.vcf.gz 			out=results/ImputeRP_Soy775_Chr01.1 			2> reports/ImputeRP_Soy775_Chr01.1.log

		rm "results/ImputeRP_Soy775_Chr01.1.log"
		
        (one of the commands exited with non-zero exit code; note that snakemake uses bash strict mode!)
    cluster_jobid: Submitted batch job 22847303

Error executing rule ImputeRP on cluster (jobid: 5, external: Submitted batch job 22847303, jobscript: /storage/hpc/group/bilyeu/nad7wf/allele_atlas_pipeline/.snakemake/tmp.bpahvcxi/snakejob.ImputeRP.5.sh). For error details see the cluster log and the log files of the involved rule(s).
Shutting down, this might take some time.
Exiting because a job execution failed. Look above for error message
Complete log: /storage/hpc/group/bilyeu/nad7wf/allele_atlas_pipeline/.snakemake/log/2021-05-27T084331.096476.snakemake.log
