Building DAG of jobs...
Conda environment envs/custom.yml will be created.
Job counts:
	count	jobs
	1	SubAsterisk
	1	all
	2

[Mon May 24 18:22:45 2021]
rule SubAsterisk:
    input: resources/remerged_datasets/KB100/KB100_Chr01.vcf.gz
    output: results/SubAsterisk_KB100_Chr01.vcf.gz
    log: reports/SubAsterisk_KB100_Chr01.log
    jobid: 1
    wildcards: sample=KB100, chr=Chr01

RuleException in line 1 of /storage/hpc/group/bilyeu/nad7wf/allele_atlas_pipeline/rules/custom/SubAsterisk.smk:
NameError: The name "BEGIN(OFS=FS='\t'" is unknown in this context. Please make sure that you defined that variable. Also note that braces not used for variable access have to be escaped by repeating them, i.e. {{print $1}}
  File "/cluster/software/conda-envs/envs/snakemake-5.3.0/lib/python3.6/site-packages/snakemake/executors/__init__.py", line 135, in run_jobs
  File "/cluster/software/conda-envs/envs/snakemake-5.3.0/lib/python3.6/site-packages/snakemake/executors/__init__.py", line 140, in run
  File "/cluster/software/conda-envs/envs/snakemake-5.3.0/lib/python3.6/site-packages/snakemake/executors/__init__.py", line 151, in _run
  File "/cluster/software/conda-envs/envs/snakemake-5.3.0/lib/python3.6/site-packages/snakemake/executors/__init__.py", line 171, in printjob
  File "/cluster/software/conda-envs/envs/snakemake-5.3.0/lib/python3.6/site-packages/snakemake/executors/__init__.py", line 157, in printjob
