Building DAG of jobs...
Creating conda environment envs/beagle.yml...
Downloading and installing remote packages.
Environment for envs/beagle.yml created (location: .snakemake/conda/6862ade5)
Using shell: /usr/bin/bash
Provided cluster nodes: 50
Job counts:
	count	jobs
	1	ImputeNRP
	1	ImputeRP
	1	MergeVCFs
	1	all
	4
Select jobs to execute...

[Fri Jun  4 12:59:20 2021]
rule ImputeRP:
    input: results/SplitVCF_Soy775_Chr01.1.vcf.gz
    output: results/ImputeRP_Soy775_Chr01.1.vcf.gz
    jobid: 5
    wildcards: chr=01, subset=1
    resources: memory=200G

Submitted job 5 with external jobid 'Submitted batch job 22866081'.
[Fri Jun  4 13:07:31 2021]
Error in rule ImputeRP:
    jobid: 5
    output: results/ImputeRP_Soy775_Chr01.1.vcf.gz
    conda-env: /storage/hpc/group/bilyeu/nad7wf/allele_atlas_pipeline/.snakemake/conda/6862ade5
    shell:
        
		java -Xmx200G -jar /scratch/nad7wf/miniconda/pkgs/beagle-5.2_21Apr21.304-hdfd78af_0/share/beagle-5.2_21Apr21.304-0/beagle.jar gt=results/SplitVCF_Soy775_Chr01.1.vcf.gz out=results/ImputeRP_Soy775_Chr01.1

		rm "results/ImputeRP_Soy775_Chr01.1.log"
		
        (one of the commands exited with non-zero exit code; note that snakemake uses bash strict mode!)
    cluster_jobid: Submitted batch job 22866081

Error executing rule ImputeRP on cluster (jobid: 5, external: Submitted batch job 22866081, jobscript: /storage/hpc/group/bilyeu/nad7wf/allele_atlas_pipeline/.snakemake/tmp.1ny264ky/snakejob.ImputeRP.5.sh). For error details see the cluster log and the log files of the involved rule(s).
Shutting down, this might take some time.
Exiting because a job execution failed. Look above for error message
Complete log: /storage/hpc/group/bilyeu/nad7wf/allele_atlas_pipeline/.snakemake/log/2021-06-04T125411.455655.snakemake.log
