Building DAG of jobs...
Using shell: /usr/bin/bash
Provided cluster nodes: 100
Job counts:
	count	jobs
	1	SNPEff
	1	all
	2
Select jobs to execute...

[Wed Aug 18 09:48:16 2021]
rule SNPEff:
    input: results/MergeVCFs_RP_NRP_Chr04.vcf.gz, /scratch/nad7wf/miniconda/pkgs/snpeff-4.3.1t-0/share/snpeff-4.3.1t-0/snpEff.jar, /scratch/nad7wf/miniconda/pkgs/snpeff-4.3.1t-0/share/snpeff-4.3.1t-0/snpEff.config, /scratch/nad7wf/miniconda/pkgs/snpsift-4.3.1t-hdfd78af_3/share/snpsift-4.3.1t-3/SnpSift.jar, /scratch/nad7wf/miniconda/pkgs/snpeff-4.3.1t-0/share/snpeff-4.3.1t-0/scripts/vcfEffOnePerLine.pl
    output: results/SNPEff_Ann_RP_NRP_Chr04.txt.gz
    jobid: 8
    wildcards: chr=04
    resources: memory=30G

Submitted job 8 with external jobid 'Submitted batch job 23203986'.
[Wed Aug 18 09:49:16 2021]
Error in rule SNPEff:
    jobid: 8
    output: results/SNPEff_Ann_RP_NRP_Chr04.txt.gz
    conda-env: /storage/hpc/group/bilyeu/nad7wf/allele_atlas_pipeline/.snakemake/conda/ae562c43
    shell:
        
		java -Xmx30G 			-jar /scratch/nad7wf/miniconda/pkgs/snpeff-4.3.1t-0/share/snpeff-4.3.1t-0/snpEff.jar 			-c /scratch/nad7wf/miniconda/pkgs/snpeff-4.3.1t-0/share/snpeff-4.3.1t-0/snpEff.config 			-ud 2000 			-v ensembl-Gmax.2.0 			results/MergeVCFs_RP_NRP_Chr04.vcf.gz | 			/scratch/nad7wf/miniconda/pkgs/snpeff-4.3.1t-0/share/snpeff-4.3.1t-0/scripts/vcfEffOnePerLine.pl > results/SNPEff_Ann_RP_NRP_Chr04.txt.gz
			#java -jar /scratch/nad7wf/miniconda/pkgs/snpsift-4.3.1t-hdfd78af_3/share/snpsift-4.3.1t-3/SnpSift.jar filter 			#"(ANN[*].FEATUREID =~ 'Glyma\.\w+\.1') && (ANN[*].EFFECT =~ '(frameshift_variant|exon_loss_variant|duplication|inversion|feature_ablation|gene_fusion|rearranged_at_DNA_level|missense_variant|protein_protein_contact|structural_interaction_variant|rare_amino_acid_variant|splice_acceptor_variant|splice_donor_variant|stop_lost|start_lost|stop_gained|inframe_insertion|disruptive_inframe_insertion|inframe_deletion|disruptive_inframe_deletion)')" | 			#java -jar /scratch/nad7wf/miniconda/pkgs/snpsift-4.3.1t-hdfd78af_3/share/snpsift-4.3.1t-3/SnpSift.jar extractFields 			#-e "NA" - 			#CHROM POS REF ALT "ANN[*].GENE" "ANN[*].ALLELE" "ANN[*].EFFECT" "ANN[*].HGVS_P" | 			#bgzip -l 9 > results/SNPEff_Ann_RP_NRP_Chr04.txt.gz
		
        (one of the commands exited with non-zero exit code; note that snakemake uses bash strict mode!)
    cluster_jobid: Submitted batch job 23203986

Error executing rule SNPEff on cluster (jobid: 8, external: Submitted batch job 23203986, jobscript: /storage/hpc/group/bilyeu/nad7wf/allele_atlas_pipeline/.snakemake/tmp.39jp5fh0/snakejob.SNPEff.8.sh). For error details see the cluster log and the log files of the involved rule(s).
Shutting down, this might take some time.
Exiting because a job execution failed. Look above for error message
Complete log: /storage/hpc/group/bilyeu/nad7wf/allele_atlas_pipeline/.snakemake/log/2021-08-18T094815.682620.snakemake.log
