Building DAG of jobs...
Using shell: /usr/bin/bash
Provided cluster nodes: 100
Job counts:
	count	jobs
	1	AlleleAtlas
	1	ImputeNRP
	1	MergeVCFs
	1	SNPEff
	1	all
	5
Select jobs to execute...

[Fri Jul  9 09:17:00 2021]
rule ImputeNRP:
    input: results/Preformat_NRP_Chr06.vcf.gz, results/ImputeRP_RP_Chr06.vcf.gz
    output: results/ImputeNRP_NRP_Chr06.vcf.gz, results/beagle/ImputeNRP_NRP_Chr06
    jobid: 6
    wildcards: chr=06
    resources: memory=65, threads=15

Submitted job 6 with external jobid 'Submitted batch job 23007743'.
Removing temporary output file results/beagle/ImputeNRP_NRP_Chr06.
[Fri Jul  9 10:13:53 2021]
Finished job 6.
1 of 5 steps (20%) done
Select jobs to execute...

[Fri Jul  9 10:13:53 2021]
rule MergeVCFs:
    input: results/ImputeRP_RP_Chr06.vcf.gz, results/ImputeNRP_NRP_Chr06.vcf.gz
    output: results/MergeVCFs_RP_NRP_Chr06.vcf.gz
    jobid: 7
    wildcards: chr=06

Submitted job 7 with external jobid 'Submitted batch job 23008111'.
[Fri Jul  9 10:25:44 2021]
Finished job 7.
2 of 5 steps (40%) done
Select jobs to execute...

[Fri Jul  9 10:25:44 2021]
rule SNPEff:
    input: results/MergeVCFs_RP_NRP_Chr06.vcf.gz, /scratch/nad7wf/miniconda/pkgs/snpeff-5.0-hdfd78af_1/share/snpeff-5.0-1/snpEff.jar, /scratch/nad7wf/miniconda/pkgs/snpeff-5.0-hdfd78af_1/share/snpeff-5.0-1/snpEff.config, /scratch/nad7wf/miniconda/pkgs/snpsift-4.3.1t-hdfd78af_3/share/snpsift-4.3.1t-3/SnpSift.jar, /scratch/nad7wf/miniconda/pkgs/snpeff-5.0-hdfd78af_1/share/snpeff-5.0-1/scripts/vcfEffOnePerLine.pl
    output: results/SNPEff_Ann_RP_NRP_Chr06.txt.gz
    jobid: 8
    wildcards: chr=06
    resources: memory=30G

Submitted job 8 with external jobid 'Submitted batch job 23008120'.
[Fri Jul  9 10:54:06 2021]
Error in rule SNPEff:
    jobid: 8
    output: results/SNPEff_Ann_RP_NRP_Chr06.txt.gz
    conda-env: /storage/hpc/group/bilyeu/nad7wf/allele_atlas_pipeline/.snakemake/conda/84d8468f
    shell:
        
		java -Xmx30G 			-jar /scratch/nad7wf/miniconda/pkgs/snpeff-5.0-hdfd78af_1/share/snpeff-5.0-1/snpEff.jar 			-c /scratch/nad7wf/miniconda/pkgs/snpeff-5.0-hdfd78af_1/share/snpeff-5.0-1/snpEff.config 			-ud 2000 			-v Gmax.2.0 			results/MergeVCFs_RP_NRP_Chr06.vcf.gz | 			/scratch/nad7wf/miniconda/pkgs/snpeff-5.0-hdfd78af_1/share/snpeff-5.0-1/scripts/vcfEffOnePerLine.pl | 			java -jar /scratch/nad7wf/miniconda/pkgs/snpsift-4.3.1t-hdfd78af_3/share/snpsift-4.3.1t-3/SnpSift.jar filter 			"(ANN[*].FEATUREID =~ 'Glyma\.\w+\.1') && (ANN[*].EFFECT =~ '(frameshift_variant|exon_loss_variant|duplication|inversion|feature_ablation|gene_fusion|rearranged_at_DNA_level|missense_variant|protein_protein_contact|structural_interaction_variant|rare_amino_acid_variant|splice_acceptor_variant|splice_donor_variant|stop_lost|start_lost|stop_gained|inframe_insertion|disruptive_inframe_insertion|inframe_deletion|disruptive_inframe_deletion)')" | 			java -jar /scratch/nad7wf/miniconda/pkgs/snpsift-4.3.1t-hdfd78af_3/share/snpsift-4.3.1t-3/SnpSift.jar extractFields 			-e "NA" - 			CHROM POS REF ALT "ANN[*].GENE" "ANN[*].ALLELE" "ANN[*].EFFECT" "ANN[*].HGVS_P" | 			bgzip -l 9 > results/SNPEff_Ann_RP_NRP_Chr06.txt.gz
		
        (one of the commands exited with non-zero exit code; note that snakemake uses bash strict mode!)
    cluster_jobid: Submitted batch job 23008120

Error executing rule SNPEff on cluster (jobid: 8, external: Submitted batch job 23008120, jobscript: /storage/hpc/group/bilyeu/nad7wf/allele_atlas_pipeline/.snakemake/tmp.eluv4ctg/snakejob.SNPEff.8.sh). For error details see the cluster log and the log files of the involved rule(s).
Shutting down, this might take some time.
Exiting because a job execution failed. Look above for error message
Complete log: /storage/hpc/group/bilyeu/nad7wf/allele_atlas_pipeline/.snakemake/log/2021-07-09T091700.100231.snakemake.log
