Building DAG of jobs...
Using shell: /usr/bin/bash
Provided cluster nodes: 50
Job counts:
	count	jobs
	1	ImputeNRP
	1	ImputeRP
	1	MergeVCFs
	1	all
	4
Select jobs to execute...

[Fri Jun  4 15:29:35 2021]
rule ImputeRP:
    input: results/SplitVCF_Soy775_Chr01.2.vcf.gz
    output: results/ImputeRP_Soy775_Chr01.2.vcf.gz
    jobid: 6
    wildcards: chr=01, subset=2
    resources: memory=200G

Submitted job 6 with external jobid 'Submitted batch job 22866706'.
[Fri Jun  4 16:17:07 2021]
Finished job 6.
1 of 4 steps (25%) done
Select jobs to execute...

[Fri Jun  4 16:17:07 2021]
rule ImputeNRP:
    input: results/SplitVCF_NRP_Chr01.2.vcf.gz, results/ImputeRP_Soy775_Chr01.2.vcf.gz
    output: results/ImputeNRP_NRP_Chr01.2.vcf.gz
    jobid: 8
    wildcards: chr=01, subset=2
    resources: memory=200G

Submitted job 8 with external jobid 'Submitted batch job 22867083'.
[Fri Jun  4 16:20:57 2021]
Finished job 8.
2 of 4 steps (50%) done
Select jobs to execute...

[Fri Jun  4 16:20:57 2021]
rule MergeVCFs:
    input: results/ImputeRP_Soy775_Chr01.1.vcf.gz, results/ImputeRP_Soy775_Chr01.2.vcf.gz, results/ImputeNRP_NRP_Chr01.1.vcf.gz, results/ImputeNRP_NRP_Chr01.2.vcf.gz, resources/beagle/mergevcf.jar
    output: results/MergeVCFs_Soy775_Chr01.vcf, results/MergeVCFs_NRP_Chr01.vcf, results/MergeVCFs_Soy775_NRP_Chr01.vcf.gz
    log: reports/MergeVCFs_Chr01.log
    jobid: 9
    wildcards: chr=01

Submitted job 9 with external jobid 'Submitted batch job 22867090'.
[Fri Jun  4 16:27:27 2021]
Error in rule MergeVCFs:
    jobid: 9
    output: results/MergeVCFs_Soy775_Chr01.vcf, results/MergeVCFs_NRP_Chr01.vcf, results/MergeVCFs_Soy775_NRP_Chr01.vcf.gz
    log: reports/MergeVCFs_Chr01.log (check log file(s) for error message)
    conda-env: /storage/hpc/group/bilyeu/nad7wf/allele_atlas_pipeline/.snakemake/conda/6862ade5
    shell:
        
		java -jar resources/beagle/mergevcf.jar 			"Chr01" 			results/ImputeRP_Soy775_Chr01.1.vcf.gz results/ImputeRP_Soy775_Chr01.2.vcf.gz 			> results/MergeVCFs_Soy775_Chr01.vcf

		java -jar resources/beagle/mergevcf.jar 			"Chr01" 			results/ImputeNRP_NRP_Chr01.1.vcf.gz results/ImputeNRP_NRP_Chr01.2.vcf.gz 			> results/MergeVCFs_NRP_Chr01.vcf

		bcftools merge 			-m all 			results/MergeVCFs_Soy775_Chr01.vcf 			results/MergeVCFs_NRP_Chr01.vcf | 			bgzip -l 9 			> results/MergeVCFs_Soy775_NRP_Chr01.vcf.gz
		
        (one of the commands exited with non-zero exit code; note that snakemake uses bash strict mode!)
    cluster_jobid: Submitted batch job 22867090

Error executing rule MergeVCFs on cluster (jobid: 9, external: Submitted batch job 22867090, jobscript: /storage/hpc/group/bilyeu/nad7wf/allele_atlas_pipeline/.snakemake/tmp.36zhol_1/snakejob.MergeVCFs.9.sh). For error details see the cluster log and the log files of the involved rule(s).
Shutting down, this might take some time.
Exiting because a job execution failed. Look above for error message
Complete log: /storage/hpc/group/bilyeu/nad7wf/allele_atlas_pipeline/.snakemake/log/2021-06-04T152935.452688.snakemake.log
