Building DAG of jobs...
Using shell: /usr/bin/bash
Provided cluster nodes: 50
Job counts:
	count	jobs
	1	SNPEff
	1	all
	2
Select jobs to execute...

[Wed Jun 16 17:53:58 2021]
rule SNPEff:
    input: results/MergeVCFs_Soy775_NRP_Chr01.vcf.gz, /scratch/nad7wf/miniconda/pkgs/snpeff-5.0-hdfd78af_1/share/snpeff-5.0-1/snpEff.jar, /scratch/nad7wf/miniconda/pkgs/snpeff-5.0-hdfd78af_1/share/snpeff-5.0-1/snpEff.config, /scratch/nad7wf/miniconda/pkgs/snpsift-4.3.1t-hdfd78af_3/share/snpsift-4.3.1t-3/SnpSift.jar, /scratch/nad7wf/miniconda/pkgs/snpeff-5.0-hdfd78af_1/share/snpeff-5.0-1/scripts/vcfEffOnePerLine.pl
    output: results/SNPEff_Ann_Soy775_NRP_Chr01.txt.gz
    jobid: 10
    wildcards: chr=01
    resources: memory=30G

Submitted job 10 with external jobid 'Submitted batch job 22889750'.
[Wed Jun 16 17:56:48 2021]
Error in rule SNPEff:
    jobid: 10
    output: results/SNPEff_Ann_Soy775_NRP_Chr01.txt.gz
    conda-env: /storage/hpc/group/bilyeu/nad7wf/allele_atlas_pipeline/.snakemake/conda/84d8468f
    shell:
        
		java -Xmx30G 			-jar /scratch/nad7wf/miniconda/pkgs/snpeff-5.0-hdfd78af_1/share/snpeff-5.0-1/snpEff.jar 			-c /scratch/nad7wf/miniconda/pkgs/snpeff-5.0-hdfd78af_1/share/snpeff-5.0-1/snpEff.config 			-ud 2000 			-v Gmax.2.0 			results/MergeVCFs_Soy775_NRP_Chr01.vcf.gz | 			java -jar /scratch/nad7wf/miniconda/pkgs/snpsift-4.3.1t-hdfd78af_3/share/snpsift-4.3.1t-3/SnpSift.jar filter 			"(ANN[*].EFFECT =~ '(frameshift_variant|exon_loss_variant|duplication|inversion|feature_ablation|gene_fusion|rearranged_at_DNA_level|missense_variant|protein_protein_contact|structural_interaction_variant|rare_amino_acid_variant|splice_acceptor_variant|splice_donor_variant|stop_lost|start_lost|stop_gained|inframe_insertion|disruptive_inframe_insertion|inframe_deletion|disruptive_inframe_deletion)')" | 			/scratch/nad7wf/miniconda/pkgs/snpeff-5.0-hdfd78af_1/share/snpeff-5.0-1/scripts/vcfEffOnePerLine.pl | \ 
			java -jar /scratch/nad7wf/miniconda/pkgs/snpsift-4.3.1t-hdfd78af_3/share/snpsift-4.3.1t-3/SnpSift.jar filter 			"(ANN[*].FEATUREID =~ 'Glyma\.\w+\.1')" > results/SNPEff_Ann_Soy775_NRP_Chr01.txt.gz
			#java -jar /scratch/nad7wf/miniconda/pkgs/snpsift-4.3.1t-hdfd78af_3/share/snpsift-4.3.1t-3/SnpSift.jar extractFields 			#-e "NA" 			#CHROM POS REF ALT "ANN[*].GENE" "ANN[*].ALLELE" "ANN[*].EFFECT" "ANN[*].HGVS_P" | 			#bgzip -l 9 > results/SNPEff_Ann_Soy775_NRP_Chr01.txt.gz
		
        (one of the commands exited with non-zero exit code; note that snakemake uses bash strict mode!)
    cluster_jobid: Submitted batch job 22889750

Error executing rule SNPEff on cluster (jobid: 10, external: Submitted batch job 22889750, jobscript: /storage/hpc/group/bilyeu/nad7wf/allele_atlas_pipeline/.snakemake/tmp.y75j7p7l/snakejob.SNPEff.10.sh). For error details see the cluster log and the log files of the involved rule(s).
Shutting down, this might take some time.
Exiting because a job execution failed. Look above for error message
Complete log: /storage/hpc/group/bilyeu/nad7wf/allele_atlas_pipeline/.snakemake/log/2021-06-16T175358.445859.snakemake.log
