Building DAG of jobs...
Using shell: /usr/bin/bash
Provided cluster nodes: 100
Job counts:
	count	jobs
	1	AlleleAtlas
	24	ImputeNRP
	23	ImputeRP
	1	MergeVCFs
	1	SNPEff
	1	all
	51
Select jobs to execute...

[Tue Jul  6 10:15:29 2021]
rule ImputeRP:
    input: results/SplitVCF_RP_Chr06.22.vcf.gz
    output: results/ImputeRP_RP_Chr06.22.vcf.gz, results/beagle/ImputeRP_RP_Chr06.22.vcf.gz
    jobid: 28
    wildcards: chr=06, subset=22
    resources: memory=100G, threads=15

Submitted job 28 with external jobid 'Submitted batch job 22981932'.

[Tue Jul  6 10:15:29 2021]
rule ImputeRP:
    input: results/SplitVCF_RP_Chr06.37.vcf.gz
    output: results/ImputeRP_RP_Chr06.37.vcf.gz, results/beagle/ImputeRP_RP_Chr06.37.vcf.gz
    jobid: 43
    wildcards: chr=06, subset=37
    resources: memory=100G, threads=15

Submitted job 43 with external jobid 'Submitted batch job 22981933'.

[Tue Jul  6 10:15:29 2021]
rule ImputeRP:
    input: results/SplitVCF_RP_Chr06.15.vcf.gz
    output: results/ImputeRP_RP_Chr06.15.vcf.gz, results/beagle/ImputeRP_RP_Chr06.15.vcf.gz
    jobid: 21
    wildcards: chr=06, subset=15
    resources: memory=100G, threads=15

Submitted job 21 with external jobid 'Submitted batch job 22981934'.

[Tue Jul  6 10:15:29 2021]
rule ImputeRP:
    input: results/SplitVCF_RP_Chr06.30.vcf.gz
    output: results/ImputeRP_RP_Chr06.30.vcf.gz, results/beagle/ImputeRP_RP_Chr06.30.vcf.gz
    jobid: 36
    wildcards: chr=06, subset=30
    resources: memory=100G, threads=15

Submitted job 36 with external jobid 'Submitted batch job 22981935'.

[Tue Jul  6 10:15:29 2021]
rule ImputeRP:
    input: results/SplitVCF_RP_Chr06.23.vcf.gz
    output: results/ImputeRP_RP_Chr06.23.vcf.gz, results/beagle/ImputeRP_RP_Chr06.23.vcf.gz
    jobid: 29
    wildcards: chr=06, subset=23
    resources: memory=100G, threads=15

Submitted job 29 with external jobid 'Submitted batch job 22981936'.

[Tue Jul  6 10:15:30 2021]
rule ImputeRP:
    input: results/SplitVCF_RP_Chr06.38.vcf.gz
    output: results/ImputeRP_RP_Chr06.38.vcf.gz, results/beagle/ImputeRP_RP_Chr06.38.vcf.gz
    jobid: 44
    wildcards: chr=06, subset=38
    resources: memory=100G, threads=15

Submitted job 44 with external jobid 'Submitted batch job 22981937'.

[Tue Jul  6 10:15:30 2021]
rule ImputeRP:
    input: results/SplitVCF_RP_Chr06.31.vcf.gz
    output: results/ImputeRP_RP_Chr06.31.vcf.gz, results/beagle/ImputeRP_RP_Chr06.31.vcf.gz
    jobid: 37
    wildcards: chr=06, subset=31
    resources: memory=100G, threads=15

Submitted job 37 with external jobid 'Submitted batch job 22981938'.

[Tue Jul  6 10:15:30 2021]
rule ImputeRP:
    input: results/SplitVCF_RP_Chr06.24.vcf.gz
    output: results/ImputeRP_RP_Chr06.24.vcf.gz, results/beagle/ImputeRP_RP_Chr06.24.vcf.gz
    jobid: 30
    wildcards: chr=06, subset=24
    resources: memory=100G, threads=15

Submitted job 30 with external jobid 'Submitted batch job 22981939'.

[Tue Jul  6 10:15:30 2021]
rule ImputeRP:
    input: results/SplitVCF_RP_Chr06.39.vcf.gz
    output: results/ImputeRP_RP_Chr06.39.vcf.gz, results/beagle/ImputeRP_RP_Chr06.39.vcf.gz
    jobid: 45
    wildcards: chr=06, subset=39
    resources: memory=100G, threads=15

Submitted job 45 with external jobid 'Submitted batch job 22981940'.

[Tue Jul  6 10:15:30 2021]
rule ImputeRP:
    input: results/SplitVCF_RP_Chr06.17.vcf.gz
    output: results/ImputeRP_RP_Chr06.17.vcf.gz, results/beagle/ImputeRP_RP_Chr06.17.vcf.gz
    jobid: 23
    wildcards: chr=06, subset=17
    resources: memory=100G, threads=15

Submitted job 23 with external jobid 'Submitted batch job 22981941'.

[Tue Jul  6 10:15:30 2021]
rule ImputeRP:
    input: results/SplitVCF_RP_Chr06.32.vcf.gz
    output: results/ImputeRP_RP_Chr06.32.vcf.gz, results/beagle/ImputeRP_RP_Chr06.32.vcf.gz
    jobid: 38
    wildcards: chr=06, subset=32
    resources: memory=100G, threads=15

Submitted job 38 with external jobid 'Submitted batch job 22981942'.

[Tue Jul  6 10:15:30 2021]
rule ImputeRP:
    input: results/SplitVCF_RP_Chr06.18.vcf.gz
    output: results/ImputeRP_RP_Chr06.18.vcf.gz, results/beagle/ImputeRP_RP_Chr06.18.vcf.gz
    jobid: 24
    wildcards: chr=06, subset=18
    resources: memory=100G, threads=15

Submitted job 24 with external jobid 'Submitted batch job 22981943'.

[Tue Jul  6 10:15:30 2021]
rule ImputeRP:
    input: results/SplitVCF_RP_Chr06.33.vcf.gz
    output: results/ImputeRP_RP_Chr06.33.vcf.gz, results/beagle/ImputeRP_RP_Chr06.33.vcf.gz
    jobid: 39
    wildcards: chr=06, subset=33
    resources: memory=100G, threads=15

Submitted job 39 with external jobid 'Submitted batch job 22981944'.

[Tue Jul  6 10:15:30 2021]
rule ImputeNRP:
    input: results/SplitVCF_NRP_Chr06.1.vcf.gz, results/ImputeRP_RP_Chr06.1.vcf.gz
    output: results/ImputeNRP_NRP_Chr06.1.vcf.gz, results/beagle/ImputeNRP_NRP_Chr06.1.vcf.gz
    jobid: 47
    wildcards: chr=06, subset=1
    resources: memory=100G, threads=1

Submitted job 47 with external jobid 'Submitted batch job 22981945'.

[Tue Jul  6 10:15:30 2021]
rule ImputeRP:
    input: results/SplitVCF_RP_Chr06.19.vcf.gz
    output: results/ImputeRP_RP_Chr06.19.vcf.gz, results/beagle/ImputeRP_RP_Chr06.19.vcf.gz
    jobid: 25
    wildcards: chr=06, subset=19
    resources: memory=100G, threads=15

Submitted job 25 with external jobid 'Submitted batch job 22981946'.

[Tue Jul  6 10:15:30 2021]
rule ImputeRP:
    input: results/SplitVCF_RP_Chr06.34.vcf.gz
    output: results/ImputeRP_RP_Chr06.34.vcf.gz, results/beagle/ImputeRP_RP_Chr06.34.vcf.gz
    jobid: 40
    wildcards: chr=06, subset=34
    resources: memory=100G, threads=15

Submitted job 40 with external jobid 'Submitted batch job 22981947'.

[Tue Jul  6 10:15:30 2021]
rule ImputeRP:
    input: results/SplitVCF_RP_Chr06.27.vcf.gz
    output: results/ImputeRP_RP_Chr06.27.vcf.gz, results/beagle/ImputeRP_RP_Chr06.27.vcf.gz
    jobid: 33
    wildcards: chr=06, subset=27
    resources: memory=100G, threads=15

Submitted job 33 with external jobid 'Submitted batch job 22981948'.

[Tue Jul  6 10:15:30 2021]
rule ImputeRP:
    input: results/SplitVCF_RP_Chr06.12.vcf.gz
    output: results/ImputeRP_RP_Chr06.12.vcf.gz, results/beagle/ImputeRP_RP_Chr06.12.vcf.gz
    jobid: 18
    wildcards: chr=06, subset=12
    resources: memory=100G, threads=15

Submitted job 18 with external jobid 'Submitted batch job 22981949'.

[Tue Jul  6 10:15:30 2021]
rule ImputeRP:
    input: results/SplitVCF_RP_Chr06.20.vcf.gz
    output: results/ImputeRP_RP_Chr06.20.vcf.gz, results/beagle/ImputeRP_RP_Chr06.20.vcf.gz
    jobid: 26
    wildcards: chr=06, subset=20
    resources: memory=100G, threads=15

Submitted job 26 with external jobid 'Submitted batch job 22981950'.

[Tue Jul  6 10:15:31 2021]
rule ImputeRP:
    input: results/SplitVCF_RP_Chr06.35.vcf.gz
    output: results/ImputeRP_RP_Chr06.35.vcf.gz, results/beagle/ImputeRP_RP_Chr06.35.vcf.gz
    jobid: 41
    wildcards: chr=06, subset=35
    resources: memory=100G, threads=15

Submitted job 41 with external jobid 'Submitted batch job 22981951'.

[Tue Jul  6 10:15:31 2021]
rule ImputeRP:
    input: results/SplitVCF_RP_Chr06.28.vcf.gz
    output: results/ImputeRP_RP_Chr06.28.vcf.gz, results/beagle/ImputeRP_RP_Chr06.28.vcf.gz
    jobid: 34
    wildcards: chr=06, subset=28
    resources: memory=100G, threads=15

Submitted job 34 with external jobid 'Submitted batch job 22981952'.

[Tue Jul  6 10:15:31 2021]
rule ImputeRP:
    input: results/SplitVCF_RP_Chr06.21.vcf.gz
    output: results/ImputeRP_RP_Chr06.21.vcf.gz, results/beagle/ImputeRP_RP_Chr06.21.vcf.gz
    jobid: 27
    wildcards: chr=06, subset=21
    resources: memory=100G, threads=15

Submitted job 27 with external jobid 'Submitted batch job 22981953'.

[Tue Jul  6 10:15:31 2021]
rule ImputeRP:
    input: results/SplitVCF_RP_Chr06.36.vcf.gz
    output: results/ImputeRP_RP_Chr06.36.vcf.gz, results/beagle/ImputeRP_RP_Chr06.36.vcf.gz
    jobid: 42
    wildcards: chr=06, subset=36
    resources: memory=100G, threads=15

Submitted job 42 with external jobid 'Submitted batch job 22981954'.

[Tue Jul  6 10:15:31 2021]
rule ImputeRP:
    input: results/SplitVCF_RP_Chr06.29.vcf.gz
    output: results/ImputeRP_RP_Chr06.29.vcf.gz, results/beagle/ImputeRP_RP_Chr06.29.vcf.gz
    jobid: 35
    wildcards: chr=06, subset=29
    resources: memory=100G, threads=15

Submitted job 35 with external jobid 'Submitted batch job 22981955'.
