Building DAG of jobs...
Using shell: /usr/bin/bash
Provided cluster nodes: 50
Job counts:
	count	jobs
	1	SplitVCF
	1	all
	2
Select jobs to execute...

[Mon May 24 14:06:13 2021]
rule SplitVCF:
    input: resources/remerged_datasets/KB100/KB100_Chr01.vcf.gz
    output: results/KB100_Chr01.1.vcf.gz
    log: reports/KB100_Chr01.log
    jobid: 1
    wildcards: sample=KB100, chr=Chr01

Submitted job 1 with external jobid 'Submitted batch job 22843427'.
[Mon May 24 14:06:23 2021]
Error in rule SplitVCF:
    jobid: 1
    output: results/KB100_Chr01.1.vcf.gz
    log: reports/KB100_Chr01.log (check log file(s) for error message)
    conda-env: /storage/hpc/group/bilyeu/nad7wf/allele_atlas_pipeline/.snakemake/conda/e283fd6b
    shell:
        
		overlap=$(($(bcftools index -n resources/remerged_datasets/KB100/KB100_Chr01.vcf.gz) / 20 + 5000))

		java -jar resources/beagle/splitvcf.jar 			Chr01 			"$overlap" 			5000 			../../results/KB100_Chr01
		
        (one of the commands exited with non-zero exit code; note that snakemake uses bash strict mode!)
    cluster_jobid: Submitted batch job 22843427

Error executing rule SplitVCF on cluster (jobid: 1, external: Submitted batch job 22843427, jobscript: /storage/hpc/group/bilyeu/nad7wf/allele_atlas_pipeline/.snakemake/tmp.c00swym1/snakejob.SplitVCF.1.sh). For error details see the cluster log and the log files of the involved rule(s).
Shutting down, this might take some time.
Exiting because a job execution failed. Look above for error message
Complete log: /storage/hpc/group/bilyeu/nad7wf/allele_atlas_pipeline/.snakemake/log/2021-05-24T140613.561962.snakemake.log
