Building DAG of jobs...
Using shell: /usr/bin/bash
Provided cluster nodes: 50
Job counts:
	count	jobs
	2	ImputeNRP
	1	MergeVCFs
	1	all
	4
Select jobs to execute...

[Thu Jun 10 08:20:48 2021]
rule ImputeNRP:
    input: results/SplitVCF_NRP_Chr01.1.vcf.gz, results/ImputeRP_Soy775_Chr01.1.vcf.gz
    output: results/ImputeNRP_NRP_Chr01.1.vcf.gz
    jobid: 7
    wildcards: chr=01, subset=1
    resources: memory=150G, threads=15

Submitted job 7 with external jobid 'Submitted batch job 22874098'.

[Thu Jun 10 08:20:48 2021]
rule ImputeNRP:
    input: results/SplitVCF_NRP_Chr01.2.vcf.gz, results/ImputeRP_Soy775_Chr01.2.vcf.gz
    output: results/ImputeNRP_NRP_Chr01.2.vcf.gz
    jobid: 8
    wildcards: chr=01, subset=2
    resources: memory=150G, threads=15

Submitted job 8 with external jobid 'Submitted batch job 22874099'.
