Building DAG of jobs...
Using shell: /usr/bin/bash
Provided cluster nodes: 50
Job counts:
	count	jobs
	2	ImputeNRP
	1	MergeVCFs
	1	PreformatNRP
	1	SNPEff
	1	SplitVCF
	1	all
	7
Select jobs to execute...

[Mon Jun 21 19:16:22 2021]
rule PreformatNRP:
    input: results/RenameSamples_NRP_Chr01.vcf.gz, results/Preformat_Soy775_Chr01.vcf.gz
    output: results/Preformat_NRP_Chr01.vcf.gz
    jobid: 4
    wildcards: chr=01

Submitted job 4 with external jobid 'Submitted batch job 22910576'.
[Mon Jun 21 19:23:42 2021]
Finished job 4.
1 of 7 steps (14%) done
Select jobs to execute...

[Mon Jun 21 19:23:42 2021]
rule SplitVCF:
    input: results/Preformat_NRP_Chr01.vcf.gz, resources/beagle/splitvcf.jar
    output: results/SplitVCF_NRP_Chr01.1.vcf.gz, results/SplitVCF_NRP_Chr01.2.vcf.gz
    jobid: 6
    wildcards: id=NRP, chr=01

Submitted job 6 with external jobid 'Submitted batch job 22910577'.
[Mon Jun 21 19:33:43 2021]
Finished job 6.
2 of 7 steps (29%) done
Select jobs to execute...

[Mon Jun 21 19:33:43 2021]
rule ImputeNRP:
    input: results/SplitVCF_NRP_Chr01.1.vcf.gz, results/ImputeRP_Soy775_Chr01.1.vcf.gz
    output: results/ImputeNRP_NRP_Chr01.1.vcf.gz
    jobid: 9
    wildcards: chr=01, subset=1
    resources: memory=200G, threads=1

Submitted job 9 with external jobid 'Submitted batch job 22911207'.

[Mon Jun 21 19:34:04 2021]
rule ImputeNRP:
    input: results/SplitVCF_NRP_Chr01.2.vcf.gz, results/ImputeRP_Soy775_Chr01.2.vcf.gz
    output: results/ImputeNRP_NRP_Chr01.2.vcf.gz
    jobid: 10
    wildcards: chr=01, subset=2
    resources: memory=200G, threads=1

Submitted job 10 with external jobid 'Submitted batch job 22911208'.
[Mon Jun 21 19:44:54 2021]
Finished job 9.
3 of 7 steps (43%) done
[Mon Jun 21 19:45:34 2021]
Finished job 10.
4 of 7 steps (57%) done
Select jobs to execute...

[Mon Jun 21 19:45:34 2021]
rule MergeVCFs:
    input: results/ImputeRP_Soy775_Chr01.1.vcf.gz, results/ImputeRP_Soy775_Chr01.2.vcf.gz, results/ImputeNRP_NRP_Chr01.1.vcf.gz, results/ImputeNRP_NRP_Chr01.2.vcf.gz, resources/beagle/mergevcf.jar
    output: results/MergeVCFs_Soy775_Chr01.vcf.gz, results/MergeVCFs_NRP_Chr01.vcf.gz, results/MergeVCFs_Soy775_NRP_Chr01.vcf.gz
    jobid: 11
    wildcards: chr=01

Submitted job 11 with external jobid 'Submitted batch job 22911218'.
[Mon Jun 21 19:48:24 2021]
Finished job 11.
5 of 7 steps (71%) done
Select jobs to execute...

[Mon Jun 21 19:48:24 2021]
rule SNPEff:
    input: results/MergeVCFs_Soy775_NRP_Chr01.vcf.gz, /scratch/nad7wf/miniconda/pkgs/snpeff-5.0-hdfd78af_1/share/snpeff-5.0-1/snpEff.jar, /scratch/nad7wf/miniconda/pkgs/snpeff-5.0-hdfd78af_1/share/snpeff-5.0-1/snpEff.config, /scratch/nad7wf/miniconda/pkgs/snpsift-4.3.1t-hdfd78af_3/share/snpsift-4.3.1t-3/SnpSift.jar, /scratch/nad7wf/miniconda/pkgs/snpeff-5.0-hdfd78af_1/share/snpeff-5.0-1/scripts/vcfEffOnePerLine.pl
    output: results/SNPEff_Ann_Soy775_NRP_Chr01.txt.gz
    jobid: 12
    wildcards: chr=01
    resources: memory=30G

Submitted job 12 with external jobid 'Submitted batch job 22911219'.
[Mon Jun 21 19:52:14 2021]
Finished job 12.
6 of 7 steps (86%) done
Select jobs to execute...

[Mon Jun 21 19:52:14 2021]
localrule all:
    input: results/RenameSamples_Soy775_Chr01.vcf.gz, results/RenameSamples_NRP_Chr01.vcf.gz, results/Preformat_Soy775_Chr01.vcf.gz, results/Preformat_NRP_Chr01.vcf.gz, results/SplitVCF_Soy775_Chr01.1.vcf.gz, results/SplitVCF_Soy775_Chr01.2.vcf.gz, results/SplitVCF_NRP_Chr01.1.vcf.gz, results/SplitVCF_NRP_Chr01.2.vcf.gz, results/ImputeRP_Soy775_Chr01.1.vcf.gz, results/ImputeRP_Soy775_Chr01.2.vcf.gz, results/ImputeNRP_NRP_Chr01.1.vcf.gz, results/ImputeNRP_NRP_Chr01.2.vcf.gz, results/MergeVCFs_Soy775_NRP_Chr01.vcf.gz, results/SNPEff_Ann_Soy775_NRP_Chr01.txt.gz
    jobid: 0

[Mon Jun 21 19:52:14 2021]
Finished job 0.
7 of 7 steps (100%) done
Complete log: /storage/hpc/group/bilyeu/nad7wf/allele_atlas_pipeline/.snakemake/log/2021-06-21T191621.990487.snakemake.log
