Building DAG of jobs...
Using shell: /usr/bin/bash
Provided cluster nodes: 50
Job counts:
	count	jobs
	1	ImputeNRP
	1	ImputeRP
	1	MergeVCFs
	2	SplitVCF
	1	all
	6
Select jobs to execute...

[Fri Jun  4 09:20:53 2021]
rule SplitVCF:
    input: results/SubAsterisk_Soy775_Chr01.vcf.gz, resources/beagle/splitvcf.jar
    output: results/SplitVCF_Soy775_Chr01.1.vcf.gz
    jobid: 3
    wildcards: id=Soy775, chr=01

Submitted job 3 with external jobid 'Submitted batch job 22865685'.

[Fri Jun  4 09:20:53 2021]
rule SplitVCF:
    input: results/SubAsterisk_NRP_Chr01.vcf.gz, resources/beagle/splitvcf.jar
    output: results/SplitVCF_NRP_Chr01.1.vcf.gz
    jobid: 4
    wildcards: id=NRP, chr=01

Submitted job 4 with external jobid 'Submitted batch job 22865686'.
[Fri Jun  4 09:24:53 2021]
Finished job 4.
1 of 6 steps (17%) done
[Fri Jun  4 09:35:44 2021]
Finished job 3.
2 of 6 steps (33%) done
Select jobs to execute...

[Fri Jun  4 09:35:44 2021]
rule ImputeRP:
    input: results/SplitVCF_Soy775_Chr01.1.vcf.gz
    output: results/ImputeRP_Soy775_Chr01.1.vcf.gz
    jobid: 5
    wildcards: chr=01, subset=1
    resources: memory=120G

Submitted job 5 with external jobid 'Submitted batch job 22865761'.
[Fri Jun  4 09:48:45 2021]
Error in rule ImputeRP:
    jobid: 5
    output: results/ImputeRP_Soy775_Chr01.1.vcf.gz
    conda-env: /storage/hpc/group/bilyeu/nad7wf/allele_atlas_pipeline/.snakemake/conda/e283fd6b
    shell:
        
		java -Xmx120G 			-jar /scratch/nad7wf/miniconda/pkgs/beagle-5.2_21Apr21.304-hdfd78af_0/share/beagle-5.2_21Apr21.304-0/beagle.jar 			gt=results/SplitVCF_Soy775_Chr01.1.vcf.gz 			out=results/ImputeRP_Soy775_Chr01.1

		rm "results/ImputeRP_Soy775_Chr01.1.log"
		
        (one of the commands exited with non-zero exit code; note that snakemake uses bash strict mode!)
    cluster_jobid: Submitted batch job 22865761

Error executing rule ImputeRP on cluster (jobid: 5, external: Submitted batch job 22865761, jobscript: /storage/hpc/group/bilyeu/nad7wf/allele_atlas_pipeline/.snakemake/tmp.4k4x88ac/snakejob.ImputeRP.5.sh). For error details see the cluster log and the log files of the involved rule(s).
Shutting down, this might take some time.
Exiting because a job execution failed. Look above for error message
Complete log: /storage/hpc/group/bilyeu/nad7wf/allele_atlas_pipeline/.snakemake/log/2021-06-04T092052.958726.snakemake.log
