Building DAG of jobs...
Using shell: /usr/bin/bash
Provided cluster nodes: 100
Job counts:
	count	jobs
	20	AlleleAtlas
	20	SNPEff
	1	all
	41
Select jobs to execute...

[Wed Oct 27 09:53:36 2021]
rule SNPEff:
    input: results/MergeVCFs_RP_NRP_Chr08.vcf.gz, /scratch/nad7wf/miniconda/pkgs/snpeff-4.3.1t-0/share/snpeff-4.3.1t-0/snpEff.jar, /scratch/nad7wf/miniconda/pkgs/snpeff-4.3.1t-0/share/snpeff-4.3.1t-0/snpEff.config, /scratch/nad7wf/miniconda/pkgs/snpsift-4.3.1t-hdfd78af_3/share/snpsift-4.3.1t-3/SnpSift.jar, /scratch/nad7wf/miniconda/pkgs/snpeff-4.3.1t-0/share/snpeff-4.3.1t-0/scripts/vcfEffOnePerLine.pl
    output: results/SNPEff_Ann_RP_NRP_Chr08.txt.gz
    jobid: 148
    wildcards: chr=08
    resources: memory=30G

Submitted job 148 with external jobid 'Submitted batch job 23415824'.

[Wed Oct 27 09:53:37 2021]
rule SNPEff:
    input: results/MergeVCFs_RP_NRP_Chr10.vcf.gz, /scratch/nad7wf/miniconda/pkgs/snpeff-4.3.1t-0/share/snpeff-4.3.1t-0/snpEff.jar, /scratch/nad7wf/miniconda/pkgs/snpeff-4.3.1t-0/share/snpeff-4.3.1t-0/snpEff.config, /scratch/nad7wf/miniconda/pkgs/snpsift-4.3.1t-hdfd78af_3/share/snpsift-4.3.1t-3/SnpSift.jar, /scratch/nad7wf/miniconda/pkgs/snpeff-4.3.1t-0/share/snpeff-4.3.1t-0/scripts/vcfEffOnePerLine.pl
    output: results/SNPEff_Ann_RP_NRP_Chr10.txt.gz
    jobid: 150
    wildcards: chr=10
    resources: memory=30G

Submitted job 150 with external jobid 'Submitted batch job 23415825'.

[Wed Oct 27 09:53:37 2021]
rule SNPEff:
    input: results/MergeVCFs_RP_NRP_Chr12.vcf.gz, /scratch/nad7wf/miniconda/pkgs/snpeff-4.3.1t-0/share/snpeff-4.3.1t-0/snpEff.jar, /scratch/nad7wf/miniconda/pkgs/snpeff-4.3.1t-0/share/snpeff-4.3.1t-0/snpEff.config, /scratch/nad7wf/miniconda/pkgs/snpsift-4.3.1t-hdfd78af_3/share/snpsift-4.3.1t-3/SnpSift.jar, /scratch/nad7wf/miniconda/pkgs/snpeff-4.3.1t-0/share/snpeff-4.3.1t-0/scripts/vcfEffOnePerLine.pl
    output: results/SNPEff_Ann_RP_NRP_Chr12.txt.gz
    jobid: 152
    wildcards: chr=12
    resources: memory=30G

Submitted job 152 with external jobid 'Submitted batch job 23415826'.

[Wed Oct 27 09:53:37 2021]
rule SNPEff:
    input: results/MergeVCFs_RP_NRP_Chr14.vcf.gz, /scratch/nad7wf/miniconda/pkgs/snpeff-4.3.1t-0/share/snpeff-4.3.1t-0/snpEff.jar, /scratch/nad7wf/miniconda/pkgs/snpeff-4.3.1t-0/share/snpeff-4.3.1t-0/snpEff.config, /scratch/nad7wf/miniconda/pkgs/snpsift-4.3.1t-hdfd78af_3/share/snpsift-4.3.1t-3/SnpSift.jar, /scratch/nad7wf/miniconda/pkgs/snpeff-4.3.1t-0/share/snpeff-4.3.1t-0/scripts/vcfEffOnePerLine.pl
    output: results/SNPEff_Ann_RP_NRP_Chr14.txt.gz
    jobid: 154
    wildcards: chr=14
    resources: memory=30G

Submitted job 154 with external jobid 'Submitted batch job 23415827'.

[Wed Oct 27 09:53:37 2021]
rule SNPEff:
    input: results/MergeVCFs_RP_NRP_Chr01.vcf.gz, /scratch/nad7wf/miniconda/pkgs/snpeff-4.3.1t-0/share/snpeff-4.3.1t-0/snpEff.jar, /scratch/nad7wf/miniconda/pkgs/snpeff-4.3.1t-0/share/snpeff-4.3.1t-0/snpEff.config, /scratch/nad7wf/miniconda/pkgs/snpsift-4.3.1t-hdfd78af_3/share/snpsift-4.3.1t-3/SnpSift.jar, /scratch/nad7wf/miniconda/pkgs/snpeff-4.3.1t-0/share/snpeff-4.3.1t-0/scripts/vcfEffOnePerLine.pl
    output: results/SNPEff_Ann_RP_NRP_Chr01.txt.gz
    jobid: 141
    wildcards: chr=01
    resources: memory=30G

Submitted job 141 with external jobid 'Submitted batch job 23415828'.

[Wed Oct 27 09:53:37 2021]
rule SNPEff:
    input: results/MergeVCFs_RP_NRP_Chr16.vcf.gz, /scratch/nad7wf/miniconda/pkgs/snpeff-4.3.1t-0/share/snpeff-4.3.1t-0/snpEff.jar, /scratch/nad7wf/miniconda/pkgs/snpeff-4.3.1t-0/share/snpeff-4.3.1t-0/snpEff.config, /scratch/nad7wf/miniconda/pkgs/snpsift-4.3.1t-hdfd78af_3/share/snpsift-4.3.1t-3/SnpSift.jar, /scratch/nad7wf/miniconda/pkgs/snpeff-4.3.1t-0/share/snpeff-4.3.1t-0/scripts/vcfEffOnePerLine.pl
    output: results/SNPEff_Ann_RP_NRP_Chr16.txt.gz
    jobid: 156
    wildcards: chr=16
    resources: memory=30G

Submitted job 156 with external jobid 'Submitted batch job 23415829'.

[Wed Oct 27 09:53:37 2021]
rule SNPEff:
    input: results/MergeVCFs_RP_NRP_Chr03.vcf.gz, /scratch/nad7wf/miniconda/pkgs/snpeff-4.3.1t-0/share/snpeff-4.3.1t-0/snpEff.jar, /scratch/nad7wf/miniconda/pkgs/snpeff-4.3.1t-0/share/snpeff-4.3.1t-0/snpEff.config, /scratch/nad7wf/miniconda/pkgs/snpsift-4.3.1t-hdfd78af_3/share/snpsift-4.3.1t-3/SnpSift.jar, /scratch/nad7wf/miniconda/pkgs/snpeff-4.3.1t-0/share/snpeff-4.3.1t-0/scripts/vcfEffOnePerLine.pl
    output: results/SNPEff_Ann_RP_NRP_Chr03.txt.gz
    jobid: 143
    wildcards: chr=03
    resources: memory=30G

Submitted job 143 with external jobid 'Submitted batch job 23415830'.

[Wed Oct 27 09:53:37 2021]
rule SNPEff:
    input: results/MergeVCFs_RP_NRP_Chr18.vcf.gz, /scratch/nad7wf/miniconda/pkgs/snpeff-4.3.1t-0/share/snpeff-4.3.1t-0/snpEff.jar, /scratch/nad7wf/miniconda/pkgs/snpeff-4.3.1t-0/share/snpeff-4.3.1t-0/snpEff.config, /scratch/nad7wf/miniconda/pkgs/snpsift-4.3.1t-hdfd78af_3/share/snpsift-4.3.1t-3/SnpSift.jar, /scratch/nad7wf/miniconda/pkgs/snpeff-4.3.1t-0/share/snpeff-4.3.1t-0/scripts/vcfEffOnePerLine.pl
    output: results/SNPEff_Ann_RP_NRP_Chr18.txt.gz
    jobid: 158
    wildcards: chr=18
    resources: memory=30G

Submitted job 158 with external jobid 'Submitted batch job 23415831'.

[Wed Oct 27 09:53:37 2021]
rule SNPEff:
    input: results/MergeVCFs_RP_NRP_Chr05.vcf.gz, /scratch/nad7wf/miniconda/pkgs/snpeff-4.3.1t-0/share/snpeff-4.3.1t-0/snpEff.jar, /scratch/nad7wf/miniconda/pkgs/snpeff-4.3.1t-0/share/snpeff-4.3.1t-0/snpEff.config, /scratch/nad7wf/miniconda/pkgs/snpsift-4.3.1t-hdfd78af_3/share/snpsift-4.3.1t-3/SnpSift.jar, /scratch/nad7wf/miniconda/pkgs/snpeff-4.3.1t-0/share/snpeff-4.3.1t-0/scripts/vcfEffOnePerLine.pl
    output: results/SNPEff_Ann_RP_NRP_Chr05.txt.gz
    jobid: 145
    wildcards: chr=05
    resources: memory=30G

Submitted job 145 with external jobid 'Submitted batch job 23415832'.

[Wed Oct 27 09:53:37 2021]
rule SNPEff:
    input: results/MergeVCFs_RP_NRP_Chr20.vcf.gz, /scratch/nad7wf/miniconda/pkgs/snpeff-4.3.1t-0/share/snpeff-4.3.1t-0/snpEff.jar, /scratch/nad7wf/miniconda/pkgs/snpeff-4.3.1t-0/share/snpeff-4.3.1t-0/snpEff.config, /scratch/nad7wf/miniconda/pkgs/snpsift-4.3.1t-hdfd78af_3/share/snpsift-4.3.1t-3/SnpSift.jar, /scratch/nad7wf/miniconda/pkgs/snpeff-4.3.1t-0/share/snpeff-4.3.1t-0/scripts/vcfEffOnePerLine.pl
    output: results/SNPEff_Ann_RP_NRP_Chr20.txt.gz
    jobid: 160
    wildcards: chr=20
    resources: memory=30G

Submitted job 160 with external jobid 'Submitted batch job 23415833'.

[Wed Oct 27 09:53:37 2021]
rule SNPEff:
    input: results/MergeVCFs_RP_NRP_Chr07.vcf.gz, /scratch/nad7wf/miniconda/pkgs/snpeff-4.3.1t-0/share/snpeff-4.3.1t-0/snpEff.jar, /scratch/nad7wf/miniconda/pkgs/snpeff-4.3.1t-0/share/snpeff-4.3.1t-0/snpEff.config, /scratch/nad7wf/miniconda/pkgs/snpsift-4.3.1t-hdfd78af_3/share/snpsift-4.3.1t-3/SnpSift.jar, /scratch/nad7wf/miniconda/pkgs/snpeff-4.3.1t-0/share/snpeff-4.3.1t-0/scripts/vcfEffOnePerLine.pl
    output: results/SNPEff_Ann_RP_NRP_Chr07.txt.gz
    jobid: 147
    wildcards: chr=07
    resources: memory=30G

Submitted job 147 with external jobid 'Submitted batch job 23415834'.

[Wed Oct 27 09:53:37 2021]
rule SNPEff:
    input: results/MergeVCFs_RP_NRP_Chr04.vcf.gz, /scratch/nad7wf/miniconda/pkgs/snpeff-4.3.1t-0/share/snpeff-4.3.1t-0/snpEff.jar, /scratch/nad7wf/miniconda/pkgs/snpeff-4.3.1t-0/share/snpeff-4.3.1t-0/snpEff.config, /scratch/nad7wf/miniconda/pkgs/snpsift-4.3.1t-hdfd78af_3/share/snpsift-4.3.1t-3/SnpSift.jar, /scratch/nad7wf/miniconda/pkgs/snpeff-4.3.1t-0/share/snpeff-4.3.1t-0/scripts/vcfEffOnePerLine.pl
    output: results/SNPEff_Ann_RP_NRP_Chr04.txt.gz
    jobid: 144
    wildcards: chr=04
    resources: memory=30G

Submitted job 144 with external jobid 'Submitted batch job 23415835'.

[Wed Oct 27 09:53:37 2021]
rule SNPEff:
    input: results/MergeVCFs_RP_NRP_Chr02.vcf.gz, /scratch/nad7wf/miniconda/pkgs/snpeff-4.3.1t-0/share/snpeff-4.3.1t-0/snpEff.jar, /scratch/nad7wf/miniconda/pkgs/snpeff-4.3.1t-0/share/snpeff-4.3.1t-0/snpEff.config, /scratch/nad7wf/miniconda/pkgs/snpsift-4.3.1t-hdfd78af_3/share/snpsift-4.3.1t-3/SnpSift.jar, /scratch/nad7wf/miniconda/pkgs/snpeff-4.3.1t-0/share/snpeff-4.3.1t-0/scripts/vcfEffOnePerLine.pl
    output: results/SNPEff_Ann_RP_NRP_Chr02.txt.gz
    jobid: 142
    wildcards: chr=02
    resources: memory=30G

Submitted job 142 with external jobid 'Submitted batch job 23415836'.

[Wed Oct 27 09:53:37 2021]
rule SNPEff:
    input: results/MergeVCFs_RP_NRP_Chr09.vcf.gz, /scratch/nad7wf/miniconda/pkgs/snpeff-4.3.1t-0/share/snpeff-4.3.1t-0/snpEff.jar, /scratch/nad7wf/miniconda/pkgs/snpeff-4.3.1t-0/share/snpeff-4.3.1t-0/snpEff.config, /scratch/nad7wf/miniconda/pkgs/snpsift-4.3.1t-hdfd78af_3/share/snpsift-4.3.1t-3/SnpSift.jar, /scratch/nad7wf/miniconda/pkgs/snpeff-4.3.1t-0/share/snpeff-4.3.1t-0/scripts/vcfEffOnePerLine.pl
    output: results/SNPEff_Ann_RP_NRP_Chr09.txt.gz
    jobid: 149
    wildcards: chr=09
    resources: memory=30G

Submitted job 149 with external jobid 'Submitted batch job 23415837'.

[Wed Oct 27 09:53:37 2021]
rule SNPEff:
    input: results/MergeVCFs_RP_NRP_Chr11.vcf.gz, /scratch/nad7wf/miniconda/pkgs/snpeff-4.3.1t-0/share/snpeff-4.3.1t-0/snpEff.jar, /scratch/nad7wf/miniconda/pkgs/snpeff-4.3.1t-0/share/snpeff-4.3.1t-0/snpEff.config, /scratch/nad7wf/miniconda/pkgs/snpsift-4.3.1t-hdfd78af_3/share/snpsift-4.3.1t-3/SnpSift.jar, /scratch/nad7wf/miniconda/pkgs/snpeff-4.3.1t-0/share/snpeff-4.3.1t-0/scripts/vcfEffOnePerLine.pl
    output: results/SNPEff_Ann_RP_NRP_Chr11.txt.gz
    jobid: 151
    wildcards: chr=11
    resources: memory=30G

Submitted job 151 with external jobid 'Submitted batch job 23415838'.

[Wed Oct 27 09:53:37 2021]
rule SNPEff:
    input: results/MergeVCFs_RP_NRP_Chr13.vcf.gz, /scratch/nad7wf/miniconda/pkgs/snpeff-4.3.1t-0/share/snpeff-4.3.1t-0/snpEff.jar, /scratch/nad7wf/miniconda/pkgs/snpeff-4.3.1t-0/share/snpeff-4.3.1t-0/snpEff.config, /scratch/nad7wf/miniconda/pkgs/snpsift-4.3.1t-hdfd78af_3/share/snpsift-4.3.1t-3/SnpSift.jar, /scratch/nad7wf/miniconda/pkgs/snpeff-4.3.1t-0/share/snpeff-4.3.1t-0/scripts/vcfEffOnePerLine.pl
    output: results/SNPEff_Ann_RP_NRP_Chr13.txt.gz
    jobid: 153
    wildcards: chr=13
    resources: memory=30G

Submitted job 153 with external jobid 'Submitted batch job 23415839'.

[Wed Oct 27 09:53:37 2021]
rule SNPEff:
    input: results/MergeVCFs_RP_NRP_Chr15.vcf.gz, /scratch/nad7wf/miniconda/pkgs/snpeff-4.3.1t-0/share/snpeff-4.3.1t-0/snpEff.jar, /scratch/nad7wf/miniconda/pkgs/snpeff-4.3.1t-0/share/snpeff-4.3.1t-0/snpEff.config, /scratch/nad7wf/miniconda/pkgs/snpsift-4.3.1t-hdfd78af_3/share/snpsift-4.3.1t-3/SnpSift.jar, /scratch/nad7wf/miniconda/pkgs/snpeff-4.3.1t-0/share/snpeff-4.3.1t-0/scripts/vcfEffOnePerLine.pl
    output: results/SNPEff_Ann_RP_NRP_Chr15.txt.gz
    jobid: 155
    wildcards: chr=15
    resources: memory=30G

Submitted job 155 with external jobid 'Submitted batch job 23415840'.

[Wed Oct 27 09:53:37 2021]
rule SNPEff:
    input: results/MergeVCFs_RP_NRP_Chr17.vcf.gz, /scratch/nad7wf/miniconda/pkgs/snpeff-4.3.1t-0/share/snpeff-4.3.1t-0/snpEff.jar, /scratch/nad7wf/miniconda/pkgs/snpeff-4.3.1t-0/share/snpeff-4.3.1t-0/snpEff.config, /scratch/nad7wf/miniconda/pkgs/snpsift-4.3.1t-hdfd78af_3/share/snpsift-4.3.1t-3/SnpSift.jar, /scratch/nad7wf/miniconda/pkgs/snpeff-4.3.1t-0/share/snpeff-4.3.1t-0/scripts/vcfEffOnePerLine.pl
    output: results/SNPEff_Ann_RP_NRP_Chr17.txt.gz
    jobid: 157
    wildcards: chr=17
    resources: memory=30G

Submitted job 157 with external jobid 'Submitted batch job 23415841'.

[Wed Oct 27 09:53:37 2021]
rule SNPEff:
    input: results/MergeVCFs_RP_NRP_Chr19.vcf.gz, /scratch/nad7wf/miniconda/pkgs/snpeff-4.3.1t-0/share/snpeff-4.3.1t-0/snpEff.jar, /scratch/nad7wf/miniconda/pkgs/snpeff-4.3.1t-0/share/snpeff-4.3.1t-0/snpEff.config, /scratch/nad7wf/miniconda/pkgs/snpsift-4.3.1t-hdfd78af_3/share/snpsift-4.3.1t-3/SnpSift.jar, /scratch/nad7wf/miniconda/pkgs/snpeff-4.3.1t-0/share/snpeff-4.3.1t-0/scripts/vcfEffOnePerLine.pl
    output: results/SNPEff_Ann_RP_NRP_Chr19.txt.gz
    jobid: 159
    wildcards: chr=19
    resources: memory=30G

Submitted job 159 with external jobid 'Submitted batch job 23415842'.

[Wed Oct 27 09:53:38 2021]
rule SNPEff:
    input: results/MergeVCFs_RP_NRP_Chr06.vcf.gz, /scratch/nad7wf/miniconda/pkgs/snpeff-4.3.1t-0/share/snpeff-4.3.1t-0/snpEff.jar, /scratch/nad7wf/miniconda/pkgs/snpeff-4.3.1t-0/share/snpeff-4.3.1t-0/snpEff.config, /scratch/nad7wf/miniconda/pkgs/snpsift-4.3.1t-hdfd78af_3/share/snpsift-4.3.1t-3/SnpSift.jar, /scratch/nad7wf/miniconda/pkgs/snpeff-4.3.1t-0/share/snpeff-4.3.1t-0/scripts/vcfEffOnePerLine.pl
    output: results/SNPEff_Ann_RP_NRP_Chr06.txt.gz
    jobid: 146
    wildcards: chr=06
    resources: memory=30G

Submitted job 146 with external jobid 'Submitted batch job 23415843'.
[Wed Oct 27 10:13:59 2021]
Finished job 151.
1 of 41 steps (2%) done
Select jobs to execute...
[Wed Oct 27 10:13:59 2021]
Finished job 157.
2 of 41 steps (5%) done

[Wed Oct 27 10:13:59 2021]
rule AlleleAtlas:
    input: results/MergeVCFs_RP_NRP_Chr11.vcf.gz, results/SNPEff_Ann_RP_NRP_Chr11.txt.gz, resources/gff/Chr11.gff.gz, rules/custom/scripts/generate_allele_atlas.py
    output: results/AlleleAtlas_RP_NRP_Chr11.txt.gz, results/Bottleneck_genes_RP_NRP_Chr11.txt.gz, results/Housekeeping_genes_RP_NRP_Chr11.txt.gz
    jobid: 171
    wildcards: RP_id=RP, NRP_id=NRP, chr=11

Submitted job 171 with external jobid 'Submitted batch job 23415881'.
Select jobs to execute...

[Wed Oct 27 10:13:59 2021]
rule AlleleAtlas:
    input: results/MergeVCFs_RP_NRP_Chr17.vcf.gz, results/SNPEff_Ann_RP_NRP_Chr17.txt.gz, resources/gff/Chr17.gff.gz, rules/custom/scripts/generate_allele_atlas.py
    output: results/AlleleAtlas_RP_NRP_Chr17.txt.gz, results/Bottleneck_genes_RP_NRP_Chr17.txt.gz, results/Housekeeping_genes_RP_NRP_Chr17.txt.gz
    jobid: 177
    wildcards: RP_id=RP, NRP_id=NRP, chr=17

Submitted job 177 with external jobid 'Submitted batch job 23415882'.
[Wed Oct 27 10:14:10 2021]
Finished job 152.
3 of 41 steps (7%) done
Select jobs to execute...

[Wed Oct 27 10:14:10 2021]
rule AlleleAtlas:
    input: results/MergeVCFs_RP_NRP_Chr12.vcf.gz, results/SNPEff_Ann_RP_NRP_Chr12.txt.gz, resources/gff/Chr12.gff.gz, rules/custom/scripts/generate_allele_atlas.py
    output: results/AlleleAtlas_RP_NRP_Chr12.txt.gz, results/Bottleneck_genes_RP_NRP_Chr12.txt.gz, results/Housekeeping_genes_RP_NRP_Chr12.txt.gz
    jobid: 172
    wildcards: RP_id=RP, NRP_id=NRP, chr=12

Submitted job 172 with external jobid 'Submitted batch job 23415883'.
[Wed Oct 27 10:17:23 2021]
Finished job 153.
4 of 41 steps (10%) done
Select jobs to execute...

[Wed Oct 27 10:17:23 2021]
rule AlleleAtlas:
    input: results/MergeVCFs_RP_NRP_Chr13.vcf.gz, results/SNPEff_Ann_RP_NRP_Chr13.txt.gz, resources/gff/Chr13.gff.gz, rules/custom/scripts/generate_allele_atlas.py
    output: results/AlleleAtlas_RP_NRP_Chr13.txt.gz, results/Bottleneck_genes_RP_NRP_Chr13.txt.gz, results/Housekeeping_genes_RP_NRP_Chr13.txt.gz
    jobid: 173
    wildcards: RP_id=RP, NRP_id=NRP, chr=13

Submitted job 173 with external jobid 'Submitted batch job 23415885'.
[Wed Oct 27 10:18:10 2021]
Finished job 145.
5 of 41 steps (12%) done
Select jobs to execute...

[Wed Oct 27 10:18:10 2021]
rule AlleleAtlas:
    input: results/MergeVCFs_RP_NRP_Chr05.vcf.gz, results/SNPEff_Ann_RP_NRP_Chr05.txt.gz, resources/gff/Chr05.gff.gz, rules/custom/scripts/generate_allele_atlas.py
    output: results/AlleleAtlas_RP_NRP_Chr05.txt.gz, results/Bottleneck_genes_RP_NRP_Chr05.txt.gz, results/Housekeeping_genes_RP_NRP_Chr05.txt.gz
    jobid: 165
    wildcards: RP_id=RP, NRP_id=NRP, chr=05

Submitted job 165 with external jobid 'Submitted batch job 23415887'.
[Wed Oct 27 10:19:35 2021]
Finished job 147.
6 of 41 steps (15%) done
Select jobs to execute...
[Wed Oct 27 10:19:35 2021]
Finished job 142.
7 of 41 steps (17%) done

[Wed Oct 27 10:19:35 2021]
rule AlleleAtlas:
    input: results/MergeVCFs_RP_NRP_Chr07.vcf.gz, results/SNPEff_Ann_RP_NRP_Chr07.txt.gz, resources/gff/Chr07.gff.gz, rules/custom/scripts/generate_allele_atlas.py
    output: results/AlleleAtlas_RP_NRP_Chr07.txt.gz, results/Bottleneck_genes_RP_NRP_Chr07.txt.gz, results/Housekeeping_genes_RP_NRP_Chr07.txt.gz
    jobid: 167
    wildcards: RP_id=RP, NRP_id=NRP, chr=07

Submitted job 167 with external jobid 'Submitted batch job 23415888'.
Select jobs to execute...

[Wed Oct 27 10:19:35 2021]
rule AlleleAtlas:
    input: results/MergeVCFs_RP_NRP_Chr02.vcf.gz, results/SNPEff_Ann_RP_NRP_Chr02.txt.gz, resources/gff/Chr02.gff.gz, rules/custom/scripts/generate_allele_atlas.py
    output: results/AlleleAtlas_RP_NRP_Chr02.txt.gz, results/Bottleneck_genes_RP_NRP_Chr02.txt.gz, results/Housekeeping_genes_RP_NRP_Chr02.txt.gz
    jobid: 162
    wildcards: RP_id=RP, NRP_id=NRP, chr=02

Submitted job 162 with external jobid 'Submitted batch job 23415889'.
[Wed Oct 27 10:20:34 2021]
Finished job 148.
8 of 41 steps (20%) done
Select jobs to execute...

[Wed Oct 27 10:20:34 2021]
rule AlleleAtlas:
    input: results/MergeVCFs_RP_NRP_Chr08.vcf.gz, results/SNPEff_Ann_RP_NRP_Chr08.txt.gz, resources/gff/Chr08.gff.gz, rules/custom/scripts/generate_allele_atlas.py
    output: results/AlleleAtlas_RP_NRP_Chr08.txt.gz, results/Bottleneck_genes_RP_NRP_Chr08.txt.gz, results/Housekeeping_genes_RP_NRP_Chr08.txt.gz
    jobid: 168
    wildcards: RP_id=RP, NRP_id=NRP, chr=08

Submitted job 168 with external jobid 'Submitted batch job 23415890'.
[Wed Oct 27 10:21:10 2021]
Finished job 156.
9 of 41 steps (22%) done
Select jobs to execute...

[Wed Oct 27 10:21:10 2021]
rule AlleleAtlas:
    input: results/MergeVCFs_RP_NRP_Chr16.vcf.gz, results/SNPEff_Ann_RP_NRP_Chr16.txt.gz, resources/gff/Chr16.gff.gz, rules/custom/scripts/generate_allele_atlas.py
    output: results/AlleleAtlas_RP_NRP_Chr16.txt.gz, results/Bottleneck_genes_RP_NRP_Chr16.txt.gz, results/Housekeeping_genes_RP_NRP_Chr16.txt.gz
    jobid: 176
    wildcards: RP_id=RP, NRP_id=NRP, chr=16

Submitted job 176 with external jobid 'Submitted batch job 23415891'.
[Wed Oct 27 10:21:11 2021]
Finished job 149.
10 of 41 steps (24%) done
Select jobs to execute...

[Wed Oct 27 10:21:11 2021]
rule AlleleAtlas:
    input: results/MergeVCFs_RP_NRP_Chr09.vcf.gz, results/SNPEff_Ann_RP_NRP_Chr09.txt.gz, resources/gff/Chr09.gff.gz, rules/custom/scripts/generate_allele_atlas.py
    output: results/AlleleAtlas_RP_NRP_Chr09.txt.gz, results/Bottleneck_genes_RP_NRP_Chr09.txt.gz, results/Housekeeping_genes_RP_NRP_Chr09.txt.gz
    jobid: 169
    wildcards: RP_id=RP, NRP_id=NRP, chr=09

Submitted job 169 with external jobid 'Submitted batch job 23415892'.
[Wed Oct 27 10:21:34 2021]
Finished job 150.
11 of 41 steps (27%) done
Select jobs to execute...

[Wed Oct 27 10:21:34 2021]
rule AlleleAtlas:
    input: results/MergeVCFs_RP_NRP_Chr10.vcf.gz, results/SNPEff_Ann_RP_NRP_Chr10.txt.gz, resources/gff/Chr10.gff.gz, rules/custom/scripts/generate_allele_atlas.py
    output: results/AlleleAtlas_RP_NRP_Chr10.txt.gz, results/Bottleneck_genes_RP_NRP_Chr10.txt.gz, results/Housekeeping_genes_RP_NRP_Chr10.txt.gz
    jobid: 170
    wildcards: RP_id=RP, NRP_id=NRP, chr=10

Submitted job 170 with external jobid 'Submitted batch job 23415893'.
[Wed Oct 27 10:22:23 2021]
Finished job 159.
12 of 41 steps (29%) done
Select jobs to execute...

[Wed Oct 27 10:22:23 2021]
rule AlleleAtlas:
    input: results/MergeVCFs_RP_NRP_Chr19.vcf.gz, results/SNPEff_Ann_RP_NRP_Chr19.txt.gz, resources/gff/Chr19.gff.gz, rules/custom/scripts/generate_allele_atlas.py
    output: results/AlleleAtlas_RP_NRP_Chr19.txt.gz, results/Bottleneck_genes_RP_NRP_Chr19.txt.gz, results/Housekeeping_genes_RP_NRP_Chr19.txt.gz
    jobid: 179
    wildcards: RP_id=RP, NRP_id=NRP, chr=19

Submitted job 179 with external jobid 'Submitted batch job 23415895'.
[Wed Oct 27 10:22:34 2021]
Finished job 160.
13 of 41 steps (32%) done
Select jobs to execute...

[Wed Oct 27 10:22:34 2021]
rule AlleleAtlas:
    input: results/MergeVCFs_RP_NRP_Chr20.vcf.gz, results/SNPEff_Ann_RP_NRP_Chr20.txt.gz, resources/gff/Chr20.gff.gz, rules/custom/scripts/generate_allele_atlas.py
    output: results/AlleleAtlas_RP_NRP_Chr20.txt.gz, results/Bottleneck_genes_RP_NRP_Chr20.txt.gz, results/Housekeeping_genes_RP_NRP_Chr20.txt.gz
    jobid: 180
    wildcards: RP_id=RP, NRP_id=NRP, chr=20

Submitted job 180 with external jobid 'Submitted batch job 23415896'.
[Wed Oct 27 10:22:58 2021]
Finished job 154.
14 of 41 steps (34%) done
Select jobs to execute...

[Wed Oct 27 10:22:58 2021]
rule AlleleAtlas:
    input: results/MergeVCFs_RP_NRP_Chr14.vcf.gz, results/SNPEff_Ann_RP_NRP_Chr14.txt.gz, resources/gff/Chr14.gff.gz, rules/custom/scripts/generate_allele_atlas.py
    output: results/AlleleAtlas_RP_NRP_Chr14.txt.gz, results/Bottleneck_genes_RP_NRP_Chr14.txt.gz, results/Housekeeping_genes_RP_NRP_Chr14.txt.gz
    jobid: 174
    wildcards: RP_id=RP, NRP_id=NRP, chr=14

Submitted job 174 with external jobid 'Submitted batch job 23415897'.
[Wed Oct 27 10:22:59 2021]
Finished job 144.
15 of 41 steps (37%) done
Select jobs to execute...

[Wed Oct 27 10:22:59 2021]
rule AlleleAtlas:
    input: results/MergeVCFs_RP_NRP_Chr04.vcf.gz, results/SNPEff_Ann_RP_NRP_Chr04.txt.gz, resources/gff/Chr04.gff.gz, rules/custom/scripts/generate_allele_atlas.py
    output: results/AlleleAtlas_RP_NRP_Chr04.txt.gz, results/Bottleneck_genes_RP_NRP_Chr04.txt.gz, results/Housekeeping_genes_RP_NRP_Chr04.txt.gz
    jobid: 164
    wildcards: RP_id=RP, NRP_id=NRP, chr=04

Submitted job 164 with external jobid 'Submitted batch job 23415898'.
[Wed Oct 27 10:24:22 2021]
Finished job 143.
16 of 41 steps (39%) done
Select jobs to execute...

[Wed Oct 27 10:24:22 2021]
rule AlleleAtlas:
    input: results/MergeVCFs_RP_NRP_Chr03.vcf.gz, results/SNPEff_Ann_RP_NRP_Chr03.txt.gz, resources/gff/Chr03.gff.gz, rules/custom/scripts/generate_allele_atlas.py
    output: results/AlleleAtlas_RP_NRP_Chr03.txt.gz, results/Bottleneck_genes_RP_NRP_Chr03.txt.gz, results/Housekeeping_genes_RP_NRP_Chr03.txt.gz
    jobid: 163
    wildcards: RP_id=RP, NRP_id=NRP, chr=03

Submitted job 163 with external jobid 'Submitted batch job 23415901'.
[Wed Oct 27 10:24:35 2021]
Finished job 155.
17 of 41 steps (41%) done
Select jobs to execute...

[Wed Oct 27 10:24:35 2021]
rule AlleleAtlas:
    input: results/MergeVCFs_RP_NRP_Chr15.vcf.gz, results/SNPEff_Ann_RP_NRP_Chr15.txt.gz, resources/gff/Chr15.gff.gz, rules/custom/scripts/generate_allele_atlas.py
    output: results/AlleleAtlas_RP_NRP_Chr15.txt.gz, results/Bottleneck_genes_RP_NRP_Chr15.txt.gz, results/Housekeeping_genes_RP_NRP_Chr15.txt.gz
    jobid: 175
    wildcards: RP_id=RP, NRP_id=NRP, chr=15

Submitted job 175 with external jobid 'Submitted batch job 23415902'.
[Wed Oct 27 10:24:46 2021]
Finished job 141.
18 of 41 steps (44%) done
Select jobs to execute...

[Wed Oct 27 10:24:46 2021]
rule AlleleAtlas:
    input: results/MergeVCFs_RP_NRP_Chr01.vcf.gz, results/SNPEff_Ann_RP_NRP_Chr01.txt.gz, resources/gff/Chr01.gff.gz, rules/custom/scripts/generate_allele_atlas.py
    output: results/AlleleAtlas_RP_NRP_Chr01.txt.gz, results/Bottleneck_genes_RP_NRP_Chr01.txt.gz, results/Housekeeping_genes_RP_NRP_Chr01.txt.gz
    jobid: 161
    wildcards: RP_id=RP, NRP_id=NRP, chr=01

Submitted job 161 with external jobid 'Submitted batch job 23415903'.
[Wed Oct 27 10:25:23 2021]
Finished job 146.
19 of 41 steps (46%) done
Select jobs to execute...

[Wed Oct 27 10:25:23 2021]
rule AlleleAtlas:
    input: results/MergeVCFs_RP_NRP_Chr06.vcf.gz, results/SNPEff_Ann_RP_NRP_Chr06.txt.gz, resources/gff/Chr06.gff.gz, rules/custom/scripts/generate_allele_atlas.py
    output: results/AlleleAtlas_RP_NRP_Chr06.txt.gz, results/Bottleneck_genes_RP_NRP_Chr06.txt.gz, results/Housekeeping_genes_RP_NRP_Chr06.txt.gz
    jobid: 166
    wildcards: RP_id=RP, NRP_id=NRP, chr=06

Submitted job 166 with external jobid 'Submitted batch job 23415904'.
[Wed Oct 27 10:32:35 2021]
Finished job 158.
20 of 41 steps (49%) done
Select jobs to execute...

[Wed Oct 27 10:32:35 2021]
rule AlleleAtlas:
    input: results/MergeVCFs_RP_NRP_Chr18.vcf.gz, results/SNPEff_Ann_RP_NRP_Chr18.txt.gz, resources/gff/Chr18.gff.gz, rules/custom/scripts/generate_allele_atlas.py
    output: results/AlleleAtlas_RP_NRP_Chr18.txt.gz, results/Bottleneck_genes_RP_NRP_Chr18.txt.gz, results/Housekeeping_genes_RP_NRP_Chr18.txt.gz
    jobid: 178
    wildcards: RP_id=RP, NRP_id=NRP, chr=18

Submitted job 178 with external jobid 'Submitted batch job 23415910'.
[Wed Oct 27 10:33:49 2021]
Finished job 172.
21 of 41 steps (51%) done
[Wed Oct 27 10:34:45 2021]
Finished job 177.
22 of 41 steps (54%) done
[Wed Oct 27 10:37:40 2021]
Finished job 165.
23 of 41 steps (56%) done
[Wed Oct 27 10:38:47 2021]
Finished job 171.
24 of 41 steps (59%) done
[Wed Oct 27 10:40:04 2021]
Finished job 167.
25 of 41 steps (61%) done
[Wed Oct 27 10:41:21 2021]
Finished job 162.
26 of 41 steps (63%) done
[Wed Oct 27 10:41:43 2021]
Finished job 169.
27 of 41 steps (66%) done
[Wed Oct 27 10:42:05 2021]
Finished job 180.
28 of 41 steps (68%) done
[Wed Oct 27 10:42:16 2021]
Finished job 164.
29 of 41 steps (71%) done
[Wed Oct 27 10:42:27 2021]
Finished job 174.
30 of 41 steps (73%) done
[Wed Oct 27 10:42:38 2021]
Finished job 179.
31 of 41 steps (76%) done
[Wed Oct 27 10:43:29 2021]
Finished job 170.
32 of 41 steps (78%) done
[Wed Oct 27 10:44:59 2021]
Finished job 176.
33 of 41 steps (80%) done
[Wed Oct 27 10:46:09 2021]
Finished job 168.
34 of 41 steps (83%) done
[Wed Oct 27 10:46:19 2021]
Finished job 173.
35 of 41 steps (85%) done
[Wed Oct 27 10:49:00 2021]
Finished job 175.
36 of 41 steps (88%) done
[Wed Oct 27 10:50:40 2021]
Finished job 161.
37 of 41 steps (90%) done
[Wed Oct 27 10:51:50 2021]
Finished job 163.
38 of 41 steps (93%) done
[Wed Oct 27 10:55:40 2021]
Finished job 166.
39 of 41 steps (95%) done
[Wed Oct 27 11:13:51 2021]
Finished job 178.
40 of 41 steps (98%) done
Select jobs to execute...

[Wed Oct 27 11:13:52 2021]
localrule all:
    input: results/RenameSamples_RP_Chr01.vcf.gz, results/RenameSamples_RP_Chr02.vcf.gz, results/RenameSamples_RP_Chr03.vcf.gz, results/RenameSamples_RP_Chr04.vcf.gz, results/RenameSamples_RP_Chr05.vcf.gz, results/RenameSamples_RP_Chr06.vcf.gz, results/RenameSamples_RP_Chr07.vcf.gz, results/RenameSamples_RP_Chr08.vcf.gz, results/RenameSamples_RP_Chr09.vcf.gz, results/RenameSamples_RP_Chr10.vcf.gz, results/RenameSamples_RP_Chr11.vcf.gz, results/RenameSamples_RP_Chr12.vcf.gz, results/RenameSamples_RP_Chr13.vcf.gz, results/RenameSamples_RP_Chr14.vcf.gz, results/RenameSamples_RP_Chr15.vcf.gz, results/RenameSamples_RP_Chr16.vcf.gz, results/RenameSamples_RP_Chr17.vcf.gz, results/RenameSamples_RP_Chr18.vcf.gz, results/RenameSamples_RP_Chr19.vcf.gz, results/RenameSamples_RP_Chr20.vcf.gz, results/RenameSamples_NRP_Chr01.vcf.gz, results/RenameSamples_NRP_Chr02.vcf.gz, results/RenameSamples_NRP_Chr03.vcf.gz, results/RenameSamples_NRP_Chr04.vcf.gz, results/RenameSamples_NRP_Chr05.vcf.gz, results/RenameSamples_NRP_Chr06.vcf.gz, results/RenameSamples_NRP_Chr07.vcf.gz, results/RenameSamples_NRP_Chr08.vcf.gz, results/RenameSamples_NRP_Chr09.vcf.gz, results/RenameSamples_NRP_Chr10.vcf.gz, results/RenameSamples_NRP_Chr11.vcf.gz, results/RenameSamples_NRP_Chr12.vcf.gz, results/RenameSamples_NRP_Chr13.vcf.gz, results/RenameSamples_NRP_Chr14.vcf.gz, results/RenameSamples_NRP_Chr15.vcf.gz, results/RenameSamples_NRP_Chr16.vcf.gz, results/RenameSamples_NRP_Chr17.vcf.gz, results/RenameSamples_NRP_Chr18.vcf.gz, results/RenameSamples_NRP_Chr19.vcf.gz, results/RenameSamples_NRP_Chr20.vcf.gz, results/Preformat_RP_Chr01.vcf.gz, results/Preformat_RP_Chr02.vcf.gz, results/Preformat_RP_Chr03.vcf.gz, results/Preformat_RP_Chr04.vcf.gz, results/Preformat_RP_Chr05.vcf.gz, results/Preformat_RP_Chr06.vcf.gz, results/Preformat_RP_Chr07.vcf.gz, results/Preformat_RP_Chr08.vcf.gz, results/Preformat_RP_Chr09.vcf.gz, results/Preformat_RP_Chr10.vcf.gz, results/Preformat_RP_Chr11.vcf.gz, results/Preformat_RP_Chr12.vcf.gz, results/Preformat_RP_Chr13.vcf.gz, results/Preformat_RP_Chr14.vcf.gz, results/Preformat_RP_Chr15.vcf.gz, results/Preformat_RP_Chr16.vcf.gz, results/Preformat_RP_Chr17.vcf.gz, results/Preformat_RP_Chr18.vcf.gz, results/Preformat_RP_Chr19.vcf.gz, results/Preformat_RP_Chr20.vcf.gz, results/Preformat_NRP_Chr01.vcf.gz, results/Preformat_NRP_Chr02.vcf.gz, results/Preformat_NRP_Chr03.vcf.gz, results/Preformat_NRP_Chr04.vcf.gz, results/Preformat_NRP_Chr05.vcf.gz, results/Preformat_NRP_Chr06.vcf.gz, results/Preformat_NRP_Chr07.vcf.gz, results/Preformat_NRP_Chr08.vcf.gz, results/Preformat_NRP_Chr09.vcf.gz, results/Preformat_NRP_Chr10.vcf.gz, results/Preformat_NRP_Chr11.vcf.gz, results/Preformat_NRP_Chr12.vcf.gz, results/Preformat_NRP_Chr13.vcf.gz, results/Preformat_NRP_Chr14.vcf.gz, results/Preformat_NRP_Chr15.vcf.gz, results/Preformat_NRP_Chr16.vcf.gz, results/Preformat_NRP_Chr17.vcf.gz, results/Preformat_NRP_Chr18.vcf.gz, results/Preformat_NRP_Chr19.vcf.gz, results/Preformat_NRP_Chr20.vcf.gz, results/ImputeRP_RP_Chr01.vcf.gz, results/ImputeRP_RP_Chr02.vcf.gz, results/ImputeRP_RP_Chr03.vcf.gz, results/ImputeRP_RP_Chr04.vcf.gz, results/ImputeRP_RP_Chr05.vcf.gz, results/ImputeRP_RP_Chr06.vcf.gz, results/ImputeRP_RP_Chr07.vcf.gz, results/ImputeRP_RP_Chr08.vcf.gz, results/ImputeRP_RP_Chr09.vcf.gz, results/ImputeRP_RP_Chr10.vcf.gz, results/ImputeRP_RP_Chr11.vcf.gz, results/ImputeRP_RP_Chr12.vcf.gz, results/ImputeRP_RP_Chr13.vcf.gz, results/ImputeRP_RP_Chr14.vcf.gz, results/ImputeRP_RP_Chr15.vcf.gz, results/ImputeRP_RP_Chr16.vcf.gz, results/ImputeRP_RP_Chr17.vcf.gz, results/ImputeRP_RP_Chr18.vcf.gz, results/ImputeRP_RP_Chr19.vcf.gz, results/ImputeRP_RP_Chr20.vcf.gz, results/ImputeNRP_NRP_Chr01.vcf.gz, results/ImputeNRP_NRP_Chr02.vcf.gz, results/ImputeNRP_NRP_Chr03.vcf.gz, results/ImputeNRP_NRP_Chr04.vcf.gz, results/ImputeNRP_NRP_Chr05.vcf.gz, results/ImputeNRP_NRP_Chr06.vcf.gz, results/ImputeNRP_NRP_Chr07.vcf.gz, results/ImputeNRP_NRP_Chr08.vcf.gz, results/ImputeNRP_NRP_Chr09.vcf.gz, results/ImputeNRP_NRP_Chr10.vcf.gz, results/ImputeNRP_NRP_Chr11.vcf.gz, results/ImputeNRP_NRP_Chr12.vcf.gz, results/ImputeNRP_NRP_Chr13.vcf.gz, results/ImputeNRP_NRP_Chr14.vcf.gz, results/ImputeNRP_NRP_Chr15.vcf.gz, results/ImputeNRP_NRP_Chr16.vcf.gz, results/ImputeNRP_NRP_Chr17.vcf.gz, results/ImputeNRP_NRP_Chr18.vcf.gz, results/ImputeNRP_NRP_Chr19.vcf.gz, results/ImputeNRP_NRP_Chr20.vcf.gz, results/MergeVCFs_RP_NRP_Chr01.vcf.gz, results/MergeVCFs_RP_NRP_Chr02.vcf.gz, results/MergeVCFs_RP_NRP_Chr03.vcf.gz, results/MergeVCFs_RP_NRP_Chr04.vcf.gz, results/MergeVCFs_RP_NRP_Chr05.vcf.gz, results/MergeVCFs_RP_NRP_Chr06.vcf.gz, results/MergeVCFs_RP_NRP_Chr07.vcf.gz, results/MergeVCFs_RP_NRP_Chr08.vcf.gz, results/MergeVCFs_RP_NRP_Chr09.vcf.gz, results/MergeVCFs_RP_NRP_Chr10.vcf.gz, results/MergeVCFs_RP_NRP_Chr11.vcf.gz, results/MergeVCFs_RP_NRP_Chr12.vcf.gz, results/MergeVCFs_RP_NRP_Chr13.vcf.gz, results/MergeVCFs_RP_NRP_Chr14.vcf.gz, results/MergeVCFs_RP_NRP_Chr15.vcf.gz, results/MergeVCFs_RP_NRP_Chr16.vcf.gz, results/MergeVCFs_RP_NRP_Chr17.vcf.gz, results/MergeVCFs_RP_NRP_Chr18.vcf.gz, results/MergeVCFs_RP_NRP_Chr19.vcf.gz, results/MergeVCFs_RP_NRP_Chr20.vcf.gz, results/SNPEff_Ann_RP_NRP_Chr01.txt.gz, results/SNPEff_Ann_RP_NRP_Chr02.txt.gz, results/SNPEff_Ann_RP_NRP_Chr03.txt.gz, results/SNPEff_Ann_RP_NRP_Chr04.txt.gz, results/SNPEff_Ann_RP_NRP_Chr05.txt.gz, results/SNPEff_Ann_RP_NRP_Chr06.txt.gz, results/SNPEff_Ann_RP_NRP_Chr07.txt.gz, results/SNPEff_Ann_RP_NRP_Chr08.txt.gz, results/SNPEff_Ann_RP_NRP_Chr09.txt.gz, results/SNPEff_Ann_RP_NRP_Chr10.txt.gz, results/SNPEff_Ann_RP_NRP_Chr11.txt.gz, results/SNPEff_Ann_RP_NRP_Chr12.txt.gz, results/SNPEff_Ann_RP_NRP_Chr13.txt.gz, results/SNPEff_Ann_RP_NRP_Chr14.txt.gz, results/SNPEff_Ann_RP_NRP_Chr15.txt.gz, results/SNPEff_Ann_RP_NRP_Chr16.txt.gz, results/SNPEff_Ann_RP_NRP_Chr17.txt.gz, results/SNPEff_Ann_RP_NRP_Chr18.txt.gz, results/SNPEff_Ann_RP_NRP_Chr19.txt.gz, results/SNPEff_Ann_RP_NRP_Chr20.txt.gz, results/AlleleAtlas_RP_NRP_Chr01.txt.gz, results/AlleleAtlas_RP_NRP_Chr02.txt.gz, results/AlleleAtlas_RP_NRP_Chr03.txt.gz, results/AlleleAtlas_RP_NRP_Chr04.txt.gz, results/AlleleAtlas_RP_NRP_Chr05.txt.gz, results/AlleleAtlas_RP_NRP_Chr06.txt.gz, results/AlleleAtlas_RP_NRP_Chr07.txt.gz, results/AlleleAtlas_RP_NRP_Chr08.txt.gz, results/AlleleAtlas_RP_NRP_Chr09.txt.gz, results/AlleleAtlas_RP_NRP_Chr10.txt.gz, results/AlleleAtlas_RP_NRP_Chr11.txt.gz, results/AlleleAtlas_RP_NRP_Chr12.txt.gz, results/AlleleAtlas_RP_NRP_Chr13.txt.gz, results/AlleleAtlas_RP_NRP_Chr14.txt.gz, results/AlleleAtlas_RP_NRP_Chr15.txt.gz, results/AlleleAtlas_RP_NRP_Chr16.txt.gz, results/AlleleAtlas_RP_NRP_Chr17.txt.gz, results/AlleleAtlas_RP_NRP_Chr18.txt.gz, results/AlleleAtlas_RP_NRP_Chr19.txt.gz, results/AlleleAtlas_RP_NRP_Chr20.txt.gz, results/Bottleneck_genes_RP_NRP_Chr01.txt.gz, results/Bottleneck_genes_RP_NRP_Chr02.txt.gz, results/Bottleneck_genes_RP_NRP_Chr03.txt.gz, results/Bottleneck_genes_RP_NRP_Chr04.txt.gz, results/Bottleneck_genes_RP_NRP_Chr05.txt.gz, results/Bottleneck_genes_RP_NRP_Chr06.txt.gz, results/Bottleneck_genes_RP_NRP_Chr07.txt.gz, results/Bottleneck_genes_RP_NRP_Chr08.txt.gz, results/Bottleneck_genes_RP_NRP_Chr09.txt.gz, results/Bottleneck_genes_RP_NRP_Chr10.txt.gz, results/Bottleneck_genes_RP_NRP_Chr11.txt.gz, results/Bottleneck_genes_RP_NRP_Chr12.txt.gz, results/Bottleneck_genes_RP_NRP_Chr13.txt.gz, results/Bottleneck_genes_RP_NRP_Chr14.txt.gz, results/Bottleneck_genes_RP_NRP_Chr15.txt.gz, results/Bottleneck_genes_RP_NRP_Chr16.txt.gz, results/Bottleneck_genes_RP_NRP_Chr17.txt.gz, results/Bottleneck_genes_RP_NRP_Chr18.txt.gz, results/Bottleneck_genes_RP_NRP_Chr19.txt.gz, results/Bottleneck_genes_RP_NRP_Chr20.txt.gz, results/Housekeeping_genes_RP_NRP_Chr01.txt.gz, results/Housekeeping_genes_RP_NRP_Chr02.txt.gz, results/Housekeeping_genes_RP_NRP_Chr03.txt.gz, results/Housekeeping_genes_RP_NRP_Chr04.txt.gz, results/Housekeeping_genes_RP_NRP_Chr05.txt.gz, results/Housekeeping_genes_RP_NRP_Chr06.txt.gz, results/Housekeeping_genes_RP_NRP_Chr07.txt.gz, results/Housekeeping_genes_RP_NRP_Chr08.txt.gz, results/Housekeeping_genes_RP_NRP_Chr09.txt.gz, results/Housekeeping_genes_RP_NRP_Chr10.txt.gz, results/Housekeeping_genes_RP_NRP_Chr11.txt.gz, results/Housekeeping_genes_RP_NRP_Chr12.txt.gz, results/Housekeeping_genes_RP_NRP_Chr13.txt.gz, results/Housekeeping_genes_RP_NRP_Chr14.txt.gz, results/Housekeeping_genes_RP_NRP_Chr15.txt.gz, results/Housekeeping_genes_RP_NRP_Chr16.txt.gz, results/Housekeeping_genes_RP_NRP_Chr17.txt.gz, results/Housekeeping_genes_RP_NRP_Chr18.txt.gz, results/Housekeeping_genes_RP_NRP_Chr19.txt.gz, results/Housekeeping_genes_RP_NRP_Chr20.txt.gz
    jobid: 0

[Wed Oct 27 11:13:52 2021]
Finished job 0.
41 of 41 steps (100%) done
Complete log: /storage/hpc/group/bilyeu/nad7wf/allele_atlas_pipeline/.snakemake/log/2021-10-27T095333.971594.snakemake.log
