Building DAG of jobs...
Using shell: /usr/bin/bash
Provided cluster nodes: 100
Job counts:
	count	jobs
	20	AlleleAtlas
	1	all
	21
Select jobs to execute...

[Thu Nov  4 11:03:04 2021]
rule AlleleAtlas:
    input: results/MergeVCFs_RP_NRP_Chr18.vcf.gz, results/SNPEff_Ann_RP_NRP_Chr18.txt.gz, resources/gff/Chr18.gff.gz, rules/custom/scripts/generate_allele_atlas.py
    output: results/AlleleAtlas_RP_NRP_Chr18.txt.gz, results/Bottleneck_genes_RP_NRP_Chr18.txt.gz, results/Housekeeping_genes_RP_NRP_Chr18.txt.gz
    jobid: 178
    wildcards: RP_id=RP, NRP_id=NRP, chr=18

Submitted job 178 with external jobid 'Submitted batch job 23453480'.

[Thu Nov  4 11:03:04 2021]
rule AlleleAtlas:
    input: results/MergeVCFs_RP_NRP_Chr20.vcf.gz, results/SNPEff_Ann_RP_NRP_Chr20.txt.gz, resources/gff/Chr20.gff.gz, rules/custom/scripts/generate_allele_atlas.py
    output: results/AlleleAtlas_RP_NRP_Chr20.txt.gz, results/Bottleneck_genes_RP_NRP_Chr20.txt.gz, results/Housekeeping_genes_RP_NRP_Chr20.txt.gz
    jobid: 180
    wildcards: RP_id=RP, NRP_id=NRP, chr=20

Submitted job 180 with external jobid 'Submitted batch job 23453481'.

[Thu Nov  4 11:03:04 2021]
rule AlleleAtlas:
    input: results/MergeVCFs_RP_NRP_Chr03.vcf.gz, results/SNPEff_Ann_RP_NRP_Chr03.txt.gz, resources/gff/Chr03.gff.gz, rules/custom/scripts/generate_allele_atlas.py
    output: results/AlleleAtlas_RP_NRP_Chr03.txt.gz, results/Bottleneck_genes_RP_NRP_Chr03.txt.gz, results/Housekeeping_genes_RP_NRP_Chr03.txt.gz
    jobid: 163
    wildcards: RP_id=RP, NRP_id=NRP, chr=03

Submitted job 163 with external jobid 'Submitted batch job 23453482'.

[Thu Nov  4 11:03:04 2021]
rule AlleleAtlas:
    input: results/MergeVCFs_RP_NRP_Chr05.vcf.gz, results/SNPEff_Ann_RP_NRP_Chr05.txt.gz, resources/gff/Chr05.gff.gz, rules/custom/scripts/generate_allele_atlas.py
    output: results/AlleleAtlas_RP_NRP_Chr05.txt.gz, results/Bottleneck_genes_RP_NRP_Chr05.txt.gz, results/Housekeeping_genes_RP_NRP_Chr05.txt.gz
    jobid: 165
    wildcards: RP_id=RP, NRP_id=NRP, chr=05

Submitted job 165 with external jobid 'Submitted batch job 23453483'.

[Thu Nov  4 11:03:04 2021]
rule AlleleAtlas:
    input: results/MergeVCFs_RP_NRP_Chr11.vcf.gz, results/SNPEff_Ann_RP_NRP_Chr11.txt.gz, resources/gff/Chr11.gff.gz, rules/custom/scripts/generate_allele_atlas.py
    output: results/AlleleAtlas_RP_NRP_Chr11.txt.gz, results/Bottleneck_genes_RP_NRP_Chr11.txt.gz, results/Housekeeping_genes_RP_NRP_Chr11.txt.gz
    jobid: 171
    wildcards: RP_id=RP, NRP_id=NRP, chr=11

Submitted job 171 with external jobid 'Submitted batch job 23453484'.

[Thu Nov  4 11:03:04 2021]
rule AlleleAtlas:
    input: results/MergeVCFs_RP_NRP_Chr13.vcf.gz, results/SNPEff_Ann_RP_NRP_Chr13.txt.gz, resources/gff/Chr13.gff.gz, rules/custom/scripts/generate_allele_atlas.py
    output: results/AlleleAtlas_RP_NRP_Chr13.txt.gz, results/Bottleneck_genes_RP_NRP_Chr13.txt.gz, results/Housekeeping_genes_RP_NRP_Chr13.txt.gz
    jobid: 173
    wildcards: RP_id=RP, NRP_id=NRP, chr=13

Submitted job 173 with external jobid 'Submitted batch job 23453485'.

[Thu Nov  4 11:03:04 2021]
rule AlleleAtlas:
    input: results/MergeVCFs_RP_NRP_Chr07.vcf.gz, results/SNPEff_Ann_RP_NRP_Chr07.txt.gz, resources/gff/Chr07.gff.gz, rules/custom/scripts/generate_allele_atlas.py
    output: results/AlleleAtlas_RP_NRP_Chr07.txt.gz, results/Bottleneck_genes_RP_NRP_Chr07.txt.gz, results/Housekeeping_genes_RP_NRP_Chr07.txt.gz
    jobid: 167
    wildcards: RP_id=RP, NRP_id=NRP, chr=07

Submitted job 167 with external jobid 'Submitted batch job 23453486'.

[Thu Nov  4 11:03:04 2021]
rule AlleleAtlas:
    input: results/MergeVCFs_RP_NRP_Chr15.vcf.gz, results/SNPEff_Ann_RP_NRP_Chr15.txt.gz, resources/gff/Chr15.gff.gz, rules/custom/scripts/generate_allele_atlas.py
    output: results/AlleleAtlas_RP_NRP_Chr15.txt.gz, results/Bottleneck_genes_RP_NRP_Chr15.txt.gz, results/Housekeeping_genes_RP_NRP_Chr15.txt.gz
    jobid: 175
    wildcards: RP_id=RP, NRP_id=NRP, chr=15

Submitted job 175 with external jobid 'Submitted batch job 23453487'.

[Thu Nov  4 11:03:04 2021]
rule AlleleAtlas:
    input: results/MergeVCFs_RP_NRP_Chr09.vcf.gz, results/SNPEff_Ann_RP_NRP_Chr09.txt.gz, resources/gff/Chr09.gff.gz, rules/custom/scripts/generate_allele_atlas.py
    output: results/AlleleAtlas_RP_NRP_Chr09.txt.gz, results/Bottleneck_genes_RP_NRP_Chr09.txt.gz, results/Housekeeping_genes_RP_NRP_Chr09.txt.gz
    jobid: 169
    wildcards: RP_id=RP, NRP_id=NRP, chr=09

Submitted job 169 with external jobid 'Submitted batch job 23453488'.

[Thu Nov  4 11:03:04 2021]
rule AlleleAtlas:
    input: results/MergeVCFs_RP_NRP_Chr02.vcf.gz, results/SNPEff_Ann_RP_NRP_Chr02.txt.gz, resources/gff/Chr02.gff.gz, rules/custom/scripts/generate_allele_atlas.py
    output: results/AlleleAtlas_RP_NRP_Chr02.txt.gz, results/Bottleneck_genes_RP_NRP_Chr02.txt.gz, results/Housekeeping_genes_RP_NRP_Chr02.txt.gz
    jobid: 162
    wildcards: RP_id=RP, NRP_id=NRP, chr=02

Submitted job 162 with external jobid 'Submitted batch job 23453489'.

[Thu Nov  4 11:03:04 2021]
rule AlleleAtlas:
    input: results/MergeVCFs_RP_NRP_Chr17.vcf.gz, results/SNPEff_Ann_RP_NRP_Chr17.txt.gz, resources/gff/Chr17.gff.gz, rules/custom/scripts/generate_allele_atlas.py
    output: results/AlleleAtlas_RP_NRP_Chr17.txt.gz, results/Bottleneck_genes_RP_NRP_Chr17.txt.gz, results/Housekeeping_genes_RP_NRP_Chr17.txt.gz
    jobid: 177
    wildcards: RP_id=RP, NRP_id=NRP, chr=17

Submitted job 177 with external jobid 'Submitted batch job 23453490'.

[Thu Nov  4 11:03:04 2021]
rule AlleleAtlas:
    input: results/MergeVCFs_RP_NRP_Chr01.vcf.gz, results/SNPEff_Ann_RP_NRP_Chr01.txt.gz, resources/gff/Chr01.gff.gz, rules/custom/scripts/generate_allele_atlas.py
    output: results/AlleleAtlas_RP_NRP_Chr01.txt.gz, results/Bottleneck_genes_RP_NRP_Chr01.txt.gz, results/Housekeeping_genes_RP_NRP_Chr01.txt.gz
    jobid: 161
    wildcards: RP_id=RP, NRP_id=NRP, chr=01

Submitted job 161 with external jobid 'Submitted batch job 23453491'.

[Thu Nov  4 11:03:05 2021]
rule AlleleAtlas:
    input: results/MergeVCFs_RP_NRP_Chr04.vcf.gz, results/SNPEff_Ann_RP_NRP_Chr04.txt.gz, resources/gff/Chr04.gff.gz, rules/custom/scripts/generate_allele_atlas.py
    output: results/AlleleAtlas_RP_NRP_Chr04.txt.gz, results/Bottleneck_genes_RP_NRP_Chr04.txt.gz, results/Housekeeping_genes_RP_NRP_Chr04.txt.gz
    jobid: 164
    wildcards: RP_id=RP, NRP_id=NRP, chr=04

Submitted job 164 with external jobid 'Submitted batch job 23453492'.

[Thu Nov  4 11:03:05 2021]
rule AlleleAtlas:
    input: results/MergeVCFs_RP_NRP_Chr19.vcf.gz, results/SNPEff_Ann_RP_NRP_Chr19.txt.gz, resources/gff/Chr19.gff.gz, rules/custom/scripts/generate_allele_atlas.py
    output: results/AlleleAtlas_RP_NRP_Chr19.txt.gz, results/Bottleneck_genes_RP_NRP_Chr19.txt.gz, results/Housekeeping_genes_RP_NRP_Chr19.txt.gz
    jobid: 179
    wildcards: RP_id=RP, NRP_id=NRP, chr=19

Submitted job 179 with external jobid 'Submitted batch job 23453493'.

[Thu Nov  4 11:03:05 2021]
rule AlleleAtlas:
    input: results/MergeVCFs_RP_NRP_Chr06.vcf.gz, results/SNPEff_Ann_RP_NRP_Chr06.txt.gz, resources/gff/Chr06.gff.gz, rules/custom/scripts/generate_allele_atlas.py
    output: results/AlleleAtlas_RP_NRP_Chr06.txt.gz, results/Bottleneck_genes_RP_NRP_Chr06.txt.gz, results/Housekeeping_genes_RP_NRP_Chr06.txt.gz
    jobid: 166
    wildcards: RP_id=RP, NRP_id=NRP, chr=06

Submitted job 166 with external jobid 'Submitted batch job 23453494'.

[Thu Nov  4 11:03:05 2021]
rule AlleleAtlas:
    input: results/MergeVCFs_RP_NRP_Chr08.vcf.gz, results/SNPEff_Ann_RP_NRP_Chr08.txt.gz, resources/gff/Chr08.gff.gz, rules/custom/scripts/generate_allele_atlas.py
    output: results/AlleleAtlas_RP_NRP_Chr08.txt.gz, results/Bottleneck_genes_RP_NRP_Chr08.txt.gz, results/Housekeeping_genes_RP_NRP_Chr08.txt.gz
    jobid: 168
    wildcards: RP_id=RP, NRP_id=NRP, chr=08

Submitted job 168 with external jobid 'Submitted batch job 23453495'.

[Thu Nov  4 11:03:05 2021]
rule AlleleAtlas:
    input: results/MergeVCFs_RP_NRP_Chr12.vcf.gz, results/SNPEff_Ann_RP_NRP_Chr12.txt.gz, resources/gff/Chr12.gff.gz, rules/custom/scripts/generate_allele_atlas.py
    output: results/AlleleAtlas_RP_NRP_Chr12.txt.gz, results/Bottleneck_genes_RP_NRP_Chr12.txt.gz, results/Housekeeping_genes_RP_NRP_Chr12.txt.gz
    jobid: 172
    wildcards: RP_id=RP, NRP_id=NRP, chr=12

Submitted job 172 with external jobid 'Submitted batch job 23453496'.

[Thu Nov  4 11:03:05 2021]
rule AlleleAtlas:
    input: results/MergeVCFs_RP_NRP_Chr14.vcf.gz, results/SNPEff_Ann_RP_NRP_Chr14.txt.gz, resources/gff/Chr14.gff.gz, rules/custom/scripts/generate_allele_atlas.py
    output: results/AlleleAtlas_RP_NRP_Chr14.txt.gz, results/Bottleneck_genes_RP_NRP_Chr14.txt.gz, results/Housekeeping_genes_RP_NRP_Chr14.txt.gz
    jobid: 174
    wildcards: RP_id=RP, NRP_id=NRP, chr=14

Submitted job 174 with external jobid 'Submitted batch job 23453497'.

[Thu Nov  4 11:03:05 2021]
rule AlleleAtlas:
    input: results/MergeVCFs_RP_NRP_Chr16.vcf.gz, results/SNPEff_Ann_RP_NRP_Chr16.txt.gz, resources/gff/Chr16.gff.gz, rules/custom/scripts/generate_allele_atlas.py
    output: results/AlleleAtlas_RP_NRP_Chr16.txt.gz, results/Bottleneck_genes_RP_NRP_Chr16.txt.gz, results/Housekeeping_genes_RP_NRP_Chr16.txt.gz
    jobid: 176
    wildcards: RP_id=RP, NRP_id=NRP, chr=16

Submitted job 176 with external jobid 'Submitted batch job 23453498'.

[Thu Nov  4 11:03:05 2021]
rule AlleleAtlas:
    input: results/MergeVCFs_RP_NRP_Chr10.vcf.gz, results/SNPEff_Ann_RP_NRP_Chr10.txt.gz, resources/gff/Chr10.gff.gz, rules/custom/scripts/generate_allele_atlas.py
    output: results/AlleleAtlas_RP_NRP_Chr10.txt.gz, results/Bottleneck_genes_RP_NRP_Chr10.txt.gz, results/Housekeeping_genes_RP_NRP_Chr10.txt.gz
    jobid: 170
    wildcards: RP_id=RP, NRP_id=NRP, chr=10

Submitted job 170 with external jobid 'Submitted batch job 23453499'.
[Thu Nov  4 11:22:38 2021]
Finished job 171.
1 of 21 steps (5%) done
[Thu Nov  4 11:24:19 2021]
Finished job 165.
2 of 21 steps (10%) done
[Thu Nov  4 11:24:53 2021]
Finished job 172.
3 of 21 steps (14%) done
[Thu Nov  4 11:28:00 2021]
Finished job 164.
4 of 21 steps (19%) done
[Thu Nov  4 11:28:11 2021]
Finished job 179.
5 of 21 steps (24%) done
[Thu Nov  4 11:28:11 2021]
Finished job 174.
6 of 21 steps (29%) done
[Thu Nov  4 11:29:27 2021]
Finished job 167.
7 of 21 steps (33%) done
[Thu Nov  4 11:30:33 2021]
Finished job 162.
8 of 21 steps (38%) done
[Thu Nov  4 11:30:56 2021]
Finished job 170.
9 of 21 steps (43%) done
[Thu Nov  4 11:31:51 2021]
Finished job 177.
10 of 21 steps (48%) done
[Thu Nov  4 11:32:13 2021]
Finished job 163.
11 of 21 steps (52%) done
[Thu Nov  4 11:34:44 2021]
Finished job 175.
12 of 21 steps (57%) done
[Thu Nov  4 11:35:44 2021]
Finished job 180.
13 of 21 steps (62%) done
[Thu Nov  4 11:36:24 2021]
Finished job 168.
14 of 21 steps (67%) done
[Thu Nov  4 11:38:14 2021]
Finished job 161.
15 of 21 steps (71%) done
[Thu Nov  4 11:38:35 2021]
Finished job 173.
16 of 21 steps (76%) done
[Thu Nov  4 11:38:35 2021]
Finished job 169.
17 of 21 steps (81%) done
[Thu Nov  4 11:43:55 2021]
Finished job 176.
18 of 21 steps (86%) done
[Thu Nov  4 11:47:36 2021]
Finished job 166.
19 of 21 steps (90%) done
[Thu Nov  4 11:54:26 2021]
Finished job 178.
20 of 21 steps (95%) done
Select jobs to execute...

[Thu Nov  4 11:54:26 2021]
localrule all:
    input: results/RenameSamples_RP_Chr01.vcf.gz, results/RenameSamples_RP_Chr02.vcf.gz, results/RenameSamples_RP_Chr03.vcf.gz, results/RenameSamples_RP_Chr04.vcf.gz, results/RenameSamples_RP_Chr05.vcf.gz, results/RenameSamples_RP_Chr06.vcf.gz, results/RenameSamples_RP_Chr07.vcf.gz, results/RenameSamples_RP_Chr08.vcf.gz, results/RenameSamples_RP_Chr09.vcf.gz, results/RenameSamples_RP_Chr10.vcf.gz, results/RenameSamples_RP_Chr11.vcf.gz, results/RenameSamples_RP_Chr12.vcf.gz, results/RenameSamples_RP_Chr13.vcf.gz, results/RenameSamples_RP_Chr14.vcf.gz, results/RenameSamples_RP_Chr15.vcf.gz, results/RenameSamples_RP_Chr16.vcf.gz, results/RenameSamples_RP_Chr17.vcf.gz, results/RenameSamples_RP_Chr18.vcf.gz, results/RenameSamples_RP_Chr19.vcf.gz, results/RenameSamples_RP_Chr20.vcf.gz, results/RenameSamples_NRP_Chr01.vcf.gz, results/RenameSamples_NRP_Chr02.vcf.gz, results/RenameSamples_NRP_Chr03.vcf.gz, results/RenameSamples_NRP_Chr04.vcf.gz, results/RenameSamples_NRP_Chr05.vcf.gz, results/RenameSamples_NRP_Chr06.vcf.gz, results/RenameSamples_NRP_Chr07.vcf.gz, results/RenameSamples_NRP_Chr08.vcf.gz, results/RenameSamples_NRP_Chr09.vcf.gz, results/RenameSamples_NRP_Chr10.vcf.gz, results/RenameSamples_NRP_Chr11.vcf.gz, results/RenameSamples_NRP_Chr12.vcf.gz, results/RenameSamples_NRP_Chr13.vcf.gz, results/RenameSamples_NRP_Chr14.vcf.gz, results/RenameSamples_NRP_Chr15.vcf.gz, results/RenameSamples_NRP_Chr16.vcf.gz, results/RenameSamples_NRP_Chr17.vcf.gz, results/RenameSamples_NRP_Chr18.vcf.gz, results/RenameSamples_NRP_Chr19.vcf.gz, results/RenameSamples_NRP_Chr20.vcf.gz, results/Preformat_RP_Chr01.vcf.gz, results/Preformat_RP_Chr02.vcf.gz, results/Preformat_RP_Chr03.vcf.gz, results/Preformat_RP_Chr04.vcf.gz, results/Preformat_RP_Chr05.vcf.gz, results/Preformat_RP_Chr06.vcf.gz, results/Preformat_RP_Chr07.vcf.gz, results/Preformat_RP_Chr08.vcf.gz, results/Preformat_RP_Chr09.vcf.gz, results/Preformat_RP_Chr10.vcf.gz, results/Preformat_RP_Chr11.vcf.gz, results/Preformat_RP_Chr12.vcf.gz, results/Preformat_RP_Chr13.vcf.gz, results/Preformat_RP_Chr14.vcf.gz, results/Preformat_RP_Chr15.vcf.gz, results/Preformat_RP_Chr16.vcf.gz, results/Preformat_RP_Chr17.vcf.gz, results/Preformat_RP_Chr18.vcf.gz, results/Preformat_RP_Chr19.vcf.gz, results/Preformat_RP_Chr20.vcf.gz, results/Preformat_NRP_Chr01.vcf.gz, results/Preformat_NRP_Chr02.vcf.gz, results/Preformat_NRP_Chr03.vcf.gz, results/Preformat_NRP_Chr04.vcf.gz, results/Preformat_NRP_Chr05.vcf.gz, results/Preformat_NRP_Chr06.vcf.gz, results/Preformat_NRP_Chr07.vcf.gz, results/Preformat_NRP_Chr08.vcf.gz, results/Preformat_NRP_Chr09.vcf.gz, results/Preformat_NRP_Chr10.vcf.gz, results/Preformat_NRP_Chr11.vcf.gz, results/Preformat_NRP_Chr12.vcf.gz, results/Preformat_NRP_Chr13.vcf.gz, results/Preformat_NRP_Chr14.vcf.gz, results/Preformat_NRP_Chr15.vcf.gz, results/Preformat_NRP_Chr16.vcf.gz, results/Preformat_NRP_Chr17.vcf.gz, results/Preformat_NRP_Chr18.vcf.gz, results/Preformat_NRP_Chr19.vcf.gz, results/Preformat_NRP_Chr20.vcf.gz, results/ImputeRP_RP_Chr01.vcf.gz, results/ImputeRP_RP_Chr02.vcf.gz, results/ImputeRP_RP_Chr03.vcf.gz, results/ImputeRP_RP_Chr04.vcf.gz, results/ImputeRP_RP_Chr05.vcf.gz, results/ImputeRP_RP_Chr06.vcf.gz, results/ImputeRP_RP_Chr07.vcf.gz, results/ImputeRP_RP_Chr08.vcf.gz, results/ImputeRP_RP_Chr09.vcf.gz, results/ImputeRP_RP_Chr10.vcf.gz, results/ImputeRP_RP_Chr11.vcf.gz, results/ImputeRP_RP_Chr12.vcf.gz, results/ImputeRP_RP_Chr13.vcf.gz, results/ImputeRP_RP_Chr14.vcf.gz, results/ImputeRP_RP_Chr15.vcf.gz, results/ImputeRP_RP_Chr16.vcf.gz, results/ImputeRP_RP_Chr17.vcf.gz, results/ImputeRP_RP_Chr18.vcf.gz, results/ImputeRP_RP_Chr19.vcf.gz, results/ImputeRP_RP_Chr20.vcf.gz, results/ImputeNRP_NRP_Chr01.vcf.gz, results/ImputeNRP_NRP_Chr02.vcf.gz, results/ImputeNRP_NRP_Chr03.vcf.gz, results/ImputeNRP_NRP_Chr04.vcf.gz, results/ImputeNRP_NRP_Chr05.vcf.gz, results/ImputeNRP_NRP_Chr06.vcf.gz, results/ImputeNRP_NRP_Chr07.vcf.gz, results/ImputeNRP_NRP_Chr08.vcf.gz, results/ImputeNRP_NRP_Chr09.vcf.gz, results/ImputeNRP_NRP_Chr10.vcf.gz, results/ImputeNRP_NRP_Chr11.vcf.gz, results/ImputeNRP_NRP_Chr12.vcf.gz, results/ImputeNRP_NRP_Chr13.vcf.gz, results/ImputeNRP_NRP_Chr14.vcf.gz, results/ImputeNRP_NRP_Chr15.vcf.gz, results/ImputeNRP_NRP_Chr16.vcf.gz, results/ImputeNRP_NRP_Chr17.vcf.gz, results/ImputeNRP_NRP_Chr18.vcf.gz, results/ImputeNRP_NRP_Chr19.vcf.gz, results/ImputeNRP_NRP_Chr20.vcf.gz, results/MergeVCFs_RP_NRP_Chr01.vcf.gz, results/MergeVCFs_RP_NRP_Chr02.vcf.gz, results/MergeVCFs_RP_NRP_Chr03.vcf.gz, results/MergeVCFs_RP_NRP_Chr04.vcf.gz, results/MergeVCFs_RP_NRP_Chr05.vcf.gz, results/MergeVCFs_RP_NRP_Chr06.vcf.gz, results/MergeVCFs_RP_NRP_Chr07.vcf.gz, results/MergeVCFs_RP_NRP_Chr08.vcf.gz, results/MergeVCFs_RP_NRP_Chr09.vcf.gz, results/MergeVCFs_RP_NRP_Chr10.vcf.gz, results/MergeVCFs_RP_NRP_Chr11.vcf.gz, results/MergeVCFs_RP_NRP_Chr12.vcf.gz, results/MergeVCFs_RP_NRP_Chr13.vcf.gz, results/MergeVCFs_RP_NRP_Chr14.vcf.gz, results/MergeVCFs_RP_NRP_Chr15.vcf.gz, results/MergeVCFs_RP_NRP_Chr16.vcf.gz, results/MergeVCFs_RP_NRP_Chr17.vcf.gz, results/MergeVCFs_RP_NRP_Chr18.vcf.gz, results/MergeVCFs_RP_NRP_Chr19.vcf.gz, results/MergeVCFs_RP_NRP_Chr20.vcf.gz, results/SNPEff_Ann_RP_NRP_Chr01.txt.gz, results/SNPEff_Ann_RP_NRP_Chr02.txt.gz, results/SNPEff_Ann_RP_NRP_Chr03.txt.gz, results/SNPEff_Ann_RP_NRP_Chr04.txt.gz, results/SNPEff_Ann_RP_NRP_Chr05.txt.gz, results/SNPEff_Ann_RP_NRP_Chr06.txt.gz, results/SNPEff_Ann_RP_NRP_Chr07.txt.gz, results/SNPEff_Ann_RP_NRP_Chr08.txt.gz, results/SNPEff_Ann_RP_NRP_Chr09.txt.gz, results/SNPEff_Ann_RP_NRP_Chr10.txt.gz, results/SNPEff_Ann_RP_NRP_Chr11.txt.gz, results/SNPEff_Ann_RP_NRP_Chr12.txt.gz, results/SNPEff_Ann_RP_NRP_Chr13.txt.gz, results/SNPEff_Ann_RP_NRP_Chr14.txt.gz, results/SNPEff_Ann_RP_NRP_Chr15.txt.gz, results/SNPEff_Ann_RP_NRP_Chr16.txt.gz, results/SNPEff_Ann_RP_NRP_Chr17.txt.gz, results/SNPEff_Ann_RP_NRP_Chr18.txt.gz, results/SNPEff_Ann_RP_NRP_Chr19.txt.gz, results/SNPEff_Ann_RP_NRP_Chr20.txt.gz, results/AlleleAtlas_RP_NRP_Chr01.txt.gz, results/AlleleAtlas_RP_NRP_Chr02.txt.gz, results/AlleleAtlas_RP_NRP_Chr03.txt.gz, results/AlleleAtlas_RP_NRP_Chr04.txt.gz, results/AlleleAtlas_RP_NRP_Chr05.txt.gz, results/AlleleAtlas_RP_NRP_Chr06.txt.gz, results/AlleleAtlas_RP_NRP_Chr07.txt.gz, results/AlleleAtlas_RP_NRP_Chr08.txt.gz, results/AlleleAtlas_RP_NRP_Chr09.txt.gz, results/AlleleAtlas_RP_NRP_Chr10.txt.gz, results/AlleleAtlas_RP_NRP_Chr11.txt.gz, results/AlleleAtlas_RP_NRP_Chr12.txt.gz, results/AlleleAtlas_RP_NRP_Chr13.txt.gz, results/AlleleAtlas_RP_NRP_Chr14.txt.gz, results/AlleleAtlas_RP_NRP_Chr15.txt.gz, results/AlleleAtlas_RP_NRP_Chr16.txt.gz, results/AlleleAtlas_RP_NRP_Chr17.txt.gz, results/AlleleAtlas_RP_NRP_Chr18.txt.gz, results/AlleleAtlas_RP_NRP_Chr19.txt.gz, results/AlleleAtlas_RP_NRP_Chr20.txt.gz, results/Bottleneck_genes_RP_NRP_Chr01.txt.gz, results/Bottleneck_genes_RP_NRP_Chr02.txt.gz, results/Bottleneck_genes_RP_NRP_Chr03.txt.gz, results/Bottleneck_genes_RP_NRP_Chr04.txt.gz, results/Bottleneck_genes_RP_NRP_Chr05.txt.gz, results/Bottleneck_genes_RP_NRP_Chr06.txt.gz, results/Bottleneck_genes_RP_NRP_Chr07.txt.gz, results/Bottleneck_genes_RP_NRP_Chr08.txt.gz, results/Bottleneck_genes_RP_NRP_Chr09.txt.gz, results/Bottleneck_genes_RP_NRP_Chr10.txt.gz, results/Bottleneck_genes_RP_NRP_Chr11.txt.gz, results/Bottleneck_genes_RP_NRP_Chr12.txt.gz, results/Bottleneck_genes_RP_NRP_Chr13.txt.gz, results/Bottleneck_genes_RP_NRP_Chr14.txt.gz, results/Bottleneck_genes_RP_NRP_Chr15.txt.gz, results/Bottleneck_genes_RP_NRP_Chr16.txt.gz, results/Bottleneck_genes_RP_NRP_Chr17.txt.gz, results/Bottleneck_genes_RP_NRP_Chr18.txt.gz, results/Bottleneck_genes_RP_NRP_Chr19.txt.gz, results/Bottleneck_genes_RP_NRP_Chr20.txt.gz, results/Housekeeping_genes_RP_NRP_Chr01.txt.gz, results/Housekeeping_genes_RP_NRP_Chr02.txt.gz, results/Housekeeping_genes_RP_NRP_Chr03.txt.gz, results/Housekeeping_genes_RP_NRP_Chr04.txt.gz, results/Housekeeping_genes_RP_NRP_Chr05.txt.gz, results/Housekeeping_genes_RP_NRP_Chr06.txt.gz, results/Housekeeping_genes_RP_NRP_Chr07.txt.gz, results/Housekeeping_genes_RP_NRP_Chr08.txt.gz, results/Housekeeping_genes_RP_NRP_Chr09.txt.gz, results/Housekeeping_genes_RP_NRP_Chr10.txt.gz, results/Housekeeping_genes_RP_NRP_Chr11.txt.gz, results/Housekeeping_genes_RP_NRP_Chr12.txt.gz, results/Housekeeping_genes_RP_NRP_Chr13.txt.gz, results/Housekeeping_genes_RP_NRP_Chr14.txt.gz, results/Housekeeping_genes_RP_NRP_Chr15.txt.gz, results/Housekeeping_genes_RP_NRP_Chr16.txt.gz, results/Housekeeping_genes_RP_NRP_Chr17.txt.gz, results/Housekeeping_genes_RP_NRP_Chr18.txt.gz, results/Housekeeping_genes_RP_NRP_Chr19.txt.gz, results/Housekeeping_genes_RP_NRP_Chr20.txt.gz
    jobid: 0

[Thu Nov  4 11:54:26 2021]
Finished job 0.
21 of 21 steps (100%) done
Complete log: /storage/hpc/group/bilyeu/nad7wf/allele_atlas_pipeline/.snakemake/log/2021-11-04T110302.277581.snakemake.log
