Building DAG of jobs...
Using shell: /usr/bin/bash
Provided cluster nodes: 100
Job counts:
	count	jobs
	1	SubsetUS
	1	all
	2
Select jobs to execute...

[Thu Nov  4 12:01:59 2021]
rule SubsetUS:
    input: results/AlleleAtlas_RP_NRP_Chr04.txt.gz
    output: results/SubsetUS_RP_NRP_Chr04.txt.gz
    jobid: 10
    wildcards: RP_id=RP, NRP_id=NRP, chr=04

Submitted job 10 with external jobid 'Submitted batch job 23453548'.
[Thu Nov  4 12:02:49 2021]
Finished job 10.
1 of 2 steps (50%) done
Select jobs to execute...

[Thu Nov  4 12:02:49 2021]
localrule all:
    input: results/RenameSamples_RP_Chr04.vcf.gz, results/RenameSamples_NRP_Chr04.vcf.gz, results/Preformat_RP_Chr04.vcf.gz, results/Preformat_NRP_Chr04.vcf.gz, results/ImputeRP_RP_Chr04.vcf.gz, results/ImputeNRP_NRP_Chr04.vcf.gz, results/MergeVCFs_RP_NRP_Chr04.vcf.gz, results/SNPEff_Ann_RP_NRP_Chr04.txt.gz, results/AlleleAtlas_RP_NRP_Chr04.txt.gz, results/Bottleneck_genes_RP_NRP_Chr04.txt.gz, results/Housekeeping_genes_RP_NRP_Chr04.txt.gz, results/SubsetUS_RP_NRP_Chr04.txt.gz
    jobid: 0

[Thu Nov  4 12:02:49 2021]
Finished job 0.
2 of 2 steps (100%) done
Complete log: /storage/hpc/group/bilyeu/nad7wf/allele_atlas_pipeline/.snakemake/log/2021-11-04T120159.766780.snakemake.log
