Building DAG of jobs...
IncompleteFilesException:
The files below seem to be incomplete. If you are sure that certain files are not incomplete, mark them as complete with

    snakemake --cleanup-metadata <filenames>

To re-generate the files rerun your command with the --rerun-incomplete flag.
Incomplete files:
results/SubAsterisk_NRP_Chr14.vcf.gz
results/ImputeRP_Soy775_Chr01.3.vcf.gz
results/ImputeRP_Soy775_Chr01.5.vcf.gz
results/ImputeRP_Soy775_Chr01.7.vcf.gz
results/ImputeRP_Soy775_Chr01.8.vcf.gz
results/ImputeRP_Soy775_Chr01.9.vcf.gz
results/ImputeRP_Soy775_Chr01.10.vcf.gz
results/ImputeRP_Soy775_Chr01.12.vcf.gz
results/ImputeRP_Soy775_Chr01.13.vcf.gz
results/ImputeRP_Soy775_Chr01.15.vcf.gz
results/ImputeRP_Soy775_Chr01.16.vcf.gz
results/ImputeRP_Soy775_Chr01.19.vcf.gz
results/ImputeRP_Soy775_Chr07.3.vcf.gz
results/ImputeRP_Soy775_Chr07.6.vcf.gz
results/ImputeRP_Soy775_Chr07.18.vcf.gz
results/ImputeRP_Soy775_Chr07.19.vcf.gz
results/ImputeRP_Soy775_Chr08.18.vcf.gz
results/ImputeRP_Soy775_Chr13.12.vcf.gz
