Building DAG of jobs...
Creating conda environment envs/custom.yml...
Downloading and installing remote packages.
Environment for envs/custom.yml created (location: .snakemake/conda/d383c473)
Using shell: /usr/bin/bash
Provided cluster nodes: 50
Job counts:
	count	jobs
	1	ImputeNRP
	1	ImputeRP
	2	SplitVCF
	2	SubAsterisk
	1	all
	7
Select jobs to execute...

[Wed May 26 13:29:50 2021]
rule SubAsterisk:
    input: resources/Soy775/Soy775_Chr01.vcf.gz
    output: results/SubAsterisk_Soy775_Chr01.vcf.gz
    log: reports/SubAsterisk_Soy775_Chr01.log
    jobid: 1
    wildcards: id=Soy775, chr=01

Submitted job 1 with external jobid 'Submitted batch job 22846038'.

[Wed May 26 13:29:50 2021]
rule SubAsterisk:
    input: resources/NRP/NRP_Chr01.vcf.gz
    output: results/SubAsterisk_NRP_Chr01.vcf.gz
    log: reports/SubAsterisk_NRP_Chr01.log
    jobid: 2
    wildcards: id=NRP, chr=01

Submitted job 2 with external jobid 'Submitted batch job 22846039'.
[Wed May 26 13:38:31 2021]
Finished job 1.
1 of 7 steps (14%) done
Select jobs to execute...

[Wed May 26 13:38:31 2021]
rule SplitVCF:
    input: results/SubAsterisk_Soy775_Chr01.vcf.gz
    output: results/SplitVCF_Soy775_Chr01.1.vcf.gz
    log: reports/Soy775_Chr01.log
    jobid: 3
    wildcards: id=Soy775, chr=01

Submitted job 3 with external jobid 'Submitted batch job 22846048'.
[Wed May 26 13:47:01 2021]
Error in rule SplitVCF:
    jobid: 3
    output: results/SplitVCF_Soy775_Chr01.1.vcf.gz
    log: reports/Soy775_Chr01.log (check log file(s) for error message)
    conda-env: /storage/hpc/group/bilyeu/nad7wf/allele_atlas_pipeline/.snakemake/conda/e283fd6b
    shell:
        
		overlap=$(($(bcftools index -n results/SubAsterisk_Soy775_Chr01.vcf.gz) / 20 + 5000))

		zcat results/SubAsterisk_Soy775_Chr01.vcf.gz | java -jar resources/beagle/splitvcf.jar 01 "$overlap" 5000 results/SplitVCF_Soy775_01 2> reports/Soy775_Chr01.log
		
        (one of the commands exited with non-zero exit code; note that snakemake uses bash strict mode!)
    cluster_jobid: Submitted batch job 22846048

Error executing rule SplitVCF on cluster (jobid: 3, external: Submitted batch job 22846048, jobscript: /storage/hpc/group/bilyeu/nad7wf/allele_atlas_pipeline/.snakemake/tmp.889hyuyg/snakejob.SplitVCF.3.sh). For error details see the cluster log and the log files of the involved rule(s).
[Wed May 26 14:28:14 2021]
Finished job 2.
2 of 7 steps (29%) done
Shutting down, this might take some time.
Exiting because a job execution failed. Look above for error message
Complete log: /storage/hpc/group/bilyeu/nad7wf/allele_atlas_pipeline/.snakemake/log/2021-05-26T132816.580890.snakemake.log
