Building DAG of jobs...
Creating conda environment envs/beagle.yml...
Downloading and installing remote packages.
Environment for envs/beagle.yml created (location: .snakemake/conda/d5dcf93c)
Using shell: /usr/bin/bash
Provided cluster nodes: 50
Job counts:
	count	jobs
	2	ImputeNRP
	1	MergeVCFs
	1	all
	4
Select jobs to execute...

[Tue Jun 15 09:47:25 2021]
rule ImputeNRP:
    input: results/SplitVCF_NRP_Chr01.1.vcf.gz, results/ImputeRP_Soy775_Chr01.1.vcf.gz
    output: results/ImputeNRP_NRP_Chr01.1.vcf.gz
    jobid: 7
    wildcards: chr=01, subset=1
    resources: memory=150G, threads=15

Submitted job 7 with external jobid 'Submitted batch job 22887425'.

[Tue Jun 15 09:47:25 2021]
rule ImputeNRP:
    input: results/SplitVCF_NRP_Chr01.2.vcf.gz, results/ImputeRP_Soy775_Chr01.2.vcf.gz
    output: results/ImputeNRP_NRP_Chr01.2.vcf.gz
    jobid: 8
    wildcards: chr=01, subset=2
    resources: memory=150G, threads=15

Submitted job 8 with external jobid 'Submitted batch job 22887426'.
[Tue Jun 15 09:48:55 2021]
Error in rule ImputeNRP:
    jobid: 7
    output: results/ImputeNRP_NRP_Chr01.1.vcf.gz
    conda-env: /storage/hpc/group/bilyeu/nad7wf/allele_atlas_pipeline/.snakemake/conda/d5dcf93c
    shell:
        
		java -Xmx150G 			-jar /scratch/nad7wf/miniconda/pkgs/beagle-5.2_21Apr21.304-hdfd78af_0/share/beagle-5.2_21Apr21.304-0/beagle.jar 			nthreads=15 			impute=true 			ref=results/ImputeRP_Soy775_Chr01.1.vcf.gz 			gt=results/SplitVCF_NRP_Chr01.1.vcf.gz 			out=results/ImputeNRP_NRP_Chr01.1

		rm "results/ImputeNRP_NRP_Chr01.1.log"
		
        (one of the commands exited with non-zero exit code; note that snakemake uses bash strict mode!)
    cluster_jobid: Submitted batch job 22887425

Error executing rule ImputeNRP on cluster (jobid: 7, external: Submitted batch job 22887425, jobscript: /storage/hpc/group/bilyeu/nad7wf/allele_atlas_pipeline/.snakemake/tmp.y0i4vtov/snakejob.ImputeNRP.7.sh). For error details see the cluster log and the log files of the involved rule(s).
[Tue Jun 15 09:49:25 2021]
Error in rule ImputeNRP:
    jobid: 8
    output: results/ImputeNRP_NRP_Chr01.2.vcf.gz
    conda-env: /storage/hpc/group/bilyeu/nad7wf/allele_atlas_pipeline/.snakemake/conda/d5dcf93c
    shell:
        
		java -Xmx150G 			-jar /scratch/nad7wf/miniconda/pkgs/beagle-5.2_21Apr21.304-hdfd78af_0/share/beagle-5.2_21Apr21.304-0/beagle.jar 			nthreads=15 			impute=true 			ref=results/ImputeRP_Soy775_Chr01.2.vcf.gz 			gt=results/SplitVCF_NRP_Chr01.2.vcf.gz 			out=results/ImputeNRP_NRP_Chr01.2

		rm "results/ImputeNRP_NRP_Chr01.2.log"
		
        (one of the commands exited with non-zero exit code; note that snakemake uses bash strict mode!)
    cluster_jobid: Submitted batch job 22887426

Error executing rule ImputeNRP on cluster (jobid: 8, external: Submitted batch job 22887426, jobscript: /storage/hpc/group/bilyeu/nad7wf/allele_atlas_pipeline/.snakemake/tmp.y0i4vtov/snakejob.ImputeNRP.8.sh). For error details see the cluster log and the log files of the involved rule(s).
Shutting down, this might take some time.
Exiting because a job execution failed. Look above for error message
Complete log: /storage/hpc/group/bilyeu/nad7wf/allele_atlas_pipeline/.snakemake/log/2021-06-15T094408.536561.snakemake.log
