Building DAG of jobs...
Using shell: /usr/bin/bash
Provided cluster nodes: 50
Job counts:
	count	jobs
	1	MergeVCFs
	1	all
	2
Select jobs to execute...

[Tue Jun 15 15:19:21 2021]
rule MergeVCFs:
    input: results/ImputeRP_Soy775_Chr01.1.vcf.gz, results/ImputeRP_Soy775_Chr01.2.vcf.gz, results/ImputeNRP_NRP_Chr01.1.vcf.gz, results/ImputeNRP_NRP_Chr01.2.vcf.gz, resources/beagle/mergevcf.jar
    output: results/MergeVCFs_Soy775_Chr01.vcf.gz, results/MergeVCFs_NRP_Chr01.vcf.gz, results/MergeVCFs_Soy775_NRP_Chr01.vcf.gz
    jobid: 9
    wildcards: chr=01

Submitted job 9 with external jobid 'Submitted batch job 22887723'.
[Tue Jun 15 15:21:41 2021]
Finished job 9.
1 of 2 steps (50%) done
Select jobs to execute...

[Tue Jun 15 15:21:41 2021]
localrule all:
    input: results/Preformat_Soy775_Chr01.vcf.gz, results/Preformat_NRP_Chr01.vcf.gz, results/SplitVCF_Soy775_Chr01.1.vcf.gz, results/SplitVCF_Soy775_Chr01.2.vcf.gz, results/SplitVCF_NRP_Chr01.1.vcf.gz, results/SplitVCF_NRP_Chr01.2.vcf.gz, results/ImputeRP_Soy775_Chr01.1.vcf.gz, results/ImputeRP_Soy775_Chr01.2.vcf.gz, results/ImputeNRP_NRP_Chr01.1.vcf.gz, results/ImputeNRP_NRP_Chr01.2.vcf.gz, results/MergeVCFs_Soy775_NRP_Chr01.vcf.gz
    jobid: 0

Removing temporary output file results/ImputeRP_Soy775_Chr01.1.vcf.gz.
Removing temporary output file results/ImputeRP_Soy775_Chr01.2.vcf.gz.
Removing temporary output file results/ImputeNRP_NRP_Chr01.1.vcf.gz.
Removing temporary output file results/ImputeNRP_NRP_Chr01.2.vcf.gz.
[Tue Jun 15 15:21:41 2021]
Finished job 0.
2 of 2 steps (100%) done
Complete log: /storage/hpc/group/bilyeu/nad7wf/allele_atlas_pipeline/.snakemake/log/2021-06-15T151920.721911.snakemake.log
