Building DAG of jobs...
Creating conda environment envs/custom.yml...
Downloading and installing remote packages.
Environment for envs/custom.yml created (location: .snakemake/conda/b21b0d43)
Using shell: /usr/bin/bash
Provided cluster nodes: 50
Job counts:
	count	jobs
	1	AlleleAtlas
	1	all
	2
Select jobs to execute...

[Thu Jun 24 16:08:45 2021]
rule AlleleAtlas:
    input: results/MergeVCFs_Soy775_NRP_Chr01.vcf.gz, results/SNPEff_Ann_Soy775_NRP_Chr01.txt.gz, resources/Gmax_v2.gff.gz, rules/custom/scripts/generate_allele_atlas.py
    output: results/AlleleAtlas_Soy775_NRP_Chr01.txt.gz, results/Bottleneck_genes_Soy775_NRP_Chr01.txt.gz, results/Housekeeping_genes_Soy775_NRP_Chr01.txt.gz
    jobid: 13
    wildcards: RP_id=Soy775, NRP_id=NRP, chr=01

Submitted job 13 with external jobid 'Submitted batch job 22934256'.
[Thu Jun 24 16:11:05 2021]
Finished job 13.
1 of 2 steps (50%) done
Select jobs to execute...

[Thu Jun 24 16:11:05 2021]
localrule all:
    input: results/RenameSamples_Soy775_Chr01.vcf.gz, results/RenameSamples_NRP_Chr01.vcf.gz, results/Preformat_Soy775_Chr01.vcf.gz, results/Preformat_NRP_Chr01.vcf.gz, results/SplitVCF_Soy775_Chr01.1.vcf.gz, results/SplitVCF_Soy775_Chr01.2.vcf.gz, results/SplitVCF_NRP_Chr01.1.vcf.gz, results/SplitVCF_NRP_Chr01.2.vcf.gz, results/ImputeRP_Soy775_Chr01.1.vcf.gz, results/ImputeRP_Soy775_Chr01.2.vcf.gz, results/ImputeNRP_NRP_Chr01.1.vcf.gz, results/ImputeNRP_NRP_Chr01.2.vcf.gz, results/MergeVCFs_Soy775_NRP_Chr01.vcf.gz, results/SNPEff_Ann_Soy775_NRP_Chr01.txt.gz, results/AlleleAtlas_Soy775_NRP_Chr01.txt.gz, results/Bottleneck_genes_Soy775_NRP_Chr01.txt.gz, results/Housekeeping_genes_Soy775_NRP_Chr01.txt.gz
    jobid: 0

[Thu Jun 24 16:11:05 2021]
Finished job 0.
2 of 2 steps (100%) done
Complete log: /storage/hpc/group/bilyeu/nad7wf/allele_atlas_pipeline/.snakemake/log/2021-06-24T160359.992869.snakemake.log
