Building DAG of jobs...
Using shell: /usr/bin/bash
Provided cluster nodes: 50
Job counts:
	count	jobs
	1	MergeVCFs
	1	SNPEff
	1	all
	3
Select jobs to execute...

[Mon Jun 21 19:00:03 2021]
rule MergeVCFs:
    input: results/ImputeRP_Soy775_Chr01.1.vcf.gz, results/ImputeRP_Soy775_Chr01.2.vcf.gz, results/ImputeNRP_NRP_Chr01.1.vcf.gz, results/ImputeNRP_NRP_Chr01.2.vcf.gz, resources/beagle/mergevcf.jar
    output: results/MergeVCFs_Soy775_Chr01.vcf.gz, results/MergeVCFs_NRP_Chr01.vcf.gz, results/MergeVCFs_Soy775_NRP_Chr01.vcf.gz
    jobid: 11
    wildcards: chr=01

Submitted job 11 with external jobid 'Submitted batch job 22910569'.
[Mon Jun 21 19:02:13 2021]
Finished job 11.
1 of 3 steps (33%) done
Select jobs to execute...

[Mon Jun 21 19:02:13 2021]
rule SNPEff:
    input: results/MergeVCFs_Soy775_NRP_Chr01.vcf.gz, /scratch/nad7wf/miniconda/pkgs/snpeff-5.0-hdfd78af_1/share/snpeff-5.0-1/snpEff.jar, /scratch/nad7wf/miniconda/pkgs/snpeff-5.0-hdfd78af_1/share/snpeff-5.0-1/snpEff.config, /scratch/nad7wf/miniconda/pkgs/snpsift-4.3.1t-hdfd78af_3/share/snpsift-4.3.1t-3/SnpSift.jar, /scratch/nad7wf/miniconda/pkgs/snpeff-5.0-hdfd78af_1/share/snpeff-5.0-1/scripts/vcfEffOnePerLine.pl
    output: results/SNPEff_Ann_Soy775_NRP_Chr01.txt.gz
    jobid: 12
    wildcards: chr=01
    resources: memory=30G

Submitted job 12 with external jobid 'Submitted batch job 22910570'.
[Mon Jun 21 19:05:03 2021]
Finished job 12.
2 of 3 steps (67%) done
Select jobs to execute...

[Mon Jun 21 19:05:03 2021]
localrule all:
    input: results/RenameSamples_Soy775_Chr01.vcf.gz, results/RenameSamples_NRP_Chr01.vcf.gz, results/Preformat_Soy775_Chr01.vcf.gz, results/Preformat_NRP_Chr01.vcf.gz, results/SplitVCF_Soy775_Chr01.1.vcf.gz, results/SplitVCF_Soy775_Chr01.2.vcf.gz, results/SplitVCF_NRP_Chr01.1.vcf.gz, results/SplitVCF_NRP_Chr01.2.vcf.gz, results/ImputeRP_Soy775_Chr01.1.vcf.gz, results/ImputeRP_Soy775_Chr01.2.vcf.gz, results/ImputeNRP_NRP_Chr01.1.vcf.gz, results/ImputeNRP_NRP_Chr01.2.vcf.gz, results/MergeVCFs_Soy775_NRP_Chr01.vcf.gz, results/SNPEff_Ann_Soy775_NRP_Chr01.txt.gz
    jobid: 0

[Mon Jun 21 19:05:03 2021]
Finished job 0.
3 of 3 steps (100%) done
Complete log: /storage/hpc/group/bilyeu/nad7wf/allele_atlas_pipeline/.snakemake/log/2021-06-21T190003.093724.snakemake.log
