Building DAG of jobs...
Using shell: /usr/bin/bash
Provided cluster nodes: 50
Job counts:
	count	jobs
	2	ImputeNRP
	2	ImputeRP
	1	MergeVCFs
	1	PreformatNRP
	1	PreformatRP
	1	SNPEff
	2	SplitVCF
	1	all
	11
Select jobs to execute...

[Sun Jun 20 11:17:22 2021]
rule PreformatRP:
    input: results/RenameSamples_Soy775_Chr01.vcf.gz
    output: results/Preformat_Soy775_Chr01.vcf.gz
    jobid: 3
    wildcards: chr=01

Submitted job 3 with external jobid 'Submitted batch job 22907311'.
[Sun Jun 20 11:27:52 2021]
Finished job 3.
1 of 11 steps (9%) done
Select jobs to execute...

[Sun Jun 20 11:27:52 2021]
rule PreformatNRP:
    input: resources/NRP/NRP_Chr01.vcf.gz, results/Preformat_Soy775_Chr01.vcf.gz
    output: results/Preformat_NRP_Chr01.vcf.gz
    jobid: 4
    wildcards: chr=01

Submitted job 4 with external jobid 'Submitted batch job 22907314'.

[Sun Jun 20 11:27:54 2021]
rule SplitVCF:
    input: results/Preformat_Soy775_Chr01.vcf.gz, resources/beagle/splitvcf.jar
    output: results/SplitVCF_Soy775_Chr01.1.vcf.gz, results/SplitVCF_Soy775_Chr01.2.vcf.gz
    jobid: 5
    wildcards: id=Soy775, chr=01

Submitted job 5 with external jobid 'Submitted batch job 22907315'.
[Sun Jun 20 11:37:36 2021]
Finished job 4.
2 of 11 steps (18%) done
Select jobs to execute...

[Sun Jun 20 11:37:36 2021]
rule SplitVCF:
    input: results/Preformat_NRP_Chr01.vcf.gz, resources/beagle/splitvcf.jar
    output: results/SplitVCF_NRP_Chr01.1.vcf.gz, results/SplitVCF_NRP_Chr01.2.vcf.gz
    jobid: 6
    wildcards: id=NRP, chr=01

Submitted job 6 with external jobid 'Submitted batch job 22907317'.
[Sun Jun 20 11:50:57 2021]
Finished job 5.
3 of 11 steps (27%) done
Select jobs to execute...

[Sun Jun 20 11:50:57 2021]
rule ImputeRP:
    input: results/SplitVCF_Soy775_Chr01.1.vcf.gz
    output: results/ImputeRP_Soy775_Chr01.1.vcf.gz
    jobid: 7
    wildcards: chr=01, subset=1
    resources: memory=200G, threads=15

Submitted job 7 with external jobid 'Submitted batch job 22907319'.

[Sun Jun 20 11:50:57 2021]
rule ImputeRP:
    input: results/SplitVCF_Soy775_Chr01.2.vcf.gz
    output: results/ImputeRP_Soy775_Chr01.2.vcf.gz
    jobid: 8
    wildcards: chr=01, subset=2
    resources: memory=200G, threads=15

Submitted job 8 with external jobid 'Submitted batch job 22907320'.
[Sun Jun 20 11:51:34 2021]
Finished job 6.
4 of 11 steps (36%) done
[Sun Jun 20 12:03:05 2021]
Finished job 7.
5 of 11 steps (45%) done
Select jobs to execute...

[Sun Jun 20 12:03:05 2021]
rule ImputeNRP:
    input: results/SplitVCF_NRP_Chr01.1.vcf.gz, results/ImputeRP_Soy775_Chr01.1.vcf.gz
    output: results/ImputeNRP_NRP_Chr01.1.vcf.gz
    jobid: 9
    wildcards: chr=01, subset=1
    resources: memory=200G, threads=1

Submitted job 9 with external jobid 'Submitted batch job 22907321'.
[Sun Jun 20 12:06:11 2021]
Finished job 8.
6 of 11 steps (55%) done
Select jobs to execute...

[Sun Jun 20 12:06:11 2021]
rule ImputeNRP:
    input: results/SplitVCF_NRP_Chr01.2.vcf.gz, results/ImputeRP_Soy775_Chr01.2.vcf.gz
    output: results/ImputeNRP_NRP_Chr01.2.vcf.gz
    jobid: 10
    wildcards: chr=01, subset=2
    resources: memory=200G, threads=1

Submitted job 10 with external jobid 'Submitted batch job 22907322'.
[Sun Jun 20 12:15:02 2021]
Finished job 9.
7 of 11 steps (64%) done
[Sun Jun 20 12:22:12 2021]
Finished job 10.
8 of 11 steps (73%) done
Select jobs to execute...

[Sun Jun 20 12:22:12 2021]
rule MergeVCFs:
    input: results/ImputeRP_Soy775_Chr01.1.vcf.gz, results/ImputeRP_Soy775_Chr01.2.vcf.gz, results/ImputeNRP_NRP_Chr01.1.vcf.gz, results/ImputeNRP_NRP_Chr01.2.vcf.gz, resources/beagle/mergevcf.jar
    output: results/MergeVCFs_Soy775_Chr01.vcf.gz, results/MergeVCFs_NRP_Chr01.vcf.gz, results/MergeVCFs_Soy775_NRP_Chr01.vcf.gz
    jobid: 11
    wildcards: chr=01

Submitted job 11 with external jobid 'Submitted batch job 22907329'.
[Sun Jun 20 12:27:27 2021]
Finished job 11.
9 of 11 steps (82%) done
Select jobs to execute...

[Sun Jun 20 12:27:27 2021]
rule SNPEff:
    input: results/MergeVCFs_Soy775_NRP_Chr01.vcf.gz, /scratch/nad7wf/miniconda/pkgs/snpeff-5.0-hdfd78af_1/share/snpeff-5.0-1/snpEff.jar, /scratch/nad7wf/miniconda/pkgs/snpeff-5.0-hdfd78af_1/share/snpeff-5.0-1/snpEff.config, /scratch/nad7wf/miniconda/pkgs/snpsift-4.3.1t-hdfd78af_3/share/snpsift-4.3.1t-3/SnpSift.jar, /scratch/nad7wf/miniconda/pkgs/snpeff-5.0-hdfd78af_1/share/snpeff-5.0-1/scripts/vcfEffOnePerLine.pl
    output: results/SNPEff_Ann_Soy775_NRP_Chr01.txt.gz
    jobid: 12
    wildcards: chr=01
    resources: memory=30G

Submitted job 12 with external jobid 'Submitted batch job 22907331'.
[Sun Jun 20 12:33:49 2021]
Finished job 12.
10 of 11 steps (91%) done
Select jobs to execute...

[Sun Jun 20 12:33:49 2021]
localrule all:
    input: results/RenameSamples_Soy775_Chr01.vcf.gz, results/RenameSamples_NRP_Chr01.vcf.gz, results/Preformat_Soy775_Chr01.vcf.gz, results/Preformat_NRP_Chr01.vcf.gz, results/SplitVCF_Soy775_Chr01.1.vcf.gz, results/SplitVCF_Soy775_Chr01.2.vcf.gz, results/SplitVCF_NRP_Chr01.1.vcf.gz, results/SplitVCF_NRP_Chr01.2.vcf.gz, results/ImputeRP_Soy775_Chr01.1.vcf.gz, results/ImputeRP_Soy775_Chr01.2.vcf.gz, results/ImputeNRP_NRP_Chr01.1.vcf.gz, results/ImputeNRP_NRP_Chr01.2.vcf.gz, results/MergeVCFs_Soy775_NRP_Chr01.vcf.gz, results/SNPEff_Ann_Soy775_NRP_Chr01.txt.gz
    jobid: 0

[Sun Jun 20 12:33:49 2021]
Finished job 0.
11 of 11 steps (100%) done
Complete log: /storage/hpc/group/bilyeu/nad7wf/allele_atlas_pipeline/.snakemake/log/2021-06-20T111720.799290.snakemake.log
