Building DAG of jobs...
Using shell: /usr/bin/bash
Provided cluster nodes: 50
Job counts:
	count	jobs
	1	SNPSift
	1	all
	2
Select jobs to execute...

[Wed Jun 16 10:26:09 2021]
rule SNPSift:
    input: results/SNPEff_Soy775_NRP_Chr01.vcf.gz, /scratch/nad7wf/miniconda/pkgs/snpeff-5.0-hdfd78af_1/share/snpeff-5.0-1/scripts/vcfEffOnePerLine.pl, /scratch/nad7wf/miniconda/pkgs/snpsift-4.3.1t-hdfd78af_3/share/snpsift-4.3.1t-3/SnpSift.jar
    output: results/SNPSift_Soy775_NRP_Chr01.vcf.gz, results/SNPSift_Ann_Soy775_NRP_Chr01.vcf.gz
    jobid: 11
    wildcards: RP_id=Soy775, NRP_id=NRP, chr=01
    resources: memory=30G

Submitted job 11 with external jobid 'Submitted batch job 22889287'.
[Wed Jun 16 10:29:09 2021]
Error in rule SNPSift:
    jobid: 11
    output: results/SNPSift_Soy775_NRP_Chr01.vcf.gz, results/SNPSift_Ann_Soy775_NRP_Chr01.vcf.gz
    conda-env: /storage/hpc/group/bilyeu/nad7wf/allele_atlas_pipeline/.snakemake/conda/84d8468f
    shell:
        
		bcftools view results/SNPEff_Soy775_NRP_Chr01.vcf.gz | 			### Convert SNPEff annotations to one per line. ###
			/scratch/nad7wf/miniconda/pkgs/snpeff-5.0-hdfd78af_1/share/snpeff-5.0-1/scripts/vcfEffOnePerLine.pl | 			### Filter variants by primary transcript and modifying variants. ###
			java -jar /scratch/nad7wf/miniconda/pkgs/snpsift-4.3.1t-hdfd78af_3/share/snpsift-4.3.1t-3/SnpSift.jar filter 			"(ANN[*].FEATUREID =~ 'Glyma\.\w+\.1') && (ANN[*].EFFECT =~ '(frameshift_variant|exon_loss_variant|duplication|inversion|feature_ablation|gene_fusion|rearranged_at_DNA_level|missense_variant|protein_protein_contact|structural_interaction_variant|rare_amino_acid_variant|splice_acceptor_variant|splice_donor_variant|stop_lost|start_lost|stop_gained|inframe_insertion|disruptive_inframe_insertion|inframe_deletion|disruptive_inframe_deletion)')" | 			bgzip -l 9 > results/SNPSift_Soy775_NRP_Chr01.vcf.gz

			### Index VCF file. ###
			bcftools index --tbi results/SNPSift_Soy775_NRP_Chr01.vcf.gz

			### Extract annotations from VCF file. ###
			bcftools view results/SNPSift_Soy775_NRP_Chr01.vcf.gz | 				java -jar /scratch/nad7wf/miniconda/pkgs/snpsift-4.3.1t-hdfd78af_3/share/snpsift-4.3.1t-3/SnpSift.jar extractFields 				-e 'NA" 				CHROM POS "ANN[*].GENE" REF ALT "ANN[*].ALLELE" "ANN[*].EFFECT" "ANN[*].HGVS_P" | 				bgzip -l 9 > results/SNPSift_Ann_Soy775_NRP_Chr01.vcf.gz

			### Index Ann file. ###
			bcftools index --tbi results/SNPSift_Ann_Soy775_NRP_Chr01.vcf.gz
		
        (one of the commands exited with non-zero exit code; note that snakemake uses bash strict mode!)
    cluster_jobid: Submitted batch job 22889287

Error executing rule SNPSift on cluster (jobid: 11, external: Submitted batch job 22889287, jobscript: /storage/hpc/group/bilyeu/nad7wf/allele_atlas_pipeline/.snakemake/tmp.2z85fhla/snakejob.SNPSift.11.sh). For error details see the cluster log and the log files of the involved rule(s).
Shutting down, this might take some time.
Exiting because a job execution failed. Look above for error message
Complete log: /storage/hpc/group/bilyeu/nad7wf/allele_atlas_pipeline/.snakemake/log/2021-06-16T102609.057838.snakemake.log
