Building DAG of jobs...
Using shell: /usr/bin/bash
Provided cluster nodes: 100
Job counts:
	count	jobs
	2	EstimateBlocks
	1	Fst
	1	ImputeNRP
	1	ImputeRP
	1	MergeVCFs
	1	PreformatNRP
	1	PreformatRP
	1	RenameSamples
	1	SNPsOnly
	1	Subset
	17
Select jobs to execute...

[Thu Feb 24 08:56:51 2022]
rule EstimateBlocks:
    input: results/SNPsOnly_RP_NRP_EliteUSOnly_Chr04.vcf.gz
    output: results/EstimateBlocks_RP_NRP_EliteUSOnly_Chr04.blocks
    jobid: 1
    wildcards: chr=04
    resources: mem=10000

Submitted job 1 with external jobid 'Submitted batch job 24269672'.

[Thu Feb 24 08:56:51 2022]
rule RenameSamples:
    input: resources/RP/RP_Chr06.vcf.gz, resources/RP/RP_sample_name_correspondence_file.txt
    output: results/RenameSamples_RP_Chr06.vcf.gz
    jobid: 17
    wildcards: id=RP, chr=06

Submitted job 17 with external jobid 'Submitted batch job 24269673'.
[Thu Feb 24 11:15:11 2022]
Finished job 17.
1 of 17 steps (6%) done
Select jobs to execute...

[Thu Feb 24 11:15:11 2022]
rule PreformatRP:
    input: results/RenameSamples_RP_Chr06.vcf.gz
    output: results/Preformat_RP_Chr06.vcf.gz
    jobid: 16
    wildcards: chr=06

Submitted job 16 with external jobid 'Submitted batch job 24271178'.
[Thu Feb 24 11:39:42 2022]
Finished job 16.
2 of 17 steps (12%) done
Select jobs to execute...

[Thu Feb 24 11:39:42 2022]
rule ImputeRP:
    input: results/Preformat_RP_Chr06.vcf.gz
    output: results/ImputeRP_RP_Chr06.vcf.gz, results/beagle/ImputeRP_RP_Chr06
    jobid: 15
    wildcards: chr=06
    resources: memory=100G, threads=15

Submitted job 15 with external jobid 'Submitted batch job 24271191'.

[Thu Feb 24 11:39:42 2022]
rule PreformatNRP:
    input: results/RenameSamples_NRP_Chr06.vcf.gz, results/Preformat_RP_Chr06.vcf.gz
    output: results/Preformat_NRP_Chr06.vcf.gz
    jobid: 19
    wildcards: chr=06

Submitted job 19 with external jobid 'Submitted batch job 24271192'.
[Thu Feb 24 11:44:13 2022]
Finished job 19.
3 of 17 steps (18%) done
Removing temporary output file results/beagle/ImputeRP_RP_Chr06.
[Thu Feb 24 12:29:45 2022]
Finished job 15.
4 of 17 steps (24%) done
Select jobs to execute...

[Thu Feb 24 12:29:46 2022]
rule ImputeNRP:
    input: results/Preformat_NRP_Chr06.vcf.gz, results/ImputeRP_RP_Chr06.vcf.gz
    output: results/ImputeNRP_NRP_Chr06.vcf.gz, results/beagle/ImputeNRP_NRP_Chr06
    jobid: 18
    wildcards: chr=06
    resources: memory=100G, threads=15

Submitted job 18 with external jobid 'Submitted batch job 24271245'.
Removing temporary output file results/beagle/ImputeNRP_NRP_Chr06.
[Thu Feb 24 13:10:18 2022]
Finished job 18.
5 of 17 steps (29%) done
Select jobs to execute...

[Thu Feb 24 13:10:18 2022]
rule MergeVCFs:
    input: results/ImputeRP_RP_Chr06.vcf.gz, results/ImputeNRP_NRP_Chr06.vcf.gz
    output: results/MergeVCFs_RP_NRP_AllAccessions_Chr06.vcf.gz
    jobid: 14
    wildcards: chr=06

Submitted job 14 with external jobid 'Submitted batch job 24271271'.
[Thu Feb 24 13:21:39 2022]
Finished job 14.
6 of 17 steps (35%) done
Select jobs to execute...

[Thu Feb 24 13:21:39 2022]
rule Subset:
    input: results/MergeVCFs_RP_NRP_AllAccessions_Chr06.vcf.gz, resources/EliteUSOnly.txt
    output: results/MergeVCFs_RP_NRP_EliteUSOnly_Chr06.vcf.gz
    jobid: 13
    wildcards: chr=06

Submitted job 13 with external jobid 'Submitted batch job 24271275'.
[Thu Feb 24 13:26:29 2022]
Finished job 13.
7 of 17 steps (41%) done
Select jobs to execute...

[Thu Feb 24 13:26:29 2022]
rule SNPsOnly:
    input: results/MergeVCFs_RP_NRP_EliteUSOnly_Chr06.vcf.gz
    output: results/SNPsOnly_RP_NRP_EliteUSOnly_Chr06.vcf.gz
    jobid: 12
    wildcards: chr=06

Submitted job 12 with external jobid 'Submitted batch job 24271277'.
[Thu Feb 24 13:27:29 2022]
Finished job 12.
8 of 17 steps (47%) done
Select jobs to execute...

[Thu Feb 24 13:27:29 2022]
rule Fst:
    input: results/SNPsOnly_RP_NRP_EliteUSOnly_Chr06.vcf.gz, resources/ancestor_only_population_file.txt, resources/elite_only_population_file.txt
    output: results/Fst_RP_NRP_EliteUSOnly_Chr06.windowed.weir.fst
    jobid: 22
    wildcards: chr=06

Submitted job 22 with external jobid 'Submitted batch job 24271279'.

[Thu Feb 24 13:27:29 2022]
rule EstimateBlocks:
    input: results/SNPsOnly_RP_NRP_EliteUSOnly_Chr06.vcf.gz
    output: results/EstimateBlocks_RP_NRP_EliteUSOnly_Chr06.blocks
    jobid: 11
    wildcards: chr=06
    resources: mem=10000

Submitted job 11 with external jobid 'Submitted batch job 24271280'.
[Thu Feb 24 13:28:09 2022]
Finished job 1.
9 of 17 steps (53%) done
[Thu Feb 24 13:28:09 2022]
Finished job 22.
10 of 17 steps (59%) done
[Thu Feb 24 16:12:28 2022]
Finished job 11.
11 of 17 steps (65%) done
Complete log: /storage/hpc/group/bilyeu/nad7wf/allele_atlas_pipeline/.snakemake/log/2022-02-24T085651.492493.snakemake.log
