Building DAG of jobs...
Using shell: /usr/bin/bash
Provided cluster nodes: 100
Job counts:
	count	jobs
	2	AlleleAtlas
	1	SNPEff
	1	all
	4
Select jobs to execute...

[Mon Mar  7 08:14:15 2022]
rule SNPEff:
    input: results/MergeVCFs_RP_NRP_AllAccessions_Chr06.vcf.gz, /scratch/nad7wf/miniconda/pkgs/snpeff-4.3.1t-0/share/snpeff-4.3.1t-0/snpEff.jar, /scratch/nad7wf/miniconda/pkgs/snpeff-4.3.1t-0/share/snpeff-4.3.1t-0/snpEff.config, /scratch/nad7wf/miniconda/pkgs/snpsift-4.3.1t-hdfd78af_3/share/snpsift-4.3.1t-3/SnpSift.jar, /scratch/nad7wf/miniconda/pkgs/snpeff-4.3.1t-0/share/snpeff-4.3.1t-0/scripts/vcfEffOnePerLine.pl
    output: results/SNPEff_Ann_RP_NRP_Chr06.txt.gz
    jobid: 13
    wildcards: chr=06
    resources: memory=30G

Submitted job 13 with external jobid 'Submitted batch job 24315333'.
[Mon Mar  7 08:45:06 2022]
Finished job 13.
1 of 4 steps (25%) done
Select jobs to execute...

[Mon Mar  7 08:45:06 2022]
rule AlleleAtlas:
    input: results/MergeVCFs_RP_NRP_AllAccessions_Chr06.vcf.gz, results/SNPEff_Ann_RP_NRP_Chr06.txt.gz, resources/gff/Chr06.gff.gz, rules/custom/scripts/generate_allele_atlas.py
    output: results/AlleleAtlas_RP_NRP_AllAccessions_Chr06.txt.gz, results/Bottleneck_genes_RP_NRP_AllAccessions_Chr06.txt.gz, results/Housekeeping_genes_RP_NRP_AllAccessions_Chr06.txt.gz
    jobid: 12
    wildcards: RP_id=RP, NRP_id=NRP, subset=AllAccessions, chr=06

Submitted job 12 with external jobid 'Submitted batch job 24315338'.

[Mon Mar  7 08:45:06 2022]
rule AlleleAtlas:
    input: results/MergeVCFs_RP_NRP_EliteUSOnly_Chr06.vcf.gz, results/SNPEff_Ann_RP_NRP_Chr06.txt.gz, resources/gff/Chr06.gff.gz, rules/custom/scripts/generate_allele_atlas.py
    output: results/AlleleAtlas_RP_NRP_EliteUSOnly_Chr06.txt.gz, results/Bottleneck_genes_RP_NRP_EliteUSOnly_Chr06.txt.gz, results/Housekeeping_genes_RP_NRP_EliteUSOnly_Chr06.txt.gz
    jobid: 14
    wildcards: RP_id=RP, NRP_id=NRP, subset=EliteUSOnly, chr=06

Submitted job 14 with external jobid 'Submitted batch job 24315339'.
[Mon Mar  7 08:48:26 2022]
Finished job 14.
2 of 4 steps (50%) done
[Mon Mar  7 09:14:27 2022]
Finished job 12.
3 of 4 steps (75%) done
Select jobs to execute...

[Mon Mar  7 09:14:28 2022]
localrule all:
    input: results/EstimateBlocks_RP_NRP_EliteUSOnly_Chr06.blocks, results/Fst_RP_NRP_EliteUSOnly_Chr06.windowed.weir.fst, results/AlleleAtlas_RP_NRP_AllAccessions_Chr06.txt.gz, results/AlleleAtlas_RP_NRP_EliteUSOnly_Chr06.txt.gz
    jobid: 0

[Mon Mar  7 09:14:28 2022]
Finished job 0.
4 of 4 steps (100%) done
Complete log: /storage/hpc/group/bilyeu/nad7wf/allele_atlas_pipeline/.snakemake/log/2022-03-07T081414.872784.snakemake.log
