Building DAG of jobs...
Job counts:
	count	jobs
	2	AlleleAtlas
	1	MergeVCFs
	1	Subset
	1	all
	5

[Sat Feb 12 18:03:12 2022]
rule MergeVCFs:
    input: results/ImputeRP_RP_Chr04.vcf.gz, results/ImputeNRP_NRP_Chr04.vcf.gz
    output: results/MergeVCFs_RP_NRP_AllAccessions_Chr04.vcf.gz
    jobid: 2
    wildcards: chr=04


[Sat Feb 12 18:03:12 2022]
rule Subset:
    input: results/MergeVCFs_RP_NRP_AllAccessions_Chr04.vcf.gz
    output: results/MergeVCFs_RP_NRP_EliteUSOnly_Chr04.vcf.gz
    jobid: 10
    wildcards: chr=04

RuleException in line 1 of /storage/hpc/group/bilyeu/nad7wf/allele_atlas_pipeline/rules/custom/Subset.smk:
'Wildcards' object has no attribute 'SUBSET_SUB'
  File "/cluster/software/conda-envs/envs/snakemake-5.3.0/lib/python3.6/site-packages/snakemake/executors/__init__.py", line 135, in run_jobs
  File "/cluster/software/conda-envs/envs/snakemake-5.3.0/lib/python3.6/site-packages/snakemake/executors/__init__.py", line 140, in run
  File "/cluster/software/conda-envs/envs/snakemake-5.3.0/lib/python3.6/site-packages/snakemake/executors/__init__.py", line 151, in _run
  File "/cluster/software/conda-envs/envs/snakemake-5.3.0/lib/python3.6/site-packages/snakemake/executors/__init__.py", line 171, in printjob
  File "/cluster/software/conda-envs/envs/snakemake-5.3.0/lib/python3.6/site-packages/snakemake/executors/__init__.py", line 157, in printjob
