Building DAG of jobs...
Using shell: /usr/bin/bash
Provided cluster nodes: 100
Job counts:
	count	jobs
	40	AlleleAtlas
	16	EstimateBlocks
	19	SNPEff
	1	all
	76
Select jobs to execute...

[Fri Mar  4 14:52:02 2022]
rule EstimateBlocks:
    input: results/SNPsOnly_RP_NRP_EliteUSOnly_Chr20.vcf.gz
    output: results/EstimateBlocks_RP_NRP_EliteUSOnly_Chr20.blocks, results/EstimateBlocks_RP_NRP_EliteUSOnly_Chr20.bed.gz
    jobid: 191
    wildcards: chr=20
    resources: mem=10000

Submitted job 191 with external jobid 'Submitted batch job 24304663'.

[Fri Mar  4 14:52:03 2022]
rule EstimateBlocks:
    input: results/SNPsOnly_RP_NRP_EliteUSOnly_Chr11.vcf.gz
    output: results/EstimateBlocks_RP_NRP_EliteUSOnly_Chr11.blocks, results/EstimateBlocks_RP_NRP_EliteUSOnly_Chr11.bed.gz
    jobid: 101
    wildcards: chr=11
    resources: mem=10000

Submitted job 101 with external jobid 'Submitted batch job 24304664'.

[Fri Mar  4 14:52:03 2022]
rule EstimateBlocks:
    input: results/SNPsOnly_RP_NRP_EliteUSOnly_Chr05.vcf.gz
    output: results/EstimateBlocks_RP_NRP_EliteUSOnly_Chr05.blocks, results/EstimateBlocks_RP_NRP_EliteUSOnly_Chr05.bed.gz
    jobid: 41
    wildcards: chr=05
    resources: mem=10000

Submitted job 41 with external jobid 'Submitted batch job 24304665'.

[Fri Mar  4 14:52:03 2022]
rule EstimateBlocks:
    input: results/SNPsOnly_RP_NRP_EliteUSOnly_Chr02.vcf.gz
    output: results/EstimateBlocks_RP_NRP_EliteUSOnly_Chr02.blocks, results/EstimateBlocks_RP_NRP_EliteUSOnly_Chr02.bed.gz
    jobid: 11
    wildcards: chr=02
    resources: mem=10000

Submitted job 11 with external jobid 'Submitted batch job 24304666'.

[Fri Mar  4 14:52:03 2022]
rule EstimateBlocks:
    input: results/SNPsOnly_RP_NRP_EliteUSOnly_Chr08.vcf.gz
    output: results/EstimateBlocks_RP_NRP_EliteUSOnly_Chr08.blocks, results/EstimateBlocks_RP_NRP_EliteUSOnly_Chr08.bed.gz
    jobid: 71
    wildcards: chr=08
    resources: mem=10000

Submitted job 71 with external jobid 'Submitted batch job 24304667'.

[Fri Mar  4 14:52:03 2022]
rule EstimateBlocks:
    input: results/SNPsOnly_RP_NRP_EliteUSOnly_Chr14.vcf.gz
    output: results/EstimateBlocks_RP_NRP_EliteUSOnly_Chr14.blocks, results/EstimateBlocks_RP_NRP_EliteUSOnly_Chr14.bed.gz
    jobid: 131
    wildcards: chr=14
    resources: mem=10000

Submitted job 131 with external jobid 'Submitted batch job 24304668'.

[Fri Mar  4 14:52:03 2022]
rule EstimateBlocks:
    input: results/SNPsOnly_RP_NRP_EliteUSOnly_Chr17.vcf.gz
    output: results/EstimateBlocks_RP_NRP_EliteUSOnly_Chr17.blocks, results/EstimateBlocks_RP_NRP_EliteUSOnly_Chr17.bed.gz
    jobid: 161
    wildcards: chr=17
    resources: mem=10000

Submitted job 161 with external jobid 'Submitted batch job 24304669'.

[Fri Mar  4 14:52:03 2022]
rule SNPEff:
    input: results/MergeVCFs_RP_NRP_AllAccessions_Chr12.vcf.gz, /scratch/nad7wf/miniconda/pkgs/snpeff-4.3.1t-0/share/snpeff-4.3.1t-0/snpEff.jar, /scratch/nad7wf/miniconda/pkgs/snpeff-4.3.1t-0/share/snpeff-4.3.1t-0/snpEff.config, /scratch/nad7wf/miniconda/pkgs/snpsift-4.3.1t-hdfd78af_3/share/snpsift-4.3.1t-3/SnpSift.jar, /scratch/nad7wf/miniconda/pkgs/snpeff-4.3.1t-0/share/snpeff-4.3.1t-0/scripts/vcfEffOnePerLine.pl
    output: results/SNPEff_Ann_RP_NRP_Chr12.txt.gz
    jobid: 244
    wildcards: chr=12
    resources: memory=30G

Submitted job 244 with external jobid 'Submitted batch job 24304670'.

[Fri Mar  4 14:52:03 2022]
rule SNPEff:
    input: results/MergeVCFs_RP_NRP_AllAccessions_Chr08.vcf.gz, /scratch/nad7wf/miniconda/pkgs/snpeff-4.3.1t-0/share/snpeff-4.3.1t-0/snpEff.jar, /scratch/nad7wf/miniconda/pkgs/snpeff-4.3.1t-0/share/snpeff-4.3.1t-0/snpEff.config, /scratch/nad7wf/miniconda/pkgs/snpsift-4.3.1t-hdfd78af_3/share/snpsift-4.3.1t-3/SnpSift.jar, /scratch/nad7wf/miniconda/pkgs/snpeff-4.3.1t-0/share/snpeff-4.3.1t-0/scripts/vcfEffOnePerLine.pl
    output: results/SNPEff_Ann_RP_NRP_Chr08.txt.gz
    jobid: 236
    wildcards: chr=08
    resources: memory=30G

Submitted job 236 with external jobid 'Submitted batch job 24304671'.

[Fri Mar  4 14:52:03 2022]
rule SNPEff:
    input: results/MergeVCFs_RP_NRP_AllAccessions_Chr01.vcf.gz, /scratch/nad7wf/miniconda/pkgs/snpeff-4.3.1t-0/share/snpeff-4.3.1t-0/snpEff.jar, /scratch/nad7wf/miniconda/pkgs/snpeff-4.3.1t-0/share/snpeff-4.3.1t-0/snpEff.config, /scratch/nad7wf/miniconda/pkgs/snpsift-4.3.1t-hdfd78af_3/share/snpsift-4.3.1t-3/SnpSift.jar, /scratch/nad7wf/miniconda/pkgs/snpeff-4.3.1t-0/share/snpeff-4.3.1t-0/scripts/vcfEffOnePerLine.pl
    output: results/SNPEff_Ann_RP_NRP_Chr01.txt.gz
    jobid: 222
    wildcards: chr=01
    resources: memory=30G

Submitted job 222 with external jobid 'Submitted batch job 24304672'.

[Fri Mar  4 14:52:03 2022]
rule SNPEff:
    input: results/MergeVCFs_RP_NRP_AllAccessions_Chr16.vcf.gz, /scratch/nad7wf/miniconda/pkgs/snpeff-4.3.1t-0/share/snpeff-4.3.1t-0/snpEff.jar, /scratch/nad7wf/miniconda/pkgs/snpeff-4.3.1t-0/share/snpeff-4.3.1t-0/snpEff.config, /scratch/nad7wf/miniconda/pkgs/snpsift-4.3.1t-hdfd78af_3/share/snpsift-4.3.1t-3/SnpSift.jar, /scratch/nad7wf/miniconda/pkgs/snpeff-4.3.1t-0/share/snpeff-4.3.1t-0/scripts/vcfEffOnePerLine.pl
    output: results/SNPEff_Ann_RP_NRP_Chr16.txt.gz
    jobid: 252
    wildcards: chr=16
    resources: memory=30G

Submitted job 252 with external jobid 'Submitted batch job 24304673'.

[Fri Mar  4 14:52:03 2022]
rule SNPEff:
    input: results/MergeVCFs_RP_NRP_AllAccessions_Chr20.vcf.gz, /scratch/nad7wf/miniconda/pkgs/snpeff-4.3.1t-0/share/snpeff-4.3.1t-0/snpEff.jar, /scratch/nad7wf/miniconda/pkgs/snpeff-4.3.1t-0/share/snpeff-4.3.1t-0/snpEff.config, /scratch/nad7wf/miniconda/pkgs/snpsift-4.3.1t-hdfd78af_3/share/snpsift-4.3.1t-3/SnpSift.jar, /scratch/nad7wf/miniconda/pkgs/snpeff-4.3.1t-0/share/snpeff-4.3.1t-0/scripts/vcfEffOnePerLine.pl
    output: results/SNPEff_Ann_RP_NRP_Chr20.txt.gz
    jobid: 260
    wildcards: chr=20
    resources: memory=30G

Submitted job 260 with external jobid 'Submitted batch job 24304674'.

[Fri Mar  4 14:52:03 2022]
rule SNPEff:
    input: results/MergeVCFs_RP_NRP_AllAccessions_Chr05.vcf.gz, /scratch/nad7wf/miniconda/pkgs/snpeff-4.3.1t-0/share/snpeff-4.3.1t-0/snpEff.jar, /scratch/nad7wf/miniconda/pkgs/snpeff-4.3.1t-0/share/snpeff-4.3.1t-0/snpEff.config, /scratch/nad7wf/miniconda/pkgs/snpsift-4.3.1t-hdfd78af_3/share/snpsift-4.3.1t-3/SnpSift.jar, /scratch/nad7wf/miniconda/pkgs/snpeff-4.3.1t-0/share/snpeff-4.3.1t-0/scripts/vcfEffOnePerLine.pl
    output: results/SNPEff_Ann_RP_NRP_Chr05.txt.gz
    jobid: 230
    wildcards: chr=05
    resources: memory=30G

Submitted job 230 with external jobid 'Submitted batch job 24304675'.

[Fri Mar  4 14:52:04 2022]
rule EstimateBlocks:
    input: results/SNPsOnly_RP_NRP_EliteUSOnly_Chr01.vcf.gz
    output: results/EstimateBlocks_RP_NRP_EliteUSOnly_Chr01.blocks, results/EstimateBlocks_RP_NRP_EliteUSOnly_Chr01.bed.gz
    jobid: 1
    wildcards: chr=01
    resources: mem=10000

Submitted job 1 with external jobid 'Submitted batch job 24304676'.

[Fri Mar  4 14:52:04 2022]
rule SNPEff:
    input: results/MergeVCFs_RP_NRP_AllAccessions_Chr09.vcf.gz, /scratch/nad7wf/miniconda/pkgs/snpeff-4.3.1t-0/share/snpeff-4.3.1t-0/snpEff.jar, /scratch/nad7wf/miniconda/pkgs/snpeff-4.3.1t-0/share/snpeff-4.3.1t-0/snpEff.config, /scratch/nad7wf/miniconda/pkgs/snpsift-4.3.1t-hdfd78af_3/share/snpsift-4.3.1t-3/SnpSift.jar, /scratch/nad7wf/miniconda/pkgs/snpeff-4.3.1t-0/share/snpeff-4.3.1t-0/scripts/vcfEffOnePerLine.pl
    output: results/SNPEff_Ann_RP_NRP_Chr09.txt.gz
    jobid: 238
    wildcards: chr=09
    resources: memory=30G

Submitted job 238 with external jobid 'Submitted batch job 24304677'.

[Fri Mar  4 14:52:04 2022]
rule EstimateBlocks:
    input: results/SNPsOnly_RP_NRP_EliteUSOnly_Chr12.vcf.gz
    output: results/EstimateBlocks_RP_NRP_EliteUSOnly_Chr12.blocks, results/EstimateBlocks_RP_NRP_EliteUSOnly_Chr12.bed.gz
    jobid: 111
    wildcards: chr=12
    resources: mem=10000

Submitted job 111 with external jobid 'Submitted batch job 24304678'.

[Fri Mar  4 14:52:04 2022]
rule SNPEff:
    input: results/MergeVCFs_RP_NRP_AllAccessions_Chr13.vcf.gz, /scratch/nad7wf/miniconda/pkgs/snpeff-4.3.1t-0/share/snpeff-4.3.1t-0/snpEff.jar, /scratch/nad7wf/miniconda/pkgs/snpeff-4.3.1t-0/share/snpeff-4.3.1t-0/snpEff.config, /scratch/nad7wf/miniconda/pkgs/snpsift-4.3.1t-hdfd78af_3/share/snpsift-4.3.1t-3/SnpSift.jar, /scratch/nad7wf/miniconda/pkgs/snpeff-4.3.1t-0/share/snpeff-4.3.1t-0/scripts/vcfEffOnePerLine.pl
    output: results/SNPEff_Ann_RP_NRP_Chr13.txt.gz
    jobid: 246
    wildcards: chr=13
    resources: memory=30G

Submitted job 246 with external jobid 'Submitted batch job 24304679'.

[Fri Mar  4 14:52:04 2022]
rule EstimateBlocks:
    input: results/SNPsOnly_RP_NRP_EliteUSOnly_Chr03.vcf.gz
    output: results/EstimateBlocks_RP_NRP_EliteUSOnly_Chr03.blocks, results/EstimateBlocks_RP_NRP_EliteUSOnly_Chr03.bed.gz
    jobid: 21
    wildcards: chr=03
    resources: mem=10000

Submitted job 21 with external jobid 'Submitted batch job 24304680'.

[Fri Mar  4 14:52:04 2022]
rule EstimateBlocks:
    input: results/SNPsOnly_RP_NRP_EliteUSOnly_Chr09.vcf.gz
    output: results/EstimateBlocks_RP_NRP_EliteUSOnly_Chr09.blocks, results/EstimateBlocks_RP_NRP_EliteUSOnly_Chr09.bed.gz
    jobid: 81
    wildcards: chr=09
    resources: mem=10000

Submitted job 81 with external jobid 'Submitted batch job 24304681'.

[Fri Mar  4 14:52:04 2022]
rule EstimateBlocks:
    input: results/SNPsOnly_RP_NRP_EliteUSOnly_Chr15.vcf.gz
    output: results/EstimateBlocks_RP_NRP_EliteUSOnly_Chr15.blocks, results/EstimateBlocks_RP_NRP_EliteUSOnly_Chr15.bed.gz
    jobid: 141
    wildcards: chr=15
    resources: mem=10000

Submitted job 141 with external jobid 'Submitted batch job 24304682'.

[Fri Mar  4 14:52:04 2022]
rule EstimateBlocks:
    input: results/SNPsOnly_RP_NRP_EliteUSOnly_Chr18.vcf.gz
    output: results/EstimateBlocks_RP_NRP_EliteUSOnly_Chr18.blocks, results/EstimateBlocks_RP_NRP_EliteUSOnly_Chr18.bed.gz
    jobid: 171
    wildcards: chr=18
    resources: mem=10000

Submitted job 171 with external jobid 'Submitted batch job 24304683'.

[Fri Mar  4 14:52:04 2022]
rule SNPEff:
    input: results/MergeVCFs_RP_NRP_AllAccessions_Chr02.vcf.gz, /scratch/nad7wf/miniconda/pkgs/snpeff-4.3.1t-0/share/snpeff-4.3.1t-0/snpEff.jar, /scratch/nad7wf/miniconda/pkgs/snpeff-4.3.1t-0/share/snpeff-4.3.1t-0/snpEff.config, /scratch/nad7wf/miniconda/pkgs/snpsift-4.3.1t-hdfd78af_3/share/snpsift-4.3.1t-3/SnpSift.jar, /scratch/nad7wf/miniconda/pkgs/snpeff-4.3.1t-0/share/snpeff-4.3.1t-0/scripts/vcfEffOnePerLine.pl
    output: results/SNPEff_Ann_RP_NRP_Chr02.txt.gz
    jobid: 224
    wildcards: chr=02
    resources: memory=30G

Submitted job 224 with external jobid 'Submitted batch job 24304684'.

[Fri Mar  4 14:52:04 2022]
rule SNPEff:
    input: results/MergeVCFs_RP_NRP_AllAccessions_Chr17.vcf.gz, /scratch/nad7wf/miniconda/pkgs/snpeff-4.3.1t-0/share/snpeff-4.3.1t-0/snpEff.jar, /scratch/nad7wf/miniconda/pkgs/snpeff-4.3.1t-0/share/snpeff-4.3.1t-0/snpEff.config, /scratch/nad7wf/miniconda/pkgs/snpsift-4.3.1t-hdfd78af_3/share/snpsift-4.3.1t-3/SnpSift.jar, /scratch/nad7wf/miniconda/pkgs/snpeff-4.3.1t-0/share/snpeff-4.3.1t-0/scripts/vcfEffOnePerLine.pl
    output: results/SNPEff_Ann_RP_NRP_Chr17.txt.gz
    jobid: 254
    wildcards: chr=17
    resources: memory=30G

Submitted job 254 with external jobid 'Submitted batch job 24304685'.

[Fri Mar  4 14:52:04 2022]
rule SNPEff:
    input: results/MergeVCFs_RP_NRP_AllAccessions_Chr06.vcf.gz, /scratch/nad7wf/miniconda/pkgs/snpeff-4.3.1t-0/share/snpeff-4.3.1t-0/snpEff.jar, /scratch/nad7wf/miniconda/pkgs/snpeff-4.3.1t-0/share/snpeff-4.3.1t-0/snpEff.config, /scratch/nad7wf/miniconda/pkgs/snpsift-4.3.1t-hdfd78af_3/share/snpsift-4.3.1t-3/SnpSift.jar, /scratch/nad7wf/miniconda/pkgs/snpeff-4.3.1t-0/share/snpeff-4.3.1t-0/scripts/vcfEffOnePerLine.pl
    output: results/SNPEff_Ann_RP_NRP_Chr06.txt.gz
    jobid: 232
    wildcards: chr=06
    resources: memory=30G

Submitted job 232 with external jobid 'Submitted batch job 24304686'.

[Fri Mar  4 14:52:04 2022]
rule SNPEff:
    input: results/MergeVCFs_RP_NRP_AllAccessions_Chr10.vcf.gz, /scratch/nad7wf/miniconda/pkgs/snpeff-4.3.1t-0/share/snpeff-4.3.1t-0/snpEff.jar, /scratch/nad7wf/miniconda/pkgs/snpeff-4.3.1t-0/share/snpeff-4.3.1t-0/snpEff.config, /scratch/nad7wf/miniconda/pkgs/snpsift-4.3.1t-hdfd78af_3/share/snpsift-4.3.1t-3/SnpSift.jar, /scratch/nad7wf/miniconda/pkgs/snpeff-4.3.1t-0/share/snpeff-4.3.1t-0/scripts/vcfEffOnePerLine.pl
    output: results/SNPEff_Ann_RP_NRP_Chr10.txt.gz
    jobid: 240
    wildcards: chr=10
    resources: memory=30G

Submitted job 240 with external jobid 'Submitted batch job 24304687'.

[Fri Mar  4 14:52:04 2022]
rule SNPEff:
    input: results/MergeVCFs_RP_NRP_AllAccessions_Chr14.vcf.gz, /scratch/nad7wf/miniconda/pkgs/snpeff-4.3.1t-0/share/snpeff-4.3.1t-0/snpEff.jar, /scratch/nad7wf/miniconda/pkgs/snpeff-4.3.1t-0/share/snpeff-4.3.1t-0/snpEff.config, /scratch/nad7wf/miniconda/pkgs/snpsift-4.3.1t-hdfd78af_3/share/snpsift-4.3.1t-3/SnpSift.jar, /scratch/nad7wf/miniconda/pkgs/snpeff-4.3.1t-0/share/snpeff-4.3.1t-0/scripts/vcfEffOnePerLine.pl
    output: results/SNPEff_Ann_RP_NRP_Chr14.txt.gz
    jobid: 248
    wildcards: chr=14
    resources: memory=30G

Submitted job 248 with external jobid 'Submitted batch job 24304688'.

[Fri Mar  4 14:52:04 2022]
rule SNPEff:
    input: results/MergeVCFs_RP_NRP_AllAccessions_Chr18.vcf.gz, /scratch/nad7wf/miniconda/pkgs/snpeff-4.3.1t-0/share/snpeff-4.3.1t-0/snpEff.jar, /scratch/nad7wf/miniconda/pkgs/snpeff-4.3.1t-0/share/snpeff-4.3.1t-0/snpEff.config, /scratch/nad7wf/miniconda/pkgs/snpsift-4.3.1t-hdfd78af_3/share/snpsift-4.3.1t-3/SnpSift.jar, /scratch/nad7wf/miniconda/pkgs/snpeff-4.3.1t-0/share/snpeff-4.3.1t-0/scripts/vcfEffOnePerLine.pl
    output: results/SNPEff_Ann_RP_NRP_Chr18.txt.gz
    jobid: 256
    wildcards: chr=18
    resources: memory=30G

Submitted job 256 with external jobid 'Submitted batch job 24304689'.

[Fri Mar  4 14:52:04 2022]
rule EstimateBlocks:
    input: results/SNPsOnly_RP_NRP_EliteUSOnly_Chr13.vcf.gz
    output: results/EstimateBlocks_RP_NRP_EliteUSOnly_Chr13.blocks, results/EstimateBlocks_RP_NRP_EliteUSOnly_Chr13.bed.gz
    jobid: 121
    wildcards: chr=13
    resources: mem=10000

Submitted job 121 with external jobid 'Submitted batch job 24304690'.

[Fri Mar  4 14:52:04 2022]
rule EstimateBlocks:
    input: results/SNPsOnly_RP_NRP_EliteUSOnly_Chr07.vcf.gz
    output: results/EstimateBlocks_RP_NRP_EliteUSOnly_Chr07.blocks, results/EstimateBlocks_RP_NRP_EliteUSOnly_Chr07.bed.gz
    jobid: 61
    wildcards: chr=07
    resources: mem=10000

Submitted job 61 with external jobid 'Submitted batch job 24304691'.

[Fri Mar  4 14:52:04 2022]
rule EstimateBlocks:
    input: results/SNPsOnly_RP_NRP_EliteUSOnly_Chr16.vcf.gz
    output: results/EstimateBlocks_RP_NRP_EliteUSOnly_Chr16.blocks, results/EstimateBlocks_RP_NRP_EliteUSOnly_Chr16.bed.gz
    jobid: 151
    wildcards: chr=16
    resources: mem=10000

Submitted job 151 with external jobid 'Submitted batch job 24304692'.

[Fri Mar  4 14:52:04 2022]
rule AlleleAtlas:
    input: results/MergeVCFs_RP_NRP_EliteUSOnly_Chr04.vcf.gz, results/SNPEff_Ann_RP_NRP_Chr04.txt.gz, resources/gff/Chr04.gff.gz, rules/custom/scripts/generate_allele_atlas.py
    output: results/AlleleAtlas_RP_NRP_EliteUSOnly_Chr04.txt.gz, results/Bottleneck_genes_RP_NRP_EliteUSOnly_Chr04.txt.gz, results/Housekeeping_genes_RP_NRP_EliteUSOnly_Chr04.txt.gz
    jobid: 264
    wildcards: RP_id=RP, NRP_id=NRP, subset=EliteUSOnly, chr=04

Submitted job 264 with external jobid 'Submitted batch job 24304693'.

[Fri Mar  4 14:52:05 2022]
rule SNPEff:
    input: results/MergeVCFs_RP_NRP_AllAccessions_Chr03.vcf.gz, /scratch/nad7wf/miniconda/pkgs/snpeff-4.3.1t-0/share/snpeff-4.3.1t-0/snpEff.jar, /scratch/nad7wf/miniconda/pkgs/snpeff-4.3.1t-0/share/snpeff-4.3.1t-0/snpEff.config, /scratch/nad7wf/miniconda/pkgs/snpsift-4.3.1t-hdfd78af_3/share/snpsift-4.3.1t-3/SnpSift.jar, /scratch/nad7wf/miniconda/pkgs/snpeff-4.3.1t-0/share/snpeff-4.3.1t-0/scripts/vcfEffOnePerLine.pl
    output: results/SNPEff_Ann_RP_NRP_Chr03.txt.gz
    jobid: 226
    wildcards: chr=03
    resources: memory=30G

Submitted job 226 with external jobid 'Submitted batch job 24304694'.

[Fri Mar  4 14:52:05 2022]
rule SNPEff:
    input: results/MergeVCFs_RP_NRP_AllAccessions_Chr07.vcf.gz, /scratch/nad7wf/miniconda/pkgs/snpeff-4.3.1t-0/share/snpeff-4.3.1t-0/snpEff.jar, /scratch/nad7wf/miniconda/pkgs/snpeff-4.3.1t-0/share/snpeff-4.3.1t-0/snpEff.config, /scratch/nad7wf/miniconda/pkgs/snpsift-4.3.1t-hdfd78af_3/share/snpsift-4.3.1t-3/SnpSift.jar, /scratch/nad7wf/miniconda/pkgs/snpeff-4.3.1t-0/share/snpeff-4.3.1t-0/scripts/vcfEffOnePerLine.pl
    output: results/SNPEff_Ann_RP_NRP_Chr07.txt.gz
    jobid: 234
    wildcards: chr=07
    resources: memory=30G

Submitted job 234 with external jobid 'Submitted batch job 24304695'.

[Fri Mar  4 14:52:05 2022]
rule AlleleAtlas:
    input: results/MergeVCFs_RP_NRP_AllAccessions_Chr04.vcf.gz, results/SNPEff_Ann_RP_NRP_Chr04.txt.gz, resources/gff/Chr04.gff.gz, rules/custom/scripts/generate_allele_atlas.py
    output: results/AlleleAtlas_RP_NRP_AllAccessions_Chr04.txt.gz, results/Bottleneck_genes_RP_NRP_AllAccessions_Chr04.txt.gz, results/Housekeeping_genes_RP_NRP_AllAccessions_Chr04.txt.gz
    jobid: 227
    wildcards: RP_id=RP, NRP_id=NRP, subset=AllAccessions, chr=04

Submitted job 227 with external jobid 'Submitted batch job 24304696'.

[Fri Mar  4 14:52:05 2022]
rule SNPEff:
    input: results/MergeVCFs_RP_NRP_AllAccessions_Chr11.vcf.gz, /scratch/nad7wf/miniconda/pkgs/snpeff-4.3.1t-0/share/snpeff-4.3.1t-0/snpEff.jar, /scratch/nad7wf/miniconda/pkgs/snpeff-4.3.1t-0/share/snpeff-4.3.1t-0/snpEff.config, /scratch/nad7wf/miniconda/pkgs/snpsift-4.3.1t-hdfd78af_3/share/snpsift-4.3.1t-3/SnpSift.jar, /scratch/nad7wf/miniconda/pkgs/snpeff-4.3.1t-0/share/snpeff-4.3.1t-0/scripts/vcfEffOnePerLine.pl
    output: results/SNPEff_Ann_RP_NRP_Chr11.txt.gz
    jobid: 242
    wildcards: chr=11
    resources: memory=30G

Submitted job 242 with external jobid 'Submitted batch job 24304697'.

[Fri Mar  4 14:52:05 2022]
rule SNPEff:
    input: results/MergeVCFs_RP_NRP_AllAccessions_Chr15.vcf.gz, /scratch/nad7wf/miniconda/pkgs/snpeff-4.3.1t-0/share/snpeff-4.3.1t-0/snpEff.jar, /scratch/nad7wf/miniconda/pkgs/snpeff-4.3.1t-0/share/snpeff-4.3.1t-0/snpEff.config, /scratch/nad7wf/miniconda/pkgs/snpsift-4.3.1t-hdfd78af_3/share/snpsift-4.3.1t-3/SnpSift.jar, /scratch/nad7wf/miniconda/pkgs/snpeff-4.3.1t-0/share/snpeff-4.3.1t-0/scripts/vcfEffOnePerLine.pl
    output: results/SNPEff_Ann_RP_NRP_Chr15.txt.gz
    jobid: 250
    wildcards: chr=15
    resources: memory=30G

Submitted job 250 with external jobid 'Submitted batch job 24304698'.

[Fri Mar  4 14:52:05 2022]
rule SNPEff:
    input: results/MergeVCFs_RP_NRP_AllAccessions_Chr19.vcf.gz, /scratch/nad7wf/miniconda/pkgs/snpeff-4.3.1t-0/share/snpeff-4.3.1t-0/snpEff.jar, /scratch/nad7wf/miniconda/pkgs/snpeff-4.3.1t-0/share/snpeff-4.3.1t-0/snpEff.config, /scratch/nad7wf/miniconda/pkgs/snpsift-4.3.1t-hdfd78af_3/share/snpsift-4.3.1t-3/SnpSift.jar, /scratch/nad7wf/miniconda/pkgs/snpeff-4.3.1t-0/share/snpeff-4.3.1t-0/scripts/vcfEffOnePerLine.pl
    output: results/SNPEff_Ann_RP_NRP_Chr19.txt.gz
    jobid: 258
    wildcards: chr=19
    resources: memory=30G

Submitted job 258 with external jobid 'Submitted batch job 24304699'.
[Fri Mar  4 14:52:28 2022]
Error in rule AlleleAtlas:
    jobid: 264
    output: results/AlleleAtlas_RP_NRP_EliteUSOnly_Chr04.txt.gz, results/Bottleneck_genes_RP_NRP_EliteUSOnly_Chr04.txt.gz, results/Housekeeping_genes_RP_NRP_EliteUSOnly_Chr04.txt.gz
    conda-env: /storage/hpc/group/bilyeu/nad7wf/allele_atlas_pipeline/.snakemake/conda/b21b0d43
    shell:
        
		zgrep -v "^##" results/MergeVCFs_RP_NRP_EliteUSOnly_Chr04.vcf.gz | 			python3 rules/custom/scripts/generate_allele_atlas.py 			--vcf - 			--ann results/SNPEff_Ann_RP_NRP_Chr04.txt.gz 			--gff resources/gff/Chr04.gff.gz 			--bottleneck results/Bottleneck_genes_RP_NRP_EliteUSOnly_Chr04.txt.gz 			--housekeeping results/Housekeeping_genes_RP_NRP_EliteUSOnly_Chr04.txt.gz 			--out results/AlleleAtlas_RP_NRP_EliteUSOnly_Chr04.txt.gz
		
        (one of the commands exited with non-zero exit code; note that snakemake uses bash strict mode!)
    cluster_jobid: Submitted batch job 24304693

Error executing rule AlleleAtlas on cluster (jobid: 264, external: Submitted batch job 24304693, jobscript: /storage/hpc/group/bilyeu/nad7wf/allele_atlas_pipeline/.snakemake/tmp.ciixj8aq/snakejob.AlleleAtlas.264.sh). For error details see the cluster log and the log files of the involved rule(s).
[Fri Mar  4 14:52:28 2022]
Error in rule AlleleAtlas:
    jobid: 227
    output: results/AlleleAtlas_RP_NRP_AllAccessions_Chr04.txt.gz, results/Bottleneck_genes_RP_NRP_AllAccessions_Chr04.txt.gz, results/Housekeeping_genes_RP_NRP_AllAccessions_Chr04.txt.gz
    conda-env: /storage/hpc/group/bilyeu/nad7wf/allele_atlas_pipeline/.snakemake/conda/b21b0d43
    shell:
        
		zgrep -v "^##" results/MergeVCFs_RP_NRP_AllAccessions_Chr04.vcf.gz | 			python3 rules/custom/scripts/generate_allele_atlas.py 			--vcf - 			--ann results/SNPEff_Ann_RP_NRP_Chr04.txt.gz 			--gff resources/gff/Chr04.gff.gz 			--bottleneck results/Bottleneck_genes_RP_NRP_AllAccessions_Chr04.txt.gz 			--housekeeping results/Housekeeping_genes_RP_NRP_AllAccessions_Chr04.txt.gz 			--out results/AlleleAtlas_RP_NRP_AllAccessions_Chr04.txt.gz
		
        (one of the commands exited with non-zero exit code; note that snakemake uses bash strict mode!)
    cluster_jobid: Submitted batch job 24304696

Error executing rule AlleleAtlas on cluster (jobid: 227, external: Submitted batch job 24304696, jobscript: /storage/hpc/group/bilyeu/nad7wf/allele_atlas_pipeline/.snakemake/tmp.ciixj8aq/snakejob.AlleleAtlas.227.sh). For error details see the cluster log and the log files of the involved rule(s).
