Building DAG of jobs...
Using shell: /usr/bin/bash
Provided cluster nodes: 100
Job counts:
	count	jobs
	2	AlleleAtlas
	1	Subset
	1	all
	4
Select jobs to execute...

[Sat Feb 12 19:20:52 2022]
rule Subset:
    input: results/MergeVCFs_RP_NRP_AllAccessions_Chr04.vcf.gz, resources/EliteUSOnly.txt
    output: results/MergeVCFs_RP_NRP_EliteUSOnly_Chr04.vcf.gz
    jobid: 10
    wildcards: chr=04

Submitted job 10 with external jobid 'Submitted batch job 24195063'.

[Sat Feb 12 19:20:53 2022]
rule AlleleAtlas:
    input: results/MergeVCFs_RP_NRP_AllAccessions_Chr04.vcf.gz, results/SNPEff_Ann_RP_NRP_Chr04.txt.gz, resources/gff/Chr04.gff.gz, rules/custom/scripts/generate_allele_atlas.py
    output: results/AlleleAtlas_RP_NRP_AllAccessions_Chr04.txt.gz, results/Bottleneck_genes_RP_NRP_AllAccessions_Chr04.txt.gz, results/Housekeeping_genes_RP_NRP_AllAccessions_Chr04.txt.gz
    jobid: 1
    wildcards: RP_id=RP, NRP_id=NRP, subset=AllAccessions, chr=04

Submitted job 1 with external jobid 'Submitted batch job 24195064'.
[Sat Feb 12 19:21:22 2022]
Error in rule Subset:
    jobid: 10
    output: results/MergeVCFs_RP_NRP_EliteUSOnly_Chr04.vcf.gz
    conda-env: /storage/hpc/group/bilyeu/nad7wf/allele_atlas_pipeline/.snakemake/conda/b21b0d43
    shell:
        
		### Subset VCF file by accession list. ###
		bcftools view 			-S resources/EliteUSOnly.txt 			results/MergeVCFs_RP_NRP_AllAccessions_Chr04.vcf.gz | 			### Recode hets as missing data. ###
                	bcftools filter -S . -e 'GT="het"' -Ou results/MergeVCFs_RP_NRP_AllAccessions_Chr04.vcf.gz resources/EliteUSOnly.txt |                 	### Calculte allele frequency for Alt alleles. ###
                	bcftools +fill-tags -Ou -- -t AF |                 	### Remove alleles/positions with AF=0 or where there were no Ref allele calls. ###
                	bcftools view -Q 0.99999 -a -c1 |
			bgzip -l 9 > results/MergeVCFs_RP_NRP_EliteUSOnly_Chr04.vcf.gz

		### Index VCF file. ###
		bcftools index --tbi results/MergeVCFs_RP_NRP_EliteUSOnly_Chr04.vcf.gz
		
        (one of the commands exited with non-zero exit code; note that snakemake uses bash strict mode!)
    cluster_jobid: Submitted batch job 24195063

Error executing rule Subset on cluster (jobid: 10, external: Submitted batch job 24195063, jobscript: /storage/hpc/group/bilyeu/nad7wf/allele_atlas_pipeline/.snakemake/tmp.vtx82cep/snakejob.Subset.10.sh). For error details see the cluster log and the log files of the involved rule(s).
[Sat Feb 12 19:35:03 2022]
Error in rule AlleleAtlas:
    jobid: 1
    output: results/AlleleAtlas_RP_NRP_AllAccessions_Chr04.txt.gz, results/Bottleneck_genes_RP_NRP_AllAccessions_Chr04.txt.gz, results/Housekeeping_genes_RP_NRP_AllAccessions_Chr04.txt.gz
    conda-env: /storage/hpc/group/bilyeu/nad7wf/allele_atlas_pipeline/.snakemake/conda/b21b0d43
    shell:
        
		zgrep -v "^##" results/MergeVCFs_RP_NRP_AllAccessions_Chr04.vcf.gz | 			python3 rules/custom/scripts/generate_allele_atlas.py 			--vcf - 			--ann results/SNPEff_Ann_RP_NRP_Chr04.txt.gz 			--gff resources/gff/Chr04.gff.gz 			--bottleneck results/Bottleneck_genes_RP_NRP_AllAccessions_Chr04.txt.gz 			--housekeeping results/Housekeeping_genes_RP_NRP_AllAccessions_Chr04.txt.gz 			--out results/AlleleAtlas_RP_NRP_AllAccessions_Chr04.txt.gz
		
        (one of the commands exited with non-zero exit code; note that snakemake uses bash strict mode!)
    cluster_jobid: Submitted batch job 24195064

Error executing rule AlleleAtlas on cluster (jobid: 1, external: Submitted batch job 24195064, jobscript: /storage/hpc/group/bilyeu/nad7wf/allele_atlas_pipeline/.snakemake/tmp.vtx82cep/snakejob.AlleleAtlas.1.sh). For error details see the cluster log and the log files of the involved rule(s).
Shutting down, this might take some time.
Exiting because a job execution failed. Look above for error message
Complete log: /storage/hpc/group/bilyeu/nad7wf/allele_atlas_pipeline/.snakemake/log/2022-02-12T192052.461065.snakemake.log
