Building DAG of jobs...
Using shell: /usr/bin/bash
Provided cluster nodes: 100
Job counts:
	count	jobs
	1	EstimateBlocks
	4
Select jobs to execute...

[Wed Feb 23 15:53:24 2022]
rule EstimateBlocks:
    input: results/SNPsOnly_RP_NRP_EliteUSOnly_Chr04.vcf.gz
    output: results/EstimateBlocks_RP_NRP_EliteUSOnly_Chr04.blocks
    jobid: 1
    wildcards: chr=04
    resources: mem=1000

Submitted job 1 with external jobid 'Submitted batch job 24253560'.
[Wed Feb 23 20:39:30 2022]
Error in rule EstimateBlocks:
    jobid: 1
    output: results/EstimateBlocks_RP_NRP_EliteUSOnly_Chr04.blocks
    conda-env: /storage/hpc/group/bilyeu/nad7wf/allele_atlas_pipeline/.snakemake/conda/739b9591
    shell:
        
		plink --blocks 			no-pheno-req 			no-small-max-span 			--blocks-max-kb 5000 			--double-id 			--memory 1000 			--vcf results/SNPsOnly_RP_NRP_EliteUSOnly_Chr04.vcf.gz 			--out results/EstimateBlocks_RP_NRP_EliteUSOnly_Chr04
		
        (one of the commands exited with non-zero exit code; note that snakemake uses bash strict mode!)
    cluster_jobid: Submitted batch job 24253560

Error executing rule EstimateBlocks on cluster (jobid: 1, external: Submitted batch job 24253560, jobscript: /storage/hpc/group/bilyeu/nad7wf/allele_atlas_pipeline/.snakemake/tmp.qo2a_5ig/snakejob.EstimateBlocks.1.sh). For error details see the cluster log and the log files of the involved rule(s).
Shutting down, this might take some time.
Exiting because a job execution failed. Look above for error message
Complete log: /storage/hpc/group/bilyeu/nad7wf/allele_atlas_pipeline/.snakemake/log/2022-02-23T155324.475052.snakemake.log
