Building DAG of jobs...
Creating conda environment envs/plink.yml...
Downloading and installing remote packages.
Environment for envs/plink.yml created (location: .snakemake/conda/739b9591)
Using shell: /usr/bin/bash
Provided cluster nodes: 100
Job counts:
	count	jobs
	1	EstimateBlocks
	1	SNPsOnly
	5
Select jobs to execute...

[Wed Feb 23 09:38:47 2022]
rule SNPsOnly:
    input: results/MergeVCFs_RP_NRP_EliteUSOnly_Chr04.vcf.gz
    output: results/SNPsOnly_RP_NRP_EliteUSOnly_Chr04.vcf.gz
    jobid: 2
    wildcards: chr=04

Submitted job 2 with external jobid 'Submitted batch job 24251977'.
[Wed Feb 23 09:39:47 2022]
Finished job 2.
1 of 5 steps (20%) done
Select jobs to execute...

[Wed Feb 23 09:39:47 2022]
rule EstimateBlocks:
    input: results/SNPsOnly_RP_NRP_EliteUSOnly_Chr04.vcf.gz
    output: results/EstimateBlocks_RP_NRP_EliteUSOnly_Chr04.vcf.gz
    jobid: 1
    wildcards: chr=04

Submitted job 1 with external jobid 'Submitted batch job 24251978'.
[Wed Feb 23 09:39:57 2022]
Error in rule EstimateBlocks:
    jobid: 1
    output: results/EstimateBlocks_RP_NRP_EliteUSOnly_Chr04.vcf.gz
    conda-env: /storage/hpc/group/bilyeu/nad7wf/allele_atlas_pipeline/.snakemake/conda/739b9591
    shell:
        
		plink --blocks 			no-pheno-req 			no-small-max-span 			--blocks-max-kb 10000 
			--double-id 			--vcf results/SNPsOnly_RP_NRP_EliteUSOnly_Chr04.vcf.gz 			> results/EstimateBlocks_RP_NRP_EliteUSOnly_Chr04.vcf.gz
		
        (one of the commands exited with non-zero exit code; note that snakemake uses bash strict mode!)
    cluster_jobid: Submitted batch job 24251978

Error executing rule EstimateBlocks on cluster (jobid: 1, external: Submitted batch job 24251978, jobscript: /storage/hpc/group/bilyeu/nad7wf/allele_atlas_pipeline/.snakemake/tmp.y8i6rae5/snakejob.EstimateBlocks.1.sh). For error details see the cluster log and the log files of the involved rule(s).
Shutting down, this might take some time.
Exiting because a job execution failed. Look above for error message
Complete log: /storage/hpc/group/bilyeu/nad7wf/allele_atlas_pipeline/.snakemake/log/2022-02-23T093634.221271.snakemake.log
