Building DAG of jobs...
Using shell: /usr/bin/bash
Provided cluster nodes: 100
Job counts:
	count	jobs
	2	AlleleAtlas
	1	SNPEff
	1	all
	4
Select jobs to execute...

[Wed May  4 14:24:31 2022]
rule SNPEff:
    input: results/MergeVCFs_RP_NRP_AllAccessions_Chr02.vcf.gz, /scratch/nad7wf/miniconda/pkgs/snpeff-4.3.1t-0/share/snpeff-4.3.1t-0/snpEff.jar, /scratch/nad7wf/miniconda/pkgs/snpeff-4.3.1t-0/share/snpeff-4.3.1t-0/snpEff.config, /scratch/nad7wf/miniconda/pkgs/snpsift-4.3.1t-hdfd78af_3/share/snpsift-4.3.1t-3/SnpSift.jar, /scratch/nad7wf/miniconda/pkgs/snpeff-4.3.1t-0/share/snpeff-4.3.1t-0/scripts/vcfEffOnePerLine.pl
    output: results/SNPEff_Ann_RP_NRP_Chr02.txt.gz
    jobid: 11
    wildcards: chr=02
    resources: memory=30G

Submitted job 11 with external jobid 'Submitted batch job 24550536'.
[Wed May  4 14:47:22 2022]
Finished job 11.
1 of 4 steps (25%) done
Select jobs to execute...

[Wed May  4 14:47:22 2022]
rule AlleleAtlas:
    input: results/MergeVCFs_RP_NRP_AllAccessions_Chr02.vcf.gz, results/SNPEff_Ann_RP_NRP_Chr02.txt.gz, resources/gff/Chr02.gff.gz, rules/custom/scripts/generate_allele_atlas.py
    output: results/AlleleAtlas_RP_NRP_AllAccessions_Chr02.txt.gz, results/Bottleneck_genes_RP_NRP_AllAccessions_Chr02.txt.gz, results/Housekeeping_genes_RP_NRP_AllAccessions_Chr02.txt.gz
    jobid: 10
    wildcards: RP_id=RP, NRP_id=NRP, subset=AllAccessions, chr=02

Submitted job 10 with external jobid 'Submitted batch job 24550635'.

[Wed May  4 14:47:22 2022]
rule AlleleAtlas:
    input: results/MergeVCFs_RP_NRP_EliteUSOnly_Chr02.vcf.gz, results/SNPEff_Ann_RP_NRP_Chr02.txt.gz, resources/gff/Chr02.gff.gz, rules/custom/scripts/generate_allele_atlas.py
    output: results/AlleleAtlas_RP_NRP_EliteUSOnly_Chr02.txt.gz, results/Bottleneck_genes_RP_NRP_EliteUSOnly_Chr02.txt.gz, results/Housekeeping_genes_RP_NRP_EliteUSOnly_Chr02.txt.gz
    jobid: 12
    wildcards: RP_id=RP, NRP_id=NRP, subset=EliteUSOnly, chr=02

Submitted job 12 with external jobid 'Submitted batch job 24550636'.
[Wed May  4 14:49:52 2022]
Finished job 12.
2 of 4 steps (50%) done
[Wed May  4 15:07:33 2022]
Finished job 10.
3 of 4 steps (75%) done
Select jobs to execute...

[Wed May  4 15:07:33 2022]
localrule all:
    input: results/SNPsOnly_RP_NRP_EliteUSOnly_Chr02.vcf.gz, results/AlleleAtlas_RP_NRP_AllAccessions_Chr02.txt.gz, results/AlleleAtlas_RP_NRP_EliteUSOnly_Chr02.txt.gz
    jobid: 0

[Wed May  4 15:07:33 2022]
Finished job 0.
4 of 4 steps (100%) done
Complete log: /storage/hpc/group/bilyeu/nad7wf/allele_atlas_pipeline/.snakemake/log/2022-05-04T142430.977785.snakemake.log
